SF:/home/ubuntu/Code/ExpressGateway/.claude/worktrees/s36-verify/crates/lb-config/src/lib.rs
FN:1263,_RNvCs6lUImYQ17UA_9lb_config12parse_config
FN:1254,_RNvCs6lUImYQ17UA_9lb_config14default_weight
FN:1273,_RNvCs6lUImYQ17UA_9lb_config15validate_config
FN:1332,_RNvCs6lUImYQ17UA_9lb_config16validate_runtime
FN:1459,_RNvCs6lUImYQ17UA_9lb_config17validate_listener
FN:564,_RNvCs6lUImYQ17UA_9lb_config18default_per_ip_cap
FN:798,_RNvCs6lUImYQ17UA_9lb_config18default_ws_enabled
FN:1541,_RNvCs6lUImYQ17UA_9lb_config19validate_grpc_block
FN:705,_RNvCs6lUImYQ17UA_9lb_config20default_grpc_enabled
FN:1823,_RNvCs6lUImYQ17UA_9lb_config20validate_passthrough
FN:1633,_RNvCs6lUImYQ17UA_9lb_config21validate_backend_list
FN:1717,_RNvCs6lUImYQ17UA_9lb_config21validate_h1s_listener
FN:1688,_RNvCs6lUImYQ17UA_9lb_config21validate_tls_listener
FN:955,_RNvCs6lUImYQ17UA_9lb_config22default_ticket_overlap
FN:1607,_RNvCs6lUImYQ17UA_9lb_config22validate_http_timeouts
FN:1315,_RNvCs6lUImYQ17UA_9lb_config22validate_observability
FN:1733,_RNvCs6lUImYQ17UA_9lb_config22validate_quic_listener
FN:875,_RNvCs6lUImYQ17UA_9lb_config23default_alt_svc_max_age
FN:916,_RNvCs6lUImYQ17UA_9lb_config23default_body_timeout_ms
FN:924,_RNvCs6lUImYQ17UA_9lb_config23default_head_timeout_ms
FN:951,_RNvCs6lUImYQ17UA_9lb_config23default_ticket_interval
FN:802,_RNvCs6lUImYQ17UA_9lb_config23default_ws_idle_timeout
FN:1657,_RNvCs6lUImYQ17UA_9lb_config23validate_backend_h3_tls
FN:1250,_RNvCs6lUImYQ17UA_9lb_config24default_backend_protocol
FN:512,_RNvCs6lUImYQ17UA_9lb_config24default_drain_timeout_ms
FN:920,_RNvCs6lUImYQ17UA_9lb_config24default_total_timeout_ms
FN:1246,_RNvCs6lUImYQ17UA_9lb_config24default_verify_peer_true
FN:1562,_RNvCs6lUImYQ17UA_9lb_config24validate_websocket_block
FN:709,_RNvCs6lUImYQ17UA_9lb_config25default_grpc_max_deadline
FN:912,_RNvCs6lUImYQ17UA_9lb_config25default_header_timeout_ms
FN:556,_RNvCs6lUImYQ17UA_9lb_config26default_connect_timeout_ms
FN:532,_RNvCs6lUImYQ17UA_9lb_config27default_readiness_settle_ms
FN:806,_RNvCs6lUImYQ17UA_9lb_config27default_ws_max_message_size
FN:541,_RNvCs6lUImYQ17UA_9lb_config28default_handshake_timeout_ms
FN:1003,_RNvCs6lUImYQ17UA_9lb_config28default_quic_idle_timeout_ms
FN:1007,_RNvCs6lUImYQ17UA_9lb_config29default_quic_recv_udp_payload
FN:354,_RNvCs6lUImYQ17UA_9lb_config30default_max_keepalive_requests
FN:1192,_RNvCs6lUImYQ17UA_9lb_config30default_passthrough_mint_retry
FN:713,_RNvCs6lUImYQ17UA_9lb_config31default_grpc_health_synthesized
FN:548,_RNvCs6lUImYQ17UA_9lb_config32default_max_inflight_connections
FN:1067,_RNvCs6lUImYQ17UA_9lb_config33default_raw_proxy_dgram_queue_cap
FN:484,_RNvCs6lUImYQ17UA_9lb_config34default_watchdog_sweep_interval_ms
FN:1073,_RNvCs6lUImYQ17UA_9lb_config35default_raw_proxy_max_relay_streams
FN:472,_RNvCs6lUImYQ17UA_9lb_config35default_watchdog_header_deadline_ms
FN:1171,_RNvCs6lUImYQ17UA_9lb_config36default_passthrough_per_flow_backlog
FN:810,_RNvCs6lUImYQ17UA_9lb_config37default_ws_ping_rate_limit_per_window
FN:818,_RNvCs6lUImYQ17UA_9lb_config37default_ws_read_frame_timeout_seconds
FN:365,_RNvCs6lUImYQ17UA_9lb_config38default_max_requests_per_h3_connection
FN:478,_RNvCs6lUImYQ17UA_9lb_config38default_watchdog_body_progress_min_bps
FN:1184,_RNvCs6lUImYQ17UA_9lb_config39default_passthrough_max_dcid_len_routed
FN:1164,_RNvCs6lUImYQ17UA_9lb_config39default_passthrough_min_client_dcid_len
FN:1199,_RNvCs6lUImYQ17UA_9lb_config40default_passthrough_flow_idle_timeout_ms
FN:1158,_RNvCs6lUImYQ17UA_9lb_config40default_passthrough_max_quic_connections
FN:348,_RNvCs6lUImYQ17UA_9lb_config40default_xdp_new_flow_cap_per_sec_per_cpu
FN:814,_RNvCs6lUImYQ17UA_9lb_config41default_ws_ping_rate_limit_window_seconds
FN:1178,_RNvCs6lUImYQ17UA_9lb_config46default_passthrough_audit_throttle_window_secs
FN:375,_RNvMCs6lUImYQ17UA_9lb_configNtB2_13RuntimeConfig25effective_drain_jitter_ms
FN:403,_RNvMs_Cs6lUImYQ17UA_9lb_configNtB4_14ListenerConfig25effective_drain_jitter_ms
FN:390,_RNvMs_Cs6lUImYQ17UA_9lb_configNtB4_14ListenerConfig26effective_drain_timeout_ms
FN:696,_RNvXs1_Cs6lUImYQ17UA_9lb_configNtB5_18GrpcListenerConfigNtNtCs1p5UDGgVI4d_4core7default7Default7default
FN:782,_RNvXs2_Cs6lUImYQ17UA_9lb_configNtB5_15WebsocketConfigNtNtCs1p5UDGgVI4d_4core7default7Default7default
FN:902,_RNvXs3_Cs6lUImYQ17UA_9lb_configNtB5_18HttpTimeoutsConfigNtNtCs1p5UDGgVI4d_4core7default7Default7default
FN:461,_RNvXs0_Cs6lUImYQ17UA_9lb_configNtB5_21RuntimeWatchdogConfigNtNtCs1p5UDGgVI4d_4core7default7Default7default
FN:2973,_RNvNtCs6lUImYQ17UA_9lb_config5tests12base_runtime
FN:2994,_RNvNtCs6lUImYQ17UA_9lb_config5tests12min_listener
FN:3145,_RNvNtCs6lUImYQ17UA_9lb_config5tests6pt_min
FN:1981,_RNvNtCs6lUImYQ17UA_9lb_config5testss_11validate_ok
FN:1878,_RNvNtCs6lUImYQ17UA_9lb_config5testss_16parse_valid_toml
FN:1891,_RNvNtCs6lUImYQ17UA_9lb_config5testss_18parse_invalid_toml
FN:2058,_RNvNtCs6lUImYQ17UA_9lb_config5testss_18parse_tls_listener
FN:2195,_RNvNtCs6lUImYQ17UA_9lb_config5testss_19parse_quic_listener
FN:1955,_RNvNtCs6lUImYQ17UA_9lb_config5testss_22validate_empty_address
FN:1942,_RNvNtCs6lUImYQ17UA_9lb_config5testss_24validate_empty_listeners
FN:2643,_RNvNtCs6lUImYQ17UA_9lb_config5testss_25parse_runtime_xdp_enabled
FN:2040,_RNvNtCs6lUImYQ17UA_9lb_config5testss_26parse_config_with_backends
FN:2920,_RNvNtCs6lUImYQ17UA_9lb_config5testss_28parse_h1s_listener_with_grpc
FN:2007,_RNvNtCs6lUImYQ17UA_9lb_config5testss_30validate_empty_backend_address
FN:2564,_RNvNtCs6lUImYQ17UA_9lb_config5testss_30validate_h1s_with_tls_block_ok
FN:2782,_RNvNtCs6lUImYQ17UA_9lb_config5testss_32parse_h1_listener_with_websocket
FN:2763,_RNvNtCs6lUImYQ17UA_9lb_config5testss_32parse_observability_metrics_bind
FN:3162,_RNvNtCs6lUImYQ17UA_9lb_config5testss_32passthrough_only_config_is_valid
FN:2246,_RNvNtCs6lUImYQ17UA_9lb_config5testss_32validate_quic_small_mtu_rejected
FN:3221,_RNvNtCs6lUImYQ17UA_9lb_config5testss_34parse_passthrough_block_round_trip
FN:2107,_RNvNtCs6lUImYQ17UA_9lb_config5testss_34validate_unknown_protocol_rejected
FN:3179,_RNvNtCs6lUImYQ17UA_9lb_config5testss_35passthrough_empty_backends_rejected
FN:2531,_RNvNtCs6lUImYQ17UA_9lb_config5testss_35validate_h1_with_tls_block_rejected
FN:2081,_RNvNtCs6lUImYQ17UA_9lb_config5testss_35validate_tls_without_block_rejected
FN:2605,_RNvNtCs6lUImYQ17UA_9lb_config5testss_35validate_zero_http_timeout_rejected
FN:3270,_RNvNtCs6lUImYQ17UA_9lb_config5testss_36h3_request_cap_explicit_value_parses
FN:1901,_RNvNtCs6lUImYQ17UA_9lb_config5testss_36raw_proxy_minimal_toml_defaults_caps
FN:2220,_RNvNtCs6lUImYQ17UA_9lb_config5testss_36validate_quic_without_block_rejected
FN:3290,_RNvNtCs6lUImYQ17UA_9lb_config5testss_37h3_request_cap_zero_is_valid_disabled
FN:2164,_RNvNtCs6lUImYQ17UA_9lb_config5testss_37validate_tls_empty_cert_path_rejected
FN:3305,_RNvNtCs6lUImYQ17UA_9lb_config5testss_38h3_request_cap_full_u32_range_is_valid
FN:2863,_RNvNtCs6lUImYQ17UA_9lb_config5testss_38validate_websocket_on_quic_listener_ok
FN:2497,_RNvNtCs6lUImYQ17UA_9lb_config5testss_39validate_h1s_without_tls_block_rejected
FN:3212,_RNvNtCs6lUImYQ17UA_9lb_config5testss_40passthrough_defaults_match_owner_rulings
FN:3116,_RNvNtCs6lUImYQ17UA_9lb_config5testss_40validate_observability_bad_bind_rejected
FN:3036,_RNvNtCs6lUImYQ17UA_9lb_config5testss_41ops02_jitter_default_is_quarter_of_budget
FN:3053,_RNvNtCs6lUImYQ17UA_9lb_config5testss_41ops10_per_listener_timeout_range_rejected
FN:2811,_RNvNtCs6lUImYQ17UA_9lb_config5testss_42parse_websocket_h2_extended_connect_opt_in
FN:2892,_RNvNtCs6lUImYQ17UA_9lb_config5testss_42parse_websocket_h3_extended_connect_opt_in
FN:2435,_RNvNtCs6lUImYQ17UA_9lb_config5testss_42validate_backend_unknown_protocol_rejected
FN:2946,_RNvNtCs6lUImYQ17UA_9lb_config5testss_42validate_grpc_on_non_h1s_listener_rejected
FN:3246,_RNvNtCs6lUImYQ17UA_9lb_config5testss_43h3_request_cap_defaults_to_1000_when_absent
FN:2468,_RNvNtCs6lUImYQ17UA_9lb_config5testss_43parse_h1_listener_with_alt_svc_and_timeouts
FN:3019,_RNvNtCs6lUImYQ17UA_9lb_config5testss_44ops10_override_takes_precedence_over_runtime
FN:2283,_RNvNtCs6lUImYQ17UA_9lb_config5testss_45validate_quic_h3_terminate_with_h1_backend_ok
FN:3090,_RNvNtCs6lUImYQ17UA_9lb_config5testss_46ops02_gateway_jitter_exceeding_budget_rejected
FN:2751,_RNvNtCs6lUImYQ17UA_9lb_config5testss_46runtime_absent_keeps_parse_backward_compatible
FN:2664,_RNvNtCs6lUImYQ17UA_9lb_config5testss_46runtime_xdp_enabled_without_interface_rejected
FN:2328,_RNvNtCs6lUImYQ17UA_9lb_config5testss_46validate_quic_raw_proxy_with_backends_rejected
FN:2708,_RNvNtCs6lUImYQ17UA_9lb_config5testss_47runtime_xdp_disabled_does_not_require_interface
FN:3194,_RNvNtCs6lUImYQ17UA_9lb_config5testss_48passthrough_min_client_dcid_below_floor_rejected
FN:2133,_RNvNtCs6lUImYQ17UA_9lb_config5testss_48validate_tls_block_without_tls_protocol_rejected
FN:2834,_RNvNtCs6lUImYQ17UA_9lb_config5testss_48validate_websocket_on_non_http_listener_rejected
FN:3108,_RNvNtCs6lUImYQ17UA_9lb_config5testss_49ops11_readiness_settle_default_is_kubelet_aligned
FN:3068,_RNvNtCs6lUImYQ17UA_9lb_config5testss_57ops02_listener_jitter_exceeding_inherited_budget_rejected
FN:2381,_RNvNtCs6lUImYQ17UA_9lb_config5testss_58validate_quic_h3_terminate_mixed_backend_families_rejected
FN:406,_RNCNCNvMs_Cs6lUImYQ17UA_9lb_configNtB8_14ListenerConfig25effective_drain_jitter_ms00B8_
FN:1338,_RNCNvCs6lUImYQ17UA_9lb_config16validate_runtime0B3_
FN:1689,_RNCNvCs6lUImYQ17UA_9lb_config21validate_tls_listener0B3_
FN:1323,_RNCNvCs6lUImYQ17UA_9lb_config22validate_observability0B3_
FN:1734,_RNCNvCs6lUImYQ17UA_9lb_config22validate_quic_listener0B3_
FN:404,_RNCNvMs_Cs6lUImYQ17UA_9lb_configNtB6_14ListenerConfig25effective_drain_jitter_ms0B6_
FN:391,_RNCNvMs_Cs6lUImYQ17UA_9lb_configNtB6_14ListenerConfig26effective_drain_timeout_ms0B6_
FNDA:17,_RNvCs6lUImYQ17UA_9lb_config12parse_config
FNDA:10,_RNvCs6lUImYQ17UA_9lb_config14default_weight
FNDA:42,_RNvCs6lUImYQ17UA_9lb_config15validate_config
FNDA:13,_RNvCs6lUImYQ17UA_9lb_config16validate_runtime
FNDA:38,_RNvCs6lUImYQ17UA_9lb_config17validate_listener
FNDA:3,_RNvCs6lUImYQ17UA_9lb_config18default_per_ip_cap
FNDA:5,_RNvCs6lUImYQ17UA_9lb_config18default_ws_enabled
FNDA:26,_RNvCs6lUImYQ17UA_9lb_config19validate_grpc_block
FNDA:2,_RNvCs6lUImYQ17UA_9lb_config20default_grpc_enabled
FNDA:4,_RNvCs6lUImYQ17UA_9lb_config20validate_passthrough
FNDA:24,_RNvCs6lUImYQ17UA_9lb_config21validate_backend_list
FNDA:3,_RNvCs6lUImYQ17UA_9lb_config21validate_h1s_listener
FNDA:5,_RNvCs6lUImYQ17UA_9lb_config21validate_tls_listener
FNDA:2,_RNvCs6lUImYQ17UA_9lb_config22default_ticket_overlap
FNDA:25,_RNvCs6lUImYQ17UA_9lb_config22validate_http_timeouts
FNDA:2,_RNvCs6lUImYQ17UA_9lb_config22validate_observability
FNDA:8,_RNvCs6lUImYQ17UA_9lb_config22validate_quic_listener
FNDA:1,_RNvCs6lUImYQ17UA_9lb_config23default_alt_svc_max_age
FNDA:2,_RNvCs6lUImYQ17UA_9lb_config23default_body_timeout_ms
FNDA:2,_RNvCs6lUImYQ17UA_9lb_config23default_head_timeout_ms
FNDA:2,_RNvCs6lUImYQ17UA_9lb_config23default_ticket_interval
FNDA:4,_RNvCs6lUImYQ17UA_9lb_config23default_ws_idle_timeout
FNDA:15,_RNvCs6lUImYQ17UA_9lb_config23validate_backend_h3_tls
FNDA:10,_RNvCs6lUImYQ17UA_9lb_config24default_backend_protocol
FNDA:30,_RNvCs6lUImYQ17UA_9lb_config24default_drain_timeout_ms
FNDA:2,_RNvCs6lUImYQ17UA_9lb_config24default_total_timeout_ms
FNDA:11,_RNvCs6lUImYQ17UA_9lb_config24default_verify_peer_true
FNDA:27,_RNvCs6lUImYQ17UA_9lb_config24validate_websocket_block
FNDA:1,_RNvCs6lUImYQ17UA_9lb_config25default_grpc_max_deadline
FNDA:1,_RNvCs6lUImYQ17UA_9lb_config25default_header_timeout_ms
FNDA:3,_RNvCs6lUImYQ17UA_9lb_config26default_connect_timeout_ms
FNDA:5,_RNvCs6lUImYQ17UA_9lb_config27default_readiness_settle_ms
FNDA:4,_RNvCs6lUImYQ17UA_9lb_config27default_ws_max_message_size
FNDA:3,_RNvCs6lUImYQ17UA_9lb_config28default_handshake_timeout_ms
FNDA:4,_RNvCs6lUImYQ17UA_9lb_config28default_quic_idle_timeout_ms
FNDA:4,_RNvCs6lUImYQ17UA_9lb_config29default_quic_recv_udp_payload
FNDA:3,_RNvCs6lUImYQ17UA_9lb_config30default_max_keepalive_requests
FNDA:4,_RNvCs6lUImYQ17UA_9lb_config30default_passthrough_mint_retry
FNDA:1,_RNvCs6lUImYQ17UA_9lb_config31default_grpc_health_synthesized
FNDA:3,_RNvCs6lUImYQ17UA_9lb_config32default_max_inflight_connections
FNDA:2,_RNvCs6lUImYQ17UA_9lb_config33default_raw_proxy_dgram_queue_cap
FNDA:0,_RNvCs6lUImYQ17UA_9lb_config34default_watchdog_sweep_interval_ms
FNDA:2,_RNvCs6lUImYQ17UA_9lb_config35default_raw_proxy_max_relay_streams
FNDA:0,_RNvCs6lUImYQ17UA_9lb_config35default_watchdog_header_deadline_ms
FNDA:5,_RNvCs6lUImYQ17UA_9lb_config36default_passthrough_per_flow_backlog
FNDA:5,_RNvCs6lUImYQ17UA_9lb_config37default_ws_ping_rate_limit_per_window
FNDA:5,_RNvCs6lUImYQ17UA_9lb_config37default_ws_read_frame_timeout_seconds
FNDA:2,_RNvCs6lUImYQ17UA_9lb_config38default_max_requests_per_h3_connection
FNDA:0,_RNvCs6lUImYQ17UA_9lb_config38default_watchdog_body_progress_min_bps
FNDA:5,_RNvCs6lUImYQ17UA_9lb_config39default_passthrough_max_dcid_len_routed
FNDA:5,_RNvCs6lUImYQ17UA_9lb_config39default_passthrough_min_client_dcid_len
FNDA:4,_RNvCs6lUImYQ17UA_9lb_config40default_passthrough_flow_idle_timeout_ms
FNDA:5,_RNvCs6lUImYQ17UA_9lb_config40default_passthrough_max_quic_connections
FNDA:3,_RNvCs6lUImYQ17UA_9lb_config40default_xdp_new_flow_cap_per_sec_per_cpu
FNDA:5,_RNvCs6lUImYQ17UA_9lb_config41default_ws_ping_rate_limit_window_seconds
FNDA:5,_RNvCs6lUImYQ17UA_9lb_config46default_passthrough_audit_throttle_window_secs
FNDA:6,_RNvMCs6lUImYQ17UA_9lb_configNtB2_13RuntimeConfig25effective_drain_jitter_ms
FNDA:21,_RNvMs_Cs6lUImYQ17UA_9lb_configNtB4_14ListenerConfig25effective_drain_jitter_ms
FNDA:22,_RNvMs_Cs6lUImYQ17UA_9lb_configNtB4_14ListenerConfig26effective_drain_timeout_ms
FNDA:1,_RNvXs1_Cs6lUImYQ17UA_9lb_configNtB5_18GrpcListenerConfigNtNtCs1p5UDGgVI4d_4core7default7Default7default
FNDA:1,_RNvXs2_Cs6lUImYQ17UA_9lb_configNtB5_15WebsocketConfigNtNtCs1p5UDGgVI4d_4core7default7Default7default
FNDA:1,_RNvXs3_Cs6lUImYQ17UA_9lb_configNtB5_18HttpTimeoutsConfigNtNtCs1p5UDGgVI4d_4core7default7Default7default
FNDA:0,_RNvXs0_Cs6lUImYQ17UA_9lb_configNtB5_21RuntimeWatchdogConfigNtNtCs1p5UDGgVI4d_4core7default7Default7default
FNDA:10,_RNvNtCs6lUImYQ17UA_9lb_config5tests12base_runtime
FNDA:7,_RNvNtCs6lUImYQ17UA_9lb_config5tests12min_listener
FNDA:3,_RNvNtCs6lUImYQ17UA_9lb_config5tests6pt_min
FNDA:1,_RNvNtCs6lUImYQ17UA_9lb_config5testss_11validate_ok
FNDA:1,_RNvNtCs6lUImYQ17UA_9lb_config5testss_16parse_valid_toml
FNDA:1,_RNvNtCs6lUImYQ17UA_9lb_config5testss_18parse_invalid_toml
FNDA:1,_RNvNtCs6lUImYQ17UA_9lb_config5testss_18parse_tls_listener
FNDA:1,_RNvNtCs6lUImYQ17UA_9lb_config5testss_19parse_quic_listener
FNDA:1,_RNvNtCs6lUImYQ17UA_9lb_config5testss_22validate_empty_address
FNDA:1,_RNvNtCs6lUImYQ17UA_9lb_config5testss_24validate_empty_listeners
FNDA:1,_RNvNtCs6lUImYQ17UA_9lb_config5testss_25parse_runtime_xdp_enabled
FNDA:1,_RNvNtCs6lUImYQ17UA_9lb_config5testss_26parse_config_with_backends
FNDA:1,_RNvNtCs6lUImYQ17UA_9lb_config5testss_28parse_h1s_listener_with_grpc
FNDA:1,_RNvNtCs6lUImYQ17UA_9lb_config5testss_30validate_empty_backend_address
FNDA:1,_RNvNtCs6lUImYQ17UA_9lb_config5testss_30validate_h1s_with_tls_block_ok
FNDA:1,_RNvNtCs6lUImYQ17UA_9lb_config5testss_32parse_h1_listener_with_websocket
FNDA:1,_RNvNtCs6lUImYQ17UA_9lb_config5testss_32parse_observability_metrics_bind
FNDA:1,_RNvNtCs6lUImYQ17UA_9lb_config5testss_32passthrough_only_config_is_valid
FNDA:1,_RNvNtCs6lUImYQ17UA_9lb_config5testss_32validate_quic_small_mtu_rejected
FNDA:1,_RNvNtCs6lUImYQ17UA_9lb_config5testss_34parse_passthrough_block_round_trip
FNDA:1,_RNvNtCs6lUImYQ17UA_9lb_config5testss_34validate_unknown_protocol_rejected
FNDA:1,_RNvNtCs6lUImYQ17UA_9lb_config5testss_35passthrough_empty_backends_rejected
FNDA:1,_RNvNtCs6lUImYQ17UA_9lb_config5testss_35validate_h1_with_tls_block_rejected
FNDA:1,_RNvNtCs6lUImYQ17UA_9lb_config5testss_35validate_tls_without_block_rejected
FNDA:1,_RNvNtCs6lUImYQ17UA_9lb_config5testss_35validate_zero_http_timeout_rejected
FNDA:1,_RNvNtCs6lUImYQ17UA_9lb_config5testss_36h3_request_cap_explicit_value_parses
FNDA:1,_RNvNtCs6lUImYQ17UA_9lb_config5testss_36raw_proxy_minimal_toml_defaults_caps
FNDA:1,_RNvNtCs6lUImYQ17UA_9lb_config5testss_36validate_quic_without_block_rejected
FNDA:1,_RNvNtCs6lUImYQ17UA_9lb_config5testss_37h3_request_cap_zero_is_valid_disabled
FNDA:1,_RNvNtCs6lUImYQ17UA_9lb_config5testss_37validate_tls_empty_cert_path_rejected
FNDA:1,_RNvNtCs6lUImYQ17UA_9lb_config5testss_38h3_request_cap_full_u32_range_is_valid
FNDA:1,_RNvNtCs6lUImYQ17UA_9lb_config5testss_38validate_websocket_on_quic_listener_ok
FNDA:1,_RNvNtCs6lUImYQ17UA_9lb_config5testss_39validate_h1s_without_tls_block_rejected
FNDA:1,_RNvNtCs6lUImYQ17UA_9lb_config5testss_40passthrough_defaults_match_owner_rulings
FNDA:1,_RNvNtCs6lUImYQ17UA_9lb_config5testss_40validate_observability_bad_bind_rejected
FNDA:1,_RNvNtCs6lUImYQ17UA_9lb_config5testss_41ops02_jitter_default_is_quarter_of_budget
FNDA:1,_RNvNtCs6lUImYQ17UA_9lb_config5testss_41ops10_per_listener_timeout_range_rejected
FNDA:1,_RNvNtCs6lUImYQ17UA_9lb_config5testss_42parse_websocket_h2_extended_connect_opt_in
FNDA:1,_RNvNtCs6lUImYQ17UA_9lb_config5testss_42parse_websocket_h3_extended_connect_opt_in
FNDA:1,_RNvNtCs6lUImYQ17UA_9lb_config5testss_42validate_backend_unknown_protocol_rejected
FNDA:1,_RNvNtCs6lUImYQ17UA_9lb_config5testss_42validate_grpc_on_non_h1s_listener_rejected
FNDA:1,_RNvNtCs6lUImYQ17UA_9lb_config5testss_43h3_request_cap_defaults_to_1000_when_absent
FNDA:1,_RNvNtCs6lUImYQ17UA_9lb_config5testss_43parse_h1_listener_with_alt_svc_and_timeouts
FNDA:1,_RNvNtCs6lUImYQ17UA_9lb_config5testss_44ops10_override_takes_precedence_over_runtime
FNDA:1,_RNvNtCs6lUImYQ17UA_9lb_config5testss_45validate_quic_h3_terminate_with_h1_backend_ok
FNDA:1,_RNvNtCs6lUImYQ17UA_9lb_config5testss_46ops02_gateway_jitter_exceeding_budget_rejected
FNDA:1,_RNvNtCs6lUImYQ17UA_9lb_config5testss_46runtime_absent_keeps_parse_backward_compatible
FNDA:1,_RNvNtCs6lUImYQ17UA_9lb_config5testss_46runtime_xdp_enabled_without_interface_rejected
FNDA:1,_RNvNtCs6lUImYQ17UA_9lb_config5testss_46validate_quic_raw_proxy_with_backends_rejected
FNDA:1,_RNvNtCs6lUImYQ17UA_9lb_config5testss_47runtime_xdp_disabled_does_not_require_interface
FNDA:1,_RNvNtCs6lUImYQ17UA_9lb_config5testss_48passthrough_min_client_dcid_below_floor_rejected
FNDA:1,_RNvNtCs6lUImYQ17UA_9lb_config5testss_48validate_tls_block_without_tls_protocol_rejected
FNDA:1,_RNvNtCs6lUImYQ17UA_9lb_config5testss_48validate_websocket_on_non_http_listener_rejected
FNDA:1,_RNvNtCs6lUImYQ17UA_9lb_config5testss_49ops11_readiness_settle_default_is_kubelet_aligned
FNDA:1,_RNvNtCs6lUImYQ17UA_9lb_config5testss_57ops02_listener_jitter_exceeding_inherited_budget_rejected
FNDA:1,_RNvNtCs6lUImYQ17UA_9lb_config5testss_58validate_quic_h3_terminate_mixed_backend_families_rejected
FNDA:14,_RNCNCNvMs_Cs6lUImYQ17UA_9lb_configNtB8_14ListenerConfig25effective_drain_jitter_ms00B8_
FNDA:1,_RNCNvCs6lUImYQ17UA_9lb_config16validate_runtime0B3_
FNDA:1,_RNCNvCs6lUImYQ17UA_9lb_config21validate_tls_listener0B3_
FNDA:1,_RNCNvCs6lUImYQ17UA_9lb_config22validate_observability0B3_
FNDA:1,_RNCNvCs6lUImYQ17UA_9lb_config22validate_quic_listener0B3_
FNDA:19,_RNCNvMs_Cs6lUImYQ17UA_9lb_configNtB6_14ListenerConfig25effective_drain_jitter_ms0B6_
FNDA:21,_RNCNvMs_Cs6lUImYQ17UA_9lb_configNtB6_14ListenerConfig26effective_drain_timeout_ms0B6_
FNF:126
FNH:122
DA:348,3
DA:349,3
DA:350,3
DA:354,3
DA:355,3
DA:356,3
DA:365,2
DA:366,2
DA:367,2
DA:375,6
DA:376,6
DA:377,0
DA:378,6
DA:380,6
DA:390,22
DA:391,22
DA:392,21
DA:393,21
DA:394,22
DA:403,21
DA:404,21
DA:405,19
DA:406,14
DA:409,19
DA:410,21
DA:461,0
DA:462,0
DA:463,0
DA:464,0
DA:465,0
DA:466,0
DA:467,0
DA:472,0
DA:473,0
DA:474,0
DA:478,0
DA:479,0
DA:480,0
DA:484,0
DA:485,0
DA:486,0
DA:512,30
DA:513,30
DA:514,30
DA:532,5
DA:533,5
DA:534,5
DA:541,3
DA:542,3
DA:543,3
DA:548,3
DA:549,3
DA:550,3
DA:556,3
DA:557,3
DA:558,3
DA:564,3
DA:565,3
DA:566,3
DA:696,1
DA:697,1
DA:698,1
DA:699,1
DA:700,1
DA:701,1
DA:702,1
DA:705,2
DA:706,2
DA:707,2
DA:709,1
DA:710,1
DA:711,1
DA:713,1
DA:714,1
DA:715,1
DA:782,1
DA:783,1
DA:784,1
DA:785,1
DA:786,1
DA:787,1
DA:788,1
DA:789,1
DA:790,1
DA:791,1
DA:792,1
DA:793,1
DA:794,1
DA:795,1
DA:798,5
DA:799,5
DA:800,5
DA:802,4
DA:803,4
DA:804,4
DA:806,4
DA:807,4
DA:808,4
DA:810,5
DA:811,5
DA:812,5
DA:814,5
DA:815,5
DA:816,5
DA:818,5
DA:819,5
DA:820,5
DA:875,1
DA:876,1
DA:877,1
DA:902,1
DA:903,1
DA:904,1
DA:905,1
DA:906,1
DA:907,1
DA:908,1
DA:909,1
DA:912,1
DA:913,1
DA:914,1
DA:916,2
DA:917,2
DA:918,2
DA:920,2
DA:921,2
DA:922,2
DA:924,2
DA:925,2
DA:926,2
DA:951,2
DA:952,2
DA:953,2
DA:955,2
DA:956,2
DA:957,2
DA:1003,4
DA:1004,4
DA:1005,4
DA:1007,4
DA:1008,4
DA:1009,4
DA:1067,2
DA:1068,2
DA:1069,2
DA:1073,2
DA:1074,2
DA:1075,2
DA:1158,5
DA:1159,5
DA:1160,5
DA:1164,5
DA:1165,5
DA:1166,5
DA:1171,5
DA:1172,5
DA:1173,5
DA:1178,5
DA:1179,5
DA:1180,5
DA:1184,5
DA:1185,5
DA:1186,5
DA:1192,4
DA:1193,4
DA:1194,4
DA:1199,4
DA:1200,4
DA:1201,4
DA:1246,11
DA:1247,11
DA:1248,11
DA:1250,10
DA:1251,10
DA:1252,10
DA:1254,10
DA:1255,10
DA:1256,10
DA:1263,17
DA:1264,17
DA:1265,16
DA:1266,17
DA:1273,42
DA:1278,42
DA:1279,1
DA:1280,1
DA:1281,1
DA:1282,41
DA:1283,41
DA:1284,4
DA:1285,37
DA:1286,39
DA:1287,38
DA:1289,22
DA:1290,7
DA:1291,15
DA:1298,20
DA:1299,19
DA:1300,19
DA:1301,19
DA:1302,1
DA:1303,1
DA:1304,1
DA:1305,1
DA:1306,1
DA:1307,18
DA:1309,19
DA:1310,2
DA:1311,17
DA:1312,18
DA:1313,42
DA:1315,2
DA:1316,2
DA:1317,2
DA:1318,2
DA:1319,0
DA:1320,0
DA:1321,0
DA:1322,2
DA:1323,2
DA:1324,1
DA:1325,1
DA:1326,1
DA:1327,1
DA:1328,0
DA:1329,1
DA:1330,2
DA:1332,13
DA:1333,13
DA:1334,2
DA:1335,2
DA:1336,2
DA:1337,2
DA:1338,2
DA:1339,2
DA:1340,1
DA:1341,1
DA:1342,1
DA:1343,1
DA:1344,11
DA:1352,12
DA:1353,0
DA:1354,0
DA:1355,0
DA:1356,0
DA:1357,12
DA:1362,12
DA:1363,1
DA:1364,1
DA:1365,1
DA:1366,1
DA:1367,1
DA:1368,1
DA:1369,0
DA:1370,11
DA:1374,11
DA:1375,0
DA:1376,0
DA:1377,0
DA:1378,0
DA:1379,11
DA:1383,11
DA:1384,0
DA:1385,0
DA:1386,0
DA:1387,0
DA:1388,11
DA:1393,11
DA:1394,0
DA:1395,0
DA:1396,0
DA:1397,0
DA:1398,11
DA:1402,11
DA:1403,0
DA:1404,0
DA:1405,0
DA:1406,0
DA:1407,11
DA:1410,11
DA:1411,0
DA:1412,0
DA:1413,0
DA:1414,0
DA:1415,11
DA:1421,11
DA:1422,0
DA:1423,0
DA:1424,0
DA:1425,0
DA:1426,0
DA:1427,0
DA:1428,0
DA:1429,0
DA:1430,0
DA:1431,0
DA:1432,0
DA:1433,0
DA:1434,0
DA:1435,0
DA:1436,0
DA:1437,0
DA:1438,0
DA:1439,0
DA:1440,11
DA:1449,11
DA:1450,11
DA:1451,0
DA:1452,0
DA:1453,0
DA:1454,0
DA:1455,11
DA:1456,11
DA:1457,13
DA:1459,38
DA:1460,38
DA:1461,1
DA:1462,1
DA:1463,1
DA:1464,37
DA:1465,37
DA:1466,37
DA:1467,0
DA:1468,0
DA:1469,0
DA:1470,37
DA:1471,37
DA:1472,37
DA:1473,34
DA:1474,26
DA:1475,23
DA:1477,6
DA:1478,1
DA:1479,1
DA:1480,1
DA:1481,1
DA:1482,5
DA:1483,5
DA:1484,0
DA:1485,0
DA:1486,0
DA:1487,5
DA:1489,17
DA:1490,16
DA:1491,1
DA:1492,1
DA:1493,1
DA:1494,1
DA:1495,15
DA:1496,15
DA:1497,0
DA:1498,0
DA:1499,0
DA:1500,0
DA:1501,15
DA:1503,1
DA:1504,1
DA:1505,1
DA:1506,1
DA:1507,1
DA:1510,27
DA:1511,26
DA:1512,25
DA:1513,24
DA:1516,22
DA:1517,1
DA:1518,1
DA:1519,1
DA:1520,1
DA:1521,0
DA:1522,21
DA:1529,21
DA:1530,1
DA:1531,1
DA:1532,0
DA:1533,0
DA:1534,0
DA:1535,0
DA:1536,1
DA:1537,20
DA:1538,21
DA:1539,38
DA:1541,26
DA:1542,26
DA:1543,26
DA:1544,26
DA:1545,26
DA:1546,26
DA:1547,1
DA:1548,1
DA:1549,1
DA:1550,1
DA:1551,25
DA:1552,25
DA:1553,1
DA:1554,0
DA:1555,0
DA:1556,0
DA:1557,1
DA:1558,24
DA:1559,25
DA:1560,26
DA:1562,27
DA:1563,27
DA:1564,27
DA:1565,27
DA:1566,27
DA:1571,27
DA:1572,1
DA:1573,1
DA:1574,1
DA:1575,1
DA:1576,26
DA:1577,26
DA:1578,4
DA:1579,0
DA:1580,0
DA:1581,0
DA:1582,4
DA:1583,4
DA:1584,0
DA:1585,0
DA:1586,0
DA:1587,4
DA:1588,4
DA:1589,0
DA:1590,0
DA:1591,0
DA:1592,4
DA:1593,4
DA:1594,0
DA:1595,0
DA:1596,0
DA:1597,4
DA:1598,4
DA:1599,0
DA:1600,0
DA:1601,0
DA:1602,4
DA:1603,22
DA:1604,26
DA:1605,27
DA:1607,25
DA:1608,25
DA:1609,3
DA:1610,1
DA:1611,1
DA:1612,1
DA:1613,2
DA:1614,2
DA:1615,0
DA:1616,0
DA:1617,0
DA:1618,2
DA:1619,2
DA:1620,0
DA:1621,0
DA:1622,0
DA:1623,2
DA:1624,2
DA:1625,0
DA:1626,0
DA:1627,0
DA:1628,2
DA:1629,22
DA:1630,24
DA:1631,25
DA:1633,24
DA:1634,24
DA:1635,17
DA:1636,1
DA:1637,1
DA:1638,1
DA:1639,16
DA:1640,16
DA:1641,16
DA:1642,1
DA:1643,1
DA:1644,1
DA:1645,1
DA:1646,1
DA:1649,15
DA:1651,22
DA:1652,24
DA:1657,15
DA:1658,15
DA:1659,15
DA:1660,15
DA:1661,15
DA:1663,0
DA:1664,0
DA:1665,0
DA:1666,0
DA:1667,0
DA:1668,15
DA:1669,15
DA:1670,0
DA:1671,0
DA:1672,0
DA:1673,0
DA:1674,0
DA:1675,0
DA:1676,0
DA:1677,0
DA:1678,0
DA:1679,0
DA:1680,0
DA:1681,0
DA:1682,0
DA:1683,0
DA:1684,0
DA:1685,0
DA:1686,15
DA:1688,5
DA:1689,5
DA:1690,1
DA:1691,1
DA:1692,1
DA:1693,1
DA:1694,4
DA:1695,1
DA:1696,1
DA:1697,1
DA:1698,3
DA:1699,3
DA:1700,0
DA:1701,0
DA:1702,0
DA:1703,3
DA:1704,3
DA:1705,0
DA:1706,0
DA:1707,0
DA:1708,3
DA:1709,3
DA:1710,0
DA:1711,0
DA:1712,0
DA:1713,3
DA:1714,3
DA:1715,5
DA:1717,3
DA:1719,3
DA:1720,1
DA:1721,1
DA:1722,1
DA:1723,2
DA:1724,2
DA:1725,0
DA:1726,0
DA:1727,0
DA:1728,2
DA:1730,2
DA:1731,3
DA:1733,8
DA:1734,8
DA:1735,1
DA:1736,1
DA:1737,1
DA:1738,1
DA:1739,7
DA:1740,0
DA:1741,0
DA:1742,0
DA:1743,7
DA:1744,7
DA:1745,0
DA:1746,0
DA:1747,0
DA:1748,7
DA:1749,7
DA:1750,0
DA:1751,0
DA:1752,0
DA:1753,7
DA:1754,7
DA:1755,0
DA:1756,0
DA:1757,0
DA:1758,7
DA:1759,7
DA:1760,1
DA:1761,1
DA:1762,1
DA:1763,6
DA:1764,6
DA:1765,0
DA:1766,0
DA:1767,0
DA:1768,6
DA:1776,6
DA:1777,1
DA:1778,1
DA:1779,1
DA:1780,1
DA:1781,1
DA:1782,5
DA:1790,5
DA:1791,3
DA:1792,3
DA:1793,3
DA:1794,7
DA:1795,4
DA:1796,4
DA:1797,1
DA:1798,0
DA:1801,0
DA:1804,3
DA:1805,3
DA:1806,1
DA:1807,1
DA:1808,1
DA:1809,1
DA:1810,1
DA:1811,2
DA:1812,2
DA:1813,4
DA:1814,8
DA:1823,4
DA:1824,4
DA:1825,1
DA:1826,1
DA:1827,1
DA:1828,3
DA:1833,3
DA:1834,0
DA:1835,0
DA:1836,0
DA:1837,0
DA:1838,3
DA:1842,3
DA:1843,1
DA:1844,1
DA:1845,1
DA:1846,1
DA:1847,2
DA:1848,2
DA:1849,0
DA:1850,0
DA:1851,0
DA:1852,0
DA:1853,2
DA:1854,2
DA:1855,0
DA:1856,0
DA:1857,0
DA:1858,2
DA:1859,2
DA:1860,0
DA:1861,0
DA:1862,0
DA:1863,0
DA:1864,2
DA:1865,2
DA:1866,0
DA:1867,0
DA:1868,0
DA:1869,2
DA:1870,2
DA:1871,4
DA:1878,1
DA:1879,1
DA:1880,1
DA:1881,1
DA:1882,1
DA:1883,1
DA:1884,1
DA:1885,1
DA:1886,1
DA:1887,1
DA:1888,1
DA:1891,1
DA:1892,1
DA:1893,1
DA:1894,1
DA:1901,1
DA:1906,1
DA:1907,1
DA:1908,1
DA:1909,1
DA:1910,1
DA:1911,1
DA:1912,1
DA:1913,1
DA:1914,1
DA:1915,1
DA:1916,1
DA:1917,1
DA:1918,1
DA:1919,1
DA:1920,1
DA:1921,1
DA:1922,1
DA:1924,1
DA:1925,0
DA:1927,1
DA:1928,1
DA:1930,1
DA:1931,0
DA:1933,1
DA:1935,1
DA:1936,1
DA:1937,0
DA:1939,1
DA:1942,1
DA:1943,1
DA:1944,1
DA:1945,1
DA:1946,1
DA:1947,1
DA:1948,1
DA:1949,1
DA:1950,1
DA:1951,1
DA:1952,1
DA:1955,1
DA:1956,1
DA:1957,1
DA:1958,1
DA:1959,1
DA:1960,1
DA:1961,1
DA:1962,1
DA:1963,1
DA:1964,1
DA:1965,1
DA:1966,1
DA:1967,1
DA:1968,1
DA:1969,1
DA:1970,1
DA:1971,1
DA:1972,1
DA:1973,1
DA:1974,1
DA:1975,1
DA:1976,1
DA:1977,1
DA:1978,1
DA:1981,1
DA:1982,1
DA:1983,1
DA:1984,1
DA:1985,1
DA:1986,1
DA:1987,1
DA:1988,1
DA:1989,1
DA:1990,1
DA:1991,1
DA:1992,1
DA:1993,1
DA:1994,1
DA:1995,1
DA:1996,1
DA:1997,1
DA:1998,1
DA:1999,1
DA:2000,1
DA:2001,1
DA:2002,1
DA:2003,1
DA:2004,1
DA:2007,1
DA:2008,1
DA:2009,1
DA:2010,1
DA:2011,1
DA:2012,1
DA:2013,1
DA:2014,1
DA:2015,1
DA:2016,1
DA:2017,1
DA:2018,1
DA:2019,1
DA:2020,1
DA:2021,1
DA:2022,1
DA:2023,1
DA:2024,1
DA:2025,1
DA:2026,1
DA:2027,1
DA:2028,1
DA:2029,1
DA:2030,1
DA:2031,1
DA:2032,1
DA:2033,1
DA:2034,1
DA:2035,1
DA:2036,1
DA:2037,1
DA:2040,1
DA:2041,1
DA:2042,1
DA:2043,1
DA:2044,1
DA:2045,1
DA:2046,1
DA:2047,1
DA:2048,1
DA:2049,1
DA:2050,1
DA:2051,1
DA:2052,1
DA:2053,1
DA:2054,1
DA:2055,1
DA:2058,1
DA:2059,1
DA:2060,1
DA:2061,1
DA:2062,1
DA:2063,1
DA:2064,1
DA:2065,1
DA:2066,1
DA:2067,1
DA:2068,1
DA:2069,1
DA:2070,1
DA:2071,1
DA:2072,1
DA:2073,1
DA:2074,1
DA:2075,1
DA:2076,1
DA:2077,1
DA:2078,1
DA:2081,1
DA:2082,1
DA:2083,1
DA:2084,1
DA:2085,1
DA:2086,1
DA:2087,1
DA:2088,1
DA:2089,1
DA:2090,1
DA:2091,1
DA:2092,1
DA:2093,1
DA:2094,1
DA:2095,1
DA:2096,1
DA:2097,1
DA:2098,1
DA:2099,1
DA:2100,1
DA:2101,1
DA:2102,1
DA:2103,1
DA:2104,1
DA:2107,1
DA:2108,1
DA:2109,1
DA:2110,1
DA:2111,1
DA:2112,1
DA:2113,1
DA:2114,1
DA:2115,1
DA:2116,1
DA:2117,1
DA:2118,1
DA:2119,1
DA:2120,1
DA:2121,1
DA:2122,1
DA:2123,1
DA:2124,1
DA:2125,1
DA:2126,1
DA:2127,1
DA:2128,1
DA:2129,1
DA:2130,1
DA:2133,1
DA:2134,1
DA:2135,1
DA:2136,1
DA:2137,1
DA:2138,1
DA:2139,1
DA:2140,1
DA:2141,1
DA:2142,1
DA:2143,1
DA:2144,1
DA:2145,1
DA:2146,1
DA:2147,1
DA:2148,1
DA:2149,1
DA:2150,1
DA:2151,1
DA:2152,1
DA:2153,1
DA:2154,1
DA:2155,1
DA:2156,1
DA:2157,1
DA:2158,1
DA:2159,1
DA:2160,1
DA:2161,1
DA:2164,1
DA:2165,1
DA:2166,1
DA:2167,1
DA:2168,1
DA:2169,1
DA:2170,1
DA:2171,1
DA:2172,1
DA:2173,1
DA:2174,1
DA:2175,1
DA:2176,1
DA:2177,1
DA:2178,1
DA:2179,1
DA:2180,1
DA:2181,1
DA:2182,1
DA:2183,1
DA:2184,1
DA:2185,1
DA:2186,1
DA:2187,1
DA:2188,1
DA:2189,1
DA:2190,1
DA:2191,1
DA:2192,1
DA:2195,1
DA:2196,1
DA:2197,1
DA:2198,1
DA:2199,1
DA:2200,1
DA:2201,1
DA:2202,1
DA:2203,1
DA:2204,1
DA:2205,1
DA:2206,1
DA:2207,1
DA:2208,1
DA:2209,1
DA:2210,1
DA:2211,1
DA:2212,1
DA:2213,1
DA:2214,1
DA:2215,1
DA:2216,1
DA:2217,1
DA:2220,1
DA:2221,1
DA:2222,1
DA:2223,1
DA:2224,1
DA:2225,1
DA:2226,1
DA:2227,1
DA:2228,1
DA:2229,1
DA:2230,1
DA:2231,1
DA:2232,1
DA:2233,1
DA:2234,1
DA:2235,1
DA:2236,1
DA:2237,1
DA:2238,1
DA:2239,1
DA:2240,1
DA:2241,1
DA:2242,1
DA:2243,1
DA:2246,1
DA:2247,1
DA:2248,1
DA:2249,1
DA:2250,1
DA:2251,1
DA:2252,1
DA:2253,1
DA:2254,1
DA:2255,1
DA:2256,1
DA:2257,1
DA:2258,1
DA:2259,1
DA:2260,1
DA:2261,1
DA:2262,1
DA:2263,1
DA:2264,1
DA:2265,1
DA:2266,1
DA:2267,1
DA:2268,1
DA:2269,1
DA:2270,1
DA:2271,1
DA:2272,1
DA:2273,1
DA:2274,1
DA:2275,1
DA:2276,1
DA:2283,1
DA:2284,1
DA:2285,1
DA:2286,1
DA:2287,1
DA:2288,1
DA:2289,1
DA:2290,1
DA:2291,1
DA:2292,1
DA:2293,1
DA:2294,1
DA:2295,1
DA:2296,1
DA:2297,1
DA:2298,1
DA:2299,1
DA:2300,1
DA:2301,1
DA:2302,1
DA:2303,1
DA:2304,1
DA:2305,1
DA:2306,1
DA:2307,1
DA:2308,1
DA:2309,1
DA:2310,1
DA:2311,1
DA:2312,1
DA:2313,1
DA:2314,1
DA:2315,1
DA:2316,1
DA:2317,1
DA:2318,1
DA:2319,1
DA:2320,1
DA:2321,0
DA:2323,1
DA:2328,1
DA:2329,1
DA:2330,1
DA:2331,1
DA:2332,1
DA:2333,1
DA:2334,1
DA:2335,1
DA:2336,1
DA:2337,1
DA:2338,1
DA:2339,1
DA:2340,1
DA:2341,1
DA:2342,1
DA:2343,1
DA:2344,1
DA:2345,1
DA:2346,1
DA:2347,1
DA:2348,1
DA:2349,1
DA:2350,1
DA:2351,1
DA:2352,1
DA:2353,1
DA:2354,1
DA:2355,1
DA:2356,1
DA:2357,1
DA:2358,1
DA:2359,1
DA:2360,1
DA:2361,1
DA:2362,1
DA:2363,1
DA:2364,1
DA:2365,1
DA:2366,1
DA:2367,1
DA:2368,1
DA:2369,1
DA:2370,1
DA:2371,1
DA:2372,1
DA:2373,0
DA:2375,1
DA:2381,1
DA:2382,1
DA:2383,1
DA:2384,1
DA:2385,1
DA:2386,1
DA:2387,1
DA:2388,1
DA:2389,1
DA:2390,1
DA:2391,1
DA:2392,1
DA:2393,1
DA:2394,1
DA:2395,1
DA:2396,1
DA:2397,1
DA:2398,1
DA:2399,1
DA:2400,1
DA:2401,1
DA:2402,1
DA:2403,1
DA:2404,1
DA:2405,1
DA:2406,1
DA:2407,1
DA:2408,1
DA:2409,1
DA:2410,1
DA:2411,1
DA:2412,1
DA:2413,1
DA:2414,1
DA:2415,1
DA:2416,1
DA:2417,1
DA:2418,1
DA:2419,1
DA:2420,1
DA:2421,1
DA:2422,1
DA:2423,1
DA:2424,1
DA:2425,1
DA:2426,1
DA:2427,1
DA:2428,1
DA:2429,1
DA:2430,0
DA:2432,1
DA:2435,1
DA:2436,1
DA:2437,1
DA:2438,1
DA:2439,1
DA:2440,1
DA:2441,1
DA:2442,1
DA:2443,1
DA:2444,1
DA:2445,1
DA:2446,1
DA:2447,1
DA:2448,1
DA:2449,1
DA:2450,1
DA:2451,1
DA:2452,1
DA:2453,1
DA:2454,1
DA:2455,1
DA:2456,1
DA:2457,1
DA:2458,1
DA:2459,1
DA:2460,1
DA:2461,1
DA:2462,1
DA:2463,1
DA:2464,1
DA:2465,1
DA:2468,1
DA:2469,1
DA:2470,1
DA:2471,1
DA:2472,1
DA:2473,1
DA:2474,1
DA:2475,1
DA:2476,1
DA:2477,1
DA:2478,1
DA:2479,1
DA:2480,1
DA:2481,1
DA:2482,1
DA:2483,1
DA:2484,1
DA:2485,1
DA:2486,1
DA:2487,1
DA:2488,1
DA:2489,1
DA:2490,1
DA:2491,1
DA:2492,1
DA:2493,1
DA:2494,1
DA:2497,1
DA:2498,1
DA:2499,1
DA:2500,1
DA:2501,1
DA:2502,1
DA:2503,1
DA:2504,1
DA:2505,1
DA:2506,1
DA:2507,1
DA:2508,1
DA:2509,1
DA:2510,1
DA:2511,1
DA:2512,1
DA:2513,1
DA:2514,1
DA:2515,1
DA:2516,1
DA:2517,1
DA:2518,1
DA:2519,1
DA:2520,1
DA:2521,1
DA:2522,1
DA:2523,1
DA:2524,1
DA:2525,1
DA:2526,1
DA:2527,1
DA:2528,1
DA:2531,1
DA:2534,1
DA:2535,1
DA:2536,1
DA:2537,1
DA:2538,1
DA:2539,1
DA:2540,1
DA:2541,1
DA:2542,1
DA:2543,1
DA:2544,1
DA:2545,1
DA:2546,1
DA:2547,1
DA:2548,1
DA:2549,1
DA:2550,1
DA:2551,1
DA:2552,1
DA:2553,1
DA:2554,1
DA:2555,1
DA:2556,1
DA:2557,1
DA:2558,1
DA:2559,1
DA:2560,1
DA:2561,1
DA:2564,1
DA:2565,1
DA:2566,1
DA:2567,1
DA:2568,1
DA:2569,1
DA:2570,1
DA:2571,1
DA:2572,1
DA:2573,1
DA:2574,1
DA:2575,1
DA:2576,1
DA:2577,1
DA:2578,1
DA:2579,1
DA:2580,1
DA:2581,1
DA:2582,1
DA:2583,1
DA:2584,1
DA:2585,1
DA:2586,1
DA:2587,1
DA:2588,1
DA:2589,1
DA:2590,1
DA:2591,1
DA:2592,1
DA:2593,1
DA:2594,1
DA:2595,1
DA:2596,1
DA:2597,1
DA:2598,1
DA:2599,1
DA:2600,1
DA:2601,1
DA:2602,1
DA:2605,1
DA:2606,1
DA:2607,1
DA:2608,1
DA:2609,1
DA:2610,1
DA:2611,1
DA:2612,1
DA:2613,1
DA:2614,1
DA:2615,1
DA:2616,1
DA:2617,1
DA:2618,1
DA:2619,1
DA:2620,1
DA:2621,1
DA:2622,1
DA:2623,1
DA:2624,1
DA:2625,1
DA:2626,1
DA:2627,1
DA:2628,1
DA:2629,1
DA:2630,1
DA:2631,1
DA:2632,1
DA:2633,1
DA:2634,1
DA:2635,1
DA:2636,1
DA:2637,1
DA:2638,1
DA:2639,1
DA:2640,1
DA:2643,1
DA:2644,1
DA:2645,1
DA:2646,1
DA:2647,1
DA:2648,1
DA:2649,1
DA:2650,1
DA:2651,1
DA:2652,1
DA:2653,1
DA:2654,1
DA:2655,1
DA:2656,1
DA:2657,1
DA:2658,1
DA:2659,1
DA:2660,1
DA:2661,1
DA:2664,1
DA:2665,1
DA:2666,1
DA:2667,1
DA:2668,1
DA:2669,1
DA:2670,1
DA:2671,1
DA:2672,1
DA:2673,1
DA:2674,1
DA:2675,1
DA:2676,1
DA:2677,1
DA:2678,1
DA:2679,1
DA:2680,1
DA:2681,1
DA:2682,1
DA:2683,1
DA:2684,1
DA:2685,1
DA:2686,1
DA:2687,1
DA:2688,1
DA:2689,1
DA:2690,1
DA:2691,1
DA:2692,1
DA:2693,1
DA:2694,1
DA:2695,1
DA:2696,1
DA:2697,1
DA:2698,1
DA:2699,1
DA:2700,1
DA:2701,1
DA:2702,1
DA:2703,1
DA:2704,1
DA:2705,1
DA:2708,1
DA:2709,1
DA:2710,1
DA:2711,1
DA:2712,1
DA:2713,1
DA:2714,1
DA:2715,1
DA:2716,1
DA:2717,1
DA:2718,1
DA:2719,1
DA:2720,1
DA:2721,1
DA:2722,1
DA:2723,1
DA:2724,1
DA:2725,1
DA:2726,1
DA:2727,1
DA:2728,1
DA:2729,1
DA:2730,1
DA:2731,1
DA:2732,1
DA:2733,1
DA:2734,1
DA:2735,1
DA:2736,1
DA:2737,1
DA:2738,1
DA:2739,1
DA:2740,1
DA:2741,1
DA:2742,1
DA:2743,1
DA:2744,1
DA:2745,1
DA:2746,1
DA:2747,1
DA:2748,1
DA:2751,1
DA:2752,1
DA:2753,1
DA:2754,1
DA:2755,1
DA:2756,1
DA:2757,1
DA:2758,1
DA:2759,1
DA:2760,1
DA:2763,1
DA:2764,1
DA:2765,1
DA:2766,1
DA:2767,1
DA:2768,1
DA:2769,1
DA:2770,1
DA:2771,1
DA:2772,1
DA:2773,1
DA:2774,1
DA:2775,1
DA:2776,1
DA:2777,1
DA:2778,1
DA:2779,1
DA:2782,1
DA:2783,1
DA:2784,1
DA:2785,1
DA:2786,1
DA:2787,1
DA:2788,1
DA:2789,1
DA:2790,1
DA:2791,1
DA:2792,1
DA:2793,1
DA:2794,1
DA:2795,1
DA:2796,1
DA:2797,1
DA:2798,1
DA:2799,1
DA:2803,1
DA:2804,1
DA:2805,0
DA:2807,1
DA:2808,1
DA:2811,1
DA:2813,1
DA:2814,1
DA:2815,1
DA:2816,1
DA:2817,1
DA:2818,1
DA:2819,1
DA:2820,1
DA:2821,1
DA:2822,1
DA:2823,1
DA:2824,1
DA:2825,1
DA:2826,1
DA:2827,1
DA:2828,0
DA:2830,1
DA:2831,1
DA:2834,1
DA:2835,1
DA:2836,1
DA:2837,1
DA:2838,1
DA:2839,1
DA:2840,1
DA:2841,1
DA:2842,1
DA:2843,1
DA:2844,1
DA:2845,1
DA:2846,1
DA:2847,1
DA:2848,1
DA:2849,1
DA:2850,1
DA:2851,1
DA:2852,1
DA:2853,1
DA:2854,1
DA:2855,1
DA:2856,1
DA:2857,1
DA:2863,1
DA:2864,1
DA:2865,1
DA:2866,1
DA:2867,1
DA:2868,1
DA:2869,1
DA:2870,1
DA:2871,1
DA:2872,1
DA:2873,1
DA:2874,1
DA:2875,1
DA:2876,1
DA:2877,1
DA:2878,1
DA:2879,1
DA:2880,1
DA:2881,1
DA:2882,1
DA:2883,0
DA:2885,1
DA:2886,1
DA:2887,1
DA:2892,1
DA:2893,1
DA:2894,1
DA:2895,1
DA:2896,1
DA:2897,1
DA:2898,1
DA:2899,1
DA:2900,1
DA:2901,1
DA:2902,1
DA:2903,1
DA:2904,1
DA:2905,1
DA:2906,1
DA:2907,1
DA:2908,1
DA:2909,1
DA:2910,0
DA:2912,1
DA:2913,1
DA:2914,0
DA:2916,1
DA:2917,1
DA:2920,1
DA:2921,1
DA:2922,1
DA:2923,1
DA:2924,1
DA:2925,1
DA:2926,1
DA:2927,1
DA:2928,1
DA:2929,1
DA:2930,1
DA:2931,1
DA:2932,1
DA:2933,1
DA:2934,1
DA:2935,1
DA:2936,1
DA:2937,1
DA:2938,1
DA:2939,1
DA:2940,1
DA:2941,1
DA:2942,1
DA:2943,1
DA:2946,1
DA:2947,1
DA:2948,1
DA:2949,1
DA:2950,1
DA:2951,1
DA:2952,1
DA:2953,1
DA:2954,1
DA:2955,1
DA:2956,1
DA:2957,1
DA:2958,1
DA:2959,1
DA:2960,1
DA:2961,1
DA:2962,1
DA:2963,1
DA:2964,1
DA:2965,1
DA:2966,1
DA:2967,1
DA:2968,1
DA:2969,1
DA:2973,10
DA:2974,10
DA:2975,10
DA:2976,10
DA:2977,10
DA:2978,10
DA:2979,10
DA:2980,10
DA:2981,10
DA:2982,10
DA:2983,10
DA:2984,10
DA:2985,10
DA:2986,10
DA:2987,10
DA:2988,10
DA:2989,10
DA:2990,10
DA:2991,10
DA:2992,10
DA:2994,7
DA:2995,7
DA:2996,7
DA:2997,7
DA:2998,7
DA:2999,7
DA:3000,7
DA:3001,7
DA:3002,7
DA:3003,7
DA:3004,7
DA:3005,7
DA:3006,7
DA:3007,7
DA:3008,7
DA:3009,7
DA:3010,7
DA:3011,7
DA:3012,7
DA:3013,7
DA:3014,7
DA:3015,7
DA:3016,7
DA:3019,1
DA:3020,1
DA:3021,1
DA:3022,1
DA:3023,1
DA:3024,1
DA:3025,1
DA:3027,1
DA:3029,1
DA:3030,1
DA:3032,1
DA:3033,1
DA:3036,1
DA:3037,1
DA:3038,1
DA:3039,1
DA:3040,1
DA:3041,1
DA:3042,1
DA:3044,1
DA:3045,1
DA:3047,1
DA:3048,1
DA:3049,1
DA:3050,1
DA:3053,1
DA:3054,1
DA:3055,1
DA:3056,1
DA:3057,1
DA:3058,1
DA:3059,1
DA:3060,1
DA:3061,1
DA:3062,1
DA:3063,1
DA:3064,1
DA:3065,1
DA:3068,1
DA:3071,1
DA:3072,1
DA:3073,1
DA:3074,1
DA:3075,1
DA:3076,1
DA:3077,1
DA:3078,1
DA:3079,1
DA:3080,1
DA:3081,1
DA:3082,1
DA:3083,1
DA:3084,1
DA:3085,1
DA:3086,1
DA:3087,1
DA:3090,1
DA:3091,1
DA:3092,1
DA:3093,1
DA:3094,1
DA:3095,1
DA:3096,1
DA:3097,1
DA:3098,1
DA:3099,1
DA:3100,1
DA:3101,1
DA:3102,1
DA:3103,1
DA:3104,1
DA:3105,1
DA:3108,1
DA:3111,1
DA:3112,1
DA:3113,1
DA:3116,1
DA:3117,1
DA:3118,1
DA:3119,1
DA:3120,1
DA:3121,1
DA:3122,1
DA:3123,1
DA:3124,1
DA:3125,1
DA:3126,1
DA:3127,1
DA:3128,1
DA:3129,1
DA:3130,1
DA:3131,1
DA:3132,1
DA:3133,1
DA:3134,1
DA:3135,1
DA:3136,1
DA:3137,1
DA:3138,1
DA:3139,1
DA:3140,1
DA:3141,1
DA:3142,1
DA:3145,3
DA:3146,3
DA:3147,3
DA:3148,3
DA:3149,3
DA:3150,3
DA:3151,3
DA:3152,3
DA:3153,3
DA:3154,3
DA:3155,3
DA:3156,3
DA:3157,3
DA:3158,3
DA:3159,3
DA:3162,1
DA:3167,1
DA:3168,1
DA:3169,1
DA:3170,1
DA:3171,1
DA:3172,1
DA:3173,1
DA:3174,1
DA:3175,1
DA:3176,1
DA:3179,1
DA:3180,1
DA:3181,1
DA:3182,1
DA:3183,1
DA:3184,1
DA:3185,1
DA:3186,1
DA:3187,1
DA:3188,1
DA:3189,1
DA:3190,1
DA:3191,1
DA:3194,1
DA:3198,1
DA:3199,1
DA:3200,1
DA:3201,1
DA:3202,1
DA:3203,1
DA:3204,1
DA:3205,1
DA:3206,1
DA:3207,1
DA:3208,1
DA:3209,1
DA:3212,1
DA:3213,1
DA:3214,1
DA:3215,1
DA:3216,1
DA:3217,1
DA:3218,1
DA:3221,1
DA:3222,1
DA:3223,1
DA:3224,1
DA:3225,1
DA:3226,1
DA:3227,1
DA:3228,1
DA:3229,1
DA:3230,1
DA:3231,1
DA:3232,1
DA:3233,1
DA:3234,1
DA:3235,1
DA:3236,1
DA:3238,1
DA:3239,1
DA:3240,1
DA:3241,1
DA:3246,1
DA:3249,1
DA:3250,1
DA:3251,1
DA:3252,1
DA:3253,1
DA:3254,1
DA:3255,1
DA:3256,1
DA:3257,1
DA:3258,1
DA:3259,1
DA:3260,1
DA:3261,1
DA:3262,1
DA:3264,0
DA:3266,1
DA:3267,1
DA:3270,1
DA:3271,1
DA:3272,1
DA:3273,1
DA:3274,1
DA:3275,1
DA:3276,1
DA:3277,1
DA:3278,1
DA:3279,1
DA:3280,1
DA:3281,1
DA:3282,1
DA:3283,1
DA:3284,1
DA:3285,1
DA:3286,1
DA:3287,1
DA:3290,1
DA:3294,1
DA:3295,1
DA:3296,1
DA:3297,1
DA:3298,1
DA:3299,1
DA:3300,0
DA:3302,1
DA:3305,1
DA:3308,6
DA:3309,5
DA:3310,5
DA:3311,5
DA:3312,5
DA:3313,5
DA:3314,5
DA:3315,0
DA:3318,1
BRF:0
BRH:0
LF:1927
LH:1735
end_of_record
SF:/home/ubuntu/Code/ExpressGateway/.claude/worktrees/s36-verify/crates/lb-observability/src/admin_http.rs
FN:159,_RNCNvNtCs5GE8Mj9sQ3x_16lb_observability10admin_http11json_status0B5_
FN:167,_RNCNvNtCs5GE8Mj9sQ3x_16lb_observability10admin_http5plain0B5_
FN:89,_RNCNvNtCs5GE8Mj9sQ3x_16lb_observability10admin_http5route0B5_
FN:102,_RNCNvNtCs5GE8Mj9sQ3x_16lb_observability10admin_http5routes_0B5_
FN:61,_RNCNvXNtCs5GE8Mj9sQ3x_16lb_observability10admin_httpNtB4_12AdminServiceINtNtNtCskeO9B2Wk1MU_5hyper7service7service7ServiceINtNtCshEf4uzDsfur_4http7request7RequestNtNtNtB1e_4body8incoming8IncomingEE4call0B6_
FN:146,_RNvNtCs5GE8Mj9sQ3x_16lb_observability10admin_http11json_status
FN:170,_RNvNtCs5GE8Mj9sQ3x_16lb_observability10admin_http12fallback_500
FN:68,_RNvNtCs5GE8Mj9sQ3x_16lb_observability10admin_http13is_probe_path
FN:113,_RNvNtCs5GE8Mj9sQ3x_16lb_observability10admin_http14livez_response
FN:124,_RNvNtCs5GE8Mj9sQ3x_16lb_observability10admin_http15readyz_response
FN:223,_RNvNtCs5GE8Mj9sQ3x_16lb_observability10admin_http15serve_with_auth
FN:198,_RNvNtCs5GE8Mj9sQ3x_16lb_observability10admin_http17serve_with_probes
FN:136,_RNvNtCs5GE8Mj9sQ3x_16lb_observability10admin_http17startupz_response
FN:162,_RNvNtCs5GE8Mj9sQ3x_16lb_observability10admin_http5plain
FN:72,_RNvNtCs5GE8Mj9sQ3x_16lb_observability10admin_http5route
FN:290,_RNvNtCs5GE8Mj9sQ3x_16lb_observability10admin_http5serve
FN:57,_RNvXNtCs5GE8Mj9sQ3x_16lb_observability10admin_httpNtB2_12AdminServiceINtNtNtCskeO9B2Wk1MU_5hyper7service7service7ServiceINtNtCshEf4uzDsfur_4http7request7RequestNtNtNtB1c_4body8incoming8IncomingEE4call
FN:262,_RNCNCNCNvNtCs5GE8Mj9sQ3x_16lb_observability10admin_http15serve_with_auth0s_00B9_
FN:232,_RNCNCNvNtCs5GE8Mj9sQ3x_16lb_observability10admin_http15serve_with_auth00B7_
FN:244,_RNCNCNvNtCs5GE8Mj9sQ3x_16lb_observability10admin_http15serve_with_auth0s_0B7_
FN:229,_RNCNvNtCs5GE8Mj9sQ3x_16lb_observability10admin_http15serve_with_auth0B5_
FN:203,_RNCNvNtCs5GE8Mj9sQ3x_16lb_observability10admin_http17serve_with_probes0B5_
FN:294,_RNCNvNtCs5GE8Mj9sQ3x_16lb_observability10admin_http5serve0B5_
FN:262,_RNCNCNCNvNtCs5GE8Mj9sQ3x_16lb_observability10admin_http15serve_with_auth0s_00Cs8XUSXkhk2gU_16health_endpoints
FN:232,_RNCNCNvNtCs5GE8Mj9sQ3x_16lb_observability10admin_http15serve_with_auth00Cs8XUSXkhk2gU_16health_endpoints
FN:244,_RNCNCNvNtCs5GE8Mj9sQ3x_16lb_observability10admin_http15serve_with_auth0s_0Cs8XUSXkhk2gU_16health_endpoints
FN:229,_RNCNvNtCs5GE8Mj9sQ3x_16lb_observability10admin_http15serve_with_auth0Cs8XUSXkhk2gU_16health_endpoints
FN:203,_RNCNvNtCs5GE8Mj9sQ3x_16lb_observability10admin_http17serve_with_probes0Cs8XUSXkhk2gU_16health_endpoints
FN:294,_RNCNvNtCsgHt304caEPG_16lb_observability10admin_http5serve0B5_
FN:290,_RNvNtCsgHt304caEPG_16lb_observability10admin_http5serve
FN:262,_RNCNCNCNvNtCsgHt304caEPG_16lb_observability10admin_http15serve_with_auth0s_00B9_
FN:232,_RNCNCNvNtCsgHt304caEPG_16lb_observability10admin_http15serve_with_auth00B7_
FN:244,_RNCNCNvNtCsgHt304caEPG_16lb_observability10admin_http15serve_with_auth0s_0B7_
FN:159,_RNCNvNtCsgHt304caEPG_16lb_observability10admin_http11json_status0B5_
FN:229,_RNCNvNtCsgHt304caEPG_16lb_observability10admin_http15serve_with_auth0B5_
FN:203,_RNCNvNtCsgHt304caEPG_16lb_observability10admin_http17serve_with_probes0B5_
FN:167,_RNCNvNtCsgHt304caEPG_16lb_observability10admin_http5plain0B5_
FN:89,_RNCNvNtCsgHt304caEPG_16lb_observability10admin_http5route0B5_
FN:102,_RNCNvNtCsgHt304caEPG_16lb_observability10admin_http5routes_0B5_
FN:61,_RNCNvXNtCsgHt304caEPG_16lb_observability10admin_httpNtB4_12AdminServiceINtNtNtCskeO9B2Wk1MU_5hyper7service7service7ServiceINtNtCshEf4uzDsfur_4http7request7RequestNtNtNtB1e_4body8incoming8IncomingEE4call0B6_
FN:146,_RNvNtCsgHt304caEPG_16lb_observability10admin_http11json_status
FN:170,_RNvNtCsgHt304caEPG_16lb_observability10admin_http12fallback_500
FN:68,_RNvNtCsgHt304caEPG_16lb_observability10admin_http13is_probe_path
FN:113,_RNvNtCsgHt304caEPG_16lb_observability10admin_http14livez_response
FN:124,_RNvNtCsgHt304caEPG_16lb_observability10admin_http15readyz_response
FN:223,_RNvNtCsgHt304caEPG_16lb_observability10admin_http15serve_with_auth
FN:198,_RNvNtCsgHt304caEPG_16lb_observability10admin_http17serve_with_probes
FN:136,_RNvNtCsgHt304caEPG_16lb_observability10admin_http17startupz_response
FN:162,_RNvNtCsgHt304caEPG_16lb_observability10admin_http5plain
FN:72,_RNvNtCsgHt304caEPG_16lb_observability10admin_http5route
FN:57,_RNvXNtCsgHt304caEPG_16lb_observability10admin_httpNtB2_12AdminServiceINtNtNtCskeO9B2Wk1MU_5hyper7service7service7ServiceINtNtCshEf4uzDsfur_4http7request7RequestNtNtNtB1c_4body8incoming8IncomingEE4call
FN:309,_RNvNtNtCsgHt304caEPG_16lb_observability10admin_http5testss_17bind_and_shutdown
FN:327,_RNvNtNtCsgHt304caEPG_16lb_observability10admin_http5testss_28test_admin_403_without_token
FN:309,_RNCNvNtNtCsgHt304caEPG_16lb_observability10admin_http5testss_17bind_and_shutdown0B7_
FN:327,_RNCNvNtNtCsgHt304caEPG_16lb_observability10admin_http5testss_28test_admin_403_without_token0B7_
FNDA:0,_RNCNvNtCs5GE8Mj9sQ3x_16lb_observability10admin_http11json_status0B5_
FNDA:0,_RNCNvNtCs5GE8Mj9sQ3x_16lb_observability10admin_http5plain0B5_
FNDA:0,_RNCNvNtCs5GE8Mj9sQ3x_16lb_observability10admin_http5route0B5_
FNDA:0,_RNCNvNtCs5GE8Mj9sQ3x_16lb_observability10admin_http5routes_0B5_
FNDA:12,_RNCNvXNtCs5GE8Mj9sQ3x_16lb_observability10admin_httpNtB4_12AdminServiceINtNtNtCskeO9B2Wk1MU_5hyper7service7service7ServiceINtNtCshEf4uzDsfur_4http7request7RequestNtNtNtB1e_4body8incoming8IncomingEE4call0B6_
FNDA:12,_RNvNtCs5GE8Mj9sQ3x_16lb_observability10admin_http11json_status
FNDA:0,_RNvNtCs5GE8Mj9sQ3x_16lb_observability10admin_http12fallback_500
FNDA:0,_RNvNtCs5GE8Mj9sQ3x_16lb_observability10admin_http13is_probe_path
FNDA:5,_RNvNtCs5GE8Mj9sQ3x_16lb_observability10admin_http14livez_response
FNDA:4,_RNvNtCs5GE8Mj9sQ3x_16lb_observability10admin_http15readyz_response
FNDA:2,_RNvNtCs5GE8Mj9sQ3x_16lb_observability10admin_http15serve_with_auth
FNDA:2,_RNvNtCs5GE8Mj9sQ3x_16lb_observability10admin_http17serve_with_probes
FNDA:3,_RNvNtCs5GE8Mj9sQ3x_16lb_observability10admin_http17startupz_response
FNDA:0,_RNvNtCs5GE8Mj9sQ3x_16lb_observability10admin_http5plain
FNDA:12,_RNvNtCs5GE8Mj9sQ3x_16lb_observability10admin_http5route
FNDA:0,_RNvNtCs5GE8Mj9sQ3x_16lb_observability10admin_http5serve
FNDA:12,_RNvXNtCs5GE8Mj9sQ3x_16lb_observability10admin_httpNtB2_12AdminServiceINtNtNtCskeO9B2Wk1MU_5hyper7service7service7ServiceINtNtCshEf4uzDsfur_4http7request7RequestNtNtNtB1c_4body8incoming8IncomingEE4call
FNDA:0,_RNCNCNCNvNtCs5GE8Mj9sQ3x_16lb_observability10admin_http15serve_with_auth0s_00B9_
FNDA:0,_RNCNCNvNtCs5GE8Mj9sQ3x_16lb_observability10admin_http15serve_with_auth00B7_
FNDA:0,_RNCNCNvNtCs5GE8Mj9sQ3x_16lb_observability10admin_http15serve_with_auth0s_0B7_
FNDA:0,_RNCNvNtCs5GE8Mj9sQ3x_16lb_observability10admin_http15serve_with_auth0B5_
FNDA:0,_RNCNvNtCs5GE8Mj9sQ3x_16lb_observability10admin_http17serve_with_probes0B5_
FNDA:0,_RNCNvNtCs5GE8Mj9sQ3x_16lb_observability10admin_http5serve0B5_
FNDA:12,_RNCNCNCNvNtCs5GE8Mj9sQ3x_16lb_observability10admin_http15serve_with_auth0s_00Cs8XUSXkhk2gU_16health_endpoints
FNDA:0,_RNCNCNvNtCs5GE8Mj9sQ3x_16lb_observability10admin_http15serve_with_auth00Cs8XUSXkhk2gU_16health_endpoints
FNDA:2,_RNCNCNvNtCs5GE8Mj9sQ3x_16lb_observability10admin_http15serve_with_auth0s_0Cs8XUSXkhk2gU_16health_endpoints
FNDA:2,_RNCNvNtCs5GE8Mj9sQ3x_16lb_observability10admin_http15serve_with_auth0Cs8XUSXkhk2gU_16health_endpoints
FNDA:2,_RNCNvNtCs5GE8Mj9sQ3x_16lb_observability10admin_http17serve_with_probes0Cs8XUSXkhk2gU_16health_endpoints
FNDA:0,_RNCNvNtCsgHt304caEPG_16lb_observability10admin_http5serve0B5_
FNDA:0,_RNvNtCsgHt304caEPG_16lb_observability10admin_http5serve
FNDA:1,_RNCNCNCNvNtCsgHt304caEPG_16lb_observability10admin_http15serve_with_auth0s_00B9_
FNDA:1,_RNCNCNvNtCsgHt304caEPG_16lb_observability10admin_http15serve_with_auth00B7_
FNDA:2,_RNCNCNvNtCsgHt304caEPG_16lb_observability10admin_http15serve_with_auth0s_0B7_
FNDA:0,_RNCNvNtCsgHt304caEPG_16lb_observability10admin_http11json_status0B5_
FNDA:2,_RNCNvNtCsgHt304caEPG_16lb_observability10admin_http15serve_with_auth0B5_
FNDA:1,_RNCNvNtCsgHt304caEPG_16lb_observability10admin_http17serve_with_probes0B5_
FNDA:0,_RNCNvNtCsgHt304caEPG_16lb_observability10admin_http5plain0B5_
FNDA:0,_RNCNvNtCsgHt304caEPG_16lb_observability10admin_http5route0B5_
FNDA:0,_RNCNvNtCsgHt304caEPG_16lb_observability10admin_http5routes_0B5_
FNDA:1,_RNCNvXNtCsgHt304caEPG_16lb_observability10admin_httpNtB4_12AdminServiceINtNtNtCskeO9B2Wk1MU_5hyper7service7service7ServiceINtNtCshEf4uzDsfur_4http7request7RequestNtNtNtB1e_4body8incoming8IncomingEE4call0B6_
FNDA:0,_RNvNtCsgHt304caEPG_16lb_observability10admin_http11json_status
FNDA:0,_RNvNtCsgHt304caEPG_16lb_observability10admin_http12fallback_500
FNDA:1,_RNvNtCsgHt304caEPG_16lb_observability10admin_http13is_probe_path
FNDA:0,_RNvNtCsgHt304caEPG_16lb_observability10admin_http14livez_response
FNDA:0,_RNvNtCsgHt304caEPG_16lb_observability10admin_http15readyz_response
FNDA:2,_RNvNtCsgHt304caEPG_16lb_observability10admin_http15serve_with_auth
FNDA:1,_RNvNtCsgHt304caEPG_16lb_observability10admin_http17serve_with_probes
FNDA:0,_RNvNtCsgHt304caEPG_16lb_observability10admin_http17startupz_response
FNDA:1,_RNvNtCsgHt304caEPG_16lb_observability10admin_http5plain
FNDA:1,_RNvNtCsgHt304caEPG_16lb_observability10admin_http5route
FNDA:1,_RNvXNtCsgHt304caEPG_16lb_observability10admin_httpNtB2_12AdminServiceINtNtNtCskeO9B2Wk1MU_5hyper7service7service7ServiceINtNtCshEf4uzDsfur_4http7request7RequestNtNtNtB1c_4body8incoming8IncomingEE4call
FNDA:1,_RNvNtNtCsgHt304caEPG_16lb_observability10admin_http5testss_17bind_and_shutdown
FNDA:1,_RNvNtNtCsgHt304caEPG_16lb_observability10admin_http5testss_28test_admin_403_without_token
FNDA:1,_RNCNvNtNtCsgHt304caEPG_16lb_observability10admin_http5testss_17bind_and_shutdown0B7_
FNDA:1,_RNCNvNtNtCsgHt304caEPG_16lb_observability10admin_http5testss_28test_admin_403_without_token0B7_
FNF:27
FNH:20
DA:57,13
DA:58,13
DA:59,13
DA:60,13
DA:61,13
DA:62,13
DA:68,1
DA:69,1
DA:70,1
DA:72,13
DA:73,13
DA:74,13
DA:75,13
DA:76,13
DA:77,13
DA:78,13
DA:79,0
DA:80,13
DA:84,13
DA:85,1
DA:86,1
DA:87,1
DA:88,1
DA:89,1
DA:90,1
DA:91,1
DA:92,0
DA:93,0
DA:94,12
DA:95,12
DA:96,12
DA:97,0
DA:98,0
DA:99,0
DA:100,0
DA:101,0
DA:102,0
DA:104,12
DA:105,7
DA:106,3
DA:107,0
DA:109,13
DA:113,5
DA:114,5
DA:115,5
DA:117,0
DA:119,5
DA:120,5
DA:124,4
DA:125,4
DA:126,4
DA:127,2
DA:129,2
DA:131,4
DA:132,4
DA:136,3
DA:137,3
DA:138,3
DA:139,2
DA:141,1
DA:143,3
DA:144,3
DA:146,12
DA:151,12
DA:152,12
DA:153,12
DA:154,12
DA:155,12
DA:158,12
DA:159,12
DA:160,12
DA:162,1
DA:163,1
DA:164,1
DA:165,1
DA:166,1
DA:167,1
DA:168,1
DA:170,0
DA:175,0
DA:176,0
DA:178,0
DA:179,0
DA:180,0
DA:198,3
DA:199,3
DA:200,3
DA:201,3
DA:202,3
DA:203,3
DA:204,3
DA:205,3
DA:223,4
DA:224,4
DA:225,4
DA:226,4
DA:227,4
DA:228,4
DA:229,4
DA:230,4
DA:231,4
DA:232,4
DA:233,4
DA:236,0
DA:238,4
DA:239,4
DA:240,4
DA:241,4
DA:242,4
DA:244,4
DA:246,17
DA:248,17
DA:249,4
DA:250,4
DA:252,17
DA:254,13
DA:255,13
DA:256,0
DA:257,0
DA:258,0
DA:261,13
DA:262,13
DA:263,13
DA:264,13
DA:265,13
DA:266,13
DA:267,13
DA:269,0
DA:270,12
DA:271,12
DA:273,4
DA:275,4
DA:276,4
DA:290,0
DA:291,0
DA:292,0
DA:293,0
DA:294,0
DA:295,0
DA:300,0
DA:301,0
DA:302,0
DA:309,1
DA:310,1
DA:311,1
DA:312,1
DA:313,1
DA:314,1
DA:315,1
DA:316,1
DA:317,1
DA:318,1
DA:320,1
DA:321,1
DA:327,1
DA:331,1
DA:332,1
DA:333,1
DA:334,1
DA:335,1
DA:336,1
DA:337,1
DA:338,1
DA:339,1
DA:340,1
DA:342,1
DA:343,1
DA:344,1
DA:345,1
DA:346,1
DA:347,1
DA:348,1
DA:349,1
DA:350,1
DA:351,1
DA:352,1
DA:353,1
DA:354,1
DA:355,1
DA:356,1
DA:357,1
DA:358,1
DA:359,1
BRF:0
BRH:0
LF:198
LH:156
end_of_record
SF:/home/ubuntu/Code/ExpressGateway/.claude/worktrees/s36-verify/crates/lb-observability/src/label_budget.rs
FN:332,_RNCNvMs4_NtCs5GE8Mj9sQ3x_16lb_observability12label_budgetNtB7_19EnforcedLabelBudget8observed0B9_
FN:240,_RNCNvXs1_NtCs5GE8Mj9sQ3x_16lb_observability12label_budgetNtB7_19EnforcedLabelBudgetNtNtCs1p5UDGgVI4d_4core3fmt5Debug3fmt0B9_
FN:240,_RNCNvXs1_NtCsgHt304caEPG_16lb_observability12label_budgetNtB7_19EnforcedLabelBudgetNtNtCs1p5UDGgVI4d_4core3fmt5Debug3fmt0B9_
FN:343,_RNvMs4_NtCsgHt304caEPG_16lb_observability12label_budgetNtB5_19EnforcedLabelBudget6family
FN:337,_RNvMs4_NtCsgHt304caEPG_16lb_observability12label_budgetNtB5_19EnforcedLabelBudget7ceiling
FN:90,_RNvXNtCsgHt304caEPG_16lb_observability12label_budgetNtB2_16LabelBudgetErrorNtNtCs1p5UDGgVI4d_4core3fmt7Display3fmt
FN:234,_RNvXs1_NtCsgHt304caEPG_16lb_observability12label_budgetNtB5_19EnforcedLabelBudgetNtNtCs1p5UDGgVI4d_4core3fmt5Debug3fmt
FN:262,_RNvXs2_NtCsgHt304caEPG_16lb_observability12label_budgetNtB5_14CardinalityErrNtNtCs1p5UDGgVI4d_4core3fmt7Display3fmt
FN:426,_RNvNtNtCsgHt304caEPG_16lb_observability12label_budget5testss_32enforced_budget_refuses_overflow
FN:386,_RNvNtNtCsgHt304caEPG_16lb_observability12label_budget5testss_32oversize_config_refuses_to_start
FN:416,_RNvNtNtCsgHt304caEPG_16lb_observability12label_budget5testss_37enforced_budget_admits_within_ceiling
FN:457,_RNvNtNtCsgHt304caEPG_16lb_observability12label_budget5testss_39max_routes_budget_constant_matches_plan
FN:396,_RNvNtNtCsgHt304caEPG_16lb_observability12label_budget5testss_41canonical_label_table_covers_red_families
FN:371,_RNvNtNtCsgHt304caEPG_16lb_observability12label_budget5testss_43realistic_config_fits_within_default_budget
FN:449,_RNvNtNtCsgHt304caEPG_16lb_observability12label_budget5testss_49enforced_budget_distinguishes_arity_via_separator
FN:462,_RNvNtNtCsgHt304caEPG_16lb_observability12label_budget5testss_53xdp_label_keys_locked_to_action_family_direction_mode
FN:144,_RNvMs0_NtCsgHt304caEPG_16lb_observability12label_budgetNtB5_11LabelBudget10worst_case
FN:128,_RNvMs0_NtCsgHt304caEPG_16lb_observability12label_budgetNtB5_11LabelBudget17from_config_shape
FN:171,_RNvMs0_NtCsgHt304caEPG_16lb_observability12label_budgetNtB5_11LabelBudget5check
FN:291,_RNvMs4_NtCsgHt304caEPG_16lb_observability12label_budgetNtB5_19EnforcedLabelBudget10hash_tuple
FN:283,_RNvMs4_NtCsgHt304caEPG_16lb_observability12label_budgetNtB5_19EnforcedLabelBudget3new
FN:311,_RNvMs4_NtCsgHt304caEPG_16lb_observability12label_budgetNtB5_19EnforcedLabelBudget5admit
FN:331,_RNvMs4_NtCsgHt304caEPG_16lb_observability12label_budgetNtB5_19EnforcedLabelBudget8observed
FN:332,_RNCNvMs4_NtCsgHt304caEPG_16lb_observability12label_budgetNtB7_19EnforcedLabelBudget8observed0B9_
FN:468,_RNCNvNtNtCsgHt304caEPG_16lb_observability12label_budget5testss_53xdp_label_keys_locked_to_action_family_direction_mode0B7_
FN:473,_RNCNvNtNtCsgHt304caEPG_16lb_observability12label_budget5testss_53xdp_label_keys_locked_to_action_family_direction_modes_0B7_
FN:144,_RNvMs0_NtCs5GE8Mj9sQ3x_16lb_observability12label_budgetNtB5_11LabelBudget10worst_case
FN:128,_RNvMs0_NtCs5GE8Mj9sQ3x_16lb_observability12label_budgetNtB5_11LabelBudget17from_config_shape
FN:171,_RNvMs0_NtCs5GE8Mj9sQ3x_16lb_observability12label_budgetNtB5_11LabelBudget5check
FN:291,_RNvMs4_NtCs5GE8Mj9sQ3x_16lb_observability12label_budgetNtB5_19EnforcedLabelBudget10hash_tuple
FN:283,_RNvMs4_NtCs5GE8Mj9sQ3x_16lb_observability12label_budgetNtB5_19EnforcedLabelBudget3new
FN:311,_RNvMs4_NtCs5GE8Mj9sQ3x_16lb_observability12label_budgetNtB5_19EnforcedLabelBudget5admit
FN:343,_RNvMs4_NtCs5GE8Mj9sQ3x_16lb_observability12label_budgetNtB5_19EnforcedLabelBudget6family
FN:337,_RNvMs4_NtCs5GE8Mj9sQ3x_16lb_observability12label_budgetNtB5_19EnforcedLabelBudget7ceiling
FN:331,_RNvMs4_NtCs5GE8Mj9sQ3x_16lb_observability12label_budgetNtB5_19EnforcedLabelBudget8observed
FN:90,_RNvXNtCs5GE8Mj9sQ3x_16lb_observability12label_budgetNtB2_16LabelBudgetErrorNtNtCs1p5UDGgVI4d_4core3fmt7Display3fmt
FN:234,_RNvXs1_NtCs5GE8Mj9sQ3x_16lb_observability12label_budgetNtB5_19EnforcedLabelBudgetNtNtCs1p5UDGgVI4d_4core3fmt5Debug3fmt
FN:262,_RNvXs2_NtCs5GE8Mj9sQ3x_16lb_observability12label_budgetNtB5_14CardinalityErrNtNtCs1p5UDGgVI4d_4core3fmt7Display3fmt
FNDA:0,_RNCNvMs4_NtCs5GE8Mj9sQ3x_16lb_observability12label_budgetNtB7_19EnforcedLabelBudget8observed0B9_
FNDA:0,_RNCNvXs1_NtCs5GE8Mj9sQ3x_16lb_observability12label_budgetNtB7_19EnforcedLabelBudgetNtNtCs1p5UDGgVI4d_4core3fmt5Debug3fmt0B9_
FNDA:0,_RNCNvXs1_NtCsgHt304caEPG_16lb_observability12label_budgetNtB7_19EnforcedLabelBudgetNtNtCs1p5UDGgVI4d_4core3fmt5Debug3fmt0B9_
FNDA:0,_RNvMs4_NtCsgHt304caEPG_16lb_observability12label_budgetNtB5_19EnforcedLabelBudget6family
FNDA:0,_RNvMs4_NtCsgHt304caEPG_16lb_observability12label_budgetNtB5_19EnforcedLabelBudget7ceiling
FNDA:0,_RNvXNtCsgHt304caEPG_16lb_observability12label_budgetNtB2_16LabelBudgetErrorNtNtCs1p5UDGgVI4d_4core3fmt7Display3fmt
FNDA:0,_RNvXs1_NtCsgHt304caEPG_16lb_observability12label_budgetNtB5_19EnforcedLabelBudgetNtNtCs1p5UDGgVI4d_4core3fmt5Debug3fmt
FNDA:0,_RNvXs2_NtCsgHt304caEPG_16lb_observability12label_budgetNtB5_14CardinalityErrNtNtCs1p5UDGgVI4d_4core3fmt7Display3fmt
FNDA:1,_RNvNtNtCsgHt304caEPG_16lb_observability12label_budget5testss_32enforced_budget_refuses_overflow
FNDA:1,_RNvNtNtCsgHt304caEPG_16lb_observability12label_budget5testss_32oversize_config_refuses_to_start
FNDA:1,_RNvNtNtCsgHt304caEPG_16lb_observability12label_budget5testss_37enforced_budget_admits_within_ceiling
FNDA:1,_RNvNtNtCsgHt304caEPG_16lb_observability12label_budget5testss_39max_routes_budget_constant_matches_plan
FNDA:1,_RNvNtNtCsgHt304caEPG_16lb_observability12label_budget5testss_41canonical_label_table_covers_red_families
FNDA:1,_RNvNtNtCsgHt304caEPG_16lb_observability12label_budget5testss_43realistic_config_fits_within_default_budget
FNDA:1,_RNvNtNtCsgHt304caEPG_16lb_observability12label_budget5testss_49enforced_budget_distinguishes_arity_via_separator
FNDA:1,_RNvNtNtCsgHt304caEPG_16lb_observability12label_budget5testss_53xdp_label_keys_locked_to_action_family_direction_mode
FNDA:3,_RNvMs0_NtCsgHt304caEPG_16lb_observability12label_budgetNtB5_11LabelBudget10worst_case
FNDA:2,_RNvMs0_NtCsgHt304caEPG_16lb_observability12label_budgetNtB5_11LabelBudget17from_config_shape
FNDA:2,_RNvMs0_NtCsgHt304caEPG_16lb_observability12label_budgetNtB5_11LabelBudget5check
FNDA:10,_RNvMs4_NtCsgHt304caEPG_16lb_observability12label_budgetNtB5_19EnforcedLabelBudget10hash_tuple
FNDA:3,_RNvMs4_NtCsgHt304caEPG_16lb_observability12label_budgetNtB5_19EnforcedLabelBudget3new
FNDA:10,_RNvMs4_NtCsgHt304caEPG_16lb_observability12label_budgetNtB5_19EnforcedLabelBudget5admit
FNDA:3,_RNvMs4_NtCsgHt304caEPG_16lb_observability12label_budgetNtB5_19EnforcedLabelBudget8observed
FNDA:3,_RNCNvMs4_NtCsgHt304caEPG_16lb_observability12label_budgetNtB7_19EnforcedLabelBudget8observed0B9_
FNDA:10,_RNCNvNtNtCsgHt304caEPG_16lb_observability12label_budget5testss_53xdp_label_keys_locked_to_action_family_direction_mode0B7_
FNDA:7,_RNCNvNtNtCsgHt304caEPG_16lb_observability12label_budget5testss_53xdp_label_keys_locked_to_action_family_direction_modes_0B7_
FNDA:4,_RNvMs0_NtCs5GE8Mj9sQ3x_16lb_observability12label_budgetNtB5_11LabelBudget10worst_case
FNDA:3,_RNvMs0_NtCs5GE8Mj9sQ3x_16lb_observability12label_budgetNtB5_11LabelBudget17from_config_shape
FNDA:3,_RNvMs0_NtCs5GE8Mj9sQ3x_16lb_observability12label_budgetNtB5_11LabelBudget5check
FNDA:0,_RNvMs4_NtCs5GE8Mj9sQ3x_16lb_observability12label_budgetNtB5_19EnforcedLabelBudget10hash_tuple
FNDA:0,_RNvMs4_NtCs5GE8Mj9sQ3x_16lb_observability12label_budgetNtB5_19EnforcedLabelBudget3new
FNDA:0,_RNvMs4_NtCs5GE8Mj9sQ3x_16lb_observability12label_budgetNtB5_19EnforcedLabelBudget5admit
FNDA:0,_RNvMs4_NtCs5GE8Mj9sQ3x_16lb_observability12label_budgetNtB5_19EnforcedLabelBudget6family
FNDA:0,_RNvMs4_NtCs5GE8Mj9sQ3x_16lb_observability12label_budgetNtB5_19EnforcedLabelBudget7ceiling
FNDA:0,_RNvMs4_NtCs5GE8Mj9sQ3x_16lb_observability12label_budgetNtB5_19EnforcedLabelBudget8observed
FNDA:2,_RNvXNtCs5GE8Mj9sQ3x_16lb_observability12label_budgetNtB2_16LabelBudgetErrorNtNtCs1p5UDGgVI4d_4core3fmt7Display3fmt
FNDA:0,_RNvXs1_NtCs5GE8Mj9sQ3x_16lb_observability12label_budgetNtB5_19EnforcedLabelBudgetNtNtCs1p5UDGgVI4d_4core3fmt5Debug3fmt
FNDA:0,_RNvXs2_NtCs5GE8Mj9sQ3x_16lb_observability12label_budgetNtB5_14CardinalityErrNtNtCs1p5UDGgVI4d_4core3fmt7Display3fmt
FNF:24
FNH:19
DA:90,2
DA:91,2
DA:92,2
DA:93,2
DA:94,2
DA:99,2
DA:128,5
DA:129,5
DA:130,5
DA:131,5
DA:132,5
DA:133,5
DA:134,5
DA:135,5
DA:136,5
DA:137,5
DA:138,5
DA:139,5
DA:140,5
DA:144,7
DA:148,7
DA:149,7
DA:150,7
DA:151,7
DA:152,7
DA:153,7
DA:154,7
DA:155,7
DA:156,7
DA:157,7
DA:158,7
DA:159,7
DA:160,7
DA:161,7
DA:162,7
DA:163,7
DA:171,5
DA:172,5
DA:173,5
DA:175,5
DA:176,5
DA:177,5
DA:178,5
DA:179,5
DA:180,5
DA:181,5
DA:182,5
DA:183,5
DA:184,5
DA:185,5
DA:186,5
DA:187,5
DA:188,5
DA:189,25
DA:190,22
DA:191,2
DA:192,2
DA:193,2
DA:194,2
DA:195,2
DA:196,20
DA:198,3
DA:199,5
DA:234,0
DA:235,0
DA:236,0
DA:237,0
DA:238,0
DA:239,0
DA:240,0
DA:242,0
DA:243,0
DA:262,0
DA:263,0
DA:265,0
DA:266,0
DA:267,0
DA:268,0
DA:269,0
DA:270,0
DA:271,0
DA:272,0
DA:275,0
DA:283,3
DA:284,3
DA:285,3
DA:286,3
DA:287,3
DA:288,3
DA:289,3
DA:291,10
DA:293,10
DA:294,19
DA:295,19
DA:296,9
DA:297,10
DA:298,19
DA:300,10
DA:301,10
DA:311,10
DA:312,10
DA:313,10
DA:314,10
DA:315,2
DA:316,8
DA:317,8
DA:318,1
DA:319,1
DA:320,1
DA:321,1
DA:322,1
DA:323,7
DA:324,7
DA:325,7
DA:326,10
DA:331,3
DA:332,3
DA:333,3
DA:337,0
DA:338,0
DA:339,0
DA:343,0
DA:344,0
DA:345,0
DA:371,1
DA:372,1
DA:378,1
DA:379,1
DA:380,1
DA:381,1
DA:382,1
DA:383,1
DA:386,1
DA:389,1
DA:390,1
DA:391,1
DA:392,1
DA:393,1
DA:396,1
DA:400,1
DA:401,5
DA:403,1
DA:404,1
DA:405,1
DA:406,1
DA:408,5
DA:409,5
DA:410,0
DA:413,1
DA:416,1
DA:417,1
DA:418,1
DA:419,1
DA:420,1
DA:421,1
DA:422,1
DA:423,1
DA:426,1
DA:427,1
DA:428,1
DA:429,1
DA:430,1
DA:431,1
DA:432,1
DA:433,1
DA:435,1
DA:436,1
DA:437,1
DA:439,1
DA:440,1
DA:441,1
DA:444,1
DA:445,1
DA:446,1
DA:449,1
DA:450,1
DA:451,1
DA:452,1
DA:453,1
DA:454,1
DA:457,1
DA:458,1
DA:459,1
DA:462,1
DA:466,1
DA:467,1
DA:468,10
DA:469,1
DA:470,1
DA:471,1
DA:472,1
DA:473,7
DA:474,1
DA:475,1
DA:476,1
BRF:0
BRH:0
LF:199
LH:171
end_of_record
SF:/home/ubuntu/Code/ExpressGateway/.claude/worktrees/s36-verify/crates/lb-observability/src/lib.rs
FN:493,_RNCNvMs0_Cs5GE8Mj9sQ3x_16lb_observabilityNtB7_15MetricsRegistry17check_cardinality0B7_
FN:509,_RNvCs5GE8Mj9sQ3x_16lb_observability20http_latency_buckets
FN:193,_RNvMs0_Cs5GE8Mj9sQ3x_16lb_observabilityNtB5_15MetricsRegistry11counter_vec
FN:267,_RNvMs0_Cs5GE8Mj9sQ3x_16lb_observabilityNtB5_15MetricsRegistry13histogram_vec
FN:488,_RNvMs0_Cs5GE8Mj9sQ3x_16lb_observabilityNtB5_15MetricsRegistry17check_cardinality
FN:403,_RNvMs0_Cs5GE8Mj9sQ3x_16lb_observabilityNtB5_15MetricsRegistry19accept_inflight_dec
FN:392,_RNvMs0_Cs5GE8Mj9sQ3x_16lb_observabilityNtB5_15MetricsRegistry19accept_inflight_inc
FN:427,_RNvMs0_Cs5GE8Mj9sQ3x_16lb_observabilityNtB5_15MetricsRegistry19panic_total_counter
FN:380,_RNvMs0_Cs5GE8Mj9sQ3x_16lb_observabilityNtB5_15MetricsRegistry21accept_inflight_gauge
FN:467,_RNvMs0_Cs5GE8Mj9sQ3x_16lb_observabilityNtB5_15MetricsRegistry3get
FN:478,_RNvMs0_Cs5GE8Mj9sQ3x_16lb_observabilityNtB5_15MetricsRegistry3len
FN:135,_RNvMs0_Cs5GE8Mj9sQ3x_16lb_observabilityNtB5_15MetricsRegistry3new
FN:345,_RNvMs0_Cs5GE8Mj9sQ3x_16lb_observabilityNtB5_15MetricsRegistry5gauge
FN:445,_RNvMs0_Cs5GE8Mj9sQ3x_16lb_observabilityNtB5_15MetricsRegistry5inner
FN:437,_RNvMs0_Cs5GE8Mj9sQ3x_16lb_observabilityNtB5_15MetricsRegistry6gather
FN:154,_RNvMs0_Cs5GE8Mj9sQ3x_16lb_observabilityNtB5_15MetricsRegistry7counter
FN:484,_RNvMs0_Cs5GE8Mj9sQ3x_16lb_observabilityNtB5_15MetricsRegistry8is_empty
FN:309,_RNvMs0_Cs5GE8Mj9sQ3x_16lb_observabilityNtB5_15MetricsRegistry9gauge_vec
FN:229,_RNvMs0_Cs5GE8Mj9sQ3x_16lb_observabilityNtB5_15MetricsRegistry9histogram
FN:453,_RNvMs0_Cs5GE8Mj9sQ3x_16lb_observabilityNtB5_15MetricsRegistry9increment
FN:114,_RNvXCs5GE8Mj9sQ3x_16lb_observabilityNtB2_15MetricsRegistryNtNtCs1p5UDGgVI4d_4core7default7Default7default
FN:120,_RNvXs_Cs5GE8Mj9sQ3x_16lb_observabilityNtB4_6HandleNtNtCs1p5UDGgVI4d_4core3fmt5Debug3fmt
FN:522,_RNvCs5GE8Mj9sQ3x_16lb_observability24__force_collector_linkage
FN:509,_RNvCsgHt304caEPG_16lb_observability20http_latency_buckets
FN:522,_RNvCsgHt304caEPG_16lb_observability24__force_collector_linkage
FN:267,_RNvMs0_CsgHt304caEPG_16lb_observabilityNtB5_15MetricsRegistry13histogram_vec
FN:403,_RNvMs0_CsgHt304caEPG_16lb_observabilityNtB5_15MetricsRegistry19accept_inflight_dec
FN:392,_RNvMs0_CsgHt304caEPG_16lb_observabilityNtB5_15MetricsRegistry19accept_inflight_inc
FN:427,_RNvMs0_CsgHt304caEPG_16lb_observabilityNtB5_15MetricsRegistry19panic_total_counter
FN:380,_RNvMs0_CsgHt304caEPG_16lb_observabilityNtB5_15MetricsRegistry21accept_inflight_gauge
FN:445,_RNvMs0_CsgHt304caEPG_16lb_observabilityNtB5_15MetricsRegistry5inner
FN:114,_RNvXCsgHt304caEPG_16lb_observabilityNtB2_15MetricsRegistryNtNtCs1p5UDGgVI4d_4core7default7Default7default
FN:120,_RNvXs_CsgHt304caEPG_16lb_observabilityNtB4_6HandleNtNtCs1p5UDGgVI4d_4core3fmt5Debug3fmt
FN:608,_RNvNtCsgHt304caEPG_16lb_observability5testss_21thread_safe_increment
FN:600,_RNvNtCsgHt304caEPG_16lb_observability5testss_25type_mismatch_is_reported
FN:540,_RNvNtCsgHt304caEPG_16lb_observability5testss_28missing_counter_returns_none
FN:529,_RNvNtCsgHt304caEPG_16lb_observability5testss_29increment_and_read_backcompat
FN:546,_RNvNtCsgHt304caEPG_16lb_observability5testss_35counter_get_or_create_is_idempotent
FN:569,_RNvNtCsgHt304caEPG_16lb_observability5testss_39histogram_observe_appears_in_exposition
FN:556,_RNvNtCsgHt304caEPG_16lb_observability5testss_42counter_vec_labels_increment_independently
FN:585,_RNvNtCsgHt304caEPG_16lb_observability5testss_42gather_snapshot_matches_registered_metrics
FN:616,_RNCNvNtCsgHt304caEPG_16lb_observability5testss_21thread_safe_increment0B5_
FN:593,_RNCNvNtCsgHt304caEPG_16lb_observability5testss_42gather_snapshot_matches_registered_metrics0B5_
FN:193,_RNvMs0_CsgHt304caEPG_16lb_observabilityNtB5_15MetricsRegistry11counter_vec
FN:488,_RNvMs0_CsgHt304caEPG_16lb_observabilityNtB5_15MetricsRegistry17check_cardinality
FN:467,_RNvMs0_CsgHt304caEPG_16lb_observabilityNtB5_15MetricsRegistry3get
FN:478,_RNvMs0_CsgHt304caEPG_16lb_observabilityNtB5_15MetricsRegistry3len
FN:135,_RNvMs0_CsgHt304caEPG_16lb_observabilityNtB5_15MetricsRegistry3new
FN:345,_RNvMs0_CsgHt304caEPG_16lb_observabilityNtB5_15MetricsRegistry5gauge
FN:437,_RNvMs0_CsgHt304caEPG_16lb_observabilityNtB5_15MetricsRegistry6gather
FN:154,_RNvMs0_CsgHt304caEPG_16lb_observabilityNtB5_15MetricsRegistry7counter
FN:484,_RNvMs0_CsgHt304caEPG_16lb_observabilityNtB5_15MetricsRegistry8is_empty
FN:309,_RNvMs0_CsgHt304caEPG_16lb_observabilityNtB5_15MetricsRegistry9gauge_vec
FN:229,_RNvMs0_CsgHt304caEPG_16lb_observabilityNtB5_15MetricsRegistry9histogram
FN:453,_RNvMs0_CsgHt304caEPG_16lb_observabilityNtB5_15MetricsRegistry9increment
FN:493,_RNCNvMs0_CsgHt304caEPG_16lb_observabilityNtB7_15MetricsRegistry17check_cardinality0B7_
FNDA:453,_RNCNvMs0_Cs5GE8Mj9sQ3x_16lb_observabilityNtB7_15MetricsRegistry17check_cardinality0B7_
FNDA:0,_RNvCs5GE8Mj9sQ3x_16lb_observability20http_latency_buckets
FNDA:10,_RNvMs0_Cs5GE8Mj9sQ3x_16lb_observabilityNtB5_15MetricsRegistry11counter_vec
FNDA:0,_RNvMs0_Cs5GE8Mj9sQ3x_16lb_observabilityNtB5_15MetricsRegistry13histogram_vec
FNDA:156,_RNvMs0_Cs5GE8Mj9sQ3x_16lb_observabilityNtB5_15MetricsRegistry17check_cardinality
FNDA:0,_RNvMs0_Cs5GE8Mj9sQ3x_16lb_observabilityNtB5_15MetricsRegistry19accept_inflight_dec
FNDA:0,_RNvMs0_Cs5GE8Mj9sQ3x_16lb_observabilityNtB5_15MetricsRegistry19accept_inflight_inc
FNDA:3,_RNvMs0_Cs5GE8Mj9sQ3x_16lb_observabilityNtB5_15MetricsRegistry19panic_total_counter
FNDA:0,_RNvMs0_Cs5GE8Mj9sQ3x_16lb_observabilityNtB5_15MetricsRegistry21accept_inflight_gauge
FNDA:0,_RNvMs0_Cs5GE8Mj9sQ3x_16lb_observabilityNtB5_15MetricsRegistry3get
FNDA:0,_RNvMs0_Cs5GE8Mj9sQ3x_16lb_observabilityNtB5_15MetricsRegistry3len
FNDA:35,_RNvMs0_Cs5GE8Mj9sQ3x_16lb_observabilityNtB5_15MetricsRegistry3new
FNDA:25,_RNvMs0_Cs5GE8Mj9sQ3x_16lb_observabilityNtB5_15MetricsRegistry5gauge
FNDA:0,_RNvMs0_Cs5GE8Mj9sQ3x_16lb_observabilityNtB5_15MetricsRegistry5inner
FNDA:8,_RNvMs0_Cs5GE8Mj9sQ3x_16lb_observabilityNtB5_15MetricsRegistry6gather
FNDA:117,_RNvMs0_Cs5GE8Mj9sQ3x_16lb_observabilityNtB5_15MetricsRegistry7counter
FNDA:0,_RNvMs0_Cs5GE8Mj9sQ3x_16lb_observabilityNtB5_15MetricsRegistry8is_empty
FNDA:5,_RNvMs0_Cs5GE8Mj9sQ3x_16lb_observabilityNtB5_15MetricsRegistry9gauge_vec
FNDA:0,_RNvMs0_Cs5GE8Mj9sQ3x_16lb_observabilityNtB5_15MetricsRegistry9histogram
FNDA:0,_RNvMs0_Cs5GE8Mj9sQ3x_16lb_observabilityNtB5_15MetricsRegistry9increment
FNDA:0,_RNvXCs5GE8Mj9sQ3x_16lb_observabilityNtB2_15MetricsRegistryNtNtCs1p5UDGgVI4d_4core7default7Default7default
FNDA:0,_RNvXs_Cs5GE8Mj9sQ3x_16lb_observabilityNtB4_6HandleNtNtCs1p5UDGgVI4d_4core3fmt5Debug3fmt
FNDA:0,_RNvCs5GE8Mj9sQ3x_16lb_observability24__force_collector_linkage
FNDA:0,_RNvCsgHt304caEPG_16lb_observability20http_latency_buckets
FNDA:0,_RNvCsgHt304caEPG_16lb_observability24__force_collector_linkage
FNDA:0,_RNvMs0_CsgHt304caEPG_16lb_observabilityNtB5_15MetricsRegistry13histogram_vec
FNDA:0,_RNvMs0_CsgHt304caEPG_16lb_observabilityNtB5_15MetricsRegistry19accept_inflight_dec
FNDA:0,_RNvMs0_CsgHt304caEPG_16lb_observabilityNtB5_15MetricsRegistry19accept_inflight_inc
FNDA:0,_RNvMs0_CsgHt304caEPG_16lb_observabilityNtB5_15MetricsRegistry19panic_total_counter
FNDA:0,_RNvMs0_CsgHt304caEPG_16lb_observabilityNtB5_15MetricsRegistry21accept_inflight_gauge
FNDA:0,_RNvMs0_CsgHt304caEPG_16lb_observabilityNtB5_15MetricsRegistry5inner
FNDA:0,_RNvXCsgHt304caEPG_16lb_observabilityNtB2_15MetricsRegistryNtNtCs1p5UDGgVI4d_4core7default7Default7default
FNDA:0,_RNvXs_CsgHt304caEPG_16lb_observabilityNtB4_6HandleNtNtCs1p5UDGgVI4d_4core3fmt5Debug3fmt
FNDA:1,_RNvNtCsgHt304caEPG_16lb_observability5testss_21thread_safe_increment
FNDA:1,_RNvNtCsgHt304caEPG_16lb_observability5testss_25type_mismatch_is_reported
FNDA:1,_RNvNtCsgHt304caEPG_16lb_observability5testss_28missing_counter_returns_none
FNDA:1,_RNvNtCsgHt304caEPG_16lb_observability5testss_29increment_and_read_backcompat
FNDA:1,_RNvNtCsgHt304caEPG_16lb_observability5testss_35counter_get_or_create_is_idempotent
FNDA:1,_RNvNtCsgHt304caEPG_16lb_observability5testss_39histogram_observe_appears_in_exposition
FNDA:1,_RNvNtCsgHt304caEPG_16lb_observability5testss_42counter_vec_labels_increment_independently
FNDA:1,_RNvNtCsgHt304caEPG_16lb_observability5testss_42gather_snapshot_matches_registered_metrics
FNDA:4,_RNCNvNtCsgHt304caEPG_16lb_observability5testss_21thread_safe_increment0B5_
FNDA:3,_RNCNvNtCsgHt304caEPG_16lb_observability5testss_42gather_snapshot_matches_registered_metrics0B5_
FNDA:9,_RNvMs0_CsgHt304caEPG_16lb_observabilityNtB5_15MetricsRegistry11counter_vec
FNDA:53,_RNvMs0_CsgHt304caEPG_16lb_observabilityNtB5_15MetricsRegistry17check_cardinality
FNDA:3,_RNvMs0_CsgHt304caEPG_16lb_observabilityNtB5_15MetricsRegistry3get
FNDA:1,_RNvMs0_CsgHt304caEPG_16lb_observabilityNtB5_15MetricsRegistry3len
FNDA:24,_RNvMs0_CsgHt304caEPG_16lb_observabilityNtB5_15MetricsRegistry3new
FNDA:12,_RNvMs0_CsgHt304caEPG_16lb_observabilityNtB5_15MetricsRegistry5gauge
FNDA:6,_RNvMs0_CsgHt304caEPG_16lb_observabilityNtB5_15MetricsRegistry6gather
FNDA:4039,_RNvMs0_CsgHt304caEPG_16lb_observabilityNtB5_15MetricsRegistry7counter
FNDA:1,_RNvMs0_CsgHt304caEPG_16lb_observabilityNtB5_15MetricsRegistry8is_empty
FNDA:4,_RNvMs0_CsgHt304caEPG_16lb_observabilityNtB5_15MetricsRegistry9gauge_vec
FNDA:3,_RNvMs0_CsgHt304caEPG_16lb_observabilityNtB5_15MetricsRegistry9histogram
FNDA:4002,_RNvMs0_CsgHt304caEPG_16lb_observabilityNtB5_15MetricsRegistry9increment
FNDA:92,_RNCNvMs0_CsgHt304caEPG_16lb_observabilityNtB7_15MetricsRegistry17check_cardinality0B7_
FNF:33
FNH:24
DA:114,0
DA:115,0
DA:116,0
DA:120,0
DA:121,0
DA:122,0
DA:123,0
DA:124,0
DA:125,0
DA:126,0
DA:127,0
DA:129,0
DA:135,59
DA:136,59
DA:137,59
DA:138,59
DA:139,59
DA:140,59
DA:154,4156
DA:156,4156
DA:157,4011
DA:158,4011
DA:159,0
DA:160,0
DA:161,0
DA:162,0
DA:163,145
DA:169,145
DA:170,0
DA:171,0
DA:172,0
DA:173,0
DA:174,0
DA:176,145
DA:177,145
DA:178,145
DA:179,145
DA:180,145
DA:181,145
DA:184,4156
DA:193,19
DA:194,19
DA:195,19
DA:196,19
DA:197,19
DA:198,19
DA:199,19
DA:200,0
DA:201,0
DA:202,0
DA:203,0
DA:204,0
DA:205,0
DA:206,19
DA:207,19
DA:208,0
DA:209,0
DA:210,0
DA:211,0
DA:212,0
DA:214,19
DA:215,19
DA:216,19
DA:217,19
DA:218,19
DA:219,19
DA:222,19
DA:229,3
DA:230,3
DA:231,3
DA:232,3
DA:233,3
DA:234,3
DA:235,3
DA:236,0
DA:237,0
DA:238,0
DA:239,0
DA:240,0
DA:241,0
DA:242,3
DA:243,3
DA:244,0
DA:245,0
DA:246,0
DA:247,0
DA:248,0
DA:250,3
DA:251,3
DA:252,3
DA:253,0
DA:254,3
DA:255,3
DA:256,3
DA:257,3
DA:260,3
DA:267,0
DA:268,0
DA:269,0
DA:270,0
DA:271,0
DA:272,0
DA:273,0
DA:274,0
DA:275,0
DA:276,0
DA:277,0
DA:278,0
DA:279,0
DA:280,0
DA:281,0
DA:282,0
DA:283,0
DA:284,0
DA:285,0
DA:286,0
DA:287,0
DA:289,0
DA:290,0
DA:291,0
DA:292,0
DA:293,0
DA:294,0
DA:295,0
DA:296,0
DA:297,0
DA:300,0
DA:309,9
DA:310,9
DA:311,9
DA:312,9
DA:313,9
DA:314,9
DA:315,9
DA:316,0
DA:317,0
DA:318,0
DA:319,0
DA:320,0
DA:321,0
DA:322,9
DA:323,9
DA:324,0
DA:325,0
DA:326,0
DA:327,0
DA:328,0
DA:330,9
DA:331,9
DA:332,9
DA:333,9
DA:334,9
DA:335,9
DA:338,9
DA:345,37
DA:346,37
DA:347,4
DA:348,3
DA:349,1
DA:350,1
DA:351,1
DA:352,1
DA:353,33
DA:354,33
DA:355,0
DA:356,0
DA:357,0
DA:358,0
DA:359,0
DA:361,33
DA:362,33
DA:363,33
DA:364,33
DA:365,33
DA:366,33
DA:369,37
DA:380,0
DA:381,0
DA:382,0
DA:383,0
DA:384,0
DA:386,0
DA:392,0
DA:393,0
DA:394,0
DA:395,0
DA:396,0
DA:399,0
DA:403,0
DA:404,0
DA:405,0
DA:406,0
DA:407,0
DA:410,0
DA:427,3
DA:428,3
DA:429,3
DA:430,3
DA:432,3
DA:437,14
DA:438,14
DA:439,14
DA:445,0
DA:446,0
DA:447,0
DA:453,4002
DA:454,4002
DA:455,4002
DA:456,0
DA:457,0
DA:460,4002
DA:467,3
DA:468,3
DA:469,2
DA:470,2
DA:471,0
DA:472,0
DA:473,3
DA:478,1
DA:479,1
DA:480,1
DA:484,1
DA:485,1
DA:486,1
DA:488,209
DA:489,209
DA:490,209
DA:491,209
DA:492,209
DA:493,545
DA:494,209
DA:495,209
DA:496,0
DA:499,0
DA:501,209
DA:502,209
DA:509,0
DA:510,0
DA:513,0
DA:522,0
DA:529,1
DA:530,1
DA:531,1
DA:533,1
DA:534,1
DA:535,1
DA:536,1
DA:537,1
DA:540,1
DA:541,1
DA:542,1
DA:543,1
DA:546,1
DA:547,1
DA:548,1
DA:549,1
DA:550,1
DA:551,1
DA:552,1
DA:553,1
DA:556,1
DA:557,1
DA:558,1
DA:559,1
DA:560,1
DA:561,1
DA:562,1
DA:563,1
DA:564,1
DA:565,1
DA:566,1
DA:569,1
DA:570,1
DA:571,1
DA:572,1
DA:573,1
DA:574,1
DA:575,1
DA:576,1
DA:577,1
DA:578,1
DA:579,1
DA:580,0
DA:582,1
DA:585,1
DA:586,1
DA:587,1
DA:588,1
DA:589,1
DA:590,1
DA:591,1
DA:592,1
DA:593,3
DA:594,1
DA:595,1
DA:596,1
DA:597,1
DA:600,1
DA:601,1
DA:602,1
DA:603,1
DA:604,1
DA:605,1
DA:608,1
DA:611,1
DA:612,1
DA:614,5
DA:615,4
DA:616,4
DA:617,4004
DA:618,4000
DA:619,4000
DA:620,4
DA:623,5
DA:624,4
DA:625,4
DA:627,1
DA:628,1
BRF:0
BRH:0
LF:321
LH:198
end_of_record
SF:/home/ubuntu/Code/ExpressGateway/.claude/worktrees/s36-verify/crates/lb-observability/src/log.rs
FN:106,_RNCNvNtCs5GE8Mj9sQ3x_16lb_observability3log12init_tracing0B5_
FN:110,_RNCNvNtCs5GE8Mj9sQ3x_16lb_observability3log12init_tracings_0B5_
FN:45,_RNvMNtCs5GE8Mj9sQ3x_16lb_observability3logNtB2_9LogFormat5parse
FN:103,_RNvNtCs5GE8Mj9sQ3x_16lb_observability3log12init_tracing
FN:143,_RNvNtCs5GE8Mj9sQ3x_16lb_observability3log14current_format
FN:64,_RNvXs_NtCs5GE8Mj9sQ3x_16lb_observability3logNtB4_13TracingConfigNtNtCs1p5UDGgVI4d_4core7default7Default7default
FN:106,_RNCNvNtCsgHt304caEPG_16lb_observability3log12init_tracing0B5_
FN:110,_RNCNvNtCsgHt304caEPG_16lb_observability3log12init_tracings_0B5_
FN:103,_RNvNtCsgHt304caEPG_16lb_observability3log12init_tracing
FN:143,_RNvNtCsgHt304caEPG_16lb_observability3log14current_format
FN:45,_RNvMNtCsgHt304caEPG_16lb_observability3logNtB2_9LogFormat5parse
FN:64,_RNvXs_NtCsgHt304caEPG_16lb_observability3logNtB4_13TracingConfigNtNtCs1p5UDGgVI4d_4core7default7Default7default
FN:161,_RNvNtNtCsgHt304caEPG_16lb_observability3log5testss_27default_config_is_json_info
FN:152,_RNvNtNtCsgHt304caEPG_16lb_observability3log5testss_38format_parser_accepts_canonical_tokens
FNDA:0,_RNCNvNtCs5GE8Mj9sQ3x_16lb_observability3log12init_tracing0B5_
FNDA:0,_RNCNvNtCs5GE8Mj9sQ3x_16lb_observability3log12init_tracings_0B5_
FNDA:3,_RNvMNtCs5GE8Mj9sQ3x_16lb_observability3logNtB2_9LogFormat5parse
FNDA:0,_RNvNtCs5GE8Mj9sQ3x_16lb_observability3log12init_tracing
FNDA:0,_RNvNtCs5GE8Mj9sQ3x_16lb_observability3log14current_format
FNDA:0,_RNvXs_NtCs5GE8Mj9sQ3x_16lb_observability3logNtB4_13TracingConfigNtNtCs1p5UDGgVI4d_4core7default7Default7default
FNDA:0,_RNCNvNtCsgHt304caEPG_16lb_observability3log12init_tracing0B5_
FNDA:0,_RNCNvNtCsgHt304caEPG_16lb_observability3log12init_tracings_0B5_
FNDA:0,_RNvNtCsgHt304caEPG_16lb_observability3log12init_tracing
FNDA:0,_RNvNtCsgHt304caEPG_16lb_observability3log14current_format
FNDA:5,_RNvMNtCsgHt304caEPG_16lb_observability3logNtB2_9LogFormat5parse
FNDA:1,_RNvXs_NtCsgHt304caEPG_16lb_observability3logNtB4_13TracingConfigNtNtCs1p5UDGgVI4d_4core7default7Default7default
FNDA:1,_RNvNtNtCsgHt304caEPG_16lb_observability3log5testss_27default_config_is_json_info
FNDA:1,_RNvNtNtCsgHt304caEPG_16lb_observability3log5testss_38format_parser_accepts_canonical_tokens
FNF:8
FNH:4
DA:45,8
DA:46,8
DA:47,8
DA:48,5
DA:49,2
DA:51,8
DA:64,1
DA:65,1
DA:66,1
DA:67,1
DA:68,1
DA:69,1
DA:103,0
DA:104,0
DA:105,0
DA:106,0
DA:107,0
DA:109,0
DA:110,0
DA:114,0
DA:115,0
DA:116,0
DA:117,0
DA:118,0
DA:119,0
DA:120,0
DA:121,0
DA:122,0
DA:123,0
DA:124,0
DA:125,0
DA:126,0
DA:127,0
DA:130,0
DA:133,0
DA:134,0
DA:136,0
DA:138,0
DA:143,0
DA:144,0
DA:145,0
DA:152,1
DA:153,1
DA:154,1
DA:155,1
DA:156,1
DA:157,1
DA:158,1
DA:161,1
DA:162,1
DA:163,1
DA:164,1
DA:165,1
BRF:0
BRH:0
LF:55
LH:24
end_of_record
SF:/home/ubuntu/Code/ExpressGateway/.claude/worktrees/s36-verify/crates/lb-observability/src/passthrough_metrics.rs
FN:108,_RNvNtNtCsgHt304caEPG_16lb_observability19passthrough_metrics5testss_22register_is_idempotent
FN:96,_RNvNtNtCsgHt304caEPG_16lb_observability19passthrough_metrics5testss_35register_seeds_all_families_at_zero
FN:55,_RNvMNtCsgHt304caEPG_16lb_observability19passthrough_metricsNtB2_18PassthroughMetrics8register
FN:55,_RNvMNtCs5GE8Mj9sQ3x_16lb_observability19passthrough_metricsNtB2_18PassthroughMetrics8register
FNDA:1,_RNvNtNtCsgHt304caEPG_16lb_observability19passthrough_metrics5testss_22register_is_idempotent
FNDA:1,_RNvNtNtCsgHt304caEPG_16lb_observability19passthrough_metrics5testss_35register_seeds_all_families_at_zero
FNDA:3,_RNvMNtCsgHt304caEPG_16lb_observability19passthrough_metricsNtB2_18PassthroughMetrics8register
FNDA:19,_RNvMNtCs5GE8Mj9sQ3x_16lb_observability19passthrough_metricsNtB2_18PassthroughMetrics8register
FNF:3
FNH:3
DA:55,22
DA:56,22
DA:57,22
DA:58,22
DA:59,0
DA:60,22
DA:61,22
DA:62,22
DA:63,0
DA:64,22
DA:65,22
DA:66,22
DA:67,0
DA:68,22
DA:69,22
DA:70,22
DA:71,0
DA:72,22
DA:73,22
DA:74,22
DA:75,0
DA:76,22
DA:77,22
DA:78,22
DA:79,0
DA:80,22
DA:81,22
DA:82,22
DA:83,22
DA:84,22
DA:85,22
DA:86,22
DA:87,22
DA:88,22
DA:96,1
DA:97,1
DA:98,1
DA:99,1
DA:100,1
DA:101,1
DA:102,1
DA:103,1
DA:104,1
DA:105,1
DA:108,1
DA:109,1
DA:110,1
DA:111,1
DA:114,1
DA:115,1
DA:116,1
BRF:0
BRH:0
LF:51
LH:45
end_of_record
SF:/home/ubuntu/Code/ExpressGateway/.claude/worktrees/s36-verify/crates/lb-observability/src/probes.rs
FN:54,_RNvMNtCs5GE8Mj9sQ3x_16lb_observability6probesNtB2_10ProbeState10body_token
FN:40,_RNvMNtCs5GE8Mj9sQ3x_16lb_observability6probesNtB2_10ProbeState7as_byte
FN:44,_RNvMNtCs5GE8Mj9sQ3x_16lb_observability6probesNtB2_10ProbeState9from_byte
FN:143,_RNvMs0_NtCs5GE8Mj9sQ3x_16lb_observability6probesNtB5_13ProbeRegistry10is_started
FN:118,_RNvMs0_NtCs5GE8Mj9sQ3x_16lb_observability6probesNtB5_13ProbeRegistry12set_draining
FN:83,_RNvMs0_NtCs5GE8Mj9sQ3x_16lb_observability6probesNtB5_13ProbeRegistry3new
FN:98,_RNvMs0_NtCs5GE8Mj9sQ3x_16lb_observability6probesNtB5_13ProbeRegistry5state
FN:92,_RNvMs0_NtCs5GE8Mj9sQ3x_16lb_observability6probesNtB5_13ProbeRegistry6shared
FN:132,_RNvMs0_NtCs5GE8Mj9sQ3x_16lb_observability6probesNtB5_13ProbeRegistry7is_live
FN:125,_RNvMs0_NtCs5GE8Mj9sQ3x_16lb_observability6probesNtB5_13ProbeRegistry8is_ready
FN:105,_RNvMs0_NtCs5GE8Mj9sQ3x_16lb_observability6probesNtB5_13ProbeRegistry9set_ready
FN:75,_RNvXs_NtCs5GE8Mj9sQ3x_16lb_observability6probesNtB4_13ProbeRegistryNtNtCs1p5UDGgVI4d_4core7default7Default7default
FN:75,_RNvXs_NtCsgHt304caEPG_16lb_observability6probesNtB4_13ProbeRegistryNtNtCs1p5UDGgVI4d_4core7default7Default7default
FN:153,_RNvNtNtCsgHt304caEPG_16lb_observability6probes5testss_24starts_in_starting_state
FN:196,_RNvNtNtCsgHt304caEPG_16lb_observability6probes5testss_27body_token_string_is_stable
FN:183,_RNvNtNtCsgHt304caEPG_16lb_observability6probes5testss_28ready_after_drain_is_a_no_op
FN:162,_RNvNtNtCsgHt304caEPG_16lb_observability6probes5testss_28ready_transition_flips_flags
FN:172,_RNvNtNtCsgHt304caEPG_16lb_observability6probes5testss_40drain_flips_readiness_but_keeps_liveness
FN:54,_RNvMNtCsgHt304caEPG_16lb_observability6probesNtB2_10ProbeState10body_token
FN:40,_RNvMNtCsgHt304caEPG_16lb_observability6probesNtB2_10ProbeState7as_byte
FN:44,_RNvMNtCsgHt304caEPG_16lb_observability6probesNtB2_10ProbeState9from_byte
FN:143,_RNvMs0_NtCsgHt304caEPG_16lb_observability6probesNtB5_13ProbeRegistry10is_started
FN:118,_RNvMs0_NtCsgHt304caEPG_16lb_observability6probesNtB5_13ProbeRegistry12set_draining
FN:83,_RNvMs0_NtCsgHt304caEPG_16lb_observability6probesNtB5_13ProbeRegistry3new
FN:98,_RNvMs0_NtCsgHt304caEPG_16lb_observability6probesNtB5_13ProbeRegistry5state
FN:92,_RNvMs0_NtCsgHt304caEPG_16lb_observability6probesNtB5_13ProbeRegistry6shared
FN:132,_RNvMs0_NtCsgHt304caEPG_16lb_observability6probesNtB5_13ProbeRegistry7is_live
FN:125,_RNvMs0_NtCsgHt304caEPG_16lb_observability6probesNtB5_13ProbeRegistry8is_ready
FN:105,_RNvMs0_NtCsgHt304caEPG_16lb_observability6probesNtB5_13ProbeRegistry9set_ready
[...]
DA:509,0
DA:511,0
DA:512,0
DA:514,0
DA:515,0
DA:516,0
DA:520,0
DA:521,0
DA:522,0
DA:523,0
DA:524,0
DA:525,0
DA:526,0
DA:527,0
DA:528,0
DA:529,0
DA:530,0
DA:531,0
DA:532,0
DA:533,0
DA:534,0
DA:536,0
DA:537,0
DA:539,0
DA:540,0
DA:541,0
DA:542,0
DA:543,0
DA:547,0
DA:548,0
DA:549,0
DA:550,0
DA:551,0
DA:552,0
DA:553,0
DA:554,0
DA:555,0
DA:556,0
DA:557,0
DA:558,0
DA:560,0
DA:561,0
DA:563,0
DA:564,0
DA:565,0
DA:566,0
DA:567,0
DA:568,0
DA:569,0
DA:571,0
DA:572,0
DA:575,0
DA:576,0
DA:577,0
DA:578,0
DA:579,0
DA:593,0
DA:594,0
DA:595,0
DA:596,0
DA:597,0
DA:598,0
DA:599,0
DA:600,0
DA:602,0
DA:603,0
DA:605,0
DA:606,0
DA:607,0
DA:608,0
DA:609,0
DA:610,0
DA:613,0
DA:614,0
DA:615,0
DA:616,0
DA:617,0
DA:618,0
DA:619,0
DA:620,0
DA:621,0
DA:622,0
DA:623,0
DA:624,0
DA:626,0
DA:627,0
DA:628,0
DA:629,0
DA:630,0
DA:631,0
DA:632,0
DA:633,0
DA:634,0
DA:635,0
DA:636,0
DA:637,0
DA:638,0
DA:639,0
DA:641,0
DA:642,0
DA:643,0
DA:644,0
DA:646,0
DA:647,0
DA:648,0
DA:649,0
DA:650,0
DA:665,0
DA:666,0
DA:667,0
DA:668,0
DA:669,0
DA:670,0
DA:671,0
DA:672,0
DA:674,0
DA:675,0
DA:677,0
DA:678,0
DA:679,0
DA:680,0
DA:681,0
DA:682,0
DA:685,0
DA:686,0
DA:687,0
DA:688,0
DA:689,0
DA:690,0
DA:691,0
DA:692,0
DA:693,0
DA:694,0
DA:695,0
DA:696,0
DA:701,0
DA:702,0
DA:703,0
DA:704,0
DA:705,0
DA:706,0
DA:707,0
DA:708,0
DA:709,0
DA:710,0
DA:711,0
DA:712,0
DA:713,0
DA:714,0
DA:715,0
DA:717,0
DA:718,0
DA:719,0
DA:720,0
DA:722,0
DA:723,0
DA:724,0
DA:725,0
DA:726,0
DA:727,0
DA:734,1
DA:735,1
DA:736,1
DA:737,1
DA:738,1
DA:739,1
DA:740,1
DA:741,1
DA:742,1
DA:745,1
DA:746,1
DA:747,1
DA:748,1
DA:749,1
DA:750,1
DA:751,1
DA:754,1
DA:755,1
DA:756,1
DA:757,1
DA:758,1
DA:759,1
DA:760,1
DA:761,1
DA:762,1
DA:763,1
DA:766,1
DA:767,1
DA:768,1
DA:769,1
DA:770,1
DA:771,1
DA:772,1
DA:773,1
BRF:0
BRH:0
LF:437
LH:46
end_of_record
SF:/home/ubuntu/Code/ExpressGateway/.claude/worktrees/s36-verify/crates/lb-quic/src/udp_dataplane.rs
FN:211,_RNCNvMNtCs7RDJCKiF9ex_7lb_quic13udp_dataplaneNtB4_8TokioUdp4bind0B6_
FN:164,_RNCNvNtCs7RDJCKiF9ex_7lb_quic13udp_dataplane16select_dataplane0B5_
FN:129,_RNvYpNtNtCs7RDJCKiF9ex_7lb_quic13udp_dataplane12UdpDataplane11dcid_map_fdB7_
FN:198,_RNvMNtCs7RDJCKiF9ex_7lb_quic13udp_dataplaneNtB2_8TokioUdp3new
FN:211,_RNvMNtCs7RDJCKiF9ex_7lb_quic13udp_dataplaneNtB2_8TokioUdp4bind
FN:219,_RNvMNtCs7RDJCKiF9ex_7lb_quic13udp_dataplaneNtB2_8TokioUdp6socket
FN:161,_RNvNtCs7RDJCKiF9ex_7lb_quic13udp_dataplane16select_dataplane
FN:225,_RNvXs_NtCs7RDJCKiF9ex_7lb_quic13udp_dataplaneNtB4_8TokioUdpNtB4_12UdpDataplane10local_addr
FN:261,_RNvXs_NtCs7RDJCKiF9ex_7lb_quic13udp_dataplaneNtB4_8TokioUdpNtB4_12UdpDataplane7send_to
FN:229,_RNvXs_NtCs7RDJCKiF9ex_7lb_quic13udp_dataplaneNtB4_8TokioUdpNtB4_12UdpDataplane9recv_loop
FN:274,_RNvXs_NtCs7RDJCKiF9ex_7lb_quic13udp_dataplaneNtB4_8TokioUdpNtB4_12UdpDataplane9tier_name
FN:266,_RNCNvXs_NtCs7RDJCKiF9ex_7lb_quic13udp_dataplaneNtB6_8TokioUdpNtB6_12UdpDataplane7send_to0B8_
FN:234,_RNCNvXs_NtCs7RDJCKiF9ex_7lb_quic13udp_dataplaneNtB6_8TokioUdpNtB6_12UdpDataplane9recv_loop0B8_
FN:219,_RNvMNtCs48r2xzLZq6T_7lb_quic13udp_dataplaneNtB2_8TokioUdp6socket
FN:285,_RNvNtNtCs48r2xzLZq6T_7lb_quic13udp_dataplane5testss_27tokio_udp_select_auto_binds
FN:322,_RNvNtNtCs48r2xzLZq6T_7lb_quic13udp_dataplane5testss_29tokio_udp_roundtrip_via_trait
FN:306,_RNvNtNtCs48r2xzLZq6T_7lb_quic13udp_dataplane5testss_29xdp_returns_unavailable_in_v1
FN:296,_RNvNtNtCs48r2xzLZq6T_7lb_quic13udp_dataplane5testss_33iouring_returns_unavailable_in_v1
FN:211,_RNCNvMNtCs48r2xzLZq6T_7lb_quic13udp_dataplaneNtB4_8TokioUdp4bind0B6_
FN:164,_RNCNvNtCs48r2xzLZq6T_7lb_quic13udp_dataplane16select_dataplane0B5_
FN:266,_RNCNvXs_NtCs48r2xzLZq6T_7lb_quic13udp_dataplaneNtB6_8TokioUdpNtB6_12UdpDataplane7send_to0B8_
FN:234,_RNCNvXs_NtCs48r2xzLZq6T_7lb_quic13udp_dataplaneNtB6_8TokioUdpNtB6_12UdpDataplane9recv_loop0B8_
FN:129,_RNvYNtNtCs48r2xzLZq6T_7lb_quic13udp_dataplane8TokioUdpNtB4_12UdpDataplane11dcid_map_fdB6_
FN:198,_RNvMNtCs48r2xzLZq6T_7lb_quic13udp_dataplaneNtB2_8TokioUdp3new
FN:211,_RNvMNtCs48r2xzLZq6T_7lb_quic13udp_dataplaneNtB2_8TokioUdp4bind
FN:161,_RNvNtCs48r2xzLZq6T_7lb_quic13udp_dataplane16select_dataplane
FN:225,_RNvXs_NtCs48r2xzLZq6T_7lb_quic13udp_dataplaneNtB4_8TokioUdpNtB4_12UdpDataplane10local_addr
FN:261,_RNvXs_NtCs48r2xzLZq6T_7lb_quic13udp_dataplaneNtB4_8TokioUdpNtB4_12UdpDataplane7send_to
FN:229,_RNvXs_NtCs48r2xzLZq6T_7lb_quic13udp_dataplaneNtB4_8TokioUdpNtB4_12UdpDataplane9recv_loop
FN:274,_RNvXs_NtCs48r2xzLZq6T_7lb_quic13udp_dataplaneNtB4_8TokioUdpNtB4_12UdpDataplane9tier_name
FN:351,_RNCNCNCNvNtNtCs48r2xzLZq6T_7lb_quic13udp_dataplane5testss_29tokio_udp_roundtrip_via_trait000Bb_
FN:347,_RNCNCNvNtNtCs48r2xzLZq6T_7lb_quic13udp_dataplane5testss_29tokio_udp_roundtrip_via_trait00B9_
FN:360,_RNCNCNvNtNtCs48r2xzLZq6T_7lb_quic13udp_dataplane5testss_29tokio_udp_roundtrip_via_trait0s_0B9_
FN:285,_RNCNvNtNtCs48r2xzLZq6T_7lb_quic13udp_dataplane5testss_27tokio_udp_select_auto_binds0B7_
FN:322,_RNCNvNtNtCs48r2xzLZq6T_7lb_quic13udp_dataplane5testss_29tokio_udp_roundtrip_via_trait0B7_
FN:306,_RNCNvNtNtCs48r2xzLZq6T_7lb_quic13udp_dataplane5testss_29xdp_returns_unavailable_in_v10B7_
FN:296,_RNCNvNtNtCs48r2xzLZq6T_7lb_quic13udp_dataplane5testss_33iouring_returns_unavailable_in_v10B7_
FNDA:0,_RNCNvMNtCs7RDJCKiF9ex_7lb_quic13udp_dataplaneNtB4_8TokioUdp4bind0B6_
FNDA:0,_RNCNvNtCs7RDJCKiF9ex_7lb_quic13udp_dataplane16select_dataplane0B5_
FNDA:0,_RNvYpNtNtCs7RDJCKiF9ex_7lb_quic13udp_dataplane12UdpDataplane11dcid_map_fdB7_
FNDA:0,_RNvMNtCs7RDJCKiF9ex_7lb_quic13udp_dataplaneNtB2_8TokioUdp3new
FNDA:0,_RNvMNtCs7RDJCKiF9ex_7lb_quic13udp_dataplaneNtB2_8TokioUdp4bind
FNDA:0,_RNvMNtCs7RDJCKiF9ex_7lb_quic13udp_dataplaneNtB2_8TokioUdp6socket
FNDA:0,_RNvNtCs7RDJCKiF9ex_7lb_quic13udp_dataplane16select_dataplane
FNDA:0,_RNvXs_NtCs7RDJCKiF9ex_7lb_quic13udp_dataplaneNtB4_8TokioUdpNtB4_12UdpDataplane10local_addr
FNDA:0,_RNvXs_NtCs7RDJCKiF9ex_7lb_quic13udp_dataplaneNtB4_8TokioUdpNtB4_12UdpDataplane7send_to
FNDA:0,_RNvXs_NtCs7RDJCKiF9ex_7lb_quic13udp_dataplaneNtB4_8TokioUdpNtB4_12UdpDataplane9recv_loop
FNDA:0,_RNvXs_NtCs7RDJCKiF9ex_7lb_quic13udp_dataplaneNtB4_8TokioUdpNtB4_12UdpDataplane9tier_name
FNDA:0,_RNCNvXs_NtCs7RDJCKiF9ex_7lb_quic13udp_dataplaneNtB6_8TokioUdpNtB6_12UdpDataplane7send_to0B8_
FNDA:0,_RNCNvXs_NtCs7RDJCKiF9ex_7lb_quic13udp_dataplaneNtB6_8TokioUdpNtB6_12UdpDataplane9recv_loop0B8_
FNDA:0,_RNvMNtCs48r2xzLZq6T_7lb_quic13udp_dataplaneNtB2_8TokioUdp6socket
FNDA:1,_RNvNtNtCs48r2xzLZq6T_7lb_quic13udp_dataplane5testss_27tokio_udp_select_auto_binds
FNDA:1,_RNvNtNtCs48r2xzLZq6T_7lb_quic13udp_dataplane5testss_29tokio_udp_roundtrip_via_trait
FNDA:1,_RNvNtNtCs48r2xzLZq6T_7lb_quic13udp_dataplane5testss_29xdp_returns_unavailable_in_v1
FNDA:1,_RNvNtNtCs48r2xzLZq6T_7lb_quic13udp_dataplane5testss_33iouring_returns_unavailable_in_v1
FNDA:2,_RNCNvMNtCs48r2xzLZq6T_7lb_quic13udp_dataplaneNtB4_8TokioUdp4bind0B6_
FNDA:22,_RNCNvNtCs48r2xzLZq6T_7lb_quic13udp_dataplane16select_dataplane0B5_
FNDA:2,_RNCNvXs_NtCs48r2xzLZq6T_7lb_quic13udp_dataplaneNtB6_8TokioUdpNtB6_12UdpDataplane7send_to0B8_
FNDA:1,_RNCNvXs_NtCs48r2xzLZq6T_7lb_quic13udp_dataplaneNtB6_8TokioUdpNtB6_12UdpDataplane9recv_loop0B8_
FNDA:1,_RNvYNtNtCs48r2xzLZq6T_7lb_quic13udp_dataplane8TokioUdpNtB4_12UdpDataplane11dcid_map_fdB6_
FNDA:22,_RNvMNtCs48r2xzLZq6T_7lb_quic13udp_dataplaneNtB2_8TokioUdp3new
FNDA:2,_RNvMNtCs48r2xzLZq6T_7lb_quic13udp_dataplaneNtB2_8TokioUdp4bind
FNDA:22,_RNvNtCs48r2xzLZq6T_7lb_quic13udp_dataplane16select_dataplane
FNDA:3,_RNvXs_NtCs48r2xzLZq6T_7lb_quic13udp_dataplaneNtB4_8TokioUdpNtB4_12UdpDataplane10local_addr
FNDA:2,_RNvXs_NtCs48r2xzLZq6T_7lb_quic13udp_dataplaneNtB4_8TokioUdpNtB4_12UdpDataplane7send_to
FNDA:1,_RNvXs_NtCs48r2xzLZq6T_7lb_quic13udp_dataplaneNtB4_8TokioUdpNtB4_12UdpDataplane9recv_loop
FNDA:1,_RNvXs_NtCs48r2xzLZq6T_7lb_quic13udp_dataplaneNtB4_8TokioUdpNtB4_12UdpDataplane9tier_name
FNDA:1,_RNCNCNCNvNtNtCs48r2xzLZq6T_7lb_quic13udp_dataplane5testss_29tokio_udp_roundtrip_via_trait000Bb_
FNDA:1,_RNCNCNvNtNtCs48r2xzLZq6T_7lb_quic13udp_dataplane5testss_29tokio_udp_roundtrip_via_trait00B9_
FNDA:1,_RNCNCNvNtNtCs48r2xzLZq6T_7lb_quic13udp_dataplane5testss_29tokio_udp_roundtrip_via_trait0s_0B9_
FNDA:1,_RNCNvNtNtCs48r2xzLZq6T_7lb_quic13udp_dataplane5testss_27tokio_udp_select_auto_binds0B7_
FNDA:1,_RNCNvNtNtCs48r2xzLZq6T_7lb_quic13udp_dataplane5testss_29tokio_udp_roundtrip_via_trait0B7_
FNDA:1,_RNCNvNtNtCs48r2xzLZq6T_7lb_quic13udp_dataplane5testss_29xdp_returns_unavailable_in_v10B7_
FNDA:1,_RNCNvNtNtCs48r2xzLZq6T_7lb_quic13udp_dataplane5testss_33iouring_returns_unavailable_in_v10B7_
FNF:24
FNH:23
DA:129,1
DA:130,1
DA:131,1
DA:161,22
DA:162,22
DA:163,22
DA:164,22
DA:165,22
DA:167,20
DA:168,20
DA:169,20
DA:171,1
DA:172,1
DA:173,1
DA:174,1
DA:175,1
DA:176,1
DA:178,22
DA:198,22
DA:199,22
DA:200,22
DA:201,22
DA:202,22
DA:203,22
DA:204,22
DA:211,2
DA:212,2
DA:213,2
DA:214,2
DA:219,0
DA:220,0
DA:221,0
DA:225,3
DA:226,3
DA:227,3
DA:229,1
DA:230,1
DA:231,1
DA:232,1
DA:233,1
DA:234,1
DA:235,1
DA:236,1
DA:238,2
DA:240,2
DA:241,2
DA:242,1
DA:243,1
DA:244,1
DA:245,1
DA:246,1
DA:248,0
DA:252,0
DA:258,1
DA:259,1
DA:261,2
DA:262,2
DA:263,2
DA:264,2
DA:265,2
DA:266,2
DA:267,2
DA:268,2
DA:269,2
DA:270,2
DA:271,2
DA:272,2
DA:274,1
DA:275,1
DA:276,1
DA:285,1
DA:286,1
DA:287,1
DA:288,1
DA:289,1
DA:290,1
DA:291,1
DA:292,1
DA:293,1
DA:296,1
DA:297,1
DA:298,1
DA:299,1
DA:300,1
DA:301,1
DA:302,1
DA:303,1
DA:306,1
DA:307,1
DA:308,1
DA:309,1
DA:310,1
DA:311,1
DA:312,1
DA:313,1
DA:314,1
DA:315,1
DA:316,1
DA:317,1
DA:318,1
DA:319,1
DA:322,1
DA:327,1
DA:328,1
DA:329,1
DA:330,1
DA:331,1
DA:332,1
DA:333,1
DA:334,1
DA:335,1
DA:336,1
DA:337,1
DA:338,1
DA:339,1
DA:340,1
DA:342,1
DA:343,1
DA:344,1
DA:345,1
DA:347,1
DA:348,1
DA:349,1
DA:350,1
DA:351,1
DA:352,1
DA:353,1
DA:354,1
DA:355,1
DA:356,1
DA:358,1
DA:359,1
DA:360,1
DA:361,1
DA:362,1
DA:365,1
DA:366,1
DA:368,1
DA:369,1
DA:370,1
DA:371,1
DA:372,1
DA:373,1
DA:375,1
DA:376,1
DA:377,1
BRF:0
BRH:0
LF:165
LH:158
end_of_record
SF:/home/ubuntu/Code/ExpressGateway/.claude/worktrees/s36-verify/crates/lb-quic/src/ws_tunnel.rs
FN:241,_RNvMs_NtCs7RDJCKiF9ex_7lb_quic9ws_tunnelNtB4_10H3WsTunnel14drain_leftover
FN:220,_RNvMs_NtCs7RDJCKiF9ex_7lb_quic9ws_tunnelNtB4_10H3WsTunnel3new
FN:205,_RNvXNtCs7RDJCKiF9ex_7lb_quic9ws_tunnelNtB2_10H3WsTunnelNtNtCs1p5UDGgVI4d_4core3fmt5Debug3fmt
FN:256,_RNvXs0_NtCs7RDJCKiF9ex_7lb_quic9ws_tunnelNtB5_10H3WsTunnelNtNtCs1p5UDGgVI4d_4core7default7Default7default
FN:262,_RNvXs1_NtCs7RDJCKiF9ex_7lb_quic9ws_tunnelNtB5_10H3WsTunnelNtNtNtCsfJ9qyBeLJna_5tokio2io10async_read9AsyncRead9poll_read
FN:359,_RNvXs2_NtCs7RDJCKiF9ex_7lb_quic9ws_tunnelNtB5_10H3WsTunnelNtNtNtCsfJ9qyBeLJna_5tokio2io11async_write10AsyncWrite10poll_flush
FN:313,_RNvXs2_NtCs7RDJCKiF9ex_7lb_quic9ws_tunnelNtB5_10H3WsTunnelNtNtNtCsfJ9qyBeLJna_5tokio2io11async_write10AsyncWrite10poll_write
FN:365,_RNvXs2_NtCs7RDJCKiF9ex_7lb_quic9ws_tunnelNtB5_10H3WsTunnelNtNtNtCsfJ9qyBeLJna_5tokio2io11async_write10AsyncWrite13poll_shutdown
FN:205,_RNvXNtCs48r2xzLZq6T_7lb_quic9ws_tunnelNtB2_10H3WsTunnelNtNtCs1p5UDGgVI4d_4core3fmt5Debug3fmt
FN:256,_RNvXs0_NtCs48r2xzLZq6T_7lb_quic9ws_tunnelNtB5_10H3WsTunnelNtNtCs1p5UDGgVI4d_4core7default7Default7default
FN:359,_RNvXs2_NtCs48r2xzLZq6T_7lb_quic9ws_tunnelNtB5_10H3WsTunnelNtNtNtCsfJ9qyBeLJna_5tokio2io11async_write10AsyncWrite10poll_flush
FN:412,_RNvNtNtCs48r2xzLZq6T_7lb_quic9ws_tunnel5testss_27dropped_sender_is_clean_eof
FN:566,_RNvNtNtCs48r2xzLZq6T_7lb_quic9ws_tunnel5testss_27empty_data_chunk_is_not_eof
FN:443,_RNvNtNtCs48r2xzLZq6T_7lb_quic9ws_tunnel5testss_31data_then_reset_preserves_order
FN:462,_RNvNtNtCs48r2xzLZq6T_7lb_quic9ws_tunnel5testss_33write_arrives_on_endpoint_chunked
FN:428,_RNvNtNtCs48r2xzLZq6T_7lb_quic9ws_tunnel5testss_36reset_maps_to_connection_reset_error
FN:552,_RNvNtNtCs48r2xzLZq6T_7lb_quic9ws_tunnel5testss_37write_after_actor_gone_is_broken_pipe
FN:386,_RNvNtNtCs48r2xzLZq6T_7lb_quic9ws_tunnel5testss_43read_chunk_byte_identical_with_small_buffer
FN:489,_RNvNtNtCs48r2xzLZq6T_7lb_quic9ws_tunnel5testss_43write_parks_under_backpressure_then_resumes
FN:534,_RNvNtNtCs48r2xzLZq6T_7lb_quic9ws_tunnel5testss_50shutdown_closes_endpoint_and_blocks_further_writes
FN:467,_RNCNCNvNtNtCs48r2xzLZq6T_7lb_quic9ws_tunnel5testss_33write_arrives_on_endpoint_chunked00B9_
FN:558,_RNCNCNvNtNtCs48r2xzLZq6T_7lb_quic9ws_tunnel5testss_37write_after_actor_gone_is_broken_pipe00B9_
FN:496,_RNCNCNvNtNtCs48r2xzLZq6T_7lb_quic9ws_tunnel5testss_43write_parks_under_backpressure_then_resumes00B9_
FN:412,_RNCNvNtNtCs48r2xzLZq6T_7lb_quic9ws_tunnel5testss_27dropped_sender_is_clean_eof0B7_
FN:566,_RNCNvNtNtCs48r2xzLZq6T_7lb_quic9ws_tunnel5testss_27empty_data_chunk_is_not_eof0B7_
FN:443,_RNCNvNtNtCs48r2xzLZq6T_7lb_quic9ws_tunnel5testss_31data_then_reset_preserves_order0B7_
FN:462,_RNCNvNtNtCs48r2xzLZq6T_7lb_quic9ws_tunnel5testss_33write_arrives_on_endpoint_chunked0B7_
FN:428,_RNCNvNtNtCs48r2xzLZq6T_7lb_quic9ws_tunnel5testss_36reset_maps_to_connection_reset_error0B7_
FN:552,_RNCNvNtNtCs48r2xzLZq6T_7lb_quic9ws_tunnel5testss_37write_after_actor_gone_is_broken_pipe0B7_
FN:386,_RNCNvNtNtCs48r2xzLZq6T_7lb_quic9ws_tunnel5testss_43read_chunk_byte_identical_with_small_buffer0B7_
FN:489,_RNCNvNtNtCs48r2xzLZq6T_7lb_quic9ws_tunnel5testss_43write_parks_under_backpressure_then_resumes0B7_
FN:534,_RNCNvNtNtCs48r2xzLZq6T_7lb_quic9ws_tunnel5testss_50shutdown_closes_endpoint_and_blocks_further_writes0B7_
FN:241,_RNvMs_NtCs48r2xzLZq6T_7lb_quic9ws_tunnelNtB4_10H3WsTunnel14drain_leftover
FN:220,_RNvMs_NtCs48r2xzLZq6T_7lb_quic9ws_tunnelNtB4_10H3WsTunnel3new
FN:262,_RNvXs1_NtCs48r2xzLZq6T_7lb_quic9ws_tunnelNtB5_10H3WsTunnelNtNtNtCsfJ9qyBeLJna_5tokio2io10async_read9AsyncRead9poll_read
FN:313,_RNvXs2_NtCs48r2xzLZq6T_7lb_quic9ws_tunnelNtB5_10H3WsTunnelNtNtNtCsfJ9qyBeLJna_5tokio2io11async_write10AsyncWrite10poll_write
FN:365,_RNvXs2_NtCs48r2xzLZq6T_7lb_quic9ws_tunnelNtB5_10H3WsTunnelNtNtNtCsfJ9qyBeLJna_5tokio2io11async_write10AsyncWrite13poll_shutdown
FNDA:0,_RNvMs_NtCs7RDJCKiF9ex_7lb_quic9ws_tunnelNtB4_10H3WsTunnel14drain_leftover
FNDA:0,_RNvMs_NtCs7RDJCKiF9ex_7lb_quic9ws_tunnelNtB4_10H3WsTunnel3new
FNDA:0,_RNvXNtCs7RDJCKiF9ex_7lb_quic9ws_tunnelNtB2_10H3WsTunnelNtNtCs1p5UDGgVI4d_4core3fmt5Debug3fmt
FNDA:0,_RNvXs0_NtCs7RDJCKiF9ex_7lb_quic9ws_tunnelNtB5_10H3WsTunnelNtNtCs1p5UDGgVI4d_4core7default7Default7default
FNDA:0,_RNvXs1_NtCs7RDJCKiF9ex_7lb_quic9ws_tunnelNtB5_10H3WsTunnelNtNtNtCsfJ9qyBeLJna_5tokio2io10async_read9AsyncRead9poll_read
FNDA:0,_RNvXs2_NtCs7RDJCKiF9ex_7lb_quic9ws_tunnelNtB5_10H3WsTunnelNtNtNtCsfJ9qyBeLJna_5tokio2io11async_write10AsyncWrite10poll_flush
FNDA:0,_RNvXs2_NtCs7RDJCKiF9ex_7lb_quic9ws_tunnelNtB5_10H3WsTunnelNtNtNtCsfJ9qyBeLJna_5tokio2io11async_write10AsyncWrite10poll_write
FNDA:0,_RNvXs2_NtCs7RDJCKiF9ex_7lb_quic9ws_tunnelNtB5_10H3WsTunnelNtNtNtCsfJ9qyBeLJna_5tokio2io11async_write10AsyncWrite13poll_shutdown
FNDA:0,_RNvXNtCs48r2xzLZq6T_7lb_quic9ws_tunnelNtB2_10H3WsTunnelNtNtCs1p5UDGgVI4d_4core3fmt5Debug3fmt
FNDA:0,_RNvXs0_NtCs48r2xzLZq6T_7lb_quic9ws_tunnelNtB5_10H3WsTunnelNtNtCs1p5UDGgVI4d_4core7default7Default7default
FNDA:0,_RNvXs2_NtCs48r2xzLZq6T_7lb_quic9ws_tunnelNtB5_10H3WsTunnelNtNtNtCsfJ9qyBeLJna_5tokio2io11async_write10AsyncWrite10poll_flush
FNDA:1,_RNvNtNtCs48r2xzLZq6T_7lb_quic9ws_tunnel5testss_27dropped_sender_is_clean_eof
FNDA:1,_RNvNtNtCs48r2xzLZq6T_7lb_quic9ws_tunnel5testss_27empty_data_chunk_is_not_eof
FNDA:1,_RNvNtNtCs48r2xzLZq6T_7lb_quic9ws_tunnel5testss_31data_then_reset_preserves_order
FNDA:1,_RNvNtNtCs48r2xzLZq6T_7lb_quic9ws_tunnel5testss_33write_arrives_on_endpoint_chunked
FNDA:1,_RNvNtNtCs48r2xzLZq6T_7lb_quic9ws_tunnel5testss_36reset_maps_to_connection_reset_error
FNDA:1,_RNvNtNtCs48r2xzLZq6T_7lb_quic9ws_tunnel5testss_37write_after_actor_gone_is_broken_pipe
FNDA:1,_RNvNtNtCs48r2xzLZq6T_7lb_quic9ws_tunnel5testss_43read_chunk_byte_identical_with_small_buffer
FNDA:1,_RNvNtNtCs48r2xzLZq6T_7lb_quic9ws_tunnel5testss_43write_parks_under_backpressure_then_resumes
FNDA:1,_RNvNtNtCs48r2xzLZq6T_7lb_quic9ws_tunnel5testss_50shutdown_closes_endpoint_and_blocks_further_writes
FNDA:1,_RNCNCNvNtNtCs48r2xzLZq6T_7lb_quic9ws_tunnel5testss_33write_arrives_on_endpoint_chunked00B9_
FNDA:1,_RNCNCNvNtNtCs48r2xzLZq6T_7lb_quic9ws_tunnel5testss_37write_after_actor_gone_is_broken_pipe00B9_
FNDA:1,_RNCNCNvNtNtCs48r2xzLZq6T_7lb_quic9ws_tunnel5testss_43write_parks_under_backpressure_then_resumes00B9_
FNDA:1,_RNCNvNtNtCs48r2xzLZq6T_7lb_quic9ws_tunnel5testss_27dropped_sender_is_clean_eof0B7_
FNDA:1,_RNCNvNtNtCs48r2xzLZq6T_7lb_quic9ws_tunnel5testss_27empty_data_chunk_is_not_eof0B7_
FNDA:1,_RNCNvNtNtCs48r2xzLZq6T_7lb_quic9ws_tunnel5testss_31data_then_reset_preserves_order0B7_
FNDA:1,_RNCNvNtNtCs48r2xzLZq6T_7lb_quic9ws_tunnel5testss_33write_arrives_on_endpoint_chunked0B7_
FNDA:1,_RNCNvNtNtCs48r2xzLZq6T_7lb_quic9ws_tunnel5testss_36reset_maps_to_connection_reset_error0B7_
FNDA:1,_RNCNvNtNtCs48r2xzLZq6T_7lb_quic9ws_tunnel5testss_37write_after_actor_gone_is_broken_pipe0B7_
FNDA:1,_RNCNvNtNtCs48r2xzLZq6T_7lb_quic9ws_tunnel5testss_43read_chunk_byte_identical_with_small_buffer0B7_
FNDA:1,_RNCNvNtNtCs48r2xzLZq6T_7lb_quic9ws_tunnel5testss_43write_parks_under_backpressure_then_resumes0B7_
FNDA:1,_RNCNvNtNtCs48r2xzLZq6T_7lb_quic9ws_tunnel5testss_50shutdown_closes_endpoint_and_blocks_further_writes0B7_
FNDA:16,_RNvMs_NtCs48r2xzLZq6T_7lb_quic9ws_tunnelNtB4_10H3WsTunnel14drain_leftover
FNDA:9,_RNvMs_NtCs48r2xzLZq6T_7lb_quic9ws_tunnelNtB4_10H3WsTunnel3new
FNDA:13,_RNvXs1_NtCs48r2xzLZq6T_7lb_quic9ws_tunnelNtB5_10H3WsTunnelNtNtNtCsfJ9qyBeLJna_5tokio2io10async_read9AsyncRead9poll_read
FNDA:18,_RNvXs2_NtCs48r2xzLZq6T_7lb_quic9ws_tunnelNtB5_10H3WsTunnelNtNtNtCsfJ9qyBeLJna_5tokio2io11async_write10AsyncWrite10poll_write
FNDA:3,_RNvXs2_NtCs48r2xzLZq6T_7lb_quic9ws_tunnelNtB5_10H3WsTunnelNtNtNtCsfJ9qyBeLJna_5tokio2io11async_write10AsyncWrite13poll_shutdown
FNF:29
FNH:26
DA:205,0
DA:206,0
DA:207,0
DA:208,0
DA:209,0
DA:210,0
DA:211,0
DA:220,9
DA:222,9
DA:224,9
DA:225,9
DA:226,9
DA:227,9
DA:228,9
DA:229,9
DA:230,9
DA:231,9
DA:232,9
DA:233,9
DA:234,9
DA:235,9
DA:236,9
DA:237,9
DA:241,16
DA:242,16
DA:243,10
DA:244,6
DA:245,6
DA:249,6
DA:250,6
DA:251,6
DA:252,16
DA:256,0
DA:257,0
DA:258,0
DA:262,13
DA:263,13
DA:264,13
DA:265,13
DA:266,13
DA:268,13
DA:269,1
DA:270,12
DA:272,12
DA:273,3
DA:274,9
DA:276,9
DA:277,4
DA:278,4
DA:285,4
DA:286,3
DA:291,1
DA:292,1
DA:296,2
DA:297,2
DA:298,2
DA:299,2
DA:300,2
DA:304,3
DA:305,3
DA:307,0
DA:309,13
DA:313,18
DA:314,18
DA:315,18
DA:316,18
DA:317,18
DA:318,18
DA:319,1
DA:320,1
DA:321,1
DA:322,1
DA:323,17
DA:324,17
DA:325,0
DA:326,17
DA:331,17
DA:333,15
DA:334,15
DA:335,15
DA:336,15
DA:340,0
DA:341,0
DA:342,0
DA:343,0
DA:344,0
DA:349,1
DA:350,1
DA:351,1
DA:352,1
DA:353,1
DA:355,1
DA:357,18
DA:359,0
DA:362,0
DA:363,0
DA:365,3
DA:368,3
DA:369,3
DA:370,3
DA:371,3
DA:386,1
DA:387,1
DA:388,1
DA:389,1
DA:390,1
DA:391,1
DA:392,1
DA:393,1
DA:395,1
DA:398,1
DA:399,1
DA:400,5
DA:401,5
DA:402,1
DA:403,4
DA:404,4
DA:405,1
DA:406,1
DA:407,1
DA:412,1
DA:413,1
DA:414,1
DA:415,1
DA:416,1
DA:418,1
DA:419,1
DA:420,1
DA:421,1
DA:422,1
DA:423,1
DA:428,1
DA:429,1
DA:430,1
DA:431,1
DA:432,1
DA:433,1
DA:434,1
DA:435,1
DA:436,1
DA:437,1
DA:443,1
DA:444,1
DA:445,1
DA:446,1
DA:447,1
DA:448,1
DA:449,1
DA:450,1
DA:451,1
DA:452,1
DA:453,1
DA:454,1
DA:455,1
DA:462,1
DA:463,1
DA:465,1
DA:467,1
DA:468,1
DA:469,3
DA:470,2
DA:471,2
DA:472,0
DA:474,2
DA:476,1
DA:477,1
DA:478,1
DA:479,1
DA:480,1
DA:481,1
DA:482,1
DA:489,1
DA:490,1
DA:493,1
DA:494,1
DA:496,1
DA:497,1
DA:498,12
DA:500,1
DA:501,1
DA:502,1
DA:507,1
DA:508,1
DA:509,1
DA:510,0
DA:515,1
DA:516,13
DA:517,12
DA:518,12
DA:519,1
DA:520,1
DA:521,1
DA:522,1
DA:523,1
DA:524,1
DA:525,1
DA:526,1
DA:527,1
DA:528,1
DA:534,1
DA:535,1
DA:536,1
DA:537,1
DA:539,1
DA:540,1
DA:541,1
DA:542,0
DA:544,1
DA:545,1
DA:546,1
DA:552,1
DA:553,1
DA:554,1
DA:556,1
DA:557,1
DA:558,1
DA:559,1
DA:560,1
DA:561,1
DA:566,1
DA:567,1
DA:568,1
DA:569,1
DA:570,1
DA:571,1
DA:572,1
DA:573,1
DA:574,1
DA:575,1
DA:576,1
DA:577,1
DA:578,1
DA:579,1
DA:580,2
DA:581,2
DA:582,1
DA:583,1
DA:584,1
DA:585,1
DA:586,1
DA:587,1
DA:588,1
DA:589,1
DA:590,1
BRF:0
BRH:0
LF:282
LH:255
end_of_record