SF:/home/ubuntu/Code/s8-verifier/crates/lb-core/src/authority.rs
FN:94,_RNvNtCsgdBts1zkGS4_7lb_core9authority11port_suffix
FN:57,_RNvNtCsgdBts1zkGS4_7lb_core9authority8validate
FN:102,_RNCNvNtCsgdBts1zkGS4_7lb_core9authority11port_suffix0B5_
FN:72,_RNCNvNtCsgdBts1zkGS4_7lb_core9authority8validate0B5_
FN:85,_RNCNvNtCsgdBts1zkGS4_7lb_core9authority8validates0_0B5_
FN:73,_RNCNvNtCsgdBts1zkGS4_7lb_core9authority8validates_0B5_
FNDA:12,_RNvNtCsgdBts1zkGS4_7lb_core9authority11port_suffix
FNDA:12,_RNvNtCsgdBts1zkGS4_7lb_core9authority8validate
FNDA:228,_RNCNvNtCsgdBts1zkGS4_7lb_core9authority11port_suffix0B5_
FNDA:228,_RNCNvNtCsgdBts1zkGS4_7lb_core9authority8validate0B5_
FNDA:0,_RNCNvNtCsgdBts1zkGS4_7lb_core9authority8validates0_0B5_
FNDA:228,_RNCNvNtCsgdBts1zkGS4_7lb_core9authority8validates_0B5_
FNF:6
FNH:5
DA:57,12
DA:58,12
DA:59,0
DA:60,12
DA:61,228
DA:62,228
DA:63,0
DA:64,0
DA:65,228
DA:66,228
DA:72,228
DA:73,228
DA:74,12
DA:75,0
DA:76,12
DA:81,12
DA:82,0
DA:83,0
DA:84,0
DA:85,0
DA:86,0
DA:87,0
DA:88,12
DA:89,12
DA:90,12
DA:94,12
DA:96,12
DA:97,0
DA:98,0
DA:99,12
DA:100,12
DA:101,12
DA:102,228
DA:103,12
DA:104,12
DA:105,0
DA:106,0
DA:107,0
DA:108,12
BRF:0
BRH:0
LF:43
LH:27
end_of_record
SF:/home/ubuntu/Code/s8-verifier/crates/lb-core/src/shutdown.rs
FN:722,_RNCNvNtCsgdBts1zkGS4_7lb_core8shutdown13jitter_millis0B5_
FNDA:0,_RNCNvNtCsgdBts1zkGS4_7lb_core8shutdown13jitter_millis0B5_
FNF:1
FNH:0
DA:722,0
BRF:0
BRH:0
LF:1
LH:0
end_of_record
SF:/home/ubuntu/Code/s8-verifier/crates/lb-grpc/src/deadline.rs
FN:29,_RNvMNtCs89ePBhylGLd_7lb_grpc8deadlineNtB2_12GrpcDeadline13parse_timeout
FN:66,_RNvMNtCs89ePBhylGLd_7lb_grpc8deadlineNtB2_12GrpcDeadline14format_timeout
FN:88,_RNvMNtCs89ePBhylGLd_7lb_grpc8deadlineNtB2_12GrpcDeadline9remaining
FN:43,_RNCNvMNtCs89ePBhylGLd_7lb_grpc8deadlineNtB4_12GrpcDeadline13parse_timeout0B6_
FNDA:0,_RNvMNtCs89ePBhylGLd_7lb_grpc8deadlineNtB2_12GrpcDeadline13parse_timeout
FNDA:0,_RNvMNtCs89ePBhylGLd_7lb_grpc8deadlineNtB2_12GrpcDeadline14format_timeout
FNDA:0,_RNvMNtCs89ePBhylGLd_7lb_grpc8deadlineNtB2_12GrpcDeadline9remaining
FNDA:0,_RNCNvMNtCs89ePBhylGLd_7lb_grpc8deadlineNtB4_12GrpcDeadline13parse_timeout0B6_
FNF:4
FNH:0
DA:29,0
DA:30,0
DA:31,0
DA:32,0
DA:33,0
DA:34,0
DA:35,0
DA:36,0
DA:37,0
DA:38,0
DA:39,0
DA:41,0
DA:42,0
DA:43,0
DA:48,0
DA:49,0
DA:50,0
DA:51,0
DA:52,0
DA:53,0
DA:54,0
DA:55,0
DA:58,0
DA:59,0
DA:66,0
DA:67,0
DA:68,0
DA:69,0
DA:70,0
DA:71,0
DA:72,0
DA:73,0
DA:74,0
DA:75,0
DA:76,0
DA:77,0
DA:78,0
DA:79,0
DA:80,0
DA:81,0
DA:82,0
DA:88,0
DA:89,0
DA:90,0
DA:91,0
DA:92,0
DA:93,0
BRF:0
BRH:0
LF:48
LH:0
end_of_record
SF:/home/ubuntu/Code/s8-verifier/crates/lb-grpc/src/frame.rs
FN:44,_RNvNtCs89ePBhylGLd_7lb_grpc5frame17decode_grpc_frame
FN:99,_RNvNtCs89ePBhylGLd_7lb_grpc5frame17encode_grpc_frame
FN:100,_RNCNvNtCs89ePBhylGLd_7lb_grpc5frame17encode_grpc_frame0B5_
FNDA:0,_RNvNtCs89ePBhylGLd_7lb_grpc5frame17decode_grpc_frame
FNDA:0,_RNvNtCs89ePBhylGLd_7lb_grpc5frame17encode_grpc_frame
FNDA:0,_RNCNvNtCs89ePBhylGLd_7lb_grpc5frame17encode_grpc_frame0B5_
FNF:3
FNH:0
DA:44,0
DA:45,0
DA:46,0
DA:47,0
DA:48,0
DA:49,0
DA:50,0
DA:53,0
DA:54,0
DA:55,0
DA:56,0
DA:57,0
DA:58,0
DA:59,0
DA:60,0
DA:65,0
DA:66,0
DA:67,0
DA:68,0
DA:69,0
DA:71,0
DA:72,0
DA:73,0
DA:74,0
DA:75,0
DA:76,0
DA:77,0
DA:78,0
DA:79,0
DA:80,0
DA:81,0
DA:82,0
DA:83,0
DA:84,0
DA:86,0
DA:87,0
DA:88,0
DA:91,0
DA:92,0
DA:99,0
DA:100,0
DA:101,0
DA:102,0
DA:104,0
DA:105,0
DA:106,0
DA:107,0
DA:108,0
DA:109,0
DA:110,0
BRF:0
BRH:0
LF:52
LH:0
end_of_record
SF:/home/ubuntu/Code/s8-verifier/crates/lb-grpc/src/status.rs
FN:81,_RNvMNtCs89ePBhylGLd_7lb_grpc6statusNtB2_10GrpcStatus14to_http_status
FN:102,_RNvMNtCs89ePBhylGLd_7lb_grpc6statusNtB2_10GrpcStatus16from_http_status
FN:54,_RNvMNtCs89ePBhylGLd_7lb_grpc6statusNtB2_10GrpcStatus9from_code
FNDA:0,_RNvMNtCs89ePBhylGLd_7lb_grpc6statusNtB2_10GrpcStatus14to_http_status
FNDA:0,_RNvMNtCs89ePBhylGLd_7lb_grpc6statusNtB2_10GrpcStatus16from_http_status
FNDA:0,_RNvMNtCs89ePBhylGLd_7lb_grpc6statusNtB2_10GrpcStatus9from_code
FNF:3
FNH:0
DA:54,0
DA:55,0
DA:56,0
DA:57,0
DA:58,0
DA:59,0
DA:60,0
DA:61,0
DA:62,0
DA:63,0
DA:64,0
DA:65,0
DA:66,0
DA:67,0
DA:68,0
DA:69,0
DA:70,0
DA:71,0
DA:72,0
DA:73,0
DA:75,0
DA:81,0
DA:82,0
DA:83,0
DA:84,0
DA:85,0
DA:86,0
DA:87,0
DA:88,0
DA:89,0
DA:90,0
DA:91,0
DA:92,0
DA:93,0
DA:94,0
DA:96,0
DA:102,0
DA:103,0
DA:104,0
DA:105,0
DA:106,0
DA:107,0
DA:108,0
DA:109,0
DA:110,0
DA:111,0
DA:112,0
DA:114,0
BRF:0
BRH:0
LF:48
LH:0
end_of_record
SF:/home/ubuntu/Code/s8-verifier/crates/lb-h2/src/frame.rs
FN:140,_RNCNvNtCseXyJWoI8AqR_5lb_h25frame13strip_padding0B5_
FN:153,_RNCNvNtCseXyJWoI8AqR_5lb_h25frame13strip_paddings_0B5_
FN:253,_RNCNvNtCseXyJWoI8AqR_5lb_h25frame16decode_frame_low0B5_
FNDA:0,_RNCNvNtCseXyJWoI8AqR_5lb_h25frame13strip_padding0B5_
FNDA:0,_RNCNvNtCseXyJWoI8AqR_5lb_h25frame13strip_paddings_0B5_
FNDA:0,_RNCNvNtCseXyJWoI8AqR_5lb_h25frame16decode_frame_low0B5_
FNF:3
FNH:0
DA:140,0
DA:153,0
DA:253,0
BRF:0
BRH:0
LF:3
LH:0
end_of_record
SF:/home/ubuntu/Code/s8-verifier/crates/lb-h2/src/hpack.rs
FN:192,_RNCNvMNtCseXyJWoI8AqR_5lb_h25hpackNtB4_12DynamicTable3get0B6_
FN:324,_RNCNvNtCseXyJWoI8AqR_5lb_h25hpack13decode_string0B5_
FN:257,_RNCNvNtCseXyJWoI8AqR_5lb_h25hpack14find_in_tables0B5_
FN:214,_RNCNvNtCseXyJWoI8AqR_5lb_h25hpack9table_get0B5_
FN:220,_RNCNvNtCseXyJWoI8AqR_5lb_h25hpack9table_gets_0B5_
FNDA:0,_RNCNvMNtCseXyJWoI8AqR_5lb_h25hpackNtB4_12DynamicTable3get0B6_
FNDA:0,_RNCNvNtCseXyJWoI8AqR_5lb_h25hpack13decode_string0B5_
FNDA:0,_RNCNvNtCseXyJWoI8AqR_5lb_h25hpack14find_in_tables0B5_
FNDA:0,_RNCNvNtCseXyJWoI8AqR_5lb_h25hpack9table_get0B5_
FNDA:0,_RNCNvNtCseXyJWoI8AqR_5lb_h25hpack9table_gets_0B5_
FNF:5
FNH:0
DA:192,0
DA:214,0
DA:220,0
DA:257,0
DA:324,0
BRF:0
BRH:0
LF:5
LH:0
end_of_record
SF:/home/ubuntu/Code/s8-verifier/crates/lb-h2/src/security.rs
FN:418,_RNCNvMs3_NtCseXyJWoI8AqR_5lb_h28securityNtB7_23ZeroWindowStallDetector13check_stalled0B9_
FNDA:0,_RNCNvMs3_NtCseXyJWoI8AqR_5lb_h28securityNtB7_23ZeroWindowStallDetector13check_stalled0B9_
FNF:1
FNH:0
DA:418,0
BRF:0
BRH:0
LF:1
LH:0
end_of_record
SF:/home/ubuntu/Code/s8-verifier/crates/lb-h3/src/frame.rs
FN:84,_RNvNtCs8yjlOoneUIw_5lb_h35frame12decode_frame
FN:159,_RNvNtCs8yjlOoneUIw_5lb_h35frame12encode_frame
FN:98,_RNCNvNtCs8yjlOoneUIw_5lb_h35frame12decode_frame0B5_
FNDA:0,_RNvNtCs8yjlOoneUIw_5lb_h35frame12decode_frame
FNDA:0,_RNvNtCs8yjlOoneUIw_5lb_h35frame12encode_frame
FNDA:0,_RNCNvNtCs8yjlOoneUIw_5lb_h35frame12decode_frame0B5_
FNF:3
FNH:0
DA:84,0
DA:85,0
DA:86,0
DA:87,0
DA:89,0
DA:90,0
DA:91,0
DA:92,0
DA:93,0
DA:94,0
DA:95,0
DA:96,0
DA:97,0
DA:98,0
DA:99,0
DA:101,0
DA:103,0
DA:104,0
DA:105,0
DA:106,0
DA:107,0
DA:108,0
DA:109,0
DA:111,0
DA:112,0
DA:115,0
DA:116,0
DA:117,0
DA:118,0
DA:119,0
DA:120,0
DA:121,0
DA:122,0
DA:123,0
DA:125,0
DA:128,0
DA:129,0
DA:130,0
DA:131,0
DA:132,0
DA:133,0
DA:136,0
DA:137,0
DA:140,0
DA:141,0
DA:144,0
DA:145,0
DA:146,0
DA:147,0
DA:150,0
DA:151,0
DA:159,0
DA:160,0
DA:161,0
DA:162,0
DA:163,0
DA:164,0
DA:165,0
DA:166,0
DA:168,0
DA:169,0
DA:170,0
DA:171,0
DA:173,0
DA:174,0
DA:175,0
DA:176,0
DA:177,0
DA:178,0
DA:180,0
DA:181,0
DA:182,0
DA:183,0
DA:184,0
DA:186,0
DA:187,0
DA:188,0
DA:191,0
DA:192,0
DA:193,0
DA:194,0
DA:195,0
DA:196,0
DA:197,0
DA:198,0
DA:199,0
DA:201,0
DA:202,0
DA:203,0
DA:204,0
DA:205,0
DA:206,0
DA:208,0
DA:209,0
DA:210,0
DA:211,0
DA:212,0
DA:213,0
DA:216,0
DA:217,0
DA:218,0
DA:219,0
DA:220,0
DA:221,0
DA:225,0
DA:226,0
BRF:0
BRH:0
LF:107
LH:0
end_of_record
SF:/home/ubuntu/Code/s8-verifier/crates/lb-h3/src/qpack.rs
FN:304,_RNCNvMs0_NtCs8yjlOoneUIw_5lb_h35qpackNtB7_12QpackDecoder6decode0B9_
FN:319,_RNCNvMs0_NtCs8yjlOoneUIw_5lb_h35qpackNtB7_12QpackDecoder6decodes_0B9_
FN:137,_RNCNvNtCs8yjlOoneUIw_5lb_h35qpack11find_static0B5_
FN:198,_RNCNvNtCs8yjlOoneUIw_5lb_h35qpack14decode_qstring0B5_
FN:211,_RNvMNtCs8yjlOoneUIw_5lb_h35qpackNtB2_12QpackEncoder3new
FN:223,_RNvMNtCs8yjlOoneUIw_5lb_h35qpackNtB2_12QpackEncoder6encode
FN:270,_RNvMs0_NtCs8yjlOoneUIw_5lb_h35qpackNtB5_12QpackDecoder3new
FN:279,_RNvMs0_NtCs8yjlOoneUIw_5lb_h35qpackNtB5_12QpackDecoder6decode
FN:161,_RNvNtCs8yjlOoneUIw_5lb_h35qpack11decode_qint
FN:142,_RNvNtCs8yjlOoneUIw_5lb_h35qpack11encode_qint
FN:125,_RNvNtCs8yjlOoneUIw_5lb_h35qpack11find_static
FN:192,_RNvNtCs8yjlOoneUIw_5lb_h35qpack14decode_qstring
FN:187,_RNvNtCs8yjlOoneUIw_5lb_h35qpack14encode_qstring
FN:356,_RNvXs1_NtCs8yjlOoneUIw_5lb_h35qpackNtB5_12QpackDecoderNtNtCs2va5m0jqTTM_4core7default7Default7default
FN:256,_RNvXs_NtCs8yjlOoneUIw_5lb_h35qpackNtB4_12QpackEncoderNtNtCs2va5m0jqTTM_4core7default7Default7default
FNDA:0,_RNCNvMs0_NtCs8yjlOoneUIw_5lb_h35qpackNtB7_12QpackDecoder6decode0B9_
FNDA:0,_RNCNvMs0_NtCs8yjlOoneUIw_5lb_h35qpackNtB7_12QpackDecoder6decodes_0B9_
FNDA:0,_RNCNvNtCs8yjlOoneUIw_5lb_h35qpack11find_static0B5_
FNDA:0,_RNCNvNtCs8yjlOoneUIw_5lb_h35qpack14decode_qstring0B5_
FNDA:0,_RNvMNtCs8yjlOoneUIw_5lb_h35qpackNtB2_12QpackEncoder3new
FNDA:0,_RNvMNtCs8yjlOoneUIw_5lb_h35qpackNtB2_12QpackEncoder6encode
FNDA:0,_RNvMs0_NtCs8yjlOoneUIw_5lb_h35qpackNtB5_12QpackDecoder3new
FNDA:0,_RNvMs0_NtCs8yjlOoneUIw_5lb_h35qpackNtB5_12QpackDecoder6decode
FNDA:0,_RNvNtCs8yjlOoneUIw_5lb_h35qpack11decode_qint
FNDA:0,_RNvNtCs8yjlOoneUIw_5lb_h35qpack11encode_qint
FNDA:0,_RNvNtCs8yjlOoneUIw_5lb_h35qpack11find_static
FNDA:0,_RNvNtCs8yjlOoneUIw_5lb_h35qpack14decode_qstring
FNDA:0,_RNvNtCs8yjlOoneUIw_5lb_h35qpack14encode_qstring
FNDA:0,_RNvXs1_NtCs8yjlOoneUIw_5lb_h35qpackNtB5_12QpackDecoderNtNtCs2va5m0jqTTM_4core7default7Default7default
FNDA:0,_RNvXs_NtCs8yjlOoneUIw_5lb_h35qpackNtB4_12QpackEncoderNtNtCs2va5m0jqTTM_4core7default7Default7default
FNF:15
FNH:0
DA:125,0
DA:126,0
DA:127,0
DA:128,0
DA:129,0
DA:130,0
DA:131,0
DA:132,0
DA:133,0
DA:134,0
DA:135,0
DA:137,0
DA:138,0
DA:142,0
DA:143,0
DA:144,0
DA:145,0
DA:146,0
DA:147,0
DA:149,0
DA:150,0
DA:151,0
DA:152,0
DA:153,0
DA:154,0
DA:155,0
DA:157,0
DA:159,0
DA:161,0
DA:162,0
DA:163,0
DA:164,0
DA:165,0
DA:166,0
DA:167,0
DA:168,0
DA:169,0
DA:170,0
DA:171,0
DA:173,0
DA:174,0
DA:175,0
DA:176,0
DA:177,0
DA:178,0
DA:179,0
DA:180,0
DA:181,0
DA:182,0
DA:184,0
DA:185,0
DA:187,0
DA:188,0
DA:189,0
DA:190,0
DA:192,0
DA:193,0
DA:194,0
DA:195,0
DA:196,0
DA:197,0
DA:198,0
DA:199,0
DA:200,0
DA:211,0
DA:212,0
DA:213,0
DA:223,0
DA:224,0
DA:225,0
DA:226,0
DA:227,0
DA:228,0
DA:229,0
DA:231,0
DA:232,0
DA:233,0
DA:234,0
DA:235,0
DA:236,0
DA:237,0
DA:238,0
DA:239,0
DA:240,0
DA:241,0
DA:242,0
DA:243,0
DA:244,0
DA:245,0
DA:246,0
DA:247,0
DA:251,0
DA:252,0
DA:256,0
DA:257,0
DA:258,0
DA:270,0
DA:271,0
DA:272,0
DA:279,0
DA:280,0
DA:281,0
DA:282,0
DA:284,0
DA:285,0
DA:286,0
DA:287,0
DA:288,0
DA:289,0
DA:290,0
DA:291,0
DA:293,0
DA:294,0
DA:296,0
DA:298,0
DA:299,0
DA:300,0
DA:302,0
DA:303,0
DA:304,0
DA:305,0
DA:306,0
DA:308,0
DA:309,0
DA:310,0
DA:311,0
DA:313,0
DA:314,0
DA:315,0
DA:317,0
DA:318,0
DA:319,0
DA:320,0
DA:322,0
DA:323,0
DA:324,0
DA:325,0
DA:326,0
DA:327,0
DA:329,0
DA:330,0
DA:331,0
DA:332,0
DA:334,0
DA:335,0
DA:336,0
DA:337,0
DA:339,0
DA:340,0
DA:341,0
DA:342,0
DA:343,0
DA:345,0
DA:346,0
DA:347,0
DA:351,0
DA:352,0
DA:356,0
DA:357,0
DA:358,0
BRF:0
BRH:0
LF:164
LH:0
end_of_record
SF:/home/ubuntu/Code/s8-verifier/crates/lb-h3/src/varint.rs
FN:27,_RNvNtCs8yjlOoneUIw_5lb_h36varint13decode_varint
FN:68,_RNvNtCs8yjlOoneUIw_5lb_h36varint13encode_varint
FNDA:0,_RNvNtCs8yjlOoneUIw_5lb_h36varint13decode_varint
FNDA:0,_RNvNtCs8yjlOoneUIw_5lb_h36varint13encode_varint
FNF:2
FNH:0
DA:27,0
DA:28,0
DA:29,0
DA:30,0
DA:31,0
DA:33,0
DA:34,0
DA:37,0
DA:38,0
DA:39,0
DA:42,0
DA:43,0
DA:44,0
DA:45,0
DA:46,0
DA:47,0
DA:48,0
DA:49,0
DA:52,0
DA:53,0
DA:54,0
DA:55,0
DA:57,0
DA:59,0
DA:61,0
DA:68,0
DA:69,0
DA:70,0
DA:71,0
DA:72,0
DA:73,0
DA:75,0
DA:76,0
DA:77,0
DA:79,0
DA:80,0
DA:81,0
DA:82,0
DA:84,0
DA:85,0
DA:86,0
DA:88,0
DA:89,0
DA:90,0
DA:92,0
BRF:0
BRH:0
LF:45
LH:0
end_of_record
SF:/home/ubuntu/Code/s8-verifier/crates/lb-io/src/dns.rs
FN:143,_RNvMs1_NtCs4GBZUaiPV4D_5lb_io3dnsNtB5_8CacheKey8from_ref
FN:219,_RNvMs4_NtCs4GBZUaiPV4D_5lb_io3dnsNtB5_11DnsResolver10cache_size
FN:311,_RNvMs4_NtCs4GBZUaiPV4D_5lb_io3dnsNtB5_11DnsResolver11materialize
FN:354,_RNvMs4_NtCs4GBZUaiPV4D_5lb_io3dnsNtB5_11DnsResolver11refresh_all
FN:206,_RNvMs4_NtCs4GBZUaiPV4D_5lb_io3dnsNtB5_11DnsResolver13with_resolver
FN:268,_RNvMs4_NtCs4GBZUaiPV4D_5lb_io3dnsNtB5_11DnsResolver15fill_and_return
FN:328,_RNvMs4_NtCs4GBZUaiPV4D_5lb_io3dnsNtB5_11DnsResolver24spawn_background_refresh
FN:193,_RNvMs4_NtCs4GBZUaiPV4D_5lb_io3dnsNtB5_11DnsResolver3new
FN:235,_RNvMs4_NtCs4GBZUaiPV4D_5lb_io3dnsNtB5_11DnsResolver7resolve
FN:118,_RNvMs_NtCs4GBZUaiPV4D_5lb_io3dnsNtB4_10CacheEntry10is_expired
FN:122,_RNvMs_NtCs4GBZUaiPV4D_5lb_io3dnsNtB4_10CacheEntry11set_expires
FN:111,_RNvMs_NtCs4GBZUaiPV4D_5lb_io3dnsNtB4_10CacheEntry3new
FN:367,_RNvNtCs4GBZUaiPV4D_5lb_io3dns13io_err_to_dns
FN:157,_RNvNtCs4GBZUaiPV4D_5lb_io3dns15system_resolver
FN:66,_RNvXNtCs4GBZUaiPV4D_5lb_io3dnsNtB2_14ResolverConfigNtNtCs2va5m0jqTTM_4core7default7Default7default
FN:176,_RNvXs2_NtCs4GBZUaiPV4D_5lb_io3dnsNtB5_11DnsResolverNtNtCs2va5m0jqTTM_4core3fmt5Debug3fmt
FN:185,_RNvXs3_NtCs4GBZUaiPV4D_5lb_io3dnsNtB5_11DnsResolverNtNtCs2va5m0jqTTM_4core7default7Default7default
FN:136,_RINvXs0_NtCs4GBZUaiPV4D_5lb_io3dnsNtB6_8CacheKeyNtNtCs2va5m0jqTTM_4core4hash4Hash4hashNtNtNtCs3kAxCWUtVg2_3std4hash6random13DefaultHasherEB8_
FN:283,_RNCNCNCNCNvMs4_NtCs4GBZUaiPV4D_5lb_io3dnsNtBd_11DnsResolver15fill_and_return0000Bf_
FN:281,_RNCNCNCNvMs4_NtCs4GBZUaiPV4D_5lb_io3dnsNtBb_11DnsResolver15fill_and_return000Bd_
FN:358,_RNCNCNvMs4_NtCs4GBZUaiPV4D_5lb_io3dnsNtB9_11DnsResolver11refresh_all00Bb_
FN:305,_RNCNCNvMs4_NtCs4GBZUaiPV4D_5lb_io3dnsNtB9_11DnsResolver15fill_and_return00Bb_
FN:354,_RNCNvMs4_NtCs4GBZUaiPV4D_5lb_io3dnsNtB7_11DnsResolver11refresh_all0B9_
FN:273,_RNCNvMs4_NtCs4GBZUaiPV4D_5lb_io3dnsNtB7_11DnsResolver15fill_and_return0B9_
FN:337,_RNCNvMs4_NtCs4GBZUaiPV4D_5lb_io3dnsNtB7_11DnsResolver24spawn_background_refresh0B9_
FN:340,_RNCNvMs4_NtCs4GBZUaiPV4D_5lb_io3dnsNtB7_11DnsResolver24spawn_background_refreshs_0B9_
FN:241,_RNCNCNvMs4_NtCs4GBZUaiPV4D_5lb_io3dnsNtB9_11DnsResolver7resolve00Bb_
FN:235,_RNCNvMs4_NtCs4GBZUaiPV4D_5lb_io3dnsNtB7_11DnsResolver7resolve0B9_
FNDA:0,_RNvMs1_NtCs4GBZUaiPV4D_5lb_io3dnsNtB5_8CacheKey8from_ref
FNDA:0,_RNvMs4_NtCs4GBZUaiPV4D_5lb_io3dnsNtB5_11DnsResolver10cache_size
FNDA:0,_RNvMs4_NtCs4GBZUaiPV4D_5lb_io3dnsNtB5_11DnsResolver11materialize
FNDA:0,_RNvMs4_NtCs4GBZUaiPV4D_5lb_io3dnsNtB5_11DnsResolver11refresh_all
FNDA:0,_RNvMs4_NtCs4GBZUaiPV4D_5lb_io3dnsNtB5_11DnsResolver13with_resolver
FNDA:0,_RNvMs4_NtCs4GBZUaiPV4D_5lb_io3dnsNtB5_11DnsResolver15fill_and_return
FNDA:0,_RNvMs4_NtCs4GBZUaiPV4D_5lb_io3dnsNtB5_11DnsResolver24spawn_background_refresh
FNDA:0,_RNvMs4_NtCs4GBZUaiPV4D_5lb_io3dnsNtB5_11DnsResolver3new
FNDA:0,_RNvMs4_NtCs4GBZUaiPV4D_5lb_io3dnsNtB5_11DnsResolver7resolve
FNDA:0,_RNvMs_NtCs4GBZUaiPV4D_5lb_io3dnsNtB4_10CacheEntry10is_expired
FNDA:0,_RNvMs_NtCs4GBZUaiPV4D_5lb_io3dnsNtB4_10CacheEntry11set_expires
FNDA:0,_RNvMs_NtCs4GBZUaiPV4D_5lb_io3dnsNtB4_10CacheEntry3new
FNDA:0,_RNvNtCs4GBZUaiPV4D_5lb_io3dns13io_err_to_dns
FNDA:0,_RNvNtCs4GBZUaiPV4D_5lb_io3dns15system_resolver
FNDA:0,_RNvXNtCs4GBZUaiPV4D_5lb_io3dnsNtB2_14ResolverConfigNtNtCs2va5m0jqTTM_4core7default7Default7default
FNDA:0,_RNvXs2_NtCs4GBZUaiPV4D_5lb_io3dnsNtB5_11DnsResolverNtNtCs2va5m0jqTTM_4core3fmt5Debug3fmt
FNDA:0,_RNvXs3_NtCs4GBZUaiPV4D_5lb_io3dnsNtB5_11DnsResolverNtNtCs2va5m0jqTTM_4core7default7Default7default
FNDA:0,_RINvXs0_NtCs4GBZUaiPV4D_5lb_io3dnsNtB6_8CacheKeyNtNtCs2va5m0jqTTM_4core4hash4Hash4hashNtNtNtCs3kAxCWUtVg2_3std4hash6random13DefaultHasherEB8_
FNDA:0,_RNCNCNCNCNvMs4_NtCs4GBZUaiPV4D_5lb_io3dnsNtBd_11DnsResolver15fill_and_return0000Bf_
FNDA:0,_RNCNCNCNvMs4_NtCs4GBZUaiPV4D_5lb_io3dnsNtBb_11DnsResolver15fill_and_return000Bd_
FNDA:0,_RNCNCNvMs4_NtCs4GBZUaiPV4D_5lb_io3dnsNtB9_11DnsResolver11refresh_all00Bb_
FNDA:0,_RNCNCNvMs4_NtCs4GBZUaiPV4D_5lb_io3dnsNtB9_11DnsResolver15fill_and_return00Bb_
FNDA:0,_RNCNvMs4_NtCs4GBZUaiPV4D_5lb_io3dnsNtB7_11DnsResolver11refresh_all0B9_
FNDA:0,_RNCNvMs4_NtCs4GBZUaiPV4D_5lb_io3dnsNtB7_11DnsResolver15fill_and_return0B9_
FNDA:0,_RNCNvMs4_NtCs4GBZUaiPV4D_5lb_io3dnsNtB7_11DnsResolver24spawn_background_refresh0B9_
FNDA:0,_RNCNvMs4_NtCs4GBZUaiPV4D_5lb_io3dnsNtB7_11DnsResolver24spawn_background_refreshs_0B9_
FNDA:0,_RNCNCNvMs4_NtCs4GBZUaiPV4D_5lb_io3dnsNtB9_11DnsResolver7resolve00Bb_
FNDA:0,_RNCNvMs4_NtCs4GBZUaiPV4D_5lb_io3dnsNtB7_11DnsResolver7resolve0B9_
FNF:28
FNH:0
DA:66,0
DA:67,0
DA:68,0
DA:69,0
DA:70,0
DA:71,0
DA:72,0
DA:111,0
DA:112,0
DA:113,0
DA:114,0
DA:115,0
DA:116,0
DA:118,0
DA:119,0
DA:120,0
DA:122,0
DA:123,0
DA:124,0
DA:136,0
DA:137,0
DA:138,0
DA:139,0
DA:143,0
DA:144,0
DA:145,0
DA:146,0
DA:147,0
DA:148,0
DA:157,0
DA:158,0
DA:159,0
DA:160,0
DA:176,0
DA:177,0
DA:178,0
DA:179,0
DA:180,0
DA:181,0
DA:185,0
DA:186,0
DA:187,0
DA:193,0
DA:194,0
DA:195,0
DA:196,0
DA:197,0
DA:198,0
DA:199,0
DA:200,0
DA:201,0
DA:202,0
DA:206,0
DA:207,0
DA:208,0
DA:209,0
DA:210,0
DA:211,0
DA:212,0
DA:213,0
DA:214,0
DA:215,0
DA:219,0
DA:220,0
DA:221,0
DA:235,0
DA:236,0
DA:237,0
DA:238,0
DA:239,0
DA:240,0
DA:241,0
DA:242,0
DA:243,0
DA:244,0
DA:245,0
DA:246,0
DA:247,0
DA:248,0
DA:249,0
DA:250,0
DA:251,0
DA:252,0
DA:253,0
DA:254,0
DA:260,0
DA:261,0
DA:262,0
DA:263,0
DA:264,0
DA:265,0
DA:266,0
DA:268,0
DA:269,0
DA:270,0
DA:271,0
DA:272,0
DA:273,0
DA:274,0
DA:275,0
DA:276,0
DA:277,0
DA:279,0
DA:280,0
DA:281,0
DA:282,0
DA:283,0
DA:285,0
DA:286,0
DA:287,0
DA:288,0
DA:289,0
DA:290,0
DA:291,0
DA:292,0
DA:293,0
DA:294,0
DA:296,0
DA:299,0
DA:300,0
DA:301,0
DA:303,0
DA:304,0
DA:305,0
DA:306,0
DA:308,0
DA:309,0
DA:311,0
DA:312,0
DA:313,0
DA:314,0
DA:315,0
DA:316,0
DA:317,0
DA:318,0
DA:320,0
DA:328,0
DA:329,0
DA:330,0
DA:331,0
DA:332,0
DA:333,0
DA:334,0
DA:335,0
DA:337,0
DA:338,0
DA:339,0
DA:340,0
DA:341,0
DA:342,0
DA:343,0
DA:344,0
DA:346,0
DA:347,0
DA:349,0
DA:350,0
DA:354,0
DA:355,0
DA:356,0
DA:357,0
DA:358,0
DA:359,0
DA:360,0
DA:361,0
DA:362,0
DA:364,0
DA:367,0
DA:368,0
DA:369,0
DA:370,0
DA:371,0
DA:372,0
DA:373,0
DA:374,0
DA:375,0
DA:376,0
DA:377,0
DA:378,0
DA:380,0
DA:381,0
DA:382,0
DA:383,0
DA:385,0
BRF:0
BRH:0
LF:194
LH:0
end_of_record
SF:/home/ubuntu/Code/s8-verifier/crates/lb-io/src/http2_pool.rs
FN:300,_RNCNCNvMs2_NtCs4GBZUaiPV4D_5lb_io10http2_poolNtB9_9Http2Pool18dial_and_handshake00Cs5ctNHRYimvA_7lb_quic
FN:318,_RNCNCNvMs2_NtCs4GBZUaiPV4D_5lb_io10http2_poolNtB9_9Http2Pool18dial_and_handshake0s0_0Cs5ctNHRYimvA_7lb_quic
FN:316,_RNCNCNvMs2_NtCs4GBZUaiPV4D_5lb_io10http2_poolNtB9_9Http2Pool18dial_and_handshake0s_0Cs5ctNHRYimvA_7lb_quic
FN:229,_RNCNvMs2_NtCs4GBZUaiPV4D_5lb_io10http2_poolNtB7_9Http2Pool12send_request0Cs5ctNHRYimvA_7lb_quic
FN:255,_RNCNvMs2_NtCs4GBZUaiPV4D_5lb_io10http2_poolNtB7_9Http2Pool14acquire_sender0Cs5ctNHRYimvA_7lb_quic
FN:293,_RNCNvMs2_NtCs4GBZUaiPV4D_5lb_io10http2_poolNtB7_9Http2Pool18dial_and_handshake0Cs5ctNHRYimvA_7lb_quic
FN:194,_RNvMs2_NtCs4GBZUaiPV4D_5lb_io10http2_poolNtB5_9Http2Pool10peer_count
FN:225,_RNvMs2_NtCs4GBZUaiPV4D_5lb_io10http2_poolNtB5_9Http2Pool12send_request
FN:280,_RNvMs2_NtCs4GBZUaiPV4D_5lb_io10http2_poolNtB5_9Http2Pool13replace_entry
FN:252,_RNvMs2_NtCs4GBZUaiPV4D_5lb_io10http2_poolNtB5_9Http2Pool14acquire_sender
FN:268,_RNvMs2_NtCs4GBZUaiPV4D_5lb_io10http2_poolNtB5_9Http2Pool17take_alive_sender
FN:290,_RNvMs2_NtCs4GBZUaiPV4D_5lb_io10http2_poolNtB5_9Http2Pool18dial_and_handshake
FN:182,_RNvMs2_NtCs4GBZUaiPV4D_5lb_io10http2_poolNtB5_9Http2Pool3new
FN:285,_RNvMs2_NtCs4GBZUaiPV4D_5lb_io10http2_poolNtB5_9Http2Pool5evict
FN:125,_RNvMs_NtCs4GBZUaiPV4D_5lb_io10http2_poolNtB4_9PeerEntry8is_alive
FN:333,_RNvNtCs4GBZUaiPV4D_5lb_io10http2_pool20collect_body_bounded
FN:107,_RNvXNtCs4GBZUaiPV4D_5lb_io10http2_poolNtB2_15Http2PoolConfigNtNtCs2va5m0jqTTM_4core7default7Default7default
FN:169,_RNvXs1_NtCs4GBZUaiPV4D_5lb_io10http2_poolNtB5_9Http2PoolNtNtCs2va5m0jqTTM_4core3fmt5Debug3fmt
FN:131,_RNvXs0_NtCs4GBZUaiPV4D_5lb_io10http2_poolNtB5_9PeerEntryNtNtNtCs2va5m0jqTTM_4core3ops4drop4Drop4drop
FN:300,_RNCNCNvMs2_NtCs4GBZUaiPV4D_5lb_io10http2_poolNtB9_9Http2Pool18dial_and_handshake00Bb_
FN:318,_RNCNCNvMs2_NtCs4GBZUaiPV4D_5lb_io10http2_poolNtB9_9Http2Pool18dial_and_handshake0s0_0Bb_
FN:316,_RNCNCNvMs2_NtCs4GBZUaiPV4D_5lb_io10http2_poolNtB9_9Http2Pool18dial_and_handshake0s_0Bb_
FN:337,_RNCNCNvNtCs4GBZUaiPV4D_5lb_io10http2_pool20collect_body_bounded00B7_
FN:229,_RNCNvMs2_NtCs4GBZUaiPV4D_5lb_io10http2_poolNtB7_9Http2Pool12send_request0B9_
FN:255,_RNCNvMs2_NtCs4GBZUaiPV4D_5lb_io10http2_poolNtB7_9Http2Pool14acquire_sender0B9_
FN:293,_RNCNvMs2_NtCs4GBZUaiPV4D_5lb_io10http2_poolNtB7_9Http2Pool18dial_and_handshake0B9_
FN:333,_RNCNvNtCs4GBZUaiPV4D_5lb_io10http2_pool20collect_body_bounded0B5_
FNDA:0,_RNCNCNvMs2_NtCs4GBZUaiPV4D_5lb_io10http2_poolNtB9_9Http2Pool18dial_and_handshake00Cs5ctNHRYimvA_7lb_quic
FNDA:0,_RNCNCNvMs2_NtCs4GBZUaiPV4D_5lb_io10http2_poolNtB9_9Http2Pool18dial_and_handshake0s0_0Cs5ctNHRYimvA_7lb_quic
FNDA:0,_RNCNCNvMs2_NtCs4GBZUaiPV4D_5lb_io10http2_poolNtB9_9Http2Pool18dial_and_handshake0s_0Cs5ctNHRYimvA_7lb_quic
FNDA:0,_RNCNvMs2_NtCs4GBZUaiPV4D_5lb_io10http2_poolNtB7_9Http2Pool12send_request0Cs5ctNHRYimvA_7lb_quic
FNDA:0,_RNCNvMs2_NtCs4GBZUaiPV4D_5lb_io10http2_poolNtB7_9Http2Pool14acquire_sender0Cs5ctNHRYimvA_7lb_quic
FNDA:0,_RNCNvMs2_NtCs4GBZUaiPV4D_5lb_io10http2_poolNtB7_9Http2Pool18dial_and_handshake0Cs5ctNHRYimvA_7lb_quic
FNDA:0,_RNvMs2_NtCs4GBZUaiPV4D_5lb_io10http2_poolNtB5_9Http2Pool10peer_count
FNDA:0,_RNvMs2_NtCs4GBZUaiPV4D_5lb_io10http2_poolNtB5_9Http2Pool12send_request
FNDA:0,_RNvMs2_NtCs4GBZUaiPV4D_5lb_io10http2_poolNtB5_9Http2Pool13replace_entry
FNDA:0,_RNvMs2_NtCs4GBZUaiPV4D_5lb_io10http2_poolNtB5_9Http2Pool14acquire_sender
FNDA:0,_RNvMs2_NtCs4GBZUaiPV4D_5lb_io10http2_poolNtB5_9Http2Pool17take_alive_sender
FNDA:0,_RNvMs2_NtCs4GBZUaiPV4D_5lb_io10http2_poolNtB5_9Http2Pool18dial_and_handshake
FNDA:0,_RNvMs2_NtCs4GBZUaiPV4D_5lb_io10http2_poolNtB5_9Http2Pool3new
FNDA:0,_RNvMs2_NtCs4GBZUaiPV4D_5lb_io10http2_poolNtB5_9Http2Pool5evict
FNDA:0,_RNvMs_NtCs4GBZUaiPV4D_5lb_io10http2_poolNtB4_9PeerEntry8is_alive
FNDA:0,_RNvNtCs4GBZUaiPV4D_5lb_io10http2_pool20collect_body_bounded
FNDA:0,_RNvXNtCs4GBZUaiPV4D_5lb_io10http2_poolNtB2_15Http2PoolConfigNtNtCs2va5m0jqTTM_4core7default7Default7default
FNDA:0,_RNvXs1_NtCs4GBZUaiPV4D_5lb_io10http2_poolNtB5_9Http2PoolNtNtCs2va5m0jqTTM_4core3fmt5Debug3fmt
FNDA:0,_RNvXs0_NtCs4GBZUaiPV4D_5lb_io10http2_poolNtB5_9PeerEntryNtNtNtCs2va5m0jqTTM_4core3ops4drop4Drop4drop
FNDA:0,_RNCNCNvMs2_NtCs4GBZUaiPV4D_5lb_io10http2_poolNtB9_9Http2Pool18dial_and_handshake00Bb_
FNDA:0,_RNCNCNvMs2_NtCs4GBZUaiPV4D_5lb_io10http2_poolNtB9_9Http2Pool18dial_and_handshake0s0_0Bb_
FNDA:0,_RNCNCNvMs2_NtCs4GBZUaiPV4D_5lb_io10http2_poolNtB9_9Http2Pool18dial_and_handshake0s_0Bb_
FNDA:0,_RNCNCNvNtCs4GBZUaiPV4D_5lb_io10http2_pool20collect_body_bounded00B7_
FNDA:0,_RNCNvMs2_NtCs4GBZUaiPV4D_5lb_io10http2_poolNtB7_9Http2Pool12send_request0B9_
FNDA:0,_RNCNvMs2_NtCs4GBZUaiPV4D_5lb_io10http2_poolNtB7_9Http2Pool14acquire_sender0B9_
FNDA:0,_RNCNvMs2_NtCs4GBZUaiPV4D_5lb_io10http2_poolNtB7_9Http2Pool18dial_and_handshake0B9_
FNDA:0,_RNCNvNtCs4GBZUaiPV4D_5lb_io10http2_pool20collect_body_bounded0B5_
FNF:21
FNH:0
DA:107,0
DA:108,0
DA:109,0
DA:110,0
DA:111,0
DA:112,0
DA:113,0
DA:114,0
DA:115,0
DA:125,0
DA:126,0
DA:127,0
DA:131,0
DA:132,0
DA:133,0
DA:169,0
DA:170,0
DA:171,0
DA:172,0
DA:173,0
DA:174,0
DA:175,0
DA:182,0
DA:183,0
DA:184,0
DA:185,0
DA:186,0
DA:187,0
DA:188,0
DA:189,0
DA:190,0
DA:194,0
DA:195,0
DA:196,0
DA:225,0
DA:226,0
DA:227,0
DA:228,0
DA:229,0
DA:230,0
DA:231,0
DA:232,0
DA:233,0
DA:234,0
DA:235,0
DA:236,0
DA:237,0
DA:238,0
DA:239,0
DA:240,0
DA:241,0
DA:244,0
DA:245,0
DA:248,0
DA:252,0
DA:253,0
DA:254,0
DA:255,0
DA:256,0
DA:257,0
DA:258,0
DA:259,0
DA:260,0
DA:261,0
DA:262,0
DA:263,0
DA:264,0
DA:265,0
DA:266,0
DA:268,0
DA:269,0
DA:270,0
DA:271,0
DA:273,0
DA:274,0
DA:276,0
DA:278,0
DA:280,0
DA:281,0
DA:282,0
DA:283,0
DA:285,0
DA:286,0
DA:287,0
DA:288,0
DA:290,0
DA:291,0
DA:292,0
DA:293,0
DA:297,0
DA:298,0
DA:299,0
DA:300,0
DA:302,0
DA:303,0
DA:304,0
DA:305,0
DA:306,0
DA:307,0
DA:308,0
DA:309,0
DA:310,0
DA:311,0
DA:312,0
DA:313,0
DA:314,0
DA:315,0
DA:316,0
DA:318,0
DA:319,0
DA:320,0
DA:321,0
DA:322,0
DA:333,0
DA:334,0
DA:335,0
DA:336,0
DA:337,0
DA:338,0
DA:339,0
DA:340,0
DA:341,0
DA:342,0
DA:343,0
DA:344,0
DA:345,0
DA:346,0
BRF:0
BRH:0
LF:136
LH:0
end_of_record
SF:/home/ubuntu/Code/s8-verifier/crates/lb-io/src/lib.rs
FN:78,_RNvCs4GBZUaiPV4D_5lb_io14detect_backend
FN:45,_RNvMCs4GBZUaiPV4D_5lb_ioNtB2_9IoBackend6as_str
FN:122,_RNvMs0_Cs4GBZUaiPV4D_5lb_ioNtB5_7Runtime12with_backend
FN:168,_RNvMs0_Cs4GBZUaiPV4D_5lb_ioNtB5_7Runtime14connect_socket
FN:142,_RNvMs0_Cs4GBZUaiPV4D_5lb_ioNtB5_7Runtime14low_water_mark
FN:135,_RNvMs0_Cs4GBZUaiPV4D_5lb_ioNtB5_7Runtime15high_water_mark
FN:152,_RNvMs0_Cs4GBZUaiPV4D_5lb_ioNtB5_7Runtime15listener_socket
FN:113,_RNvMs0_Cs4GBZUaiPV4D_5lb_ioNtB5_7Runtime3new
FN:186,_RNvMs0_Cs4GBZUaiPV4D_5lb_ioNtB5_7Runtime6listen
FN:128,_RNvMs0_Cs4GBZUaiPV4D_5lb_ioNtB5_7Runtime7backend
FN:202,_RNvMs0_Cs4GBZUaiPV4D_5lb_ioNtB5_7Runtime7connect
FN:212,_RNvXs1_Cs4GBZUaiPV4D_5lb_ioNtB5_7RuntimeNtNtCs2va5m0jqTTM_4core7default7Default7default
FN:54,_RNvXs_Cs4GBZUaiPV4D_5lb_ioNtB4_9IoBackendNtNtCs2va5m0jqTTM_4core3fmt7Display3fmt
FNDA:12,_RNvCs4GBZUaiPV4D_5lb_io14detect_backend
FNDA:0,_RNvMCs4GBZUaiPV4D_5lb_ioNtB2_9IoBackend6as_str
FNDA:0,_RNvMs0_Cs4GBZUaiPV4D_5lb_ioNtB5_7Runtime12with_backend
FNDA:0,_RNvMs0_Cs4GBZUaiPV4D_5lb_ioNtB5_7Runtime14connect_socket
FNDA:0,_RNvMs0_Cs4GBZUaiPV4D_5lb_ioNtB5_7Runtime14low_water_mark
FNDA:0,_RNvMs0_Cs4GBZUaiPV4D_5lb_ioNtB5_7Runtime15high_water_mark
FNDA:0,_RNvMs0_Cs4GBZUaiPV4D_5lb_ioNtB5_7Runtime15listener_socket
FNDA:12,_RNvMs0_Cs4GBZUaiPV4D_5lb_ioNtB5_7Runtime3new
FNDA:0,_RNvMs0_Cs4GBZUaiPV4D_5lb_ioNtB5_7Runtime6listen
FNDA:0,_RNvMs0_Cs4GBZUaiPV4D_5lb_ioNtB5_7Runtime7backend
FNDA:0,_RNvMs0_Cs4GBZUaiPV4D_5lb_ioNtB5_7Runtime7connect
FNDA:0,_RNvXs1_Cs4GBZUaiPV4D_5lb_ioNtB5_7RuntimeNtNtCs2va5m0jqTTM_4core7default7Default7default
FNDA:0,_RNvXs_Cs4GBZUaiPV4D_5lb_ioNtB4_9IoBackendNtNtCs2va5m0jqTTM_4core3fmt7Display3fmt
FNF:13
FNH:2
DA:45,0
DA:46,0
DA:47,0
DA:48,0
DA:50,0
DA:54,0
DA:55,0
DA:56,0
DA:78,12
DA:79,12
DA:80,12
DA:81,12
DA:82,12
DA:83,0
DA:84,0
DA:86,0
DA:88,0
DA:98,12
DA:113,12
DA:114,12
DA:115,12
DA:116,12
DA:117,12
DA:122,0
DA:123,0
DA:124,0
DA:128,0
DA:129,0
DA:130,0
DA:135,0
DA:136,0
DA:137,0
DA:142,0
DA:143,0
DA:144,0
DA:152,0
DA:153,0
DA:154,0
DA:155,0
DA:156,0
DA:157,0
DA:158,0
DA:159,0
DA:160,0
DA:168,0
DA:169,0
DA:170,0
DA:171,0
DA:172,0
DA:173,0
DA:174,0
DA:175,0
DA:176,0
DA:186,0
DA:187,0
DA:188,0
DA:189,0
DA:190,0
DA:191,0
DA:192,0
DA:202,0
DA:203,0
DA:204,0
DA:205,0
DA:206,0
DA:207,0
DA:208,0
DA:212,0
DA:213,0
DA:214,0
BRF:0
BRH:0
LF:70
LH:11
end_of_record
SF:/home/ubuntu/Code/s8-verifier/crates/lb-io/src/pool.rs
FN:210,_RNCNvMs0_NtCs4GBZUaiPV4D_5lb_io4poolNtB7_7TcpPool13acquire_async0Cs5ctNHRYimvA_7lb_quic
FN:283,_RNCNvMs0_NtCs4GBZUaiPV4D_5lb_io4poolNtB7_7TcpPool14dial_new_async0Cs5ctNHRYimvA_7lb_quic
FN:150,_RNvMs0_NtCs4GBZUaiPV4D_5lb_io4poolNtB5_7TcpPool10idle_count
FN:210,_RNvMs0_NtCs4GBZUaiPV4D_5lb_io4poolNtB5_7TcpPool13acquire_async
FN:283,_RNvMs0_NtCs4GBZUaiPV4D_5lb_io4poolNtB5_7TcpPool14dial_new_async
FN:156,_RNvMs0_NtCs4GBZUaiPV4D_5lb_io4poolNtB5_7TcpPool14idle_count_for
FN:236,_RNvMs0_NtCs4GBZUaiPV4D_5lb_io4poolNtB5_7TcpPool20validate_and_upgrade
FN:134,_RNvMs0_NtCs4GBZUaiPV4D_5lb_io4poolNtB5_7TcpPool3new
FN:181,_RNvMs0_NtCs4GBZUaiPV4D_5lb_io4poolNtB5_7TcpPool7acquire
FN:266,_RNvMs0_NtCs4GBZUaiPV4D_5lb_io4poolNtB5_7TcpPool8dial_new
FN:222,_RNvMs0_NtCs4GBZUaiPV4D_5lb_io4poolNtB5_7TcpPool8pop_idle
FN:362,_RNvMs2_NtCs4GBZUaiPV4D_5lb_io4poolNtB5_9PooledTcp10stream_mut
FN:412,_RNvMs2_NtCs4GBZUaiPV4D_5lb_io4poolNtB5_9PooledTcp11is_reusable
FN:421,_RNvMs2_NtCs4GBZUaiPV4D_5lb_io4poolNtB5_9PooledTcp11take_stream
FN:406,_RNvMs2_NtCs4GBZUaiPV4D_5lb_io4poolNtB5_9PooledTcp12set_reusable
FN:427,_RNvMs2_NtCs4GBZUaiPV4D_5lb_io4poolNtB5_9PooledTcp14return_to_pool
FN:380,_RNvMs2_NtCs4GBZUaiPV4D_5lb_io4poolNtB5_9PooledTcp3age
FN:342,_RNvMs2_NtCs4GBZUaiPV4D_5lb_io4poolNtB5_9PooledTcp3new
FN:368,_RNvMs2_NtCs4GBZUaiPV4D_5lb_io4poolNtB5_9PooledTcp6stream
FN:374,_RNvMs2_NtCs4GBZUaiPV4D_5lb_io4poolNtB5_9PooledTcp9peer_addr
FN:502,_RNvNtCs4GBZUaiPV4D_5lb_io4pool11probe_alive
FN:86,_RNvXNtCs4GBZUaiPV4D_5lb_io4poolNtB2_10PoolConfigNtNtCs2va5m0jqTTM_4core7default7Default7default
FN:330,_RNvXs1_NtCs4GBZUaiPV4D_5lb_io4poolNtB5_9PooledTcpNtNtCs2va5m0jqTTM_4core3fmt5Debug3fmt
FN:120,_RNvXs_NtCs4GBZUaiPV4D_5lb_io4poolNtB4_7TcpPoolNtNtCs2va5m0jqTTM_4core3fmt5Debug3fmt
FN:487,_RNvXs3_NtCs4GBZUaiPV4D_5lb_io4poolNtB5_9PooledTcpNtNtNtCs2va5m0jqTTM_4core3ops4drop4Drop4drop
FN:210,_RNCNvMs0_NtCs4GBZUaiPV4D_5lb_io4poolNtB7_7TcpPool13acquire_async0B9_
FN:283,_RNCNvMs0_NtCs4GBZUaiPV4D_5lb_io4poolNtB7_7TcpPool14dial_new_async0B9_
FN:157,_RNCNvMs0_NtCs4GBZUaiPV4D_5lb_io4poolNtB7_7TcpPool14idle_count_for0B9_
FN:470,_RNCNvMs2_NtCs4GBZUaiPV4D_5lb_io4poolNtB7_9PooledTcp14return_to_pool0B9_
FNDA:7,_RNCNvMs0_NtCs4GBZUaiPV4D_5lb_io4poolNtB7_7TcpPool13acquire_async0Cs5ctNHRYimvA_7lb_quic
FNDA:7,_RNCNvMs0_NtCs4GBZUaiPV4D_5lb_io4poolNtB7_7TcpPool14dial_new_async0Cs5ctNHRYimvA_7lb_quic
FNDA:0,_RNvMs0_NtCs4GBZUaiPV4D_5lb_io4poolNtB5_7TcpPool10idle_count
FNDA:7,_RNvMs0_NtCs4GBZUaiPV4D_5lb_io4poolNtB5_7TcpPool13acquire_async
FNDA:7,_RNvMs0_NtCs4GBZUaiPV4D_5lb_io4poolNtB5_7TcpPool14dial_new_async
FNDA:0,_RNvMs0_NtCs4GBZUaiPV4D_5lb_io4poolNtB5_7TcpPool14idle_count_for
FNDA:0,_RNvMs0_NtCs4GBZUaiPV4D_5lb_io4poolNtB5_7TcpPool20validate_and_upgrade
FNDA:12,_RNvMs0_NtCs4GBZUaiPV4D_5lb_io4poolNtB5_7TcpPool3new
FNDA:0,_RNvMs0_NtCs4GBZUaiPV4D_5lb_io4poolNtB5_7TcpPool7acquire
FNDA:0,_RNvMs0_NtCs4GBZUaiPV4D_5lb_io4poolNtB5_7TcpPool8dial_new
FNDA:7,_RNvMs0_NtCs4GBZUaiPV4D_5lb_io4poolNtB5_7TcpPool8pop_idle
FNDA:0,_RNvMs2_NtCs4GBZUaiPV4D_5lb_io4poolNtB5_9PooledTcp10stream_mut
FNDA:0,_RNvMs2_NtCs4GBZUaiPV4D_5lb_io4poolNtB5_9PooledTcp11is_reusable
FNDA:7,_RNvMs2_NtCs4GBZUaiPV4D_5lb_io4poolNtB5_9PooledTcp11take_stream
FNDA:0,_RNvMs2_NtCs4GBZUaiPV4D_5lb_io4poolNtB5_9PooledTcp12set_reusable
FNDA:7,_RNvMs2_NtCs4GBZUaiPV4D_5lb_io4poolNtB5_9PooledTcp14return_to_pool
FNDA:0,_RNvMs2_NtCs4GBZUaiPV4D_5lb_io4poolNtB5_9PooledTcp3age
FNDA:7,_RNvMs2_NtCs4GBZUaiPV4D_5lb_io4poolNtB5_9PooledTcp3new
FNDA:0,_RNvMs2_NtCs4GBZUaiPV4D_5lb_io4poolNtB5_9PooledTcp6stream
FNDA:0,_RNvMs2_NtCs4GBZUaiPV4D_5lb_io4poolNtB5_9PooledTcp9peer_addr
FNDA:0,_RNvNtCs4GBZUaiPV4D_5lb_io4pool11probe_alive
FNDA:12,_RNvXNtCs4GBZUaiPV4D_5lb_io4poolNtB2_10PoolConfigNtNtCs2va5m0jqTTM_4core7default7Default7default
FNDA:0,_RNvXs1_NtCs4GBZUaiPV4D_5lb_io4poolNtB5_9PooledTcpNtNtCs2va5m0jqTTM_4core3fmt5Debug3fmt
FNDA:0,_RNvXs_NtCs4GBZUaiPV4D_5lb_io4poolNtB4_7TcpPoolNtNtCs2va5m0jqTTM_4core3fmt5Debug3fmt
FNDA:7,_RNvXs3_NtCs4GBZUaiPV4D_5lb_io4poolNtB5_9PooledTcpNtNtNtCs2va5m0jqTTM_4core3ops4drop4Drop4drop
FNDA:0,_RNCNvMs0_NtCs4GBZUaiPV4D_5lb_io4poolNtB7_7TcpPool13acquire_async0B9_
FNDA:0,_RNCNvMs0_NtCs4GBZUaiPV4D_5lb_io4poolNtB7_7TcpPool14dial_new_async0B9_
FNDA:0,_RNCNvMs0_NtCs4GBZUaiPV4D_5lb_io4poolNtB7_7TcpPool14idle_count_for0B9_
FNDA:0,_RNCNvMs2_NtCs4GBZUaiPV4D_5lb_io4poolNtB7_9PooledTcp14return_to_pool0B9_
FNF:27
FNH:11
DA:86,12
DA:87,12
DA:88,12
DA:89,12
DA:90,12
DA:91,12
DA:92,12
DA:93,12
DA:94,12
DA:120,0
DA:121,0
DA:122,0
DA:123,0
DA:124,0
DA:125,0
DA:126,0
DA:134,12
DA:135,12
DA:136,12
DA:137,12
DA:138,12
DA:139,12
DA:140,12
DA:141,12
DA:142,12
DA:143,12
DA:144,12
DA:150,0
DA:151,0
DA:152,0
DA:156,0
DA:157,0
DA:158,0
DA:181,0
DA:182,0
DA:183,0
DA:184,0
DA:185,0
DA:186,0
DA:189,0
DA:190,0
DA:210,7
DA:211,7
DA:212,0
DA:213,0
DA:214,0
DA:215,0
DA:218,7
DA:219,7
DA:222,7
DA:223,0
DA:224,7
DA:225,0
DA:226,0
DA:227,0
DA:228,0
DA:229,0
DA:230,0
DA:231,7
DA:236,0
DA:237,0
DA:238,0
DA:239,0
DA:240,0
DA:241,0
DA:242,0
DA:243,0
DA:244,0
DA:245,0
DA:246,0
DA:247,0
DA:248,0
DA:249,0
DA:250,0
DA:251,0
DA:252,0
DA:253,0
DA:254,0
DA:255,0
DA:256,0
DA:257,0
DA:258,0
DA:259,0
DA:260,0
DA:261,0
DA:263,0
DA:266,0
DA:267,0
DA:268,0
DA:269,0
DA:270,0
DA:271,0
DA:272,0
DA:273,0
DA:274,0
DA:275,0
DA:276,0
DA:277,0
DA:283,7
DA:284,7
DA:285,7
DA:286,7
DA:287,7
DA:288,0
DA:289,0
DA:290,0
DA:291,0
DA:292,0
DA:293,0
DA:294,0
DA:295,0
DA:296,0
DA:299,7
DA:300,7
DA:301,7
DA:302,7
DA:330,0
DA:331,0
DA:332,0
DA:333,0
DA:334,0
DA:335,0
DA:336,0
DA:337,0
DA:338,0
DA:342,7
DA:343,7
DA:344,7
DA:345,7
DA:346,7
DA:347,7
DA:348,7
DA:349,7
DA:350,7
DA:351,7
DA:352,7
DA:353,7
DA:354,7
DA:355,7
DA:362,0
DA:363,0
DA:364,0
DA:368,0
DA:369,0
DA:370,0
DA:374,0
DA:375,0
DA:376,0
DA:380,0
DA:381,0
DA:382,0
DA:406,0
DA:407,0
DA:408,0
DA:412,0
DA:413,0
DA:414,0
DA:421,7
DA:422,7
DA:423,7
DA:424,7
DA:425,7
DA:427,7
DA:428,7
DA:429,7
DA:431,0
DA:432,0
DA:434,0
DA:435,0
DA:436,0
DA:437,0
DA:438,0
DA:439,0
DA:440,0
DA:441,0
DA:445,0
DA:446,0
DA:447,0
DA:448,0
DA:449,0
DA:452,0
DA:453,0
DA:454,0
DA:455,0
DA:456,0
DA:457,0
DA:458,0
DA:459,0
DA:460,0
DA:461,0
DA:462,0
DA:463,0
DA:464,0
DA:465,0
DA:466,0
DA:467,0
DA:468,0
DA:469,0
DA:470,0
DA:471,0
DA:472,0
DA:473,0
DA:474,0
DA:475,0
DA:476,0
DA:479,0
DA:480,0
DA:481,0
DA:482,0
DA:483,7
DA:487,7
DA:488,7
DA:489,7
DA:502,0
DA:505,0
DA:506,0
DA:507,0
DA:508,0
DA:509,0
DA:510,0
DA:511,0
DA:512,0
DA:513,0
DA:514,0
DA:515,0
BRF:0
BRH:0
LF:229
LH:64
end_of_record
SF:/home/ubuntu/Code/s8-verifier/crates/lb-io/src/quic_pool.rs
FN:364,_RNCNCNvMs1_NtCs4GBZUaiPV4D_5lb_io9quic_poolNtB9_16QuicUpstreamPool8dial_new00Cs5ctNHRYimvA_7lb_quic
FN:371,_RNCNCNvMs1_NtCs4GBZUaiPV4D_5lb_io9quic_poolNtB9_16QuicUpstreamPool8dial_new0s0_0Cs5ctNHRYimvA_7lb_quic
FN:368,_RNCNCNvMs1_NtCs4GBZUaiPV4D_5lb_io9quic_poolNtB9_16QuicUpstreamPool8dial_new0s_0Cs5ctNHRYimvA_7lb_quic
FN:306,_RNCNvMs1_NtCs4GBZUaiPV4D_5lb_io9quic_poolNtB7_16QuicUpstreamPool14probe_liveness0Cs5ctNHRYimvA_7lb_quic
FN:264,_RNCNvMs1_NtCs4GBZUaiPV4D_5lb_io9quic_poolNtB7_16QuicUpstreamPool7acquire0Cs5ctNHRYimvA_7lb_quic
FN:351,_RNCNvMs1_NtCs4GBZUaiPV4D_5lb_io9quic_poolNtB7_16QuicUpstreamPool8dial_new0Cs5ctNHRYimvA_7lb_quic
FN:230,_RNvMs1_NtCs4GBZUaiPV4D_5lb_io9quic_poolNtB5_16QuicUpstreamPool10idle_count
FN:249,_RNvMs1_NtCs4GBZUaiPV4D_5lb_io9quic_poolNtB5_16QuicUpstreamPool11fresh_dials
FN:236,_RNvMs1_NtCs4GBZUaiPV4D_5lb_io9quic_poolNtB5_16QuicUpstreamPool14idle_count_for
FN:243,_RNvMs1_NtCs4GBZUaiPV4D_5lb_io9quic_poolNtB5_16QuicUpstreamPool14probe_discards
FN:306,_RNvMs1_NtCs4GBZUaiPV4D_5lb_io9quic_poolNtB5_16QuicUpstreamPool14probe_liveness
FN:211,_RNvMs1_NtCs4GBZUaiPV4D_5lb_io9quic_poolNtB5_16QuicUpstreamPool3new
FN:264,_RNvMs1_NtCs4GBZUaiPV4D_5lb_io9quic_poolNtB5_16QuicUpstreamPool7acquire
FN:351,_RNvMs1_NtCs4GBZUaiPV4D_5lb_io9quic_poolNtB5_16QuicUpstreamPool8dial_new
FN:291,_RNvMs1_NtCs4GBZUaiPV4D_5lb_io9quic_poolNtB5_16QuicUpstreamPool8pop_idle
FN:475,_RNvMs3_NtCs4GBZUaiPV4D_5lb_io9quic_poolNtB5_10PooledQuic12set_reusable
FN:464,_RNvMs3_NtCs4GBZUaiPV4D_5lb_io9quic_poolNtB5_10PooledQuic3get
FN:469,_RNvMs3_NtCs4GBZUaiPV4D_5lb_io9quic_poolNtB5_10PooledQuic7get_mut
FN:483,_RNvMs3_NtCs4GBZUaiPV4D_5lb_io9quic_poolNtB5_10PooledQuic9take_conn
FN:131,_RNvMs_NtCs4GBZUaiPV4D_5lb_io9quic_poolNtB4_16UpstreamQuicConn10connection
FN:166,_RNvMs_NtCs4GBZUaiPV4D_5lb_io9quic_poolNtB4_16UpstreamQuicConn10created_at
FN:136,_RNvMs_NtCs4GBZUaiPV4D_5lb_io9quic_poolNtB4_16UpstreamQuicConn14connection_mut
FN:160,_RNvMs_NtCs4GBZUaiPV4D_5lb_io9quic_poolNtB4_16UpstreamQuicConn3cid
FN:148,_RNvMs_NtCs4GBZUaiPV4D_5lb_io9quic_poolNtB4_16UpstreamQuicConn4peer
FN:154,_RNvMs_NtCs4GBZUaiPV4D_5lb_io9quic_poolNtB4_16UpstreamQuicConn5local
FN:142,_RNvMs_NtCs4GBZUaiPV4D_5lb_io9quic_poolNtB4_16UpstreamQuicConn6socket
FN:89,_RNvXNtCs4GBZUaiPV4D_5lb_io9quic_poolNtB2_14QuicPoolConfigNtNtCs2va5m0jqTTM_4core7default7Default7default
FN:195,_RNvXs0_NtCs4GBZUaiPV4D_5lb_io9quic_poolNtB5_16QuicUpstreamPoolNtNtCs2va5m0jqTTM_4core3fmt5Debug3fmt
FN:451,_RNvXs2_NtCs4GBZUaiPV4D_5lb_io9quic_poolNtB5_10PooledQuicNtNtCs2va5m0jqTTM_4core3fmt5Debug3fmt
FN:494,_RNvXs4_NtCs4GBZUaiPV4D_5lb_io9quic_poolNtB5_10PooledQuicNtNtNtCs2va5m0jqTTM_4core3ops4drop4Drop4drop
FN:364,_RNCNCNvMs1_NtCs4GBZUaiPV4D_5lb_io9quic_poolNtB9_16QuicUpstreamPool8dial_new00Bb_
FN:371,_RNCNCNvMs1_NtCs4GBZUaiPV4D_5lb_io9quic_poolNtB9_16QuicUpstreamPool8dial_new0s0_0Bb_
FN:368,_RNCNCNvMs1_NtCs4GBZUaiPV4D_5lb_io9quic_poolNtB9_16QuicUpstreamPool8dial_new0s_0Bb_
FN:306,_RNCNvMs1_NtCs4GBZUaiPV4D_5lb_io9quic_poolNtB7_16QuicUpstreamPool14probe_liveness0B9_
FN:264,_RNCNvMs1_NtCs4GBZUaiPV4D_5lb_io9quic_poolNtB7_16QuicUpstreamPool7acquire0B9_
FN:351,_RNCNvMs1_NtCs4GBZUaiPV4D_5lb_io9quic_poolNtB7_16QuicUpstreamPool8dial_new0B9_
FN:237,_RNCNvMs1_NtCs4GBZUaiPV4D_5lb_io9quic_poolNtB7_16QuicUpstreamPool14idle_count_for0B9_
FN:522,_RNCNvXs4_NtCs4GBZUaiPV4D_5lb_io9quic_poolNtB7_10PooledQuicNtNtNtCs2va5m0jqTTM_4core3ops4drop4Drop4drop0B9_
FNDA:0,_RNCNCNvMs1_NtCs4GBZUaiPV4D_5lb_io9quic_poolNtB9_16QuicUpstreamPool8dial_new00Cs5ctNHRYimvA_7lb_quic
FNDA:0,_RNCNCNvMs1_NtCs4GBZUaiPV4D_5lb_io9quic_poolNtB9_16QuicUpstreamPool8dial_new0s0_0Cs5ctNHRYimvA_7lb_quic
FNDA:0,_RNCNCNvMs1_NtCs4GBZUaiPV4D_5lb_io9quic_poolNtB9_16QuicUpstreamPool8dial_new0s_0Cs5ctNHRYimvA_7lb_quic
FNDA:0,_RNCNvMs1_NtCs4GBZUaiPV4D_5lb_io9quic_poolNtB7_16QuicUpstreamPool14probe_liveness0Cs5ctNHRYimvA_7lb_quic
FNDA:0,_RNCNvMs1_NtCs4GBZUaiPV4D_5lb_io9quic_poolNtB7_16QuicUpstreamPool7acquire0Cs5ctNHRYimvA_7lb_quic
FNDA:0,_RNCNvMs1_NtCs4GBZUaiPV4D_5lb_io9quic_poolNtB7_16QuicUpstreamPool8dial_new0Cs5ctNHRYimvA_7lb_quic
FNDA:0,_RNvMs1_NtCs4GBZUaiPV4D_5lb_io9quic_poolNtB5_16QuicUpstreamPool10idle_count
FNDA:0,_RNvMs1_NtCs4GBZUaiPV4D_5lb_io9quic_poolNtB5_16QuicUpstreamPool11fresh_dials
FNDA:0,_RNvMs1_NtCs4GBZUaiPV4D_5lb_io9quic_poolNtB5_16QuicUpstreamPool14idle_count_for
FNDA:0,_RNvMs1_NtCs4GBZUaiPV4D_5lb_io9quic_poolNtB5_16QuicUpstreamPool14probe_discards
FNDA:0,_RNvMs1_NtCs4GBZUaiPV4D_5lb_io9quic_poolNtB5_16QuicUpstreamPool14probe_liveness
FNDA:0,_RNvMs1_NtCs4GBZUaiPV4D_5lb_io9quic_poolNtB5_16QuicUpstreamPool3new
FNDA:0,_RNvMs1_NtCs4GBZUaiPV4D_5lb_io9quic_poolNtB5_16QuicUpstreamPool7acquire
FNDA:0,_RNvMs1_NtCs4GBZUaiPV4D_5lb_io9quic_poolNtB5_16QuicUpstreamPool8dial_new
FNDA:0,_RNvMs1_NtCs4GBZUaiPV4D_5lb_io9quic_poolNtB5_16QuicUpstreamPool8pop_idle
FNDA:0,_RNvMs3_NtCs4GBZUaiPV4D_5lb_io9quic_poolNtB5_10PooledQuic12set_reusable
FNDA:0,_RNvMs3_NtCs4GBZUaiPV4D_5lb_io9quic_poolNtB5_10PooledQuic3get
FNDA:0,_RNvMs3_NtCs4GBZUaiPV4D_5lb_io9quic_poolNtB5_10PooledQuic7get_mut
FNDA:0,_RNvMs3_NtCs4GBZUaiPV4D_5lb_io9quic_poolNtB5_10PooledQuic9take_conn
FNDA:0,_RNvMs_NtCs4GBZUaiPV4D_5lb_io9quic_poolNtB4_16UpstreamQuicConn10connection
FNDA:0,_RNvMs_NtCs4GBZUaiPV4D_5lb_io9quic_poolNtB4_16UpstreamQuicConn10created_at
FNDA:0,_RNvMs_NtCs4GBZUaiPV4D_5lb_io9quic_poolNtB4_16UpstreamQuicConn14connection_mut
FNDA:0,_RNvMs_NtCs4GBZUaiPV4D_5lb_io9quic_poolNtB4_16UpstreamQuicConn3cid
FNDA:0,_RNvMs_NtCs4GBZUaiPV4D_5lb_io9quic_poolNtB4_16UpstreamQuicConn4peer
FNDA:0,_RNvMs_NtCs4GBZUaiPV4D_5lb_io9quic_poolNtB4_16UpstreamQuicConn5local
FNDA:0,_RNvMs_NtCs4GBZUaiPV4D_5lb_io9quic_poolNtB4_16UpstreamQuicConn6socket
FNDA:0,_RNvXNtCs4GBZUaiPV4D_5lb_io9quic_poolNtB2_14QuicPoolConfigNtNtCs2va5m0jqTTM_4core7default7Default7default
FNDA:0,_RNvXs0_NtCs4GBZUaiPV4D_5lb_io9quic_poolNtB5_16QuicUpstreamPoolNtNtCs2va5m0jqTTM_4core3fmt5Debug3fmt
FNDA:0,_RNvXs2_NtCs4GBZUaiPV4D_5lb_io9quic_poolNtB5_10PooledQuicNtNtCs2va5m0jqTTM_4core3fmt5Debug3fmt
FNDA:0,_RNvXs4_NtCs4GBZUaiPV4D_5lb_io9quic_poolNtB5_10PooledQuicNtNtNtCs2va5m0jqTTM_4core3ops4drop4Drop4drop
FNDA:0,_RNCNCNvMs1_NtCs4GBZUaiPV4D_5lb_io9quic_poolNtB9_16QuicUpstreamPool8dial_new00Bb_
FNDA:0,_RNCNCNvMs1_NtCs4GBZUaiPV4D_5lb_io9quic_poolNtB9_16QuicUpstreamPool8dial_new0s0_0Bb_
FNDA:0,_RNCNCNvMs1_NtCs4GBZUaiPV4D_5lb_io9quic_poolNtB9_16QuicUpstreamPool8dial_new0s_0Bb_
FNDA:0,_RNCNvMs1_NtCs4GBZUaiPV4D_5lb_io9quic_poolNtB7_16QuicUpstreamPool14probe_liveness0B9_
FNDA:0,_RNCNvMs1_NtCs4GBZUaiPV4D_5lb_io9quic_poolNtB7_16QuicUpstreamPool7acquire0B9_
FNDA:0,_RNCNvMs1_NtCs4GBZUaiPV4D_5lb_io9quic_poolNtB7_16QuicUpstreamPool8dial_new0B9_
FNDA:0,_RNCNvMs1_NtCs4GBZUaiPV4D_5lb_io9quic_poolNtB7_16QuicUpstreamPool14idle_count_for0B9_
FNDA:0,_RNCNvXs4_NtCs4GBZUaiPV4D_5lb_io9quic_poolNtB7_10PooledQuicNtNtNtCs2va5m0jqTTM_4core3ops4drop4Drop4drop0B9_
FNF:32
FNH:0
DA:89,0
DA:90,0
DA:91,0
DA:92,0
DA:93,0
DA:94,0
DA:95,0
DA:96,0
DA:97,0
DA:131,0
DA:132,0
DA:133,0
DA:136,0
DA:137,0
DA:138,0
DA:142,0
DA:143,0
DA:144,0
DA:148,0
DA:149,0
DA:150,0
DA:154,0
DA:155,0
DA:156,0
DA:160,0
DA:161,0
DA:162,0
DA:166,0
DA:167,0
DA:168,0
DA:195,0
DA:196,0
DA:197,0
DA:198,0
DA:199,0
DA:200,0
DA:201,0
DA:211,0
DA:212,0
DA:213,0
DA:214,0
DA:215,0
DA:216,0
DA:217,0
DA:218,0
DA:219,0
DA:220,0
DA:221,0
DA:222,0
DA:223,0
DA:224,0
DA:225,0
DA:226,0
DA:230,0
DA:231,0
DA:232,0
DA:236,0
DA:237,0
DA:238,0
DA:243,0
DA:244,0
DA:245,0
DA:249,0
DA:250,0
DA:251,0
DA:264,0
DA:267,0
DA:268,0
DA:269,0
DA:270,0
DA:271,0
DA:274,0
DA:275,0
DA:276,0
DA:277,0
DA:278,0
DA:279,0
DA:280,0
DA:281,0
DA:282,0
DA:283,0
DA:284,0
DA:285,0
DA:288,0
DA:289,0
DA:291,0
DA:292,0
DA:293,0
DA:294,0
DA:295,0
DA:296,0
DA:297,0
DA:298,0
DA:299,0
DA:300,0
DA:306,0
DA:307,0
DA:308,0
DA:310,0
DA:311,0
DA:312,0
DA:313,0
DA:314,0
DA:316,0
DA:317,0
DA:318,0
DA:319,0
DA:320,0
DA:321,0
DA:323,0
DA:324,0
DA:328,0
DA:329,0
DA:330,0
DA:331,0
DA:332,0
DA:333,0
DA:334,0
DA:335,0
DA:336,0
DA:337,0
DA:338,0
DA:339,0
DA:340,0
DA:341,0
DA:342,0
DA:343,0
DA:346,0
DA:348,0
DA:351,0
DA:352,0
DA:353,0
DA:354,0
DA:355,0
DA:356,0
DA:357,0
DA:358,0
DA:359,0
DA:361,0
DA:363,0
DA:364,0
DA:365,0
DA:366,0
DA:367,0
DA:368,0
DA:369,0
DA:370,0
DA:371,0
DA:374,0
DA:375,0
DA:376,0
DA:378,0
DA:379,0
DA:380,0
DA:381,0
DA:382,0
DA:383,0
DA:386,0
DA:387,0
DA:388,0
DA:389,0
DA:391,0
DA:392,0
DA:393,0
DA:397,0
DA:398,0
DA:399,0
DA:400,0
DA:401,0
DA:402,0
DA:403,0
DA:404,0
DA:405,0
DA:406,0
DA:407,0
DA:410,0
DA:411,0
DA:412,0
DA:413,0
DA:417,0
DA:418,0
DA:419,0
DA:420,0
DA:421,0
DA:422,0
DA:423,0
DA:424,0
DA:425,0
DA:426,0
DA:427,0
DA:428,0
DA:429,0
DA:430,0
DA:431,0
DA:432,0
DA:433,0
DA:434,0
DA:435,0
DA:436,0
DA:437,0
DA:451,0
DA:452,0
DA:453,0
DA:454,0
DA:455,0
DA:456,0
DA:457,0
DA:458,0
DA:464,0
DA:465,0
DA:466,0
DA:469,0
DA:470,0
DA:471,0
DA:475,0
DA:476,0
DA:477,0
DA:483,0
DA:484,0
DA:485,0
DA:494,0
DA:495,0
DA:496,0
DA:498,0
DA:499,0
DA:501,0
DA:502,0
DA:503,0
DA:504,0
DA:505,0
DA:507,0
DA:508,0
DA:509,0
DA:510,0
DA:511,0
DA:512,0
DA:513,0
DA:514,0
DA:515,0
DA:516,0
DA:517,0
DA:518,0
DA:519,0
DA:520,0
DA:521,0
DA:522,0
DA:523,0
DA:524,0
DA:525,0
DA:526,0
DA:527,0
DA:528,0
DA:529,0
DA:530,0
DA:531,0
DA:532,0
DA:533,0
BRF:0
BRH:0
LF:265
LH:0
end_of_record
SF:/home/ubuntu/Code/s8-verifier/crates/lb-io/src/ring.rs
FN:73,_RNvNtCs4GBZUaiPV4D_5lb_io4ring10accept_one
FN:43,_RNvNtCs4GBZUaiPV4D_5lb_io4ring13nop_roundtrip
FN:245,_RNvNtCs4GBZUaiPV4D_5lb_io4ring19u32_from_nonneg_i32B3_
FN:237,_RNvNtCs4GBZUaiPV4D_5lb_io4ring21usize_from_nonneg_i32B3_
FN:255,_RNvNtCs4GBZUaiPV4D_5lb_io4ring30sockaddr_storage_to_socketaddr
FN:121,_RNvNtCs4GBZUaiPV4D_5lb_io4ring4recv
FN:146,_RNvNtCs4GBZUaiPV4D_5lb_io4ring4send
FN:172,_RNvNtCs4GBZUaiPV4D_5lb_io4ring6splice
FN:200,_RNvNtCs4GBZUaiPV4D_5lb_io4ring8push_sqe
FN:212,_RNvNtCs4GBZUaiPV4D_5lb_io4ring8reap_cqe
FN:225,_RNvNtCs4GBZUaiPV4D_5lb_io4ring9check_cqe
FN:81,_RNCNvNtCs4GBZUaiPV4D_5lb_io4ring10accept_one0B5_
FN:215,_RNCNvNtCs4GBZUaiPV4D_5lb_io4ring8reap_cqe0B5_
FNDA:0,_RNvNtCs4GBZUaiPV4D_5lb_io4ring10accept_one
FNDA:12,_RNvNtCs4GBZUaiPV4D_5lb_io4ring13nop_roundtrip
FNDA:0,_RNvNtCs4GBZUaiPV4D_5lb_io4ring19u32_from_nonneg_i32B3_
FNDA:0,_RNvNtCs4GBZUaiPV4D_5lb_io4ring21usize_from_nonneg_i32B3_
FNDA:0,_RNvNtCs4GBZUaiPV4D_5lb_io4ring30sockaddr_storage_to_socketaddr
FNDA:0,_RNvNtCs4GBZUaiPV4D_5lb_io4ring4recv
FNDA:0,_RNvNtCs4GBZUaiPV4D_5lb_io4ring4send
FNDA:0,_RNvNtCs4GBZUaiPV4D_5lb_io4ring6splice
FNDA:12,_RNvNtCs4GBZUaiPV4D_5lb_io4ring8push_sqe
FNDA:12,_RNvNtCs4GBZUaiPV4D_5lb_io4ring8reap_cqe
FNDA:12,_RNvNtCs4GBZUaiPV4D_5lb_io4ring9check_cqe
FNDA:0,_RNCNvNtCs4GBZUaiPV4D_5lb_io4ring10accept_one0B5_
FNDA:0,_RNCNvNtCs4GBZUaiPV4D_5lb_io4ring8reap_cqe0B5_
FNF:13
FNH:4
DA:43,12
DA:44,12
DA:45,12
DA:46,12
DA:47,12
DA:48,12
DA:49,12
DA:50,12
DA:52,12
DA:54,12
DA:55,12
DA:56,12
DA:57,12
DA:58,12
DA:59,12
DA:73,0
DA:74,0
DA:78,0
DA:79,0
DA:80,0
DA:81,0
DA:82,0
DA:83,0
DA:84,0
DA:85,0
DA:86,0
DA:88,0
DA:89,0
DA:90,0
DA:91,0
DA:92,0
DA:93,0
DA:94,0
DA:95,0
DA:96,0
DA:97,0
DA:98,0
DA:99,0
DA:101,0
DA:102,0
DA:103,0
DA:110,0
DA:112,0
DA:113,0
DA:121,0
DA:122,0
DA:123,0
DA:125,0
DA:126,0
DA:127,0
DA:128,0
DA:129,0
DA:130,0
DA:131,0
DA:132,0
DA:133,0
DA:135,0
DA:136,0
DA:137,0
DA:138,0
DA:139,0
DA:146,0
DA:147,0
DA:148,0
DA:150,0
DA:151,0
DA:152,0
DA:153,0
DA:154,0
DA:155,0
DA:156,0
DA:157,0
DA:159,0
DA:160,0
DA:161,0
DA:162,0
DA:163,0
DA:172,0
DA:173,0
DA:175,0
DA:176,0
DA:177,0
DA:178,0
DA:179,0
DA:180,0
DA:181,0
DA:182,0
DA:184,0
DA:185,0
DA:186,0
DA:187,0
DA:188,0
DA:200,12
DA:201,12
DA:202,12
DA:203,12
DA:204,12
DA:205,0
DA:206,0
DA:207,0
DA:208,0
DA:210,12
DA:212,12
DA:213,12
DA:214,12
DA:215,12
DA:216,0
DA:217,0
DA:218,0
DA:219,0
DA:220,12
DA:221,12
DA:225,12
DA:226,12
DA:227,12
DA:228,0
DA:230,12
DA:232,12
DA:237,0
DA:238,0
DA:239,0
DA:240,0
DA:245,0
DA:246,0
DA:247,0
DA:255,0
DA:256,0
DA:257,0
DA:258,0
DA:259,0
DA:260,0
DA:261,0
DA:263,0
DA:264,0
DA:265,0
DA:266,0
DA:267,0
DA:268,0
DA:269,0
DA:270,0
DA:271,0
DA:272,0
DA:273,0
DA:274,0
DA:275,0
DA:276,0
DA:279,0
DA:280,0
DA:281,0
DA:282,0
DA:283,0
DA:284,0
DA:285,0
DA:286,0
DA:287,0
DA:288,0
DA:289,0
DA:290,0
DA:291,0
DA:292,0
DA:293,0
DA:294,0
DA:295,0
DA:296,0
DA:298,0
DA:299,0
DA:300,0
DA:301,0
DA:303,0
BRF:0
BRH:0
LF:173
LH:32
end_of_record
SF:/home/ubuntu/Code/s8-verifier/crates/lb-io/src/sockopts.rs
FN:81,_RNvNtCs4GBZUaiPV4D_5lb_io8sockopts14apply_listener
FN:147,_RNvNtCs4GBZUaiPV4D_5lb_io8sockopts15apply_connected
FN:200,_RNvNtCs4GBZUaiPV4D_5lb_io8sockopts21apply_connected_tokio
FN:280,_RNvNtCs4GBZUaiPV4D_5lb_io8sockopts7set_int
FN:245,_RNvNtCs4GBZUaiPV4D_5lb_io8sockopts9apply_udp
FN:111,_RNCNvNtCs4GBZUaiPV4D_5lb_io8sockopts14apply_listener0B5_
FN:287,_RNCNvNtCs4GBZUaiPV4D_5lb_io8sockopts7set_int0B5_
FNDA:0,_RNvNtCs4GBZUaiPV4D_5lb_io8sockopts14apply_listener
FNDA:0,_RNvNtCs4GBZUaiPV4D_5lb_io8sockopts15apply_connected
FNDA:7,_RNvNtCs4GBZUaiPV4D_5lb_io8sockopts21apply_connected_tokio
FNDA:0,_RNvNtCs4GBZUaiPV4D_5lb_io8sockopts7set_int
FNDA:0,_RNvNtCs4GBZUaiPV4D_5lb_io8sockopts9apply_udp
FNDA:0,_RNCNvNtCs4GBZUaiPV4D_5lb_io8sockopts14apply_listener0B5_
FNDA:0,_RNCNvNtCs4GBZUaiPV4D_5lb_io8sockopts7set_int0B5_
FNF:7
FNH:1
DA:81,0
DA:82,0
DA:83,0
DA:84,0
DA:85,0
DA:87,0
DA:88,0
DA:89,0
DA:90,0
DA:91,0
DA:92,0
DA:93,0
DA:94,0
DA:95,0
DA:96,0
DA:97,0
DA:98,0
DA:99,0
DA:100,0
DA:101,0
DA:106,0
DA:107,0
DA:108,0
DA:109,0
DA:110,0
DA:111,0
DA:112,0
DA:113,0
DA:114,0
DA:115,0
DA:116,0
DA:117,0
DA:118,0
DA:119,0
DA:124,0
DA:125,0
DA:126,0
DA:127,0
DA:128,0
DA:139,0
DA:140,0
DA:147,0
DA:148,0
DA:149,0
DA:150,0
DA:151,0
DA:152,0
DA:153,0
DA:154,0
DA:155,0
DA:156,0
DA:157,0
DA:158,0
DA:159,0
DA:160,0
DA:165,0
DA:166,0
DA:167,0
DA:168,0
DA:169,0
DA:170,0
DA:171,0
DA:172,0
DA:173,0
DA:174,0
DA:183,0
DA:184,0
DA:200,7
DA:201,7
DA:202,7
DA:203,7
DA:204,7
DA:205,7
DA:206,7
DA:207,0
DA:208,7
DA:209,0
DA:210,7
DA:211,7
DA:212,0
DA:213,7
DA:214,7
DA:215,0
DA:216,7
DA:221,7
DA:222,7
DA:223,0
DA:224,7
DA:225,7
DA:226,0
DA:227,0
DA:228,7
DA:237,7
DA:238,7
DA:245,0
DA:246,0
DA:247,0
DA:248,0
DA:249,0
DA:250,0
DA:251,0
DA:252,0
DA:253,0
DA:254,0
DA:255,0
DA:256,0
DA:261,0
DA:262,0
DA:263,0
DA:264,0
DA:265,0
DA:266,0
DA:275,0
DA:276,0
DA:280,0
DA:281,0
DA:282,0
DA:283,0
DA:284,0
DA:285,0
DA:286,0
DA:287,0
DA:292,0
DA:293,0
DA:294,0
DA:296,0
DA:298,0
BRF:0
BRH:0
LF:130
LH:20
end_of_record
SF:/home/ubuntu/Code/s8-verifier/crates/lb-l7/src/authority.rs
FN:66,_RINvNtCsiFMhfKJXoB5_5lb_l79authority16validate_requestNtNtNtCsgB3dp6qvXvn_5hyper4body8incoming8IncomingEB4_
FN:71,_RNCINvNtCsiFMhfKJXoB5_5lb_l79authority16validate_requestNtNtNtCsgB3dp6qvXvn_5hyper4body8incoming8IncomingE0B6_
FN:75,_RNCINvNtCsiFMhfKJXoB5_5lb_l79authority16validate_requestNtNtNtCsgB3dp6qvXvn_5hyper4body8incoming8IncomingEs_0B6_
FNDA:12,_RINvNtCsiFMhfKJXoB5_5lb_l79authority16validate_requestNtNtNtCsgB3dp6qvXvn_5hyper4body8incoming8IncomingEB4_
FNDA:0,_RNCINvNtCsiFMhfKJXoB5_5lb_l79authority16validate_requestNtNtNtCsgB3dp6qvXvn_5hyper4body8incoming8IncomingE0B6_
FNDA:12,_RNCINvNtCsiFMhfKJXoB5_5lb_l79authority16validate_requestNtNtNtCsgB3dp6qvXvn_5hyper4body8incoming8IncomingEs_0B6_
FNF:3
FNH:2
DA:66,12
DA:67,12
DA:68,12
DA:69,12
DA:70,12
DA:71,12
DA:72,12
DA:73,12
DA:74,12
DA:75,12
DA:77,12
DA:78,0
DA:79,12
DA:81,12
DA:82,12
BRF:0
BRH:0
LF:17
LH:15
end_of_record
SF:/home/ubuntu/Code/s8-verifier/crates/lb-l7/src/grpc_proxy.rs
FN:279,_RINvNtCsiFMhfKJXoB5_5lb_l710grpc_proxy15is_grpc_requestNtNtNtCsgB3dp6qvXvn_5hyper4body8incoming8IncomingEB4_
FN:282,_RNCINvNtCsiFMhfKJXoB5_5lb_l710grpc_proxy15is_grpc_requestNtNtNtCsgB3dp6qvXvn_5hyper4body8incoming8IncomingE0B6_
FN:283,_RNCINvNtCsiFMhfKJXoB5_5lb_l710grpc_proxy15is_grpc_requestNtNtNtCsgB3dp6qvXvn_5hyper4body8incoming8IncomingEs_0B6_
FN:292,_RNCNCINvNtCsiFMhfKJXoB5_5lb_l710grpc_proxy15is_grpc_requestNtNtNtCsgB3dp6qvXvn_5hyper4body8incoming8IncomingEs_00B8_
FN:247,_RNCNCNvMs_NtCsiFMhfKJXoB5_5lb_l710grpc_proxyNtB8_9GrpcProxy7forward00Ba_
FN:389,_RNCNCNvNtCsiFMhfKJXoB5_5lb_l710grpc_proxy19handle_health_check00B7_
FN:149,_RNCNvMs_NtCsiFMhfKJXoB5_5lb_l710grpc_proxyNtB6_9GrpcProxy6handle0B8_
FN:170,_RNCNvMs_NtCsiFMhfKJXoB5_5lb_l710grpc_proxyNtB6_9GrpcProxy7forward0B8_
FN:596,_RNCNvNtCsiFMhfKJXoB5_5lb_l710grpc_proxy17finalize_upstream0B5_
FN:576,_RNCNvNtCsiFMhfKJXoB5_5lb_l710grpc_proxy19grpc_error_response0B5_
FN:384,_RNCNvNtCsiFMhfKJXoB5_5lb_l710grpc_proxy19handle_health_check0B5_
FN:307,_RNCNvNtCsiFMhfKJXoB5_5lb_l710grpc_proxy24rewrite_uri_for_upstream0B5_
FN:428,_RNCNvNtCsiFMhfKJXoB5_5lb_l710grpc_proxy29health_check_serving_response0B5_
FN:130,_RNvMs_NtCsiFMhfKJXoB5_5lb_l710grpc_proxyNtB4_9GrpcProxy20max_header_list_size
FN:113,_RNvMs_NtCsiFMhfKJXoB5_5lb_l710grpc_proxyNtB4_9GrpcProxy25with_max_header_list_size
FN:98,_RNvMs_NtCsiFMhfKJXoB5_5lb_l710grpc_proxyNtB4_9GrpcProxy3new
FN:120,_RNvMs_NtCsiFMhfKJXoB5_5lb_l710grpc_proxyNtB4_9GrpcProxy6config
FN:145,_RNvMs_NtCsiFMhfKJXoB5_5lb_l710grpc_proxyNtB4_9GrpcProxy6handle
FN:166,_RNvMs_NtCsiFMhfKJXoB5_5lb_l710grpc_proxyNtB4_9GrpcProxy7forward
FN:530,_RNvNtCsiFMhfKJXoB5_5lb_l710grpc_proxy11read_varint
FN:547,_RNvNtCsiFMhfKJXoB5_5lb_l710grpc_proxy14empty_fallback
FN:586,_RNvNtCsiFMhfKJXoB5_5lb_l710grpc_proxy17finalize_upstream
FN:559,_RNvNtCsiFMhfKJXoB5_5lb_l710grpc_proxy19grpc_error_response
FN:384,_RNvNtCsiFMhfKJXoB5_5lb_l710grpc_proxy19handle_health_check
FN:301,_RNvNtCsiFMhfKJXoB5_5lb_l710grpc_proxy24rewrite_uri_for_upstream
FN:445,_RNvNtCsiFMhfKJXoB5_5lb_l710grpc_proxy27decode_health_check_service
FN:333,_RNvNtCsiFMhfKJXoB5_5lb_l710grpc_proxy28parse_and_clamp_grpc_timeout
FN:404,_RNvNtCsiFMhfKJXoB5_5lb_l710grpc_proxy29health_check_serving_response
FN:64,_RNvXNtCsiFMhfKJXoB5_5lb_l710grpc_proxyNtB2_10GrpcConfigNtNtCs2va5m0jqTTM_4core7default7Default7default
FNDA:0,_RINvNtCsiFMhfKJXoB5_5lb_l710grpc_proxy15is_grpc_requestNtNtNtCsgB3dp6qvXvn_5hyper4body8incoming8IncomingEB4_
FNDA:0,_RNCINvNtCsiFMhfKJXoB5_5lb_l710grpc_proxy15is_grpc_requestNtNtNtCsgB3dp6qvXvn_5hyper4body8incoming8IncomingE0B6_
FNDA:0,_RNCINvNtCsiFMhfKJXoB5_5lb_l710grpc_proxy15is_grpc_requestNtNtNtCsgB3dp6qvXvn_5hyper4body8incoming8IncomingEs_0B6_
FNDA:0,_RNCNCINvNtCsiFMhfKJXoB5_5lb_l710grpc_proxy15is_grpc_requestNtNtNtCsgB3dp6qvXvn_5hyper4body8incoming8IncomingEs_00B8_
FNDA:0,_RNCNCNvMs_NtCsiFMhfKJXoB5_5lb_l710grpc_proxyNtB8_9GrpcProxy7forward00Ba_
FNDA:0,_RNCNCNvNtCsiFMhfKJXoB5_5lb_l710grpc_proxy19handle_health_check00B7_
FNDA:0,_RNCNvMs_NtCsiFMhfKJXoB5_5lb_l710grpc_proxyNtB6_9GrpcProxy6handle0B8_
FNDA:0,_RNCNvMs_NtCsiFMhfKJXoB5_5lb_l710grpc_proxyNtB6_9GrpcProxy7forward0B8_
FNDA:0,_RNCNvNtCsiFMhfKJXoB5_5lb_l710grpc_proxy17finalize_upstream0B5_
FNDA:0,_RNCNvNtCsiFMhfKJXoB5_5lb_l710grpc_proxy19grpc_error_response0B5_
FNDA:0,_RNCNvNtCsiFMhfKJXoB5_5lb_l710grpc_proxy19handle_health_check0B5_
FNDA:0,_RNCNvNtCsiFMhfKJXoB5_5lb_l710grpc_proxy24rewrite_uri_for_upstream0B5_
FNDA:0,_RNCNvNtCsiFMhfKJXoB5_5lb_l710grpc_proxy29health_check_serving_response0B5_
FNDA:0,_RNvMs_NtCsiFMhfKJXoB5_5lb_l710grpc_proxyNtB4_9GrpcProxy20max_header_list_size
FNDA:0,_RNvMs_NtCsiFMhfKJXoB5_5lb_l710grpc_proxyNtB4_9GrpcProxy25with_max_header_list_size
FNDA:0,_RNvMs_NtCsiFMhfKJXoB5_5lb_l710grpc_proxyNtB4_9GrpcProxy3new
FNDA:0,_RNvMs_NtCsiFMhfKJXoB5_5lb_l710grpc_proxyNtB4_9GrpcProxy6config
FNDA:0,_RNvMs_NtCsiFMhfKJXoB5_5lb_l710grpc_proxyNtB4_9GrpcProxy6handle
FNDA:0,_RNvMs_NtCsiFMhfKJXoB5_5lb_l710grpc_proxyNtB4_9GrpcProxy7forward
FNDA:0,_RNvNtCsiFMhfKJXoB5_5lb_l710grpc_proxy11read_varint
FNDA:0,_RNvNtCsiFMhfKJXoB5_5lb_l710grpc_proxy14empty_fallback
FNDA:0,_RNvNtCsiFMhfKJXoB5_5lb_l710grpc_proxy17finalize_upstream
FNDA:0,_RNvNtCsiFMhfKJXoB5_5lb_l710grpc_proxy19grpc_error_response
FNDA:0,_RNvNtCsiFMhfKJXoB5_5lb_l710grpc_proxy19handle_health_check
FNDA:0,_RNvNtCsiFMhfKJXoB5_5lb_l710grpc_proxy24rewrite_uri_for_upstream
FNDA:0,_RNvNtCsiFMhfKJXoB5_5lb_l710grpc_proxy27decode_health_check_service
FNDA:0,_RNvNtCsiFMhfKJXoB5_5lb_l710grpc_proxy28parse_and_clamp_grpc_timeout
FNDA:0,_RNvNtCsiFMhfKJXoB5_5lb_l710grpc_proxy29health_check_serving_response
FNDA:0,_RNvXNtCsiFMhfKJXoB5_5lb_l710grpc_proxyNtB2_10GrpcConfigNtNtCs2va5m0jqTTM_4core7default7Default7default
FNF:29
FNH:0
DA:64,0
DA:65,0
DA:66,0
DA:67,0
DA:68,0
DA:69,0
DA:70,0
DA:98,0
DA:99,0
DA:100,0
DA:101,0
DA:102,0
DA:103,0
DA:104,0
DA:113,0
DA:114,0
DA:115,0
DA:116,0
DA:120,0
DA:121,0
DA:122,0
DA:130,0
DA:131,0
DA:132,0
DA:145,0
DA:146,0
DA:147,0
DA:148,0
DA:149,0
DA:150,0
DA:151,0
DA:152,0
DA:154,0
DA:155,0
DA:156,0
DA:157,0
DA:166,0
DA:167,0
DA:168,0
DA:169,0
DA:170,0
DA:171,0
DA:178,0
DA:179,0
DA:180,0
DA:181,0
DA:182,0
DA:183,0
DA:184,0
DA:185,0
DA:186,0
DA:194,0
DA:195,0
DA:196,0
DA:202,0
DA:203,0
DA:204,0
DA:210,0
DA:211,0
DA:215,0
DA:216,0
DA:217,0
DA:218,0
DA:219,0
DA:220,0
DA:221,0
DA:224,0
DA:225,0
DA:233,0
DA:234,0
DA:235,0
DA:236,0
DA:237,0
DA:239,0
DA:240,0
DA:241,0
DA:242,0
DA:243,0
DA:244,0
DA:247,0
DA:248,0
DA:249,0
DA:250,0
DA:251,0
DA:252,0
DA:253,0
DA:254,0
DA:255,0
DA:257,0
DA:258,0
DA:261,0
DA:264,0
DA:265,0
DA:266,0
DA:267,0
DA:268,0
DA:271,0
DA:272,0
DA:273,0
DA:274,0
DA:279,0
DA:280,0
DA:281,0
DA:282,0
DA:283,0
DA:284,0
DA:285,0
DA:286,0
DA:287,0
DA:288,0
DA:289,0
DA:290,0
DA:292,0
DA:293,0
DA:294,0
DA:301,0
DA:302,0
DA:303,0
DA:304,0
DA:305,0
DA:306,0
DA:307,0
DA:308,0
DA:309,0
DA:310,0
DA:333,0
DA:334,0
DA:335,0
DA:337,0
DA:339,0
DA:341,0
DA:342,0
DA:343,0
DA:345,0
DA:346,0
DA:347,0
DA:348,0
DA:349,0
DA:350,0
DA:351,0
DA:352,0
DA:384,0
DA:388,0
DA:389,0
DA:390,0
DA:391,0
DA:392,0
DA:393,0
DA:394,0
DA:395,0
DA:396,0
DA:397,0
DA:398,0
DA:399,0
DA:404,0
DA:405,0
DA:406,0
DA:407,0
DA:408,0
DA:409,0
DA:410,0
DA:411,0
DA:412,0
DA:413,0
DA:414,0
DA:415,0
DA:416,0
DA:417,0
DA:418,0
DA:419,0
DA:420,0
DA:421,0
DA:422,0
DA:423,0
DA:424,0
DA:425,0
DA:426,0
DA:427,0
DA:428,0
DA:429,0
DA:445,0
DA:446,0
DA:447,0
DA:448,0
DA:449,0
DA:451,0
DA:452,0
DA:456,0
DA:457,0
DA:458,0
DA:459,0
DA:460,0
DA:461,0
DA:462,0
DA:463,0
DA:464,0
DA:465,0
DA:466,0
DA:468,0
DA:469,0
DA:470,0
DA:471,0
DA:474,0
DA:475,0
DA:477,0
DA:478,0
DA:479,0
DA:481,0
DA:482,0
DA:484,0
DA:485,0
DA:486,0
DA:487,0
DA:488,0
DA:490,0
DA:491,0
DA:493,0
DA:497,0
DA:498,0
DA:500,0
DA:504,0
DA:505,0
DA:507,0
DA:508,0
DA:509,0
DA:511,0
DA:512,0
DA:514,0
DA:515,0
DA:516,0
DA:517,0
DA:519,0
DA:520,0
DA:521,0
DA:524,0
DA:525,0
DA:530,0
DA:531,0
DA:532,0
DA:533,0
DA:534,0
DA:535,0
DA:536,0
DA:537,0
DA:538,0
DA:539,0
DA:540,0
DA:541,0
DA:542,0
DA:544,0
DA:545,0
DA:547,0
DA:548,0
DA:549,0
DA:550,0
DA:551,0
DA:552,0
DA:553,0
DA:559,0
DA:560,0
DA:561,0
DA:562,0
DA:563,0
DA:564,0
DA:565,0
DA:566,0
DA:567,0
DA:568,0
DA:569,0
DA:570,0
DA:571,0
DA:572,0
DA:573,0
DA:574,0
DA:575,0
DA:576,0
DA:577,0
DA:586,0
DA:587,0
DA:588,0
DA:589,0
DA:590,0
DA:591,0
DA:592,0
DA:593,0
DA:594,0
DA:595,0
DA:596,0
DA:597,0
DA:598,0
DA:599,0
DA:600,0
BRF:0
BRH:0
LF:306
LH:0
end_of_record
SF:/home/ubuntu/Code/s8-verifier/crates/lb-l7/src/h1_proxy.rs
FN:480,_RINvMs2_NtCsiFMhfKJXoB5_5lb_l78h1_proxyNtB6_7H1Proxy16serve_connectionINtNtCs7m3feRqGqA4_12tokio_rustls6server9TlsStreamNtNtNtNtCsfWKKmeeA0Vo_5tokio3net3tcp6stream9TcpStreamEECs2gn4DoUa6Db_28h2_validation_before_forward
FN:515,_RINvMs2_NtCsiFMhfKJXoB5_5lb_l78h1_proxyNtB6_7H1Proxy28serve_connection_with_cancelINtNtCs7m3feRqGqA4_12tokio_rustls6server9TlsStreamNtNtNtNtCsfWKKmeeA0Vo_5tokio3net3tcp6stream9TcpStreamEECs2gn4DoUa6Db_28h2_validation_before_forward
FN:546,_RINvMs2_NtCsiFMhfKJXoB5_5lb_l78h1_proxyNtB6_7H1Proxy32serve_connection_with_cancel_sniINtNtCs7m3feRqGqA4_12tokio_rustls6server9TlsStreamNtNtNtNtCsfWKKmeeA0Vo_5tokio3net3tcp6stream9TcpStreamEECs2gn4DoUa6Db_28h2_validation_before_forward
FN:483,_RNCINvMs2_NtCsiFMhfKJXoB5_5lb_l78h1_proxyNtB8_7H1Proxy16serve_connectionINtNtCs7m3feRqGqA4_12tokio_rustls6server9TlsStreamNtNtNtNtCsfWKKmeeA0Vo_5tokio3net3tcp6stream9TcpStreamEE0Cs2gn4DoUa6Db_28h2_validation_before_forward
FN:523,_RNCINvMs2_NtCsiFMhfKJXoB5_5lb_l78h1_proxyNtB8_7H1Proxy28serve_connection_with_cancelINtNtCs7m3feRqGqA4_12tokio_rustls6server9TlsStreamNtNtNtNtCsfWKKmeeA0Vo_5tokio3net3tcp6stream9TcpStreamEE0Cs2gn4DoUa6Db_28h2_validation_before_forward
FN:555,_RNCINvMs2_NtCsiFMhfKJXoB5_5lb_l78h1_proxyNtB8_7H1Proxy32serve_connection_with_cancel_sniINtNtCs7m3feRqGqA4_12tokio_rustls6server9TlsStreamNtNtNtNtCsfWKKmeeA0Vo_5tokio3net3tcp6stream9TcpStreamEE0Cs2gn4DoUa6Db_28h2_validation_before_forward
FN:480,_RINvMs2_NtCsiFMhfKJXoB5_5lb_l78h1_proxyNtB6_7H1Proxy16serve_connectionpEB8_
FN:515,_RINvMs2_NtCsiFMhfKJXoB5_5lb_l78h1_proxyNtB6_7H1Proxy28serve_connection_with_cancelpEB8_
FN:546,_RINvMs2_NtCsiFMhfKJXoB5_5lb_l78h1_proxyNtB6_7H1Proxy32serve_connection_with_cancel_snipEB8_
FN:483,_RNCINvMs2_NtCsiFMhfKJXoB5_5lb_l78h1_proxyNtB8_7H1Proxy16serve_connectionpE0Ba_
FN:523,_RNCINvMs2_NtCsiFMhfKJXoB5_5lb_l78h1_proxyNtB8_7H1Proxy28serve_connection_with_cancelpE0Ba_
FN:555,_RNCINvMs2_NtCsiFMhfKJXoB5_5lb_l78h1_proxyNtB8_7H1Proxy32serve_connection_with_cancel_snipE0Ba_
FN:1751,_RNCNCNCNCNvNtCsiFMhfKJXoB5_5lb_l78h1_proxy23upstream_response_to_h10000Bb_
FN:1625,_RNCNCNCNCNvNtCsiFMhfKJXoB5_5lb_l78h1_proxy26translate_h1_request_to_h20s_000Bb_
FN:1891,_RNCNCNCNCNvNtCsiFMhfKJXoB5_5lb_l78h1_proxy34collect_h1_request_to_h3_fieldlist0s_000Bb_
FN:953,_RNCNCNCNvMs4_NtCsiFMhfKJXoB5_5lb_l78h1_proxyNtBb_7H1Proxy12handle_inner0s5_00Bd_
FN:987,_RNCNCNCNvMs4_NtCsiFMhfKJXoB5_5lb_l78h1_proxyNtBb_7H1Proxy12handle_inner0s6_00Bd_
FN:1748,_RNCNCNCNvNtCsiFMhfKJXoB5_5lb_l78h1_proxy23upstream_response_to_h1000B9_
FN:1765,_RNCNCNCNvNtCsiFMhfKJXoB5_5lb_l78h1_proxy23upstream_response_to_h10s_00B9_
FN:1643,_RNCNCNCNvNtCsiFMhfKJXoB5_5lb_l78h1_proxy26translate_h1_request_to_h20s1_00B9_
FN:1622,_RNCNCNCNvNtCsiFMhfKJXoB5_5lb_l78h1_proxy26translate_h1_request_to_h20s_00B9_
FN:1916,_RNCNCNCNvNtCsiFMhfKJXoB5_5lb_l78h1_proxy34collect_h1_request_to_h3_fieldlist0s3_00B9_
FN:1888,_RNCNCNCNvNtCsiFMhfKJXoB5_5lb_l78h1_proxy34collect_h1_request_to_h3_fieldlist0s_00B9_
FN:805,_RNCNCNvMs4_NtCsiFMhfKJXoB5_5lb_l78h1_proxyNtB9_7H1Proxy12handle_inner00Bb_
FN:828,_RNCNCNvMs4_NtCsiFMhfKJXoB5_5lb_l78h1_proxyNtB9_7H1Proxy12handle_inner0s0_0Bb_
FN:856,_RNCNCNvMs4_NtCsiFMhfKJXoB5_5lb_l78h1_proxyNtB9_7H1Proxy12handle_inner0s1_0Bb_
FN:868,_RNCNCNvMs4_NtCsiFMhfKJXoB5_5lb_l78h1_proxyNtB9_7H1Proxy12handle_inner0s2_0Bb_
FN:896,_RNCNCNvMs4_NtCsiFMhfKJXoB5_5lb_l78h1_proxyNtB9_7H1Proxy12handle_inner0s3_0Bb_
FN:923,_RNCNCNvMs4_NtCsiFMhfKJXoB5_5lb_l78h1_proxyNtB9_7H1Proxy12handle_inner0s4_0Bb_
FN:950,_RNCNCNvMs4_NtCsiFMhfKJXoB5_5lb_l78h1_proxyNtB9_7H1Proxy12handle_inner0s5_0Bb_
FN:971,_RNCNCNvMs4_NtCsiFMhfKJXoB5_5lb_l78h1_proxyNtB9_7H1Proxy12handle_inner0s6_0Bb_
FN:998,_RNCNCNvMs4_NtCsiFMhfKJXoB5_5lb_l78h1_proxyNtB9_7H1Proxy12handle_inner0s7_0Bb_
FN:806,_RNCNCNvMs4_NtCsiFMhfKJXoB5_5lb_l78h1_proxyNtB9_7H1Proxy12handle_inner0s_0Bb_
FN:1086,_RNCNCNvMs4_NtCsiFMhfKJXoB5_5lb_l78h1_proxyNtB9_7H1Proxy13proxy_request00Bb_
FN:1099,_RNCNCNvMs4_NtCsiFMhfKJXoB5_5lb_l78h1_proxyNtB9_7H1Proxy13proxy_request0s0_0Bb_
FN:1101,_RNCNCNvMs4_NtCsiFMhfKJXoB5_5lb_l78h1_proxyNtB9_7H1Proxy13proxy_request0s1_0Bb_
FN:1095,_RNCNCNvMs4_NtCsiFMhfKJXoB5_5lb_l78h1_proxyNtB9_7H1Proxy13proxy_request0s_0Bb_
FN:1258,_RNCNCNvMs4_NtCsiFMhfKJXoB5_5lb_l78h1_proxyNtB9_7H1Proxy17handle_ws_upgrade00Bb_
FN:1322,_RNCNCNvMs4_NtCsiFMhfKJXoB5_5lb_l78h1_proxyNtB9_7H1Proxy17handle_ws_upgrade0s0_0Bb_
FN:1323,_RNCNCNvMs4_NtCsiFMhfKJXoB5_5lb_l78h1_proxyNtB9_7H1Proxy17handle_ws_upgrade0s1_0Bb_
FN:1325,_RNCNCNvMs4_NtCsiFMhfKJXoB5_5lb_l78h1_proxyNtB9_7H1Proxy17handle_ws_upgrade0s2_0Bb_
FN:1326,_RNCNCNvMs4_NtCsiFMhfKJXoB5_5lb_l78h1_proxyNtB9_7H1Proxy17handle_ws_upgrade0s3_0Bb_
FN:1337,_RNCNCNvMs4_NtCsiFMhfKJXoB5_5lb_l78h1_proxyNtB9_7H1Proxy17handle_ws_upgrade0s5_0Bb_
FN:1262,_RNCNCNvMs4_NtCsiFMhfKJXoB5_5lb_l78h1_proxyNtB9_7H1Proxy17handle_ws_upgrade0s_0Bb_
FN:1389,_RNCNCNvNtCsiFMhfKJXoB5_5lb_l78h1_proxy16dial_upstream_ws00B7_
FN:1396,_RNCNCNvNtCsiFMhfKJXoB5_5lb_l78h1_proxy16dial_upstream_ws0s0_0B7_
FN:1424,_RNCNCNvNtCsiFMhfKJXoB5_5lb_l78h1_proxy16dial_upstream_ws0s1_0B7_
FN:1392,_RNCNCNvNtCsiFMhfKJXoB5_5lb_l78h1_proxy16dial_upstream_ws0s_0B7_
FN:1746,_RNCNCNvNtCsiFMhfKJXoB5_5lb_l78h1_proxy23upstream_response_to_h100B7_
FN:1762,_RNCNCNvNtCsiFMhfKJXoB5_5lb_l78h1_proxy23upstream_response_to_h10s_0B7_
FN:1615,_RNCNCNvNtCsiFMhfKJXoB5_5lb_l78h1_proxy26translate_h1_request_to_h200B7_
FN:1636,_RNCNCNvNtCsiFMhfKJXoB5_5lb_l78h1_proxy26translate_h1_request_to_h20s0_0B7_
FN:1640,_RNCNCNvNtCsiFMhfKJXoB5_5lb_l78h1_proxy26translate_h1_request_to_h20s1_0B7_
FN:1652,_RNCNCNvNtCsiFMhfKJXoB5_5lb_l78h1_proxy26translate_h1_request_to_h20s2_0B7_
FN:1658,_RNCNCNvNtCsiFMhfKJXoB5_5lb_l78h1_proxy26translate_h1_request_to_h20s3_0B7_
FN:1659,_RNCNCNvNtCsiFMhfKJXoB5_5lb_l78h1_proxy26translate_h1_request_to_h20s4_0B7_
FN:1660,_RNCNCNvNtCsiFMhfKJXoB5_5lb_l78h1_proxy26translate_h1_request_to_h20s5_0B7_
FN:1689,_RNCNCNvNtCsiFMhfKJXoB5_5lb_l78h1_proxy26translate_h1_request_to_h20s6_0B7_
FN:1620,_RNCNCNvNtCsiFMhfKJXoB5_5lb_l78h1_proxy26translate_h1_request_to_h20s_0B7_
FN:1881,_RNCNCNvNtCsiFMhfKJXoB5_5lb_l78h1_proxy34collect_h1_request_to_h3_fieldlist00B7_
FN:1899,_RNCNCNvNtCsiFMhfKJXoB5_5lb_l78h1_proxy34collect_h1_request_to_h3_fieldlist0s0_0B7_
FN:1900,_RNCNCNvNtCsiFMhfKJXoB5_5lb_l78h1_proxy34collect_h1_request_to_h3_fieldlist0s1_0B7_
FN:1908,_RNCNCNvNtCsiFMhfKJXoB5_5lb_l78h1_proxy34collect_h1_request_to_h3_fieldlist0s2_0B7_
FN:1913,_RNCNCNvNtCsiFMhfKJXoB5_5lb_l78h1_proxy34collect_h1_request_to_h3_fieldlist0s3_0B7_
FN:1920,_RNCNCNvNtCsiFMhfKJXoB5_5lb_l78h1_proxy34collect_h1_request_to_h3_fieldlist0s4_0B7_
FN:1934,_RNCNCNvNtCsiFMhfKJXoB5_5lb_l78h1_proxy34collect_h1_request_to_h3_fieldlist0s5_0B7_
FN:1938,_RNCNCNvNtCsiFMhfKJXoB5_5lb_l78h1_proxy34collect_h1_request_to_h3_fieldlist0s6_0B7_
FN:1886,_RNCNCNvNtCsiFMhfKJXoB5_5lb_l78h1_proxy34collect_h1_request_to_h3_fieldlist0s_0B7_
FN:766,_RNCNvMs4_NtCsiFMhfKJXoB5_5lb_l78h1_proxyNtB7_7H1Proxy12handle_inner0B9_
FN:1077,_RNCNvMs4_NtCsiFMhfKJXoB5_5lb_l78h1_proxyNtB7_7H1Proxy13proxy_request0B9_
FN:1140,_RNCNvMs4_NtCsiFMhfKJXoB5_5lb_l78h1_proxyNtB7_7H1Proxy14proxy_h1_to_h20B9_
FN:1169,_RNCNvMs4_NtCsiFMhfKJXoB5_5lb_l78h1_proxyNtB7_7H1Proxy14proxy_h1_to_h30B9_
FN:1235,_RNCNvMs4_NtCsiFMhfKJXoB5_5lb_l78h1_proxyNtB7_7H1Proxy17handle_ws_upgrade0B9_
FN:733,_RNCNvMs4_NtCsiFMhfKJXoB5_5lb_l78h1_proxyNtB7_7H1Proxy6handle0B9_
FN:1382,_RNCNvNtCsiFMhfKJXoB5_5lb_l78h1_proxy16dial_upstream_ws0B5_
FN:1504,_RNCNvNtCsiFMhfKJXoB5_5lb_l78h1_proxy16strip_hop_by_hop0B5_
FN:1507,_RNCNvNtCsiFMhfKJXoB5_5lb_l78h1_proxy16strip_hop_by_hops0_0B5_
FN:1508,_RNCNvNtCsiFMhfKJXoB5_5lb_l78h1_proxy16strip_hop_by_hops1_0B5_
FN:1505,_RNCNvNtCsiFMhfKJXoB5_5lb_l78h1_proxy16strip_hop_by_hops_0B5_
FN:1437,_RNCNvNtCsiFMhfKJXoB5_5lb_l78h1_proxy21run_h1_ws_splice_task0B5_
FN:1733,_RNCNvNtCsiFMhfKJXoB5_5lb_l78h1_proxy23upstream_response_to_h10B5_
FN:1608,_RNCNvNtCsiFMhfKJXoB5_5lb_l78h1_proxy26translate_h1_request_to_h20B5_
FN:1834,_RNCNvNtCsiFMhfKJXoB5_5lb_l78h1_proxy31build_h1_response_with_trailers0B5_
FN:1855,_RNCNvNtCsiFMhfKJXoB5_5lb_l78h1_proxy31build_h1_response_with_trailerss_0B5_
FN:1875,_RNCNvNtCsiFMhfKJXoB5_5lb_l78h1_proxy34collect_h1_request_to_h3_fieldlist0B5_
FN:692,_RNCNvXs3_NtCsiFMhfKJXoB5_5lb_l78h1_proxyNtB7_12ProxyServiceINtNtNtCsgB3dp6qvXvn_5hyper7service7service7ServiceINtNtCsjFxw70quGA5_4http7request7RequestNtNtNtB12_4body8incoming8IncomingEE4call0B9_
FN:93,_RNvMNtCsiFMhfKJXoB5_5lb_l78h1_proxyNtB2_12AltSvcConfig12header_value
FN:164,_RNvMs0_NtCsiFMhfKJXoB5_5lb_l78h1_proxyNtB5_15RoundRobinAddrs3new
FN:354,_RNvMs2_NtCsiFMhfKJXoB5_5lb_l78h1_proxyNtB5_7H1Proxy10with_hooks
FN:369,_RNvMs2_NtCsiFMhfKJXoB5_5lb_l78h1_proxyNtB5_7H1Proxy13with_watchdog
FN:462,_RNvMs2_NtCsiFMhfKJXoB5_5lb_l78h1_proxyNtB5_7H1Proxy14with_websocket
FN:427,_RNvMs2_NtCsiFMhfKJXoB5_5lb_l78h1_proxyNtB5_7H1Proxy15has_h2_upstream
FN:434,_RNvMs2_NtCsiFMhfKJXoB5_5lb_l78h1_proxyNtB5_7H1Proxy15has_h3_upstream
FN:410,_RNvMs2_NtCsiFMhfKJXoB5_5lb_l78h1_proxyNtB5_7H1Proxy16with_h2_upstream
FN:418,_RNvMs2_NtCsiFMhfKJXoB5_5lb_l78h1_proxyNtB5_7H1Proxy16with_h3_upstream
FN:317,_RNvMs2_NtCsiFMhfKJXoB5_5lb_l78h1_proxyNtB5_7H1Proxy16with_multi_proto
FN:402,_RNvMs2_NtCsiFMhfKJXoB5_5lb_l78h1_proxyNtB5_7H1Proxy17with_expected_sni
FN:379,_RNvMs2_NtCsiFMhfKJXoB5_5lb_l78h1_proxyNtB5_7H1Proxy19with_smuggle_strict
FN:443,_RNvMs2_NtCsiFMhfKJXoB5_5lb_l78h1_proxyNtB5_7H1Proxy27with_max_keepalive_requests
FN:390,_RNvMs2_NtCsiFMhfKJXoB5_5lb_l78h1_proxyNtB5_7H1Proxy29with_header_underscore_policy
FN:453,_RNvMs2_NtCsiFMhfKJXoB5_5lb_l78h1_proxyNtB5_7H1Proxy33keepalive_cap_termination_counter
FN:273,_RNvMs2_NtCsiFMhfKJXoB5_5lb_l78h1_proxyNtB5_7H1Proxy3new
FN:760,_RNvMs4_NtCsiFMhfKJXoB5_5lb_l78h1_proxyNtB5_7H1Proxy12handle_inner
FN:1073,_RNvMs4_NtCsiFMhfKJXoB5_5lb_l78h1_proxyNtB5_7H1Proxy13proxy_request
FN:1136,_RNvMs4_NtCsiFMhfKJXoB5_5lb_l78h1_proxyNtB5_7H1Proxy14proxy_h1_to_h2
FN:1165,_RNvMs4_NtCsiFMhfKJXoB5_5lb_l78h1_proxyNtB5_7H1Proxy14proxy_h1_to_h3
FN:1342,_RNvMs4_NtCsiFMhfKJXoB5_5lb_l78h1_proxyNtB5_7H1Proxy17finalize_response
FN:1231,_RNvMs4_NtCsiFMhfKJXoB5_5lb_l78h1_proxyNtB5_7H1Proxy17handle_ws_upgrade
FN:728,_RNvMs4_NtCsiFMhfKJXoB5_5lb_l78h1_proxyNtB5_7H1Proxy6handle
FN:1572,_RNvNtCsiFMhfKJXoB5_5lb_l78h1_proxy10append_via
FN:1532,_RNvNtCsiFMhfKJXoB5_5lb_l78h1_proxy10append_xff
FN:1454,_RNvNtCsiFMhfKJXoB5_5lb_l78h1_proxy14error_response
FN:1374,_RNvNtCsiFMhfKJXoB5_5lb_l78h1_proxy16dial_upstream_ws
FN:1498,_RNvNtCsiFMhfKJXoB5_5lb_l78h1_proxy16strip_hop_by_hop
FN:1947,_RNvNtCsiFMhfKJXoB5_5lb_l78h1_proxy17h3_response_to_h1
FN:1478,_RNvNtCsiFMhfKJXoB5_5lb_l78h1_proxy18reject_to_response
FN:1433,_RNvNtCsiFMhfKJXoB5_5lb_l78h1_proxy21run_h1_ws_splice_task
FN:1730,_RNvNtCsiFMhfKJXoB5_5lb_l78h1_proxy23upstream_response_to_h1
FN:1698,_RNvNtCsiFMhfKJXoB5_5lb_l78h1_proxy24build_body_with_trailers
FN:1606,_RNvNtCsiFMhfKJXoB5_5lb_l78h1_proxy26translate_h1_request_to_h2
FN:1798,_RNvNtCsiFMhfKJXoB5_5lb_l78h1_proxy31build_h1_response_with_trailers
FN:1871,_RNvNtCsiFMhfKJXoB5_5lb_l78h1_proxy34collect_h1_request_to_h3_fieldlist
FN:1561,_RNvNtCsiFMhfKJXoB5_5lb_l78h1_proxy7set_xfh
FN:1553,_RNvNtCsiFMhfKJXoB5_5lb_l78h1_proxy7set_xfp
FN:176,_RNvXs1_NtCsiFMhfKJXoB5_5lb_l78h1_proxyNtB5_15RoundRobinAddrsNtB5_13BackendPicker4pick
FN:677,_RNvXs3_NtCsiFMhfKJXoB5_5lb_l78h1_proxyNtB5_12ProxyServiceINtNtNtCsgB3dp6qvXvn_5hyper7service7service7ServiceINtNtCsjFxw70quGA5_4http7request7RequestNtNtNtB10_4body8incoming8IncomingEE4call
FN:114,_RNvXs_NtCsiFMhfKJXoB5_5lb_l78h1_proxyNtB4_12HttpTimeoutsNtNtCs2va5m0jqTTM_4core7default7Default7default
FN:480,_RINvMs2_NtCsiFMhfKJXoB5_5lb_l78h1_proxyNtB6_7H1Proxy16serve_connectionINtNtCs7m3feRqGqA4_12tokio_rustls6server9TlsStreamNtNtNtNtCsfWKKmeeA0Vo_5tokio3net3tcp6stream9TcpStreamEECsjqGwtXRutxH_23h2h1_md_coverage_driver
FN:515,_RINvMs2_NtCsiFMhfKJXoB5_5lb_l78h1_proxyNtB6_7H1Proxy28serve_connection_with_cancelINtNtCs7m3feRqGqA4_12tokio_rustls6server9TlsStreamNtNtNtNtCsfWKKmeeA0Vo_5tokio3net3tcp6stream9TcpStreamEECsjqGwtXRutxH_23h2h1_md_coverage_driver
FN:546,_RINvMs2_NtCsiFMhfKJXoB5_5lb_l78h1_proxyNtB6_7H1Proxy32serve_connection_with_cancel_sniINtNtCs7m3feRqGqA4_12tokio_rustls6server9TlsStreamNtNtNtNtCsfWKKmeeA0Vo_5tokio3net3tcp6stream9TcpStreamEECsjqGwtXRutxH_23h2h1_md_coverage_driver
FN:483,_RNCINvMs2_NtCsiFMhfKJXoB5_5lb_l78h1_proxyNtB8_7H1Proxy16serve_connectionINtNtCs7m3feRqGqA4_12tokio_rustls6server9TlsStreamNtNtNtNtCsfWKKmeeA0Vo_5tokio3net3tcp6stream9TcpStreamEE0CsjqGwtXRutxH_23h2h1_md_coverage_driver
FN:523,_RNCINvMs2_NtCsiFMhfKJXoB5_5lb_l78h1_proxyNtB8_7H1Proxy28serve_connection_with_cancelINtNtCs7m3feRqGqA4_12tokio_rustls6server9TlsStreamNtNtNtNtCsfWKKmeeA0Vo_5tokio3net3tcp6stream9TcpStreamEE0CsjqGwtXRutxH_23h2h1_md_coverage_driver
FN:555,_RNCINvMs2_NtCsiFMhfKJXoB5_5lb_l78h1_proxyNtB8_7H1Proxy32serve_connection_with_cancel_sniINtNtCs7m3feRqGqA4_12tokio_rustls6server9TlsStreamNtNtNtNtCsfWKKmeeA0Vo_5tokio3net3tcp6stream9TcpStreamEE0CsjqGwtXRutxH_23h2h1_md_coverage_driver
FNDA:0,_RINvMs2_NtCsiFMhfKJXoB5_5lb_l78h1_proxyNtB6_7H1Proxy16serve_connectionINtNtCs7m3feRqGqA4_12tokio_rustls6server9TlsStreamNtNtNtNtCsfWKKmeeA0Vo_5tokio3net3tcp6stream9TcpStreamEECs2gn4DoUa6Db_28h2_validation_before_forward
FNDA:0,_RINvMs2_NtCsiFMhfKJXoB5_5lb_l78h1_proxyNtB6_7H1Proxy28serve_connection_with_cancelINtNtCs7m3feRqGqA4_12tokio_rustls6server9TlsStreamNtNtNtNtCsfWKKmeeA0Vo_5tokio3net3tcp6stream9TcpStreamEECs2gn4DoUa6Db_28h2_validation_before_forward
FNDA:0,_RINvMs2_NtCsiFMhfKJXoB5_5lb_l78h1_proxyNtB6_7H1Proxy32serve_connection_with_cancel_sniINtNtCs7m3feRqGqA4_12tokio_rustls6server9TlsStreamNtNtNtNtCsfWKKmeeA0Vo_5tokio3net3tcp6stream9TcpStreamEECs2gn4DoUa6Db_28h2_validation_before_forward
FNDA:0,_RNCINvMs2_NtCsiFMhfKJXoB5_5lb_l78h1_proxyNtB8_7H1Proxy16serve_connectionINtNtCs7m3feRqGqA4_12tokio_rustls6server9TlsStreamNtNtNtNtCsfWKKmeeA0Vo_5tokio3net3tcp6stream9TcpStreamEE0Cs2gn4DoUa6Db_28h2_validation_before_forward
FNDA:0,_RNCINvMs2_NtCsiFMhfKJXoB5_5lb_l78h1_proxyNtB8_7H1Proxy28serve_connection_with_cancelINtNtCs7m3feRqGqA4_12tokio_rustls6server9TlsStreamNtNtNtNtCsfWKKmeeA0Vo_5tokio3net3tcp6stream9TcpStreamEE0Cs2gn4DoUa6Db_28h2_validation_before_forward
FNDA:0,_RNCINvMs2_NtCsiFMhfKJXoB5_5lb_l78h1_proxyNtB8_7H1Proxy32serve_connection_with_cancel_sniINtNtCs7m3feRqGqA4_12tokio_rustls6server9TlsStreamNtNtNtNtCsfWKKmeeA0Vo_5tokio3net3tcp6stream9TcpStreamEE0Cs2gn4DoUa6Db_28h2_validation_before_forward
FNDA:0,_RINvMs2_NtCsiFMhfKJXoB5_5lb_l78h1_proxyNtB6_7H1Proxy16serve_connectionpEB8_
FNDA:0,_RINvMs2_NtCsiFMhfKJXoB5_5lb_l78h1_proxyNtB6_7H1Proxy28serve_connection_with_cancelpEB8_
FNDA:0,_RINvMs2_NtCsiFMhfKJXoB5_5lb_l78h1_proxyNtB6_7H1Proxy32serve_connection_with_cancel_snipEB8_
FNDA:0,_RNCINvMs2_NtCsiFMhfKJXoB5_5lb_l78h1_proxyNtB8_7H1Proxy16serve_connectionpE0Ba_
FNDA:0,_RNCINvMs2_NtCsiFMhfKJXoB5_5lb_l78h1_proxyNtB8_7H1Proxy28serve_connection_with_cancelpE0Ba_
FNDA:0,_RNCINvMs2_NtCsiFMhfKJXoB5_5lb_l78h1_proxyNtB8_7H1Proxy32serve_connection_with_cancel_snipE0Ba_
FNDA:0,_RNCNCNCNCNvNtCsiFMhfKJXoB5_5lb_l78h1_proxy23upstream_response_to_h10000Bb_
FNDA:0,_RNCNCNCNCNvNtCsiFMhfKJXoB5_5lb_l78h1_proxy26translate_h1_request_to_h20s_000Bb_
FNDA:0,_RNCNCNCNCNvNtCsiFMhfKJXoB5_5lb_l78h1_proxy34collect_h1_request_to_h3_fieldlist0s_000Bb_
FNDA:0,_RNCNCNCNvMs4_NtCsiFMhfKJXoB5_5lb_l78h1_proxyNtBb_7H1Proxy12handle_inner0s5_00Bd_
FNDA:0,_RNCNCNCNvMs4_NtCsiFMhfKJXoB5_5lb_l78h1_proxyNtBb_7H1Proxy12handle_inner0s6_00Bd_
FNDA:0,_RNCNCNCNvNtCsiFMhfKJXoB5_5lb_l78h1_proxy23upstream_response_to_h1000B9_
FNDA:0,_RNCNCNCNvNtCsiFMhfKJXoB5_5lb_l78h1_proxy23upstream_response_to_h10s_00B9_
FNDA:0,_RNCNCNCNvNtCsiFMhfKJXoB5_5lb_l78h1_proxy26translate_h1_request_to_h20s1_00B9_
FNDA:0,_RNCNCNCNvNtCsiFMhfKJXoB5_5lb_l78h1_proxy26translate_h1_request_to_h20s_00B9_
FNDA:0,_RNCNCNCNvNtCsiFMhfKJXoB5_5lb_l78h1_proxy34collect_h1_request_to_h3_fieldlist0s3_00B9_
FNDA:0,_RNCNCNCNvNtCsiFMhfKJXoB5_5lb_l78h1_proxy34collect_h1_request_to_h3_fieldlist0s_00B9_
FNDA:0,_RNCNCNvMs4_NtCsiFMhfKJXoB5_5lb_l78h1_proxyNtB9_7H1Proxy12handle_inner00Bb_
FNDA:0,_RNCNCNvMs4_NtCsiFMhfKJXoB5_5lb_l78h1_proxyNtB9_7H1Proxy12handle_inner0s0_0Bb_
FNDA:0,_RNCNCNvMs4_NtCsiFMhfKJXoB5_5lb_l78h1_proxyNtB9_7H1Proxy12handle_inner0s1_0Bb_
FNDA:0,_RNCNCNvMs4_NtCsiFMhfKJXoB5_5lb_l78h1_proxyNtB9_7H1Proxy12handle_inner0s2_0Bb_
FNDA:0,_RNCNCNvMs4_NtCsiFMhfKJXoB5_5lb_l78h1_proxyNtB9_7H1Proxy12handle_inner0s3_0Bb_
FNDA:0,_RNCNCNvMs4_NtCsiFMhfKJXoB5_5lb_l78h1_proxyNtB9_7H1Proxy12handle_inner0s4_0Bb_
FNDA:0,_RNCNCNvMs4_NtCsiFMhfKJXoB5_5lb_l78h1_proxyNtB9_7H1Proxy12handle_inner0s5_0Bb_
FNDA:0,_RNCNCNvMs4_NtCsiFMhfKJXoB5_5lb_l78h1_proxyNtB9_7H1Proxy12handle_inner0s6_0Bb_
FNDA:0,_RNCNCNvMs4_NtCsiFMhfKJXoB5_5lb_l78h1_proxyNtB9_7H1Proxy12handle_inner0s7_0Bb_
FNDA:0,_RNCNCNvMs4_NtCsiFMhfKJXoB5_5lb_l78h1_proxyNtB9_7H1Proxy12handle_inner0s_0Bb_
FNDA:0,_RNCNCNvMs4_NtCsiFMhfKJXoB5_5lb_l78h1_proxyNtB9_7H1Proxy13proxy_request00Bb_
FNDA:0,_RNCNCNvMs4_NtCsiFMhfKJXoB5_5lb_l78h1_proxyNtB9_7H1Proxy13proxy_request0s0_0Bb_
FNDA:0,_RNCNCNvMs4_NtCsiFMhfKJXoB5_5lb_l78h1_proxyNtB9_7H1Proxy13proxy_request0s1_0Bb_
FNDA:0,_RNCNCNvMs4_NtCsiFMhfKJXoB5_5lb_l78h1_proxyNtB9_7H1Proxy13proxy_request0s_0Bb_
FNDA:0,_RNCNCNvMs4_NtCsiFMhfKJXoB5_5lb_l78h1_proxyNtB9_7H1Proxy17handle_ws_upgrade00Bb_
FNDA:0,_RNCNCNvMs4_NtCsiFMhfKJXoB5_5lb_l78h1_proxyNtB9_7H1Proxy17handle_ws_upgrade0s0_0Bb_
FNDA:0,_RNCNCNvMs4_NtCsiFMhfKJXoB5_5lb_l78h1_proxyNtB9_7H1Proxy17handle_ws_upgrade0s1_0Bb_
FNDA:0,_RNCNCNvMs4_NtCsiFMhfKJXoB5_5lb_l78h1_proxyNtB9_7H1Proxy17handle_ws_upgrade0s2_0Bb_
FNDA:0,_RNCNCNvMs4_NtCsiFMhfKJXoB5_5lb_l78h1_proxyNtB9_7H1Proxy17handle_ws_upgrade0s3_0Bb_
FNDA:0,_RNCNCNvMs4_NtCsiFMhfKJXoB5_5lb_l78h1_proxyNtB9_7H1Proxy17handle_ws_upgrade0s5_0Bb_
FNDA:0,_RNCNCNvMs4_NtCsiFMhfKJXoB5_5lb_l78h1_proxyNtB9_7H1Proxy17handle_ws_upgrade0s_0Bb_
FNDA:0,_RNCNCNvNtCsiFMhfKJXoB5_5lb_l78h1_proxy16dial_upstream_ws00B7_
FNDA:0,_RNCNCNvNtCsiFMhfKJXoB5_5lb_l78h1_proxy16dial_upstream_ws0s0_0B7_
FNDA:0,_RNCNCNvNtCsiFMhfKJXoB5_5lb_l78h1_proxy16dial_upstream_ws0s1_0B7_
FNDA:0,_RNCNCNvNtCsiFMhfKJXoB5_5lb_l78h1_proxy16dial_upstream_ws0s_0B7_
FNDA:0,_RNCNCNvNtCsiFMhfKJXoB5_5lb_l78h1_proxy23upstream_response_to_h100B7_
FNDA:0,_RNCNCNvNtCsiFMhfKJXoB5_5lb_l78h1_proxy23upstream_response_to_h10s_0B7_
FNDA:0,_RNCNCNvNtCsiFMhfKJXoB5_5lb_l78h1_proxy26translate_h1_request_to_h200B7_
FNDA:0,_RNCNCNvNtCsiFMhfKJXoB5_5lb_l78h1_proxy26translate_h1_request_to_h20s0_0B7_
FNDA:0,_RNCNCNvNtCsiFMhfKJXoB5_5lb_l78h1_proxy26translate_h1_request_to_h20s1_0B7_
FNDA:0,_RNCNCNvNtCsiFMhfKJXoB5_5lb_l78h1_proxy26translate_h1_request_to_h20s2_0B7_
FNDA:0,_RNCNCNvNtCsiFMhfKJXoB5_5lb_l78h1_proxy26translate_h1_request_to_h20s3_0B7_
FNDA:0,_RNCNCNvNtCsiFMhfKJXoB5_5lb_l78h1_proxy26translate_h1_request_to_h20s4_0B7_
FNDA:0,_RNCNCNvNtCsiFMhfKJXoB5_5lb_l78h1_proxy26translate_h1_request_to_h20s5_0B7_
FNDA:0,_RNCNCNvNtCsiFMhfKJXoB5_5lb_l78h1_proxy26translate_h1_request_to_h20s6_0B7_
FNDA:0,_RNCNCNvNtCsiFMhfKJXoB5_5lb_l78h1_proxy26translate_h1_request_to_h20s_0B7_
FNDA:0,_RNCNCNvNtCsiFMhfKJXoB5_5lb_l78h1_proxy34collect_h1_request_to_h3_fieldlist00B7_
FNDA:0,_RNCNCNvNtCsiFMhfKJXoB5_5lb_l78h1_proxy34collect_h1_request_to_h3_fieldlist0s0_0B7_
FNDA:0,_RNCNCNvNtCsiFMhfKJXoB5_5lb_l78h1_proxy34collect_h1_request_to_h3_fieldlist0s1_0B7_
FNDA:0,_RNCNCNvNtCsiFMhfKJXoB5_5lb_l78h1_proxy34collect_h1_request_to_h3_fieldlist0s2_0B7_
FNDA:0,_RNCNCNvNtCsiFMhfKJXoB5_5lb_l78h1_proxy34collect_h1_request_to_h3_fieldlist0s3_0B7_
FNDA:0,_RNCNCNvNtCsiFMhfKJXoB5_5lb_l78h1_proxy34collect_h1_request_to_h3_fieldlist0s4_0B7_
FNDA:0,_RNCNCNvNtCsiFMhfKJXoB5_5lb_l78h1_proxy34collect_h1_request_to_h3_fieldlist0s5_0B7_
FNDA:0,_RNCNCNvNtCsiFMhfKJXoB5_5lb_l78h1_proxy34collect_h1_request_to_h3_fieldlist0s6_0B7_
FNDA:0,_RNCNCNvNtCsiFMhfKJXoB5_5lb_l78h1_proxy34collect_h1_request_to_h3_fieldlist0s_0B7_
FNDA:0,_RNCNvMs4_NtCsiFMhfKJXoB5_5lb_l78h1_proxyNtB7_7H1Proxy12handle_inner0B9_
FNDA:0,_RNCNvMs4_NtCsiFMhfKJXoB5_5lb_l78h1_proxyNtB7_7H1Proxy13proxy_request0B9_
FNDA:0,_RNCNvMs4_NtCsiFMhfKJXoB5_5lb_l78h1_proxyNtB7_7H1Proxy14proxy_h1_to_h20B9_
FNDA:0,_RNCNvMs4_NtCsiFMhfKJXoB5_5lb_l78h1_proxyNtB7_7H1Proxy14proxy_h1_to_h30B9_
FNDA:0,_RNCNvMs4_NtCsiFMhfKJXoB5_5lb_l78h1_proxyNtB7_7H1Proxy17handle_ws_upgrade0B9_
FNDA:0,_RNCNvMs4_NtCsiFMhfKJXoB5_5lb_l78h1_proxyNtB7_7H1Proxy6handle0B9_
FNDA:0,_RNCNvNtCsiFMhfKJXoB5_5lb_l78h1_proxy16dial_upstream_ws0B5_
FNDA:0,_RNCNvNtCsiFMhfKJXoB5_5lb_l78h1_proxy16strip_hop_by_hop0B5_
FNDA:0,_RNCNvNtCsiFMhfKJXoB5_5lb_l78h1_proxy16strip_hop_by_hops0_0B5_
FNDA:0,_RNCNvNtCsiFMhfKJXoB5_5lb_l78h1_proxy16strip_hop_by_hops1_0B5_
FNDA:0,_RNCNvNtCsiFMhfKJXoB5_5lb_l78h1_proxy16strip_hop_by_hops_0B5_
FNDA:0,_RNCNvNtCsiFMhfKJXoB5_5lb_l78h1_proxy21run_h1_ws_splice_task0B5_
FNDA:0,_RNCNvNtCsiFMhfKJXoB5_5lb_l78h1_proxy23upstream_response_to_h10B5_
FNDA:0,_RNCNvNtCsiFMhfKJXoB5_5lb_l78h1_proxy26translate_h1_request_to_h20B5_
FNDA:0,_RNCNvNtCsiFMhfKJXoB5_5lb_l78h1_proxy31build_h1_response_with_trailers0B5_
FNDA:0,_RNCNvNtCsiFMhfKJXoB5_5lb_l78h1_proxy31build_h1_response_with_trailerss_0B5_
FNDA:0,_RNCNvNtCsiFMhfKJXoB5_5lb_l78h1_proxy34collect_h1_request_to_h3_fieldlist0B5_
FNDA:0,_RNCNvXs3_NtCsiFMhfKJXoB5_5lb_l78h1_proxyNtB7_12ProxyServiceINtNtNtCsgB3dp6qvXvn_5hyper7service7service7ServiceINtNtCsjFxw70quGA5_4http7request7RequestNtNtNtB12_4body8incoming8IncomingEE4call0B9_
FNDA:0,_RNvMNtCsiFMhfKJXoB5_5lb_l78h1_proxyNtB2_12AltSvcConfig12header_value
FNDA:12,_RNvMs0_NtCsiFMhfKJXoB5_5lb_l78h1_proxyNtB5_15RoundRobinAddrs3new
FNDA:0,_RNvMs2_NtCsiFMhfKJXoB5_5lb_l78h1_proxyNtB5_7H1Proxy10with_hooks
FNDA:0,_RNvMs2_NtCsiFMhfKJXoB5_5lb_l78h1_proxyNtB5_7H1Proxy13with_watchdog
FNDA:0,_RNvMs2_NtCsiFMhfKJXoB5_5lb_l78h1_proxyNtB5_7H1Proxy14with_websocket
FNDA:0,_RNvMs2_NtCsiFMhfKJXoB5_5lb_l78h1_proxyNtB5_7H1Proxy15has_h2_upstream
FNDA:0,_RNvMs2_NtCsiFMhfKJXoB5_5lb_l78h1_proxyNtB5_7H1Proxy15has_h3_upstream
FNDA:0,_RNvMs2_NtCsiFMhfKJXoB5_5lb_l78h1_proxyNtB5_7H1Proxy16with_h2_upstream
FNDA:0,_RNvMs2_NtCsiFMhfKJXoB5_5lb_l78h1_proxyNtB5_7H1Proxy16with_h3_upstream
FNDA:0,_RNvMs2_NtCsiFMhfKJXoB5_5lb_l78h1_proxyNtB5_7H1Proxy16with_multi_proto
FNDA:0,_RNvMs2_NtCsiFMhfKJXoB5_5lb_l78h1_proxyNtB5_7H1Proxy17with_expected_sni
FNDA:0,_RNvMs2_NtCsiFMhfKJXoB5_5lb_l78h1_proxyNtB5_7H1Proxy19with_smuggle_strict
FNDA:0,_RNvMs2_NtCsiFMhfKJXoB5_5lb_l78h1_proxyNtB5_7H1Proxy27with_max_keepalive_requests
FNDA:0,_RNvMs2_NtCsiFMhfKJXoB5_5lb_l78h1_proxyNtB5_7H1Proxy29with_header_underscore_policy
FNDA:0,_RNvMs2_NtCsiFMhfKJXoB5_5lb_l78h1_proxyNtB5_7H1Proxy33keepalive_cap_termination_counter
FNDA:12,_RNvMs2_NtCsiFMhfKJXoB5_5lb_l78h1_proxyNtB5_7H1Proxy3new
FNDA:0,_RNvMs4_NtCsiFMhfKJXoB5_5lb_l78h1_proxyNtB5_7H1Proxy12handle_inner
FNDA:0,_RNvMs4_NtCsiFMhfKJXoB5_5lb_l78h1_proxyNtB5_7H1Proxy13proxy_request
FNDA:0,_RNvMs4_NtCsiFMhfKJXoB5_5lb_l78h1_proxyNtB5_7H1Proxy14proxy_h1_to_h2
FNDA:0,_RNvMs4_NtCsiFMhfKJXoB5_5lb_l78h1_proxyNtB5_7H1Proxy14proxy_h1_to_h3
FNDA:0,_RNvMs4_NtCsiFMhfKJXoB5_5lb_l78h1_proxyNtB5_7H1Proxy17finalize_response
FNDA:0,_RNvMs4_NtCsiFMhfKJXoB5_5lb_l78h1_proxyNtB5_7H1Proxy17handle_ws_upgrade
FNDA:0,_RNvMs4_NtCsiFMhfKJXoB5_5lb_l78h1_proxyNtB5_7H1Proxy6handle
FNDA:12,_RNvNtCsiFMhfKJXoB5_5lb_l78h1_proxy10append_via
FNDA:12,_RNvNtCsiFMhfKJXoB5_5lb_l78h1_proxy10append_xff
FNDA:0,_RNvNtCsiFMhfKJXoB5_5lb_l78h1_proxy14error_response
FNDA:0,_RNvNtCsiFMhfKJXoB5_5lb_l78h1_proxy16dial_upstream_ws
FNDA:15,_RNvNtCsiFMhfKJXoB5_5lb_l78h1_proxy16strip_hop_by_hop
FNDA:0,_RNvNtCsiFMhfKJXoB5_5lb_l78h1_proxy17h3_response_to_h1
FNDA:0,_RNvNtCsiFMhfKJXoB5_5lb_l78h1_proxy18reject_to_response
FNDA:0,_RNvNtCsiFMhfKJXoB5_5lb_l78h1_proxy21run_h1_ws_splice_task
FNDA:0,_RNvNtCsiFMhfKJXoB5_5lb_l78h1_proxy23upstream_response_to_h1
FNDA:0,_RNvNtCsiFMhfKJXoB5_5lb_l78h1_proxy24build_body_with_trailers
FNDA:0,_RNvNtCsiFMhfKJXoB5_5lb_l78h1_proxy26translate_h1_request_to_h2
FNDA:0,_RNvNtCsiFMhfKJXoB5_5lb_l78h1_proxy31build_h1_response_with_trailers
FNDA:0,_RNvNtCsiFMhfKJXoB5_5lb_l78h1_proxy34collect_h1_request_to_h3_fieldlist
FNDA:12,_RNvNtCsiFMhfKJXoB5_5lb_l78h1_proxy7set_xfh
FNDA:12,_RNvNtCsiFMhfKJXoB5_5lb_l78h1_proxy7set_xfp
FNDA:12,_RNvXs1_NtCsiFMhfKJXoB5_5lb_l78h1_proxyNtB5_15RoundRobinAddrsNtB5_13BackendPicker4pick
[...]
FNDA:0,_RNvMNtCsgphuHPmxLkZ_11lb_security7smuggleNtB2_15SmuggleDetector9check_all
FNDA:12,_RNCNvMNtCsgphuHPmxLkZ_11lb_security7smuggleNtB4_15SmuggleDetector11check_cl_te0B6_
FNDA:14,_RNCNvMNtCsgphuHPmxLkZ_11lb_security7smuggleNtB4_15SmuggleDetector11check_cl_tes_0B6_
FNDA:70,_RNCNvMNtCsgphuHPmxLkZ_11lb_security7smuggleNtB4_15SmuggleDetector18check_h2_downgrade0B6_
FNF:10
FNH:8
DA:52,12
DA:53,12
DA:54,26
DA:55,14
DA:56,2
DA:57,2
DA:58,0
DA:59,0
DA:60,0
DA:61,0
DA:64,12
DA:66,12
DA:67,12
DA:78,12
DA:79,12
DA:80,12
DA:81,12
DA:82,12
DA:83,12
DA:84,14
DA:85,12
DA:86,12
DA:87,0
DA:88,12
DA:89,12
DA:90,12
DA:103,12
DA:104,26
DA:105,14
DA:107,0
DA:108,0
DA:109,0
DA:110,0
DA:111,0
DA:112,14
DA:114,12
DA:115,12
DA:125,0
DA:126,0
DA:127,0
DA:128,0
DA:129,0
DA:130,0
DA:131,0
DA:132,0
DA:133,0
DA:134,0
DA:135,0
DA:136,0
DA:148,12
DA:149,12
DA:150,12
DA:151,12
DA:152,12
DA:153,12
DA:154,12
DA:155,12
DA:156,0
DA:158,0
DA:161,12
DA:164,12
DA:165,12
DA:190,0
DA:191,0
DA:192,0
DA:193,0
DA:194,0
DA:195,0
DA:198,0
DA:199,0
DA:200,0
DA:201,0
DA:202,0
DA:204,0
DA:206,0
DA:207,0
DA:220,12
DA:221,12
DA:222,12
DA:223,12
DA:232,12
DA:233,0
DA:234,12
DA:236,26
DA:237,14
DA:238,14
DA:239,14
DA:240,70
DA:241,0
DA:242,14
DA:243,14
DA:244,14
DA:245,14
DA:246,14
DA:247,0
DA:248,14
DA:249,14
DA:250,14
DA:251,14
DA:252,0
DA:253,14
DA:256,12
DA:257,12
BRF:0
BRH:0
LF:106
LH:64
end_of_record
SF:/home/ubuntu/Code/s8-verifier/crates/lb-security/src/ticket.rs
FN:91,_RNvMNtCsgphuHPmxLkZ_11lb_security6ticketNtB2_9TicketKey7decrypt
FN:83,_RNvMNtCsgphuHPmxLkZ_11lb_security6ticketNtB2_9TicketKey7encrypt
FN:73,_RNvMNtCsgphuHPmxLkZ_11lb_security6ticketNtB2_9TicketKey8generate
FN:167,_RNvMs0_NtCsgphuHPmxLkZ_11lb_security6ticketNtB5_13TicketRotator10rotated_at
FN:190,_RNvMs0_NtCsgphuHPmxLkZ_11lb_security6ticketNtB5_13TicketRotator13rotate_if_due
FN:142,_RNvMs0_NtCsgphuHPmxLkZ_11lb_security6ticketNtB5_13TicketRotator17rotation_interval
FN:232,_RNvMs0_NtCsgphuHPmxLkZ_11lb_security6ticketNtB5_13TicketRotator18as_rustls_ticketer
FN:221,_RNvMs0_NtCsgphuHPmxLkZ_11lb_security6ticketNtB5_13TicketRotator20into_rustls_ticketer
FN:128,_RNvMs0_NtCsgphuHPmxLkZ_11lb_security6ticketNtB5_13TicketRotator3new
FN:155,_RNvMs0_NtCsgphuHPmxLkZ_11lb_security6ticketNtB5_13TicketRotator7current
FN:149,_RNvMs0_NtCsgphuHPmxLkZ_11lb_security6ticketNtB5_13TicketRotator7overlap
FN:161,_RNvMs0_NtCsgphuHPmxLkZ_11lb_security6ticketNtB5_13TicketRotator8previous
FN:262,_RNvMs2_NtCsgphuHPmxLkZ_11lb_security6ticketNtB5_16RotatingTicketer13lifetime_secs
FN:272,_RNvMs2_NtCsgphuHPmxLkZ_11lb_security6ticketNtB5_16RotatingTicketer13ticketer_from
FN:453,_RNvMs5_NtCsgphuHPmxLkZ_11lb_security6ticketNtB5_14TlsBundleError6reason
FN:623,_RNvMs7_NtCsgphuHPmxLkZ_11lb_security6ticketNtB5_15TlsConfigBundle11into_shared
FN:611,_RNvMs7_NtCsgphuHPmxLkZ_11lb_security6ticketNtB5_15TlsConfigBundle14loaded_at_wall
FN:522,_RNvMs7_NtCsgphuHPmxLkZ_11lb_security6ticketNtB5_15TlsConfigBundle15load_from_paths
FN:538,_RNvMs7_NtCsgphuHPmxLkZ_11lb_security6ticketNtB5_15TlsConfigBundle20load_from_paths_with
FN:617,_RNvMs7_NtCsgphuHPmxLkZ_11lb_security6ticketNtB5_15TlsConfigBundle9loaded_at
FN:644,_RNvNtCsgphuHPmxLkZ_11lb_security6ticket17reload_tls_bundle
FN:331,_RNvNtCsgphuHPmxLkZ_11lb_security6ticket19build_server_config
FN:353,_RNvNtCsgphuHPmxLkZ_11lb_security6ticket31build_server_config_with_policy
FN:242,_RNvXs1_NtCsgphuHPmxLkZ_11lb_security6ticketNtB5_13TicketRotatorNtNtCs2va5m0jqTTM_4core3fmt5Debug3fmt
FN:278,_RNvXs3_NtCsgphuHPmxLkZ_11lb_security6ticketNtB5_16RotatingTicketerNtNtCs2va5m0jqTTM_4core3fmt5Debug3fmt
FN:298,_RNvXs4_NtCsgphuHPmxLkZ_11lb_security6ticketNtB5_16RotatingTicketerNtNtNtCs7pS0JuyG8rH_6rustls6server11server_conn15ProducesTickets7decrypt
FN:284,_RNvXs4_NtCsgphuHPmxLkZ_11lb_security6ticketNtB5_16RotatingTicketerNtNtNtCs7pS0JuyG8rH_6rustls6server11server_conn15ProducesTickets7enabled
FN:293,_RNvXs4_NtCsgphuHPmxLkZ_11lb_security6ticketNtB5_16RotatingTicketerNtNtNtCs7pS0JuyG8rH_6rustls6server11server_conn15ProducesTickets7encrypt
FN:288,_RNvXs4_NtCsgphuHPmxLkZ_11lb_security6ticketNtB5_16RotatingTicketerNtNtNtCs7pS0JuyG8rH_6rustls6server11server_conn15ProducesTickets8lifetime
FN:495,_RNvXs6_NtCsgphuHPmxLkZ_11lb_security6ticketNtB5_15TlsConfigBundleNtNtCs2va5m0jqTTM_4core3fmt5Debug3fmt
FN:97,_RNvXs_NtCsgphuHPmxLkZ_11lb_security6ticketNtB4_9TicketKeyNtNtCs2va5m0jqTTM_4core3fmt5Debug3fmt
FN:75,_RNCNvMNtCsgphuHPmxLkZ_11lb_security6ticketNtB4_9TicketKey8generate0B6_
FN:546,_RNCNvMs7_NtCsgphuHPmxLkZ_11lb_security6ticketNtB7_15TlsConfigBundle20load_from_paths_with0B9_
FN:565,_RNCNvMs7_NtCsgphuHPmxLkZ_11lb_security6ticketNtB7_15TlsConfigBundle20load_from_paths_withs0_0B9_
FN:571,_RNCNvMs7_NtCsgphuHPmxLkZ_11lb_security6ticketNtB7_15TlsConfigBundle20load_from_paths_withs1_0B9_
FN:575,_RNCNvMs7_NtCsgphuHPmxLkZ_11lb_security6ticketNtB7_15TlsConfigBundle20load_from_paths_withs2_0B9_
FN:587,_RNCNvMs7_NtCsgphuHPmxLkZ_11lb_security6ticketNtB7_15TlsConfigBundle20load_from_paths_withs3_0B9_
FN:591,_RNCNvMs7_NtCsgphuHPmxLkZ_11lb_security6ticketNtB7_15TlsConfigBundle20load_from_paths_withs4_0B9_
FN:596,_RNCNvMs7_NtCsgphuHPmxLkZ_11lb_security6ticketNtB7_15TlsConfigBundle20load_from_paths_withs5_0B9_
FN:553,_RNCNvMs7_NtCsgphuHPmxLkZ_11lb_security6ticketNtB7_15TlsConfigBundle20load_from_paths_withs_0B9_
FN:364,_RNCNvNtCsgphuHPmxLkZ_11lb_security6ticket31build_server_config_with_policy0B5_
FN:373,_RNCNvNtCsgphuHPmxLkZ_11lb_security6ticket31build_server_config_with_policys0_0B5_
FN:376,_RNCNvNtCsgphuHPmxLkZ_11lb_security6ticket31build_server_config_with_policys1_0B5_
FN:368,_RNCNvNtCsgphuHPmxLkZ_11lb_security6ticket31build_server_config_with_policys_0B5_
FN:303,_RNCNvXs4_NtCsgphuHPmxLkZ_11lb_security6ticketNtB7_16RotatingTicketerNtNtNtCs7pS0JuyG8rH_6rustls6server11server_conn15ProducesTickets7decrypt0B9_
FNDA:0,_RNvMNtCsgphuHPmxLkZ_11lb_security6ticketNtB2_9TicketKey7decrypt
FNDA:24,_RNvMNtCsgphuHPmxLkZ_11lb_security6ticketNtB2_9TicketKey7encrypt
FNDA:12,_RNvMNtCsgphuHPmxLkZ_11lb_security6ticketNtB2_9TicketKey8generate
FNDA:0,_RNvMs0_NtCsgphuHPmxLkZ_11lb_security6ticketNtB5_13TicketRotator10rotated_at
FNDA:0,_RNvMs0_NtCsgphuHPmxLkZ_11lb_security6ticketNtB5_13TicketRotator13rotate_if_due
FNDA:0,_RNvMs0_NtCsgphuHPmxLkZ_11lb_security6ticketNtB5_13TicketRotator17rotation_interval
FNDA:0,_RNvMs0_NtCsgphuHPmxLkZ_11lb_security6ticketNtB5_13TicketRotator18as_rustls_ticketer
FNDA:0,_RNvMs0_NtCsgphuHPmxLkZ_11lb_security6ticketNtB5_13TicketRotator20into_rustls_ticketer
FNDA:12,_RNvMs0_NtCsgphuHPmxLkZ_11lb_security6ticketNtB5_13TicketRotator3new
FNDA:0,_RNvMs0_NtCsgphuHPmxLkZ_11lb_security6ticketNtB5_13TicketRotator7current
FNDA:0,_RNvMs0_NtCsgphuHPmxLkZ_11lb_security6ticketNtB5_13TicketRotator7overlap
FNDA:0,_RNvMs0_NtCsgphuHPmxLkZ_11lb_security6ticketNtB5_13TicketRotator8previous
FNDA:24,_RNvMs2_NtCsgphuHPmxLkZ_11lb_security6ticketNtB5_16RotatingTicketer13lifetime_secs
FNDA:0,_RNvMs2_NtCsgphuHPmxLkZ_11lb_security6ticketNtB5_16RotatingTicketer13ticketer_from
FNDA:0,_RNvMs5_NtCsgphuHPmxLkZ_11lb_security6ticketNtB5_14TlsBundleError6reason
FNDA:0,_RNvMs7_NtCsgphuHPmxLkZ_11lb_security6ticketNtB5_15TlsConfigBundle11into_shared
FNDA:0,_RNvMs7_NtCsgphuHPmxLkZ_11lb_security6ticketNtB5_15TlsConfigBundle14loaded_at_wall
FNDA:0,_RNvMs7_NtCsgphuHPmxLkZ_11lb_security6ticketNtB5_15TlsConfigBundle15load_from_paths
FNDA:0,_RNvMs7_NtCsgphuHPmxLkZ_11lb_security6ticketNtB5_15TlsConfigBundle20load_from_paths_with
FNDA:0,_RNvMs7_NtCsgphuHPmxLkZ_11lb_security6ticketNtB5_15TlsConfigBundle9loaded_at
FNDA:0,_RNvNtCsgphuHPmxLkZ_11lb_security6ticket17reload_tls_bundle
FNDA:12,_RNvNtCsgphuHPmxLkZ_11lb_security6ticket19build_server_config
FNDA:12,_RNvNtCsgphuHPmxLkZ_11lb_security6ticket31build_server_config_with_policy
FNDA:0,_RNvXs1_NtCsgphuHPmxLkZ_11lb_security6ticketNtB5_13TicketRotatorNtNtCs2va5m0jqTTM_4core3fmt5Debug3fmt
FNDA:0,_RNvXs3_NtCsgphuHPmxLkZ_11lb_security6ticketNtB5_16RotatingTicketerNtNtCs2va5m0jqTTM_4core3fmt5Debug3fmt
FNDA:0,_RNvXs4_NtCsgphuHPmxLkZ_11lb_security6ticketNtB5_16RotatingTicketerNtNtNtCs7pS0JuyG8rH_6rustls6server11server_conn15ProducesTickets7decrypt
FNDA:24,_RNvXs4_NtCsgphuHPmxLkZ_11lb_security6ticketNtB5_16RotatingTicketerNtNtNtCs7pS0JuyG8rH_6rustls6server11server_conn15ProducesTickets7enabled
FNDA:24,_RNvXs4_NtCsgphuHPmxLkZ_11lb_security6ticketNtB5_16RotatingTicketerNtNtNtCs7pS0JuyG8rH_6rustls6server11server_conn15ProducesTickets7encrypt
FNDA:24,_RNvXs4_NtCsgphuHPmxLkZ_11lb_security6ticketNtB5_16RotatingTicketerNtNtNtCs7pS0JuyG8rH_6rustls6server11server_conn15ProducesTickets8lifetime
FNDA:0,_RNvXs6_NtCsgphuHPmxLkZ_11lb_security6ticketNtB5_15TlsConfigBundleNtNtCs2va5m0jqTTM_4core3fmt5Debug3fmt
FNDA:0,_RNvXs_NtCsgphuHPmxLkZ_11lb_security6ticketNtB4_9TicketKeyNtNtCs2va5m0jqTTM_4core3fmt5Debug3fmt
FNDA:0,_RNCNvMNtCsgphuHPmxLkZ_11lb_security6ticketNtB4_9TicketKey8generate0B6_
FNDA:0,_RNCNvMs7_NtCsgphuHPmxLkZ_11lb_security6ticketNtB7_15TlsConfigBundle20load_from_paths_with0B9_
FNDA:0,_RNCNvMs7_NtCsgphuHPmxLkZ_11lb_security6ticketNtB7_15TlsConfigBundle20load_from_paths_withs0_0B9_
FNDA:0,_RNCNvMs7_NtCsgphuHPmxLkZ_11lb_security6ticketNtB7_15TlsConfigBundle20load_from_paths_withs1_0B9_
FNDA:0,_RNCNvMs7_NtCsgphuHPmxLkZ_11lb_security6ticketNtB7_15TlsConfigBundle20load_from_paths_withs2_0B9_
FNDA:0,_RNCNvMs7_NtCsgphuHPmxLkZ_11lb_security6ticketNtB7_15TlsConfigBundle20load_from_paths_withs3_0B9_
FNDA:0,_RNCNvMs7_NtCsgphuHPmxLkZ_11lb_security6ticketNtB7_15TlsConfigBundle20load_from_paths_withs4_0B9_
FNDA:0,_RNCNvMs7_NtCsgphuHPmxLkZ_11lb_security6ticketNtB7_15TlsConfigBundle20load_from_paths_withs5_0B9_
FNDA:0,_RNCNvMs7_NtCsgphuHPmxLkZ_11lb_security6ticketNtB7_15TlsConfigBundle20load_from_paths_withs_0B9_
FNDA:0,_RNCNvNtCsgphuHPmxLkZ_11lb_security6ticket31build_server_config_with_policy0B5_
FNDA:0,_RNCNvNtCsgphuHPmxLkZ_11lb_security6ticket31build_server_config_with_policys0_0B5_
FNDA:24,_RNCNvNtCsgphuHPmxLkZ_11lb_security6ticket31build_server_config_with_policys1_0B5_
FNDA:0,_RNCNvNtCsgphuHPmxLkZ_11lb_security6ticket31build_server_config_with_policys_0B5_
FNDA:0,_RNCNvXs4_NtCsgphuHPmxLkZ_11lb_security6ticketNtB7_16RotatingTicketerNtNtNtCs7pS0JuyG8rH_6rustls6server11server_conn15ProducesTickets7decrypt0B9_
FNF:45
FNH:10
DA:73,12
DA:74,12
DA:75,12
DA:76,12
DA:77,12
DA:83,24
DA:84,24
DA:85,24
DA:91,0
DA:92,0
DA:93,0
DA:97,0
DA:98,0
DA:99,0
DA:100,0
DA:128,12
DA:129,12
DA:130,12
DA:131,12
DA:132,12
DA:133,12
DA:134,12
DA:135,12
DA:136,12
DA:137,12
DA:142,0
DA:143,0
DA:144,0
DA:149,0
DA:150,0
DA:151,0
DA:155,0
DA:156,0
DA:157,0
DA:161,0
DA:162,0
DA:163,0
DA:167,0
DA:168,0
DA:169,0
DA:190,0
DA:191,0
DA:192,0
DA:193,0
DA:194,0
DA:195,0
DA:196,0
DA:197,0
DA:199,0
DA:207,0
DA:208,0
DA:209,0
DA:210,0
DA:211,0
DA:212,0
DA:214,0
DA:215,0
DA:221,0
DA:222,0
DA:223,0
DA:224,0
DA:225,0
DA:232,0
DA:233,0
DA:234,0
DA:235,0
DA:236,0
DA:237,0
DA:238,0
DA:242,0
DA:243,0
DA:244,0
DA:245,0
DA:246,0
DA:247,0
DA:248,0
DA:262,24
DA:263,24
DA:264,24
DA:265,24
DA:272,0
DA:273,0
DA:274,0
DA:278,0
DA:279,0
DA:280,0
DA:284,24
DA:285,24
DA:286,24
DA:288,24
DA:289,24
DA:290,24
DA:291,24
DA:293,24
DA:294,24
DA:295,24
DA:296,24
DA:298,0
DA:299,0
DA:300,0
DA:301,0
DA:302,0
DA:303,0
DA:304,0
DA:331,12
DA:332,12
DA:333,12
DA:334,12
DA:335,12
DA:336,12
DA:337,12
DA:338,12
DA:353,12
DA:354,12
DA:355,12
DA:356,12
DA:357,12
DA:358,12
DA:359,12
DA:360,12
DA:361,12
DA:362,0
DA:363,0
DA:364,0
DA:366,12
DA:367,12
DA:368,12
DA:370,12
DA:371,12
DA:372,12
DA:373,12
DA:374,12
DA:375,12
DA:376,24
DA:377,12
DA:378,12
DA:379,12
DA:453,0
DA:454,0
DA:455,0
DA:456,0
DA:457,0
DA:458,0
DA:459,0
DA:460,0
DA:461,0
DA:463,0
DA:495,0
DA:496,0
DA:497,0
DA:498,0
DA:499,0
DA:500,0
DA:501,0
DA:522,0
DA:523,0
DA:524,0
DA:525,0
DA:526,0
DA:527,0
DA:528,0
DA:538,0
DA:539,0
DA:540,0
DA:541,0
DA:542,0
DA:543,0
DA:544,0
DA:546,0
DA:547,0
DA:548,0
DA:549,0
DA:550,0
DA:551,0
DA:552,0
DA:553,0
DA:554,0
DA:555,0
DA:556,0
DA:557,0
DA:558,0
DA:559,0
DA:560,0
DA:561,0
DA:562,0
DA:565,0
DA:566,0
DA:567,0
DA:568,0
DA:569,0
DA:570,0
DA:571,0
DA:572,0
DA:573,0
DA:574,0
DA:575,0
DA:581,0
DA:582,0
DA:583,0
DA:584,0
DA:585,0
DA:586,0
DA:587,0
DA:588,0
DA:589,0
DA:590,0
DA:591,0
DA:592,0
DA:593,0
DA:594,0
DA:595,0
DA:596,0
DA:597,0
DA:599,0
DA:600,0
DA:601,0
DA:602,0
DA:603,0
DA:604,0
DA:605,0
DA:606,0
DA:607,0
DA:611,0
DA:612,0
DA:613,0
DA:617,0
DA:618,0
DA:619,0
DA:623,0
DA:624,0
DA:625,0
DA:644,0
DA:645,0
DA:646,0
DA:647,0
DA:648,0
DA:649,0
DA:650,0
DA:651,0
DA:652,0
DA:653,0
DA:654,0
DA:655,0
BRF:0
BRH:0
LF:260
LH:64
end_of_record
SF:/home/ubuntu/Code/s8-verifier/crates/lb-security/src/watchdog.rs
FN:66,_RNvMNtCsgphuHPmxLkZ_11lb_security8watchdogNtB2_6ConnId3new
FN:265,_RNvMs0_NtCsgphuHPmxLkZ_11lb_security8watchdogNtB5_8Watchdog10deregister
FN:279,_RNvMs0_NtCsgphuHPmxLkZ_11lb_security8watchdogNtB5_8Watchdog13sweep_expired
FN:171,_RNvMs0_NtCsgphuHPmxLkZ_11lb_security8watchdogNtB5_8Watchdog3len
FN:154,_RNvMs0_NtCsgphuHPmxLkZ_11lb_security8watchdogNtB5_8Watchdog3new
FN:165,_RNvMs0_NtCsgphuHPmxLkZ_11lb_security8watchdogNtB5_8Watchdog6config
FN:177,_RNvMs0_NtCsgphuHPmxLkZ_11lb_security8watchdogNtB5_8Watchdog8is_empty
FN:212,_RNvMs0_NtCsgphuHPmxLkZ_11lb_security8watchdogNtB5_8Watchdog8progress
FN:187,_RNvMs0_NtCsgphuHPmxLkZ_11lb_security8watchdogNtB5_8Watchdog8register
FN:114,_RNvXs_NtCsgphuHPmxLkZ_11lb_security8watchdogNtB4_14WatchdogConfigNtNtCs2va5m0jqTTM_4core7default7Default7default
FN:282,_RNCNvMs0_NtCsgphuHPmxLkZ_11lb_security8watchdogNtB7_8Watchdog13sweep_expired0B9_
FNDA:0,_RNvMNtCsgphuHPmxLkZ_11lb_security8watchdogNtB2_6ConnId3new
FNDA:0,_RNvMs0_NtCsgphuHPmxLkZ_11lb_security8watchdogNtB5_8Watchdog10deregister
FNDA:0,_RNvMs0_NtCsgphuHPmxLkZ_11lb_security8watchdogNtB5_8Watchdog13sweep_expired
FNDA:0,_RNvMs0_NtCsgphuHPmxLkZ_11lb_security8watchdogNtB5_8Watchdog3len
FNDA:0,_RNvMs0_NtCsgphuHPmxLkZ_11lb_security8watchdogNtB5_8Watchdog3new
FNDA:0,_RNvMs0_NtCsgphuHPmxLkZ_11lb_security8watchdogNtB5_8Watchdog6config
FNDA:0,_RNvMs0_NtCsgphuHPmxLkZ_11lb_security8watchdogNtB5_8Watchdog8is_empty
FNDA:0,_RNvMs0_NtCsgphuHPmxLkZ_11lb_security8watchdogNtB5_8Watchdog8progress
FNDA:0,_RNvMs0_NtCsgphuHPmxLkZ_11lb_security8watchdogNtB5_8Watchdog8register
FNDA:0,_RNvXs_NtCsgphuHPmxLkZ_11lb_security8watchdogNtB4_14WatchdogConfigNtNtCs2va5m0jqTTM_4core7default7Default7default
FNDA:0,_RNCNvMs0_NtCsgphuHPmxLkZ_11lb_security8watchdogNtB7_8Watchdog13sweep_expired0B9_
FNF:11
FNH:0
DA:66,0
DA:67,0
DA:68,0
DA:114,0
DA:115,0
DA:116,0
DA:117,0
DA:118,0
DA:119,0
DA:120,0
DA:121,0
DA:122,0
DA:123,0
DA:124,0
DA:125,0
DA:154,0
DA:155,0
DA:156,0
DA:157,0
DA:158,0
DA:159,0
DA:160,0
DA:161,0
DA:165,0
DA:166,0
DA:167,0
DA:171,0
DA:172,0
DA:173,0
DA:177,0
DA:178,0
DA:179,0
DA:187,0
DA:188,0
DA:189,0
DA:190,0
DA:191,0
DA:192,0
DA:193,0
DA:194,0
DA:195,0
DA:196,0
DA:197,0
DA:198,0
DA:199,0
DA:200,0
DA:201,0
DA:212,0
DA:213,0
DA:214,0
DA:215,0
DA:216,0
DA:218,0
DA:219,0
DA:220,0
DA:223,0
DA:224,0
DA:225,0
DA:227,0
DA:228,0
DA:229,0
DA:230,0
DA:231,0
DA:232,0
DA:233,0
DA:234,0
DA:235,0
DA:236,0
DA:237,0
DA:238,0
DA:239,0
DA:240,0
DA:241,0
DA:242,0
DA:244,0
DA:245,0
DA:246,0
DA:247,0
DA:249,0
DA:250,0
DA:253,0
DA:256,0
DA:257,0
DA:258,0
DA:259,0
DA:260,0
DA:265,0
DA:266,0
DA:267,0
DA:279,0
DA:280,0
DA:281,0
DA:282,0
DA:283,0
DA:284,0
DA:285,0
DA:287,0
DA:289,0
DA:290,0
DA:291,0
BRF:0
BRH:0
LF:102
LH:0
end_of_record
SF:/home/ubuntu/Code/s8-verifier/crates/lb-security/src/zero_rtt.rs
FN:232,_RNvMNtCsgphuHPmxLkZ_11lb_security8zero_rttNtB2_18ZeroRttReplayGuard10alloc_node
FN:312,_RNvMNtCsgphuHPmxLkZ_11lb_security8zero_rttNtB2_18ZeroRttReplayGuard12move_to_back
FN:163,_RNvMNtCsgphuHPmxLkZ_11lb_security8zero_rttNtB2_18ZeroRttReplayGuard15new_with_secret
FN:346,_RNvMNtCsgphuHPmxLkZ_11lb_security8zero_rttNtB2_18ZeroRttReplayGuard16check_0rtt_token
FN:207,_RNvMNtCsgphuHPmxLkZ_11lb_security8zero_rttNtB2_18ZeroRttReplayGuard16check_and_record
FN:154,_RNvMNtCsgphuHPmxLkZ_11lb_security8zero_rttNtB2_18ZeroRttReplayGuard19with_default_window
FN:179,_RNvMNtCsgphuHPmxLkZ_11lb_security8zero_rttNtB2_18ZeroRttReplayGuard3len
FN:147,_RNvMNtCsgphuHPmxLkZ_11lb_security8zero_rttNtB2_18ZeroRttReplayGuard3new
FN:298,_RNvMNtCsgphuHPmxLkZ_11lb_security8zero_rttNtB2_18ZeroRttReplayGuard6unlink
FN:191,_RNvMNtCsgphuHPmxLkZ_11lb_security8zero_rttNtB2_18ZeroRttReplayGuard8capacity
FN:185,_RNvMNtCsgphuHPmxLkZ_11lb_security8zero_rttNtB2_18ZeroRttReplayGuard8is_empty
FN:322,_RNvMNtCsgphuHPmxLkZ_11lb_security8zero_rttNtB2_18ZeroRttReplayGuard9evict_lru
FN:272,_RNvMNtCsgphuHPmxLkZ_11lb_security8zero_rttNtB2_18ZeroRttReplayGuard9free_node
FN:281,_RNvMNtCsgphuHPmxLkZ_11lb_security8zero_rttNtB2_18ZeroRttReplayGuard9push_back
FN:51,_RNvNtCsgphuHPmxLkZ_11lb_security8zero_rtt10hash_token
FN:73,_RNvNtCsgphuHPmxLkZ_11lb_security8zero_rtt12fresh_secret
FN:299,_RNCNvMNtCsgphuHPmxLkZ_11lb_security8zero_rttNtB4_18ZeroRttReplayGuard6unlink0B6_
FN:327,_RNCNvMNtCsgphuHPmxLkZ_11lb_security8zero_rttNtB4_18ZeroRttReplayGuard9evict_lru0B6_
FN:79,_RNCNvNtCsgphuHPmxLkZ_11lb_security8zero_rtt12fresh_secret0B5_
FNDA:0,_RNvMNtCsgphuHPmxLkZ_11lb_security8zero_rttNtB2_18ZeroRttReplayGuard10alloc_node
FNDA:0,_RNvMNtCsgphuHPmxLkZ_11lb_security8zero_rttNtB2_18ZeroRttReplayGuard12move_to_back
FNDA:0,_RNvMNtCsgphuHPmxLkZ_11lb_security8zero_rttNtB2_18ZeroRttReplayGuard15new_with_secret
FNDA:0,_RNvMNtCsgphuHPmxLkZ_11lb_security8zero_rttNtB2_18ZeroRttReplayGuard16check_0rtt_token
FNDA:0,_RNvMNtCsgphuHPmxLkZ_11lb_security8zero_rttNtB2_18ZeroRttReplayGuard16check_and_record
FNDA:0,_RNvMNtCsgphuHPmxLkZ_11lb_security8zero_rttNtB2_18ZeroRttReplayGuard19with_default_window
FNDA:0,_RNvMNtCsgphuHPmxLkZ_11lb_security8zero_rttNtB2_18ZeroRttReplayGuard3len
FNDA:0,_RNvMNtCsgphuHPmxLkZ_11lb_security8zero_rttNtB2_18ZeroRttReplayGuard3new
FNDA:0,_RNvMNtCsgphuHPmxLkZ_11lb_security8zero_rttNtB2_18ZeroRttReplayGuard6unlink
FNDA:0,_RNvMNtCsgphuHPmxLkZ_11lb_security8zero_rttNtB2_18ZeroRttReplayGuard8capacity
FNDA:0,_RNvMNtCsgphuHPmxLkZ_11lb_security8zero_rttNtB2_18ZeroRttReplayGuard8is_empty
FNDA:0,_RNvMNtCsgphuHPmxLkZ_11lb_security8zero_rttNtB2_18ZeroRttReplayGuard9evict_lru
FNDA:0,_RNvMNtCsgphuHPmxLkZ_11lb_security8zero_rttNtB2_18ZeroRttReplayGuard9free_node
FNDA:0,_RNvMNtCsgphuHPmxLkZ_11lb_security8zero_rttNtB2_18ZeroRttReplayGuard9push_back
FNDA:0,_RNvNtCsgphuHPmxLkZ_11lb_security8zero_rtt10hash_token
FNDA:0,_RNvNtCsgphuHPmxLkZ_11lb_security8zero_rtt12fresh_secret
FNDA:0,_RNCNvMNtCsgphuHPmxLkZ_11lb_security8zero_rttNtB4_18ZeroRttReplayGuard6unlink0B6_
FNDA:0,_RNCNvMNtCsgphuHPmxLkZ_11lb_security8zero_rttNtB4_18ZeroRttReplayGuard9evict_lru0B6_
FNDA:0,_RNCNvNtCsgphuHPmxLkZ_11lb_security8zero_rtt12fresh_secret0B5_
FNF:19
FNH:0
DA:51,0
DA:52,0
DA:53,0
DA:54,0
DA:55,0
DA:56,0
DA:57,0
DA:58,0
DA:59,0
DA:60,0
DA:61,0
DA:62,0
DA:73,0
DA:74,0
DA:75,0
DA:76,0
DA:77,0
DA:78,0
DA:79,0
DA:80,0
DA:81,0
DA:82,0
DA:83,0
DA:84,0
DA:85,0
DA:86,0
DA:87,0
DA:88,0
DA:147,0
DA:148,0
DA:149,0
DA:154,0
DA:155,0
DA:156,0
DA:163,0
DA:164,0
DA:165,0
DA:166,0
DA:167,0
DA:168,0
DA:169,0
DA:170,0
DA:171,0
DA:172,0
DA:173,0
DA:174,0
DA:175,0
DA:179,0
DA:180,0
DA:181,0
DA:185,0
DA:186,0
DA:187,0
DA:191,0
DA:192,0
DA:193,0
DA:207,0
DA:208,0
DA:210,0
DA:213,0
DA:214,0
DA:215,0
DA:216,0
DA:217,0
DA:218,0
DA:219,0
DA:220,0
DA:223,0
DA:224,0
DA:225,0
DA:226,0
DA:227,0
DA:228,0
DA:232,0
DA:233,0
DA:234,0
DA:235,0
DA:236,0
DA:237,0
DA:238,0
DA:239,0
DA:240,0
DA:242,0
DA:243,0
DA:244,0
DA:245,0
DA:246,0
DA:247,0
DA:248,0
DA:249,0
DA:250,0
DA:251,0
DA:252,0
DA:253,0
DA:254,0
DA:255,0
DA:258,0
DA:259,0
DA:260,0
DA:261,0
DA:262,0
DA:263,0
DA:264,0
DA:265,0
DA:269,0
DA:272,0
DA:273,0
DA:274,0
DA:275,0
DA:276,0
DA:277,0
DA:278,0
DA:281,0
DA:282,0
DA:283,0
DA:284,0
DA:285,0
DA:286,0
DA:287,0
DA:288,0
DA:289,0
DA:290,0
DA:291,0
DA:292,0
DA:293,0
DA:298,0
DA:299,0
DA:300,0
DA:301,0
DA:302,0
DA:303,0
DA:304,0
DA:305,0
DA:306,0
DA:307,0
DA:308,0
DA:309,0
DA:310,0
DA:312,0
DA:313,0
DA:314,0
DA:315,0
DA:316,0
DA:317,0
DA:318,0
DA:322,0
DA:323,0
DA:324,0
DA:325,0
DA:326,0
DA:327,0
DA:328,0
DA:329,0
DA:330,0
DA:331,0
DA:332,0
DA:333,0
DA:346,0
DA:347,0
DA:348,0
BRF:0
BRH:0
LF:163
LH:0
end_of_record