SF:/home/ubuntu/Code/ExpressGateway/crates/lb-l7/src/authority.rs
FN:66,_RINvNtCscRJcA2zm81b_5lb_l79authority16validate_requestNtNtNtCsgB3dp6qvXvn_5hyper4body8incoming8IncomingEB4_
FN:71,_RNCINvNtCscRJcA2zm81b_5lb_l79authority16validate_requestNtNtNtCsgB3dp6qvXvn_5hyper4body8incoming8IncomingE0B6_
FN:75,_RNCINvNtCscRJcA2zm81b_5lb_l79authority16validate_requestNtNtNtCsgB3dp6qvXvn_5hyper4body8incoming8IncomingEs_0B6_
FN:66,_RINvNtCsijo3INtYyGB_5lb_l79authority16validate_requestNtNtNtCsgB3dp6qvXvn_5hyper4body8incoming8IncomingEB4_
FN:66,_RINvNtCsijo3INtYyGB_5lb_l79authority16validate_requestuEB4_
FN:71,_RNCINvNtCsijo3INtYyGB_5lb_l79authority16validate_requestNtNtNtCsgB3dp6qvXvn_5hyper4body8incoming8IncomingE0B6_
FN:75,_RNCINvNtCsijo3INtYyGB_5lb_l79authority16validate_requestNtNtNtCsgB3dp6qvXvn_5hyper4body8incoming8IncomingEs_0B6_
FN:71,_RNCINvNtCsijo3INtYyGB_5lb_l79authority16validate_requestuE0B6_
FN:75,_RNCINvNtCsijo3INtYyGB_5lb_l79authority16validate_requestuEs_0B6_
FN:95,_RNvNtNtCsijo3INtYyGB_5lb_l79authority5testss_29predicate_reexport_is_lb_core
FN:119,_RNvNtNtCsijo3INtYyGB_5lb_l79authority5testss_29request_host_header_validated
FN:143,_RNvNtNtCsijo3INtYyGB_5lb_l79authority5testss_30request_valid_authority_passes
FN:104,_RNvNtNtCsijo3INtYyGB_5lb_l79authority5testss_31request_uri_authority_validated
FN:135,_RNvNtNtCsijo3INtYyGB_5lb_l79authority5testss_42request_absent_and_empty_authority_skipped
FNDA:49,_RINvNtCscRJcA2zm81b_5lb_l79authority16validate_requestNtNtNtCsgB3dp6qvXvn_5hyper4body8incoming8IncomingEB4_
FNDA:42,_RNCINvNtCscRJcA2zm81b_5lb_l79authority16validate_requestNtNtNtCsgB3dp6qvXvn_5hyper4body8incoming8IncomingE0B6_
FNDA:49,_RNCINvNtCscRJcA2zm81b_5lb_l79authority16validate_requestNtNtNtCsgB3dp6qvXvn_5hyper4body8incoming8IncomingEs_0B6_
FNDA:0,_RINvNtCsijo3INtYyGB_5lb_l79authority16validate_requestNtNtNtCsgB3dp6qvXvn_5hyper4body8incoming8IncomingEB4_
FNDA:4,_RINvNtCsijo3INtYyGB_5lb_l79authority16validate_requestuEB4_
FNDA:0,_RNCINvNtCsijo3INtYyGB_5lb_l79authority16validate_requestNtNtNtCsgB3dp6qvXvn_5hyper4body8incoming8IncomingE0B6_
FNDA:0,_RNCINvNtCsijo3INtYyGB_5lb_l79authority16validate_requestNtNtNtCsgB3dp6qvXvn_5hyper4body8incoming8IncomingEs_0B6_
FNDA:1,_RNCINvNtCsijo3INtYyGB_5lb_l79authority16validate_requestuE0B6_
FNDA:3,_RNCINvNtCsijo3INtYyGB_5lb_l79authority16validate_requestuEs_0B6_
FNDA:1,_RNvNtNtCsijo3INtYyGB_5lb_l79authority5testss_29predicate_reexport_is_lb_core
FNDA:1,_RNvNtNtCsijo3INtYyGB_5lb_l79authority5testss_29request_host_header_validated
FNDA:1,_RNvNtNtCsijo3INtYyGB_5lb_l79authority5testss_30request_valid_authority_passes
FNDA:1,_RNvNtNtCsijo3INtYyGB_5lb_l79authority5testss_31request_uri_authority_validated
FNDA:1,_RNvNtNtCsijo3INtYyGB_5lb_l79authority5testss_42request_absent_and_empty_authority_skipped
FNF:8
FNH:8
DA:66,53
DA:67,53
DA:68,53
DA:69,53
DA:70,53
DA:71,53
DA:72,53
DA:73,53
DA:74,53
DA:75,53
DA:77,52
DA:78,11
DA:79,41
DA:81,42
DA:82,53
DA:95,1
DA:96,1
DA:97,1
DA:98,1
DA:99,1
DA:100,1
DA:101,1
DA:104,1
DA:105,1
DA:106,1
DA:107,1
DA:108,1
DA:109,1
DA:110,1
DA:111,1
DA:112,1
DA:113,1
DA:114,1
DA:115,1
DA:116,1
DA:119,1
DA:120,1
DA:121,1
DA:122,1
DA:123,1
DA:124,1
DA:125,1
DA:126,1
DA:127,1
DA:128,1
DA:129,1
DA:130,1
DA:131,1
DA:132,1
DA:135,1
DA:136,1
DA:137,1
DA:138,1
DA:139,1
DA:140,1
DA:143,1
DA:144,1
DA:145,1
DA:146,1
DA:147,1
DA:148,1
DA:149,1
BRF:0
BRH:0
LF:64
LH:64
end_of_record
SF:/home/ubuntu/Code/ExpressGateway/crates/lb-l7/src/grpc_proxy.rs
FN:279,_RINvNtCscRJcA2zm81b_5lb_l710grpc_proxy15is_grpc_requestNtNtNtCsgB3dp6qvXvn_5hyper4body8incoming8IncomingEB4_
FN:282,_RNCINvNtCscRJcA2zm81b_5lb_l710grpc_proxy15is_grpc_requestNtNtNtCsgB3dp6qvXvn_5hyper4body8incoming8IncomingE0B6_
FN:283,_RNCINvNtCscRJcA2zm81b_5lb_l710grpc_proxy15is_grpc_requestNtNtNtCsgB3dp6qvXvn_5hyper4body8incoming8IncomingEs_0B6_
FN:292,_RNCNCINvNtCscRJcA2zm81b_5lb_l710grpc_proxy15is_grpc_requestNtNtNtCsgB3dp6qvXvn_5hyper4body8incoming8IncomingEs_00B8_
FN:247,_RNCNCNvMs_NtCscRJcA2zm81b_5lb_l710grpc_proxyNtB8_9GrpcProxy7forward00Ba_
FN:389,_RNCNCNvNtCscRJcA2zm81b_5lb_l710grpc_proxy19handle_health_check00B7_
FN:149,_RNCNvMs_NtCscRJcA2zm81b_5lb_l710grpc_proxyNtB6_9GrpcProxy6handle0B8_
FN:170,_RNCNvMs_NtCscRJcA2zm81b_5lb_l710grpc_proxyNtB6_9GrpcProxy7forward0B8_
FN:596,_RNCNvNtCscRJcA2zm81b_5lb_l710grpc_proxy17finalize_upstream0B5_
FN:576,_RNCNvNtCscRJcA2zm81b_5lb_l710grpc_proxy19grpc_error_response0B5_
FN:384,_RNCNvNtCscRJcA2zm81b_5lb_l710grpc_proxy19handle_health_check0B5_
FN:307,_RNCNvNtCscRJcA2zm81b_5lb_l710grpc_proxy24rewrite_uri_for_upstream0B5_
FN:428,_RNCNvNtCscRJcA2zm81b_5lb_l710grpc_proxy29health_check_serving_response0B5_
FN:130,_RNvMs_NtCscRJcA2zm81b_5lb_l710grpc_proxyNtB4_9GrpcProxy20max_header_list_size
FN:113,_RNvMs_NtCscRJcA2zm81b_5lb_l710grpc_proxyNtB4_9GrpcProxy25with_max_header_list_size
FN:98,_RNvMs_NtCscRJcA2zm81b_5lb_l710grpc_proxyNtB4_9GrpcProxy3new
FN:120,_RNvMs_NtCscRJcA2zm81b_5lb_l710grpc_proxyNtB4_9GrpcProxy6config
FN:145,_RNvMs_NtCscRJcA2zm81b_5lb_l710grpc_proxyNtB4_9GrpcProxy6handle
FN:166,_RNvMs_NtCscRJcA2zm81b_5lb_l710grpc_proxyNtB4_9GrpcProxy7forward
FN:530,_RNvNtCscRJcA2zm81b_5lb_l710grpc_proxy11read_varint
FN:547,_RNvNtCscRJcA2zm81b_5lb_l710grpc_proxy14empty_fallback
FN:586,_RNvNtCscRJcA2zm81b_5lb_l710grpc_proxy17finalize_upstream
FN:559,_RNvNtCscRJcA2zm81b_5lb_l710grpc_proxy19grpc_error_response
FN:384,_RNvNtCscRJcA2zm81b_5lb_l710grpc_proxy19handle_health_check
FN:301,_RNvNtCscRJcA2zm81b_5lb_l710grpc_proxy24rewrite_uri_for_upstream
FN:445,_RNvNtCscRJcA2zm81b_5lb_l710grpc_proxy27decode_health_check_service
FN:333,_RNvNtCscRJcA2zm81b_5lb_l710grpc_proxy28parse_and_clamp_grpc_timeout
FN:404,_RNvNtCscRJcA2zm81b_5lb_l710grpc_proxy29health_check_serving_response
FN:64,_RNvXNtCscRJcA2zm81b_5lb_l710grpc_proxyNtB2_10GrpcConfigNtNtCs2va5m0jqTTM_4core7default7Default7default
FN:130,_RNvMs_NtCsijo3INtYyGB_5lb_l710grpc_proxyNtB4_9GrpcProxy20max_header_list_size
FN:113,_RNvMs_NtCsijo3INtYyGB_5lb_l710grpc_proxyNtB4_9GrpcProxy25with_max_header_list_size
FN:98,_RNvMs_NtCsijo3INtYyGB_5lb_l710grpc_proxyNtB4_9GrpcProxy3new
FN:64,_RNvXNtCsijo3INtYyGB_5lb_l710grpc_proxyNtB2_10GrpcConfigNtNtCs2va5m0jqTTM_4core7default7Default7default
FN:695,_RNCNvNtNtCsijo3INtYyGB_5lb_l710grpc_proxy5testss_41health_check_serving_response_well_formed0B7_
FN:800,_RNCNvNtNtCsijo3INtYyGB_5lb_l710grpc_proxy5testss_42grpc_error_response_carries_trailer_status0B7_
FN:279,_RINvNtCsijo3INtYyGB_5lb_l710grpc_proxy15is_grpc_requestINtNtCsedaG9KDMExI_14http_body_util5empty5EmptyNtNtCs7xJyEqPIUa9_5bytes5bytes5BytesEEB4_
FN:279,_RINvNtCsijo3INtYyGB_5lb_l710grpc_proxy15is_grpc_requestNtNtNtCsgB3dp6qvXvn_5hyper4body8incoming8IncomingEB4_
FN:282,_RNCINvNtCsijo3INtYyGB_5lb_l710grpc_proxy15is_grpc_requestINtNtCsedaG9KDMExI_14http_body_util5empty5EmptyNtNtCs7xJyEqPIUa9_5bytes5bytes5BytesEE0B6_
FN:283,_RNCINvNtCsijo3INtYyGB_5lb_l710grpc_proxy15is_grpc_requestINtNtCsedaG9KDMExI_14http_body_util5empty5EmptyNtNtCs7xJyEqPIUa9_5bytes5bytes5BytesEEs_0B6_
FN:282,_RNCINvNtCsijo3INtYyGB_5lb_l710grpc_proxy15is_grpc_requestNtNtNtCsgB3dp6qvXvn_5hyper4body8incoming8IncomingE0B6_
FN:283,_RNCINvNtCsijo3INtYyGB_5lb_l710grpc_proxy15is_grpc_requestNtNtNtCsgB3dp6qvXvn_5hyper4body8incoming8IncomingEs_0B6_
FN:292,_RNCNCINvNtCsijo3INtYyGB_5lb_l710grpc_proxy15is_grpc_requestINtNtCsedaG9KDMExI_14http_body_util5empty5EmptyNtNtCs7xJyEqPIUa9_5bytes5bytes5BytesEEs_00B8_
FN:292,_RNCNCINvNtCsijo3INtYyGB_5lb_l710grpc_proxy15is_grpc_requestNtNtNtCsgB3dp6qvXvn_5hyper4body8incoming8IncomingEs_00B8_
FN:247,_RNCNCNvMs_NtCsijo3INtYyGB_5lb_l710grpc_proxyNtB8_9GrpcProxy7forward00Ba_
FN:389,_RNCNCNvNtCsijo3INtYyGB_5lb_l710grpc_proxy19handle_health_check00B7_
FN:149,_RNCNvMs_NtCsijo3INtYyGB_5lb_l710grpc_proxyNtB6_9GrpcProxy6handle0B8_
FN:170,_RNCNvMs_NtCsijo3INtYyGB_5lb_l710grpc_proxyNtB6_9GrpcProxy7forward0B8_
FN:596,_RNCNvNtCsijo3INtYyGB_5lb_l710grpc_proxy17finalize_upstream0B5_
FN:576,_RNCNvNtCsijo3INtYyGB_5lb_l710grpc_proxy19grpc_error_response0B5_
FN:384,_RNCNvNtCsijo3INtYyGB_5lb_l710grpc_proxy19handle_health_check0B5_
FN:307,_RNCNvNtCsijo3INtYyGB_5lb_l710grpc_proxy24rewrite_uri_for_upstream0B5_
FN:428,_RNCNvNtCsijo3INtYyGB_5lb_l710grpc_proxy29health_check_serving_response0B5_
FN:120,_RNvMs_NtCsijo3INtYyGB_5lb_l710grpc_proxyNtB4_9GrpcProxy6config
FN:145,_RNvMs_NtCsijo3INtYyGB_5lb_l710grpc_proxyNtB4_9GrpcProxy6handle
FN:166,_RNvMs_NtCsijo3INtYyGB_5lb_l710grpc_proxyNtB4_9GrpcProxy7forward
FN:530,_RNvNtCsijo3INtYyGB_5lb_l710grpc_proxy11read_varint
FN:547,_RNvNtCsijo3INtYyGB_5lb_l710grpc_proxy14empty_fallback
FN:586,_RNvNtCsijo3INtYyGB_5lb_l710grpc_proxy17finalize_upstream
FN:362,_RNvNtCsijo3INtYyGB_5lb_l710grpc_proxy18clamp_grpc_timeout
FN:559,_RNvNtCsijo3INtYyGB_5lb_l710grpc_proxy19grpc_error_response
FN:384,_RNvNtCsijo3INtYyGB_5lb_l710grpc_proxy19handle_health_check
FN:301,_RNvNtCsijo3INtYyGB_5lb_l710grpc_proxy24rewrite_uri_for_upstream
FN:445,_RNvNtCsijo3INtYyGB_5lb_l710grpc_proxy27decode_health_check_service
FN:333,_RNvNtCsijo3INtYyGB_5lb_l710grpc_proxy28parse_and_clamp_grpc_timeout
FN:404,_RNvNtCsijo3INtYyGB_5lb_l710grpc_proxy29health_check_serving_response
FN:618,_RNvNtNtCsijo3INtYyGB_5lb_l710grpc_proxy5tests11req_with_ct
FN:774,_RNvNtNtCsijo3INtYyGB_5lb_l710grpc_proxy5tests12write_varint
FN:689,_RNvNtNtCsijo3INtYyGB_5lb_l710grpc_proxy5testss_32grpc_timeout_absent_returns_none
FN:680,_RNvNtNtCsijo3INtYyGB_5lb_l710grpc_proxy5testss_35grpc_timeout_below_max_is_preserved
FN:663,_RNvNtNtCsijo3INtYyGB_5lb_l710grpc_proxy5testss_35grpc_timeout_parse_and_clamp_at_max
FN:783,_RNvNtNtCsijo3INtYyGB_5lb_l710grpc_proxy5testss_38http_non_200_translates_to_grpc_status
FN:656,_RNvNtNtCsijo3INtYyGB_5lb_l710grpc_proxy5testss_39is_grpc_request_rejects_empty_extension
FN:628,_RNvNtNtCsijo3INtYyGB_5lb_l710grpc_proxy5testss_40is_grpc_request_matches_application_grpc
FN:638,_RNvNtNtCsijo3INtYyGB_5lb_l710grpc_proxy5testss_40is_grpc_request_matches_case_insensitive
FN:651,_RNvNtNtCsijo3INtYyGB_5lb_l710grpc_proxy5testss_40is_grpc_request_rejects_application_json
FN:695,_RNvNtNtCsijo3INtYyGB_5lb_l710grpc_proxy5testss_41health_check_serving_response_well_formed
FN:800,_RNvNtNtCsijo3INtYyGB_5lb_l710grpc_proxy5testss_42grpc_error_response_carries_trailer_status
FN:643,_RNvNtNtCsijo3INtYyGB_5lb_l710grpc_proxy5testss_46is_grpc_request_matches_with_charset_parameter
FN:739,_RNvNtNtCsijo3INtYyGB_5lb_l710grpc_proxy5testss_47decode_health_check_service_skips_unknown_field
FN:726,_RNvNtNtCsijo3INtYyGB_5lb_l710grpc_proxy5testss_48decode_health_check_service_decodes_string_field
FN:766,_RNvNtNtCsijo3INtYyGB_5lb_l710grpc_proxy5testss_49parse_and_clamp_grpc_timeout_absent_yields_absent
FN:633,_RNvNtNtCsijo3INtYyGB_5lb_l710grpc_proxy5testss_51is_grpc_request_matches_application_grpc_plus_proto
FN:714,_RNvNtNtCsijo3INtYyGB_5lb_l710grpc_proxy5testss_52decode_health_check_service_empty_body_returns_empty
FN:719,_RNvNtNtCsijo3INtYyGB_5lb_l710grpc_proxy5testss_55decode_health_check_service_empty_message_returns_empty
FN:755,_RNvNtNtCsijo3INtYyGB_5lb_l710grpc_proxy5testss_62parse_and_clamp_grpc_timeout_malformed_yields_invalid_argument
FNDA:0,_RINvNtCscRJcA2zm81b_5lb_l710grpc_proxy15is_grpc_requestNtNtNtCsgB3dp6qvXvn_5hyper4body8incoming8IncomingEB4_
FNDA:0,_RNCINvNtCscRJcA2zm81b_5lb_l710grpc_proxy15is_grpc_requestNtNtNtCsgB3dp6qvXvn_5hyper4body8incoming8IncomingE0B6_
FNDA:0,_RNCINvNtCscRJcA2zm81b_5lb_l710grpc_proxy15is_grpc_requestNtNtNtCsgB3dp6qvXvn_5hyper4body8incoming8IncomingEs_0B6_
FNDA:0,_RNCNCINvNtCscRJcA2zm81b_5lb_l710grpc_proxy15is_grpc_requestNtNtNtCsgB3dp6qvXvn_5hyper4body8incoming8IncomingEs_00B8_
FNDA:0,_RNCNCNvMs_NtCscRJcA2zm81b_5lb_l710grpc_proxyNtB8_9GrpcProxy7forward00Ba_
FNDA:0,_RNCNCNvNtCscRJcA2zm81b_5lb_l710grpc_proxy19handle_health_check00B7_
FNDA:0,_RNCNvMs_NtCscRJcA2zm81b_5lb_l710grpc_proxyNtB6_9GrpcProxy6handle0B8_
FNDA:0,_RNCNvMs_NtCscRJcA2zm81b_5lb_l710grpc_proxyNtB6_9GrpcProxy7forward0B8_
FNDA:0,_RNCNvNtCscRJcA2zm81b_5lb_l710grpc_proxy17finalize_upstream0B5_
FNDA:0,_RNCNvNtCscRJcA2zm81b_5lb_l710grpc_proxy19grpc_error_response0B5_
FNDA:0,_RNCNvNtCscRJcA2zm81b_5lb_l710grpc_proxy19handle_health_check0B5_
FNDA:0,_RNCNvNtCscRJcA2zm81b_5lb_l710grpc_proxy24rewrite_uri_for_upstream0B5_
FNDA:0,_RNCNvNtCscRJcA2zm81b_5lb_l710grpc_proxy29health_check_serving_response0B5_
FNDA:0,_RNvMs_NtCscRJcA2zm81b_5lb_l710grpc_proxyNtB4_9GrpcProxy20max_header_list_size
FNDA:1,_RNvMs_NtCscRJcA2zm81b_5lb_l710grpc_proxyNtB4_9GrpcProxy25with_max_header_list_size
FNDA:1,_RNvMs_NtCscRJcA2zm81b_5lb_l710grpc_proxyNtB4_9GrpcProxy3new
FNDA:0,_RNvMs_NtCscRJcA2zm81b_5lb_l710grpc_proxyNtB4_9GrpcProxy6config
FNDA:0,_RNvMs_NtCscRJcA2zm81b_5lb_l710grpc_proxyNtB4_9GrpcProxy6handle
FNDA:0,_RNvMs_NtCscRJcA2zm81b_5lb_l710grpc_proxyNtB4_9GrpcProxy7forward
FNDA:0,_RNvNtCscRJcA2zm81b_5lb_l710grpc_proxy11read_varint
FNDA:0,_RNvNtCscRJcA2zm81b_5lb_l710grpc_proxy14empty_fallback
FNDA:0,_RNvNtCscRJcA2zm81b_5lb_l710grpc_proxy17finalize_upstream
FNDA:0,_RNvNtCscRJcA2zm81b_5lb_l710grpc_proxy19grpc_error_response
FNDA:0,_RNvNtCscRJcA2zm81b_5lb_l710grpc_proxy19handle_health_check
FNDA:0,_RNvNtCscRJcA2zm81b_5lb_l710grpc_proxy24rewrite_uri_for_upstream
FNDA:0,_RNvNtCscRJcA2zm81b_5lb_l710grpc_proxy27decode_health_check_service
FNDA:0,_RNvNtCscRJcA2zm81b_5lb_l710grpc_proxy28parse_and_clamp_grpc_timeout
FNDA:0,_RNvNtCscRJcA2zm81b_5lb_l710grpc_proxy29health_check_serving_response
FNDA:1,_RNvXNtCscRJcA2zm81b_5lb_l710grpc_proxyNtB2_10GrpcConfigNtNtCs2va5m0jqTTM_4core7default7Default7default
FNDA:0,_RNvMs_NtCsijo3INtYyGB_5lb_l710grpc_proxyNtB4_9GrpcProxy20max_header_list_size
FNDA:0,_RNvMs_NtCsijo3INtYyGB_5lb_l710grpc_proxyNtB4_9GrpcProxy25with_max_header_list_size
FNDA:0,_RNvMs_NtCsijo3INtYyGB_5lb_l710grpc_proxyNtB4_9GrpcProxy3new
FNDA:0,_RNvXNtCsijo3INtYyGB_5lb_l710grpc_proxyNtB2_10GrpcConfigNtNtCs2va5m0jqTTM_4core7default7Default7default
FNDA:1,_RNCNvNtNtCsijo3INtYyGB_5lb_l710grpc_proxy5testss_41health_check_serving_response_well_formed0B7_
FNDA:1,_RNCNvNtNtCsijo3INtYyGB_5lb_l710grpc_proxy5testss_42grpc_error_response_carries_trailer_status0B7_
FNDA:6,_RINvNtCsijo3INtYyGB_5lb_l710grpc_proxy15is_grpc_requestINtNtCsedaG9KDMExI_14http_body_util5empty5EmptyNtNtCs7xJyEqPIUa9_5bytes5bytes5BytesEEB4_
FNDA:0,_RINvNtCsijo3INtYyGB_5lb_l710grpc_proxy15is_grpc_requestNtNtNtCsgB3dp6qvXvn_5hyper4body8incoming8IncomingEB4_
FNDA:6,_RNCINvNtCsijo3INtYyGB_5lb_l710grpc_proxy15is_grpc_requestINtNtCsedaG9KDMExI_14http_body_util5empty5EmptyNtNtCs7xJyEqPIUa9_5bytes5bytes5BytesEE0B6_
FNDA:6,_RNCINvNtCsijo3INtYyGB_5lb_l710grpc_proxy15is_grpc_requestINtNtCsedaG9KDMExI_14http_body_util5empty5EmptyNtNtCs7xJyEqPIUa9_5bytes5bytes5BytesEEs_0B6_
FNDA:0,_RNCINvNtCsijo3INtYyGB_5lb_l710grpc_proxy15is_grpc_requestNtNtNtCsgB3dp6qvXvn_5hyper4body8incoming8IncomingE0B6_
FNDA:0,_RNCINvNtCsijo3INtYyGB_5lb_l710grpc_proxy15is_grpc_requestNtNtNtCsgB3dp6qvXvn_5hyper4body8incoming8IncomingEs_0B6_
FNDA:9,_RNCNCINvNtCsijo3INtYyGB_5lb_l710grpc_proxy15is_grpc_requestINtNtCsedaG9KDMExI_14http_body_util5empty5EmptyNtNtCs7xJyEqPIUa9_5bytes5bytes5BytesEEs_00B8_
FNDA:0,_RNCNCINvNtCsijo3INtYyGB_5lb_l710grpc_proxy15is_grpc_requestNtNtNtCsgB3dp6qvXvn_5hyper4body8incoming8IncomingEs_00B8_
FNDA:0,_RNCNCNvMs_NtCsijo3INtYyGB_5lb_l710grpc_proxyNtB8_9GrpcProxy7forward00Ba_
FNDA:0,_RNCNCNvNtCsijo3INtYyGB_5lb_l710grpc_proxy19handle_health_check00B7_
FNDA:0,_RNCNvMs_NtCsijo3INtYyGB_5lb_l710grpc_proxyNtB6_9GrpcProxy6handle0B8_
FNDA:0,_RNCNvMs_NtCsijo3INtYyGB_5lb_l710grpc_proxyNtB6_9GrpcProxy7forward0B8_
FNDA:0,_RNCNvNtCsijo3INtYyGB_5lb_l710grpc_proxy17finalize_upstream0B5_
FNDA:0,_RNCNvNtCsijo3INtYyGB_5lb_l710grpc_proxy19grpc_error_response0B5_
FNDA:0,_RNCNvNtCsijo3INtYyGB_5lb_l710grpc_proxy19handle_health_check0B5_
FNDA:0,_RNCNvNtCsijo3INtYyGB_5lb_l710grpc_proxy24rewrite_uri_for_upstream0B5_
FNDA:0,_RNCNvNtCsijo3INtYyGB_5lb_l710grpc_proxy29health_check_serving_response0B5_
FNDA:0,_RNvMs_NtCsijo3INtYyGB_5lb_l710grpc_proxyNtB4_9GrpcProxy6config
FNDA:0,_RNvMs_NtCsijo3INtYyGB_5lb_l710grpc_proxyNtB4_9GrpcProxy6handle
FNDA:0,_RNvMs_NtCsijo3INtYyGB_5lb_l710grpc_proxyNtB4_9GrpcProxy7forward
FNDA:4,_RNvNtCsijo3INtYyGB_5lb_l710grpc_proxy11read_varint
FNDA:0,_RNvNtCsijo3INtYyGB_5lb_l710grpc_proxy14empty_fallback
FNDA:0,_RNvNtCsijo3INtYyGB_5lb_l710grpc_proxy17finalize_upstream
FNDA:3,_RNvNtCsijo3INtYyGB_5lb_l710grpc_proxy18clamp_grpc_timeout
FNDA:1,_RNvNtCsijo3INtYyGB_5lb_l710grpc_proxy19grpc_error_response
FNDA:0,_RNvNtCsijo3INtYyGB_5lb_l710grpc_proxy19handle_health_check
FNDA:0,_RNvNtCsijo3INtYyGB_5lb_l710grpc_proxy24rewrite_uri_for_upstream
FNDA:4,_RNvNtCsijo3INtYyGB_5lb_l710grpc_proxy27decode_health_check_service
FNDA:5,_RNvNtCsijo3INtYyGB_5lb_l710grpc_proxy28parse_and_clamp_grpc_timeout
FNDA:1,_RNvNtCsijo3INtYyGB_5lb_l710grpc_proxy29health_check_serving_response
FNDA:6,_RNvNtNtCsijo3INtYyGB_5lb_l710grpc_proxy5tests11req_with_ct
FNDA:2,_RNvNtNtCsijo3INtYyGB_5lb_l710grpc_proxy5tests12write_varint
FNDA:1,_RNvNtNtCsijo3INtYyGB_5lb_l710grpc_proxy5testss_32grpc_timeout_absent_returns_none
FNDA:1,_RNvNtNtCsijo3INtYyGB_5lb_l710grpc_proxy5testss_35grpc_timeout_below_max_is_preserved
FNDA:1,_RNvNtNtCsijo3INtYyGB_5lb_l710grpc_proxy5testss_35grpc_timeout_parse_and_clamp_at_max
FNDA:1,_RNvNtNtCsijo3INtYyGB_5lb_l710grpc_proxy5testss_38http_non_200_translates_to_grpc_status
FNDA:1,_RNvNtNtCsijo3INtYyGB_5lb_l710grpc_proxy5testss_39is_grpc_request_rejects_empty_extension
FNDA:1,_RNvNtNtCsijo3INtYyGB_5lb_l710grpc_proxy5testss_40is_grpc_request_matches_application_grpc
FNDA:1,_RNvNtNtCsijo3INtYyGB_5lb_l710grpc_proxy5testss_40is_grpc_request_matches_case_insensitive
FNDA:1,_RNvNtNtCsijo3INtYyGB_5lb_l710grpc_proxy5testss_40is_grpc_request_rejects_application_json
FNDA:1,_RNvNtNtCsijo3INtYyGB_5lb_l710grpc_proxy5testss_41health_check_serving_response_well_formed
FNDA:1,_RNvNtNtCsijo3INtYyGB_5lb_l710grpc_proxy5testss_42grpc_error_response_carries_trailer_status
FNDA:1,_RNvNtNtCsijo3INtYyGB_5lb_l710grpc_proxy5testss_46is_grpc_request_matches_with_charset_parameter
FNDA:1,_RNvNtNtCsijo3INtYyGB_5lb_l710grpc_proxy5testss_47decode_health_check_service_skips_unknown_field
FNDA:1,_RNvNtNtCsijo3INtYyGB_5lb_l710grpc_proxy5testss_48decode_health_check_service_decodes_string_field
FNDA:1,_RNvNtNtCsijo3INtYyGB_5lb_l710grpc_proxy5testss_49parse_and_clamp_grpc_timeout_absent_yields_absent
FNDA:1,_RNvNtNtCsijo3INtYyGB_5lb_l710grpc_proxy5testss_51is_grpc_request_matches_application_grpc_plus_proto
FNDA:1,_RNvNtNtCsijo3INtYyGB_5lb_l710grpc_proxy5testss_52decode_health_check_service_empty_body_returns_empty
FNDA:1,_RNvNtNtCsijo3INtYyGB_5lb_l710grpc_proxy5testss_55decode_health_check_service_empty_message_returns_empty
FNDA:1,_RNvNtNtCsijo3INtYyGB_5lb_l710grpc_proxy5testss_62parse_and_clamp_grpc_timeout_malformed_yields_invalid_argument
FNF:52
FNH:35
DA:64,1
DA:65,1
DA:66,1
DA:67,1
DA:68,1
DA:69,1
DA:70,1
DA:98,1
DA:99,1
DA:100,1
DA:101,1
DA:102,1
DA:103,1
DA:104,1
DA:113,1
DA:114,1
DA:115,1
DA:116,1
DA:120,0
DA:121,0
DA:122,0
DA:130,0
DA:131,0
DA:132,0
DA:145,0
DA:146,0
DA:147,0
DA:148,0
DA:149,0
DA:150,0
DA:151,0
DA:152,0
DA:154,0
DA:155,0
DA:156,0
DA:157,0
DA:166,0
DA:167,0
DA:168,0
DA:169,0
DA:170,0
DA:171,0
DA:178,0
DA:179,0
DA:180,0
DA:181,0
DA:182,0
DA:183,0
DA:184,0
DA:185,0
DA:186,0
DA:194,0
DA:195,0
DA:196,0
DA:202,0
DA:203,0
DA:204,0
DA:210,0
DA:211,0
DA:215,0
DA:216,0
DA:217,0
DA:218,0
DA:219,0
DA:220,0
DA:221,0
DA:224,0
DA:225,0
DA:233,0
DA:234,0
DA:235,0
DA:236,0
DA:237,0
DA:239,0
DA:240,0
DA:241,0
DA:242,0
DA:243,0
DA:244,0
DA:247,0
DA:248,0
DA:249,0
DA:250,0
DA:251,0
DA:252,0
DA:253,0
DA:254,0
DA:255,0
DA:257,0
DA:258,0
DA:261,0
DA:264,0
DA:265,0
DA:266,0
DA:267,0
DA:268,0
DA:271,0
DA:272,0
DA:273,0
DA:274,0
DA:279,6
DA:280,6
DA:281,6
DA:282,6
DA:283,6
DA:284,6
DA:285,6
DA:286,6
DA:287,2
DA:288,4
DA:289,4
DA:290,1
DA:292,9
DA:293,6
DA:294,6
DA:301,0
DA:302,0
DA:303,0
DA:304,0
DA:305,0
DA:306,0
DA:307,0
DA:308,0
DA:309,0
DA:310,0
DA:333,5
DA:334,5
DA:335,2
DA:337,3
DA:339,0
DA:341,3
DA:342,3
DA:343,1
DA:345,2
DA:346,2
DA:347,2
DA:348,2
DA:349,2
DA:350,2
DA:351,2
DA:352,5
DA:362,3
DA:363,3
DA:364,2
DA:365,1
DA:367,3
DA:384,0
DA:388,0
DA:389,0
DA:390,0
DA:391,0
DA:392,0
DA:393,0
DA:394,0
DA:395,0
DA:396,0
DA:397,0
DA:398,0
DA:399,0
DA:404,1
DA:405,1
DA:406,1
DA:407,1
DA:408,1
DA:409,1
DA:410,1
DA:411,1
DA:412,1
DA:413,1
DA:414,1
DA:415,1
DA:416,1
DA:417,1
DA:418,1
DA:419,1
DA:420,1
DA:421,1
DA:422,1
DA:423,1
DA:424,1
DA:425,1
DA:426,1
DA:427,1
DA:428,1
DA:429,1
DA:445,4
DA:446,4
DA:447,4
DA:448,1
DA:449,3
DA:451,3
DA:452,0
DA:456,3
DA:457,0
DA:458,3
DA:459,3
DA:460,3
DA:461,3
DA:462,3
DA:463,3
DA:464,4
DA:465,2
DA:466,0
DA:468,2
DA:469,2
DA:470,2
DA:471,2
DA:474,1
DA:475,0
DA:477,1
DA:478,1
DA:479,0
DA:481,1
DA:482,0
DA:484,1
DA:485,0
DA:486,1
DA:487,1
DA:488,0
DA:490,1
DA:491,0
DA:493,1
DA:497,1
DA:498,0
DA:500,1
DA:504,0
DA:505,0
DA:507,0
DA:508,0
DA:509,0
DA:511,0
DA:512,0
DA:514,0
DA:515,0
DA:516,0
DA:517,0
DA:519,0
DA:520,0
DA:521,0
DA:524,2
DA:525,4
DA:530,4
DA:531,4
DA:532,4
DA:533,4
DA:534,5
DA:535,5
DA:536,5
DA:537,5
DA:538,5
DA:539,5
DA:540,4
DA:541,1
DA:542,1
DA:544,0
DA:545,4
DA:547,0
DA:548,0
DA:549,0
DA:550,0
DA:551,0
DA:552,0
DA:553,0
DA:559,1
DA:560,1
DA:561,1
DA:562,1
DA:563,1
DA:564,1
DA:565,1
DA:566,1
DA:567,1
DA:568,1
DA:569,1
DA:570,1
DA:571,1
DA:572,1
DA:573,1
DA:574,1
DA:575,1
DA:576,1
DA:577,1
DA:586,0
DA:587,0
DA:588,0
DA:589,0
DA:590,0
DA:591,0
DA:592,0
DA:593,0
DA:594,0
DA:595,0
DA:596,0
DA:597,0
DA:598,0
DA:599,0
DA:600,0
DA:618,6
DA:619,6
DA:620,6
DA:621,6
DA:622,6
DA:623,6
DA:624,6
DA:625,6
DA:628,1
DA:629,1
DA:630,1
DA:633,1
DA:634,1
DA:635,1
DA:638,1
DA:639,1
DA:640,1
DA:643,1
DA:644,1
DA:645,1
DA:646,1
DA:647,1
DA:648,1
DA:651,1
DA:652,1
DA:653,1
DA:656,1
DA:657,1
DA:658,1
DA:659,1
DA:660,1
DA:663,1
DA:664,1
DA:665,1
DA:666,1
DA:667,1
DA:668,1
DA:669,1
DA:670,1
DA:671,1
DA:672,1
DA:673,1
DA:674,1
DA:675,1
DA:676,1
DA:677,1
DA:680,1
DA:681,1
DA:682,1
DA:683,1
DA:684,1
DA:685,1
DA:686,1
DA:689,1
DA:690,1
DA:691,1
DA:692,1
DA:695,1
DA:696,1
DA:697,1
DA:698,1
DA:699,1
DA:700,1
DA:701,1
DA:702,1
DA:703,1
DA:704,1
DA:705,1
DA:706,1
DA:707,1
DA:708,1
DA:709,1
DA:710,1
DA:711,1
DA:714,1
DA:715,1
DA:716,1
DA:719,1
DA:720,1
DA:721,1
DA:722,1
DA:723,1
DA:726,1
DA:727,1
DA:728,1
DA:729,1
DA:730,1
DA:731,1
DA:732,1
DA:733,1
DA:734,1
DA:735,1
DA:736,1
DA:739,1
DA:740,1
DA:741,1
DA:742,1
DA:743,1
DA:744,1
DA:745,1
DA:746,1
DA:747,1
DA:748,1
DA:749,1
DA:750,1
DA:751,1
DA:752,1
DA:755,1
DA:756,1
DA:757,1
DA:758,1
DA:759,1
DA:760,1
DA:761,0
DA:763,1
DA:766,1
DA:767,1
DA:768,1
DA:769,1
DA:770,0
DA:772,1
DA:774,2
DA:775,3
DA:776,1
DA:777,1
DA:778,1
DA:779,2
DA:780,2
DA:783,1
DA:784,1
DA:785,1
DA:786,1
DA:787,1
DA:788,1
DA:789,1
DA:790,1
DA:791,1
DA:792,1
DA:793,1
DA:794,1
DA:795,1
DA:796,1
DA:797,1
DA:800,1
DA:801,1
DA:802,1
DA:803,1
DA:804,1
DA:805,1
DA:806,1
DA:807,1
BRF:0
BRH:0
LF:485
LH:320
end_of_record
SF:/home/ubuntu/Code/ExpressGateway/crates/lb-l7/src/h1_proxy.rs
FN:594,_RINvMs4_NtCscRJcA2zm81b_5lb_l78h1_proxyNtB6_7H1Proxy16serve_connectionpEB8_
FN:629,_RINvMs4_NtCscRJcA2zm81b_5lb_l78h1_proxyNtB6_7H1Proxy28serve_connection_with_cancelpEB8_
FN:660,_RINvMs4_NtCscRJcA2zm81b_5lb_l78h1_proxyNtB6_7H1Proxy32serve_connection_with_cancel_snipEB8_
FN:597,_RNCINvMs4_NtCscRJcA2zm81b_5lb_l78h1_proxyNtB8_7H1Proxy16serve_connectionpE0Ba_
FN:637,_RNCINvMs4_NtCscRJcA2zm81b_5lb_l78h1_proxyNtB8_7H1Proxy28serve_connection_with_cancelpE0Ba_
FN:669,_RNCINvMs4_NtCscRJcA2zm81b_5lb_l78h1_proxyNtB8_7H1Proxy32serve_connection_with_cancel_snipE0Ba_
FN:201,_RNvMs0_NtCscRJcA2zm81b_5lb_l78h1_proxyNtB5_12AltSvcConfig12header_value
FN:278,_RNvMs2_NtCscRJcA2zm81b_5lb_l78h1_proxyNtB5_15RoundRobinAddrs3new
FN:468,_RNvMs4_NtCscRJcA2zm81b_5lb_l78h1_proxyNtB5_7H1Proxy10with_hooks
FN:483,_RNvMs4_NtCscRJcA2zm81b_5lb_l78h1_proxyNtB5_7H1Proxy13with_watchdog
FN:576,_RNvMs4_NtCscRJcA2zm81b_5lb_l78h1_proxyNtB5_7H1Proxy14with_websocket
FN:541,_RNvMs4_NtCscRJcA2zm81b_5lb_l78h1_proxyNtB5_7H1Proxy15has_h2_upstream
FN:548,_RNvMs4_NtCscRJcA2zm81b_5lb_l78h1_proxyNtB5_7H1Proxy15has_h3_upstream
FN:524,_RNvMs4_NtCscRJcA2zm81b_5lb_l78h1_proxyNtB5_7H1Proxy16with_h2_upstream
FN:532,_RNvMs4_NtCscRJcA2zm81b_5lb_l78h1_proxyNtB5_7H1Proxy16with_h3_upstream
FN:431,_RNvMs4_NtCscRJcA2zm81b_5lb_l78h1_proxyNtB5_7H1Proxy16with_multi_proto
FN:516,_RNvMs4_NtCscRJcA2zm81b_5lb_l78h1_proxyNtB5_7H1Proxy17with_expected_sni
FN:493,_RNvMs4_NtCscRJcA2zm81b_5lb_l78h1_proxyNtB5_7H1Proxy19with_smuggle_strict
FN:557,_RNvMs4_NtCscRJcA2zm81b_5lb_l78h1_proxyNtB5_7H1Proxy27with_max_keepalive_requests
FN:504,_RNvMs4_NtCscRJcA2zm81b_5lb_l78h1_proxyNtB5_7H1Proxy29with_header_underscore_policy
FN:567,_RNvMs4_NtCscRJcA2zm81b_5lb_l78h1_proxyNtB5_7H1Proxy33keepalive_cap_termination_counter
FN:387,_RNvMs4_NtCscRJcA2zm81b_5lb_l78h1_proxyNtB5_7H1Proxy3new
FN:874,_RNvMs6_NtCscRJcA2zm81b_5lb_l78h1_proxyNtB5_7H1Proxy12handle_inner
FN:1196,_RNvMs6_NtCscRJcA2zm81b_5lb_l78h1_proxyNtB5_7H1Proxy13proxy_request
FN:2033,_RNvMs6_NtCscRJcA2zm81b_5lb_l78h1_proxyNtB5_7H1Proxy14proxy_h1_to_h2
FN:2100,_RNvMs6_NtCscRJcA2zm81b_5lb_l78h1_proxyNtB5_7H1Proxy14proxy_h1_to_h3
FN:2529,_RNvMs6_NtCscRJcA2zm81b_5lb_l78h1_proxyNtB5_7H1Proxy17finalize_response
FN:2409,_RNvMs6_NtCscRJcA2zm81b_5lb_l78h1_proxyNtB5_7H1Proxy17handle_ws_upgrade
FN:1673,_RNvMs6_NtCscRJcA2zm81b_5lb_l78h1_proxyNtB5_7H1Proxy22proxy_h1_to_h2_request
FN:842,_RNvMs6_NtCscRJcA2zm81b_5lb_l78h1_proxyNtB5_7H1Proxy6handle
FN:2772,_RNvNtCscRJcA2zm81b_5lb_l78h1_proxy10append_via
FN:2732,_RNvNtCscRJcA2zm81b_5lb_l78h1_proxy10append_xff
FN:2654,_RNvNtCscRJcA2zm81b_5lb_l78h1_proxy14error_response
FN:2893,_RNvNtCscRJcA2zm81b_5lb_l78h1_proxy16concat_h1_chunks
FN:2574,_RNvNtCscRJcA2zm81b_5lb_l78h1_proxy16dial_upstream_ws
FN:2698,_RNvNtCscRJcA2zm81b_5lb_l78h1_proxy16strip_hop_by_hop
FN:2879,_RNvNtCscRJcA2zm81b_5lb_l78h1_proxy18h1_to_h2_proxy_err
FN:3241,_RNvNtCscRJcA2zm81b_5lb_l78h1_proxy18record_retained_h1
FN:2678,_RNvNtCscRJcA2zm81b_5lb_l78h1_proxy18reject_to_response
FN:2633,_RNvNtCscRJcA2zm81b_5lb_l78h1_proxy21run_h1_ws_splice_task
FN:3019,_RNvNtCscRJcA2zm81b_5lb_l78h1_proxy23upstream_response_to_h1
FN:2955,_RNvNtCscRJcA2zm81b_5lb_l78h1_proxy24build_body_with_trailers
FN:3158,_RNvNtCscRJcA2zm81b_5lb_l78h1_proxy24build_h1_to_h3_fieldlist
FN:2943,_RNvNtCscRJcA2zm81b_5lb_l78h1_proxy27build_h1_streaming_response
FN:2917,_RNvNtCscRJcA2zm81b_5lb_l78h1_proxy28h3_decoded_resp_head_builder
FN:166,_RNvNtCscRJcA2zm81b_5lb_l78h1_proxy28validate_h1_request_trailers
FN:2814,_RNvNtCscRJcA2zm81b_5lb_l78h1_proxy29build_h1_to_h2_upstream_parts
FN:3085,_RNvNtCscRJcA2zm81b_5lb_l78h1_proxy31build_h1_response_with_trailers
FN:2761,_RNvNtCscRJcA2zm81b_5lb_l78h1_proxy7set_xfh
FN:2753,_RNvNtCscRJcA2zm81b_5lb_l78h1_proxy7set_xfp
FN:141,_RNvXNtCscRJcA2zm81b_5lb_l78h1_proxyNtB2_11H1PumpAbortNtNtCs2va5m0jqTTM_4core3fmt7Display3fmt
FN:227,_RNvXs1_NtCscRJcA2zm81b_5lb_l78h1_proxyNtB5_12HttpTimeoutsNtNtCs2va5m0jqTTM_4core7default7Default7default
FN:290,_RNvXs3_NtCscRJcA2zm81b_5lb_l78h1_proxyNtB5_15RoundRobinAddrsNtB5_13BackendPicker4pick
FN:791,_RNvXs5_NtCscRJcA2zm81b_5lb_l78h1_proxyNtB5_12ProxyServiceINtNtNtCsgB3dp6qvXvn_5hyper7service7service7ServiceINtNtCsjFxw70quGA5_4http7request7RequestNtNtNtB10_4body8incoming8IncomingEE4call
FN:2214,_RNCNCNCNCNCNvMs6_NtCscRJcA2zm81b_5lb_l78h1_proxyNtBf_7H1Proxy14proxy_h1_to_h300000Bh_
FN:2213,_RNCNCNCNCNvMs6_NtCscRJcA2zm81b_5lb_l78h1_proxyNtBd_7H1Proxy14proxy_h1_to_h30000Bf_
FN:1769,_RNCNCNCNCNvMs6_NtCscRJcA2zm81b_5lb_l78h1_proxyNtBd_7H1Proxy22proxy_h1_to_h2_request0000Bf_
FN:1067,_RNCNCNCNvMs6_NtCscRJcA2zm81b_5lb_l78h1_proxyNtBb_7H1Proxy12handle_inner0s5_00Bd_
FN:1101,_RNCNCNCNvMs6_NtCscRJcA2zm81b_5lb_l78h1_proxyNtBb_7H1Proxy12handle_inner0s6_00Bd_
FN:1325,_RNCNCNCNvMs6_NtCscRJcA2zm81b_5lb_l78h1_proxyNtBb_7H1Proxy13proxy_request0s3_00Bd_
FN:1334,_RNCNCNCNvMs6_NtCscRJcA2zm81b_5lb_l78h1_proxyNtBb_7H1Proxy13proxy_request0s3_0s_0Bd_
FN:2211,_RNCNCNCNvMs6_NtCscRJcA2zm81b_5lb_l78h1_proxyNtBb_7H1Proxy14proxy_h1_to_h3000Bd_
FN:1766,_RNCNCNCNvMs6_NtCscRJcA2zm81b_5lb_l78h1_proxyNtBb_7H1Proxy22proxy_h1_to_h2_request000Bd_
FN:1839,_RNCNCNCNvMs6_NtCscRJcA2zm81b_5lb_l78h1_proxyNtBb_7H1Proxy22proxy_h1_to_h2_request0s2_00Bd_
FN:1844,_RNCNCNCNvMs6_NtCscRJcA2zm81b_5lb_l78h1_proxyNtBb_7H1Proxy22proxy_h1_to_h2_request0s2_0s_0Bd_
FN:919,_RNCNCNvMs6_NtCscRJcA2zm81b_5lb_l78h1_proxyNtB9_7H1Proxy12handle_inner00Bb_
FN:942,_RNCNCNvMs6_NtCscRJcA2zm81b_5lb_l78h1_proxyNtB9_7H1Proxy12handle_inner0s0_0Bb_
FN:970,_RNCNCNvMs6_NtCscRJcA2zm81b_5lb_l78h1_proxyNtB9_7H1Proxy12handle_inner0s1_0Bb_
FN:982,_RNCNCNvMs6_NtCscRJcA2zm81b_5lb_l78h1_proxyNtB9_7H1Proxy12handle_inner0s2_0Bb_
FN:1010,_RNCNCNvMs6_NtCscRJcA2zm81b_5lb_l78h1_proxyNtB9_7H1Proxy12handle_inner0s3_0Bb_
FN:1037,_RNCNCNvMs6_NtCscRJcA2zm81b_5lb_l78h1_proxyNtB9_7H1Proxy12handle_inner0s4_0Bb_
FN:1064,_RNCNCNvMs6_NtCscRJcA2zm81b_5lb_l78h1_proxyNtB9_7H1Proxy12handle_inner0s5_0Bb_
FN:1085,_RNCNCNvMs6_NtCscRJcA2zm81b_5lb_l78h1_proxyNtB9_7H1Proxy12handle_inner0s6_0Bb_
FN:1112,_RNCNCNvMs6_NtCscRJcA2zm81b_5lb_l78h1_proxyNtB9_7H1Proxy12handle_inner0s7_0Bb_
FN:920,_RNCNCNvMs6_NtCscRJcA2zm81b_5lb_l78h1_proxyNtB9_7H1Proxy12handle_inner0s_0Bb_
FN:1235,_RNCNCNvMs6_NtCscRJcA2zm81b_5lb_l78h1_proxyNtB9_7H1Proxy13proxy_request00Bb_
FN:1256,_RNCNCNvMs6_NtCscRJcA2zm81b_5lb_l78h1_proxyNtB9_7H1Proxy13proxy_request0s0_0Bb_
FN:1258,_RNCNCNvMs6_NtCscRJcA2zm81b_5lb_l78h1_proxyNtB9_7H1Proxy13proxy_request0s1_0Bb_
FN:1288,_RNCNCNvMs6_NtCscRJcA2zm81b_5lb_l78h1_proxyNtB9_7H1Proxy13proxy_request0s2_0Bb_
FN:1320,_RNCNCNvMs6_NtCscRJcA2zm81b_5lb_l78h1_proxyNtB9_7H1Proxy13proxy_request0s3_0Bb_
FN:1608,_RNCNCNvMs6_NtCscRJcA2zm81b_5lb_l78h1_proxyNtB9_7H1Proxy13proxy_request0s4_0Bb_
FN:1244,_RNCNCNvMs6_NtCscRJcA2zm81b_5lb_l78h1_proxyNtB9_7H1Proxy13proxy_request0s_0Bb_
FN:2146,_RNCNCNvMs6_NtCscRJcA2zm81b_5lb_l78h1_proxyNtB9_7H1Proxy14proxy_h1_to_h300Bb_
FN:2300,_RNCNCNvMs6_NtCscRJcA2zm81b_5lb_l78h1_proxyNtB9_7H1Proxy14proxy_h1_to_h30s0_0Bb_
FN:2339,_RNCNCNvMs6_NtCscRJcA2zm81b_5lb_l78h1_proxyNtB9_7H1Proxy14proxy_h1_to_h30s1_0Bb_
FN:2350,_RNCNCNvMs6_NtCscRJcA2zm81b_5lb_l78h1_proxyNtB9_7H1Proxy14proxy_h1_to_h30s2_0Bb_
FN:2271,_RNCNCNvMs6_NtCscRJcA2zm81b_5lb_l78h1_proxyNtB9_7H1Proxy14proxy_h1_to_h30s_0Bb_
FN:2436,_RNCNCNvMs6_NtCscRJcA2zm81b_5lb_l78h1_proxyNtB9_7H1Proxy17handle_ws_upgrade00Bb_
FN:2509,_RNCNCNvMs6_NtCscRJcA2zm81b_5lb_l78h1_proxyNtB9_7H1Proxy17handle_ws_upgrade0s0_0Bb_
FN:2510,_RNCNCNvMs6_NtCscRJcA2zm81b_5lb_l78h1_proxyNtB9_7H1Proxy17handle_ws_upgrade0s1_0Bb_
FN:2512,_RNCNCNvMs6_NtCscRJcA2zm81b_5lb_l78h1_proxyNtB9_7H1Proxy17handle_ws_upgrade0s2_0Bb_
FN:2513,_RNCNCNvMs6_NtCscRJcA2zm81b_5lb_l78h1_proxyNtB9_7H1Proxy17handle_ws_upgrade0s3_0Bb_
FN:2524,_RNCNCNvMs6_NtCscRJcA2zm81b_5lb_l78h1_proxyNtB9_7H1Proxy17handle_ws_upgrade0s5_0Bb_
FN:2440,_RNCNCNvMs6_NtCscRJcA2zm81b_5lb_l78h1_proxyNtB9_7H1Proxy17handle_ws_upgrade0s_0Bb_
FN:1764,_RNCNCNvMs6_NtCscRJcA2zm81b_5lb_l78h1_proxyNtB9_7H1Proxy22proxy_h1_to_h2_request00Bb_
FN:1807,_RNCNCNvMs6_NtCscRJcA2zm81b_5lb_l78h1_proxyNtB9_7H1Proxy22proxy_h1_to_h2_request0s0_0Bb_
FN:1816,_RNCNCNvMs6_NtCscRJcA2zm81b_5lb_l78h1_proxyNtB9_7H1Proxy22proxy_h1_to_h2_request0s1_0Bb_
FN:1838,_RNCNCNvMs6_NtCscRJcA2zm81b_5lb_l78h1_proxyNtB9_7H1Proxy22proxy_h1_to_h2_request0s2_0Bb_
FN:1782,_RNCNCNvMs6_NtCscRJcA2zm81b_5lb_l78h1_proxyNtB9_7H1Proxy22proxy_h1_to_h2_request0s_0Bb_
FN:2589,_RNCNCNvNtCscRJcA2zm81b_5lb_l78h1_proxy16dial_upstream_ws00B7_
FN:2596,_RNCNCNvNtCscRJcA2zm81b_5lb_l78h1_proxy16dial_upstream_ws0s0_0B7_
FN:2624,_RNCNCNvNtCscRJcA2zm81b_5lb_l78h1_proxy16dial_upstream_ws0s1_0B7_
FN:2592,_RNCNCNvNtCscRJcA2zm81b_5lb_l78h1_proxy16dial_upstream_ws0s_0B7_
FN:3183,_RNCNCNvNtCscRJcA2zm81b_5lb_l78h1_proxy24build_h1_to_h3_fieldlists1_00B7_
FN:2830,_RNCNCNvNtCscRJcA2zm81b_5lb_l78h1_proxy29build_h1_to_h2_upstream_partss_00B7_
FN:880,_RNCNvMs6_NtCscRJcA2zm81b_5lb_l78h1_proxyNtB7_7H1Proxy12handle_inner0B9_
FN:1200,_RNCNvMs6_NtCscRJcA2zm81b_5lb_l78h1_proxyNtB7_7H1Proxy13proxy_request0B9_
FN:2037,_RNCNvMs6_NtCscRJcA2zm81b_5lb_l78h1_proxyNtB7_7H1Proxy14proxy_h1_to_h20B9_
FN:2104,_RNCNvMs6_NtCscRJcA2zm81b_5lb_l78h1_proxyNtB7_7H1Proxy14proxy_h1_to_h30B9_
FN:2543,_RNCNvMs6_NtCscRJcA2zm81b_5lb_l78h1_proxyNtB7_7H1Proxy17finalize_response0B9_
FN:2413,_RNCNvMs6_NtCscRJcA2zm81b_5lb_l78h1_proxyNtB7_7H1Proxy17handle_ws_upgrade0B9_
FN:1678,_RNCNvMs6_NtCscRJcA2zm81b_5lb_l78h1_proxyNtB7_7H1Proxy22proxy_h1_to_h2_request0B9_
FN:847,_RNCNvMs6_NtCscRJcA2zm81b_5lb_l78h1_proxyNtB7_7H1Proxy6handle0B9_
FN:2582,_RNCNvNtCscRJcA2zm81b_5lb_l78h1_proxy16dial_upstream_ws0B5_
FN:2704,_RNCNvNtCscRJcA2zm81b_5lb_l78h1_proxy16strip_hop_by_hop0B5_
FN:2707,_RNCNvNtCscRJcA2zm81b_5lb_l78h1_proxy16strip_hop_by_hops0_0B5_
FN:2708,_RNCNvNtCscRJcA2zm81b_5lb_l78h1_proxy16strip_hop_by_hops1_0B5_
FN:2705,_RNCNvNtCscRJcA2zm81b_5lb_l78h1_proxy16strip_hop_by_hops_0B5_
FN:2637,_RNCNvNtCscRJcA2zm81b_5lb_l78h1_proxy21run_h1_ws_splice_task0B5_
FN:3055,_RNCNvNtCscRJcA2zm81b_5lb_l78h1_proxy23upstream_response_to_h10B5_
FN:3058,_RNCNvNtCscRJcA2zm81b_5lb_l78h1_proxy23upstream_response_to_h1s_0B5_
FN:3166,_RNCNvNtCscRJcA2zm81b_5lb_l78h1_proxy24build_h1_to_h3_fieldlist0B5_
FN:3175,_RNCNvNtCscRJcA2zm81b_5lb_l78h1_proxy24build_h1_to_h3_fieldlists0_0B5_
FN:3180,_RNCNvNtCscRJcA2zm81b_5lb_l78h1_proxy24build_h1_to_h3_fieldlists1_0B5_
FN:3187,_RNCNvNtCscRJcA2zm81b_5lb_l78h1_proxy24build_h1_to_h3_fieldlists2_0B5_
FN:3200,_RNCNvNtCscRJcA2zm81b_5lb_l78h1_proxy24build_h1_to_h3_fieldlists3_0B5_
FN:3204,_RNCNvNtCscRJcA2zm81b_5lb_l78h1_proxy24build_h1_to_h3_fieldlists4_0B5_
FN:3167,_RNCNvNtCscRJcA2zm81b_5lb_l78h1_proxy24build_h1_to_h3_fieldlists_0B5_
FN:2947,_RNCNvNtCscRJcA2zm81b_5lb_l78h1_proxy27build_h1_streaming_response0B5_
FN:177,_RNCNvNtCscRJcA2zm81b_5lb_l78h1_proxy28validate_h1_request_trailers0B5_
FN:2823,_RNCNvNtCscRJcA2zm81b_5lb_l78h1_proxy29build_h1_to_h2_upstream_parts0B5_
FN:2839,_RNCNvNtCscRJcA2zm81b_5lb_l78h1_proxy29build_h1_to_h2_upstream_partss0_0B5_
FN:2845,_RNCNvNtCscRJcA2zm81b_5lb_l78h1_proxy29build_h1_to_h2_upstream_partss1_0B5_
FN:2846,_RNCNvNtCscRJcA2zm81b_5lb_l78h1_proxy29build_h1_to_h2_upstream_partss2_0B5_
FN:2847,_RNCNvNtCscRJcA2zm81b_5lb_l78h1_proxy29build_h1_to_h2_upstream_partss3_0B5_
FN:2869,_RNCNvNtCscRJcA2zm81b_5lb_l78h1_proxy29build_h1_to_h2_upstream_partss4_0B5_
FN:2827,_RNCNvNtCscRJcA2zm81b_5lb_l78h1_proxy29build_h1_to_h2_upstream_partss_0B5_
FN:3121,_RNCNvNtCscRJcA2zm81b_5lb_l78h1_proxy31build_h1_response_with_trailers0B5_
FN:3144,_RNCNvNtCscRJcA2zm81b_5lb_l78h1_proxy31build_h1_response_with_trailerss0_0B5_
FN:3142,_RNCNvNtCscRJcA2zm81b_5lb_l78h1_proxy31build_h1_response_with_trailerss_0B5_
FN:806,_RNCNvXs5_NtCscRJcA2zm81b_5lb_l78h1_proxyNtB7_12ProxyServiceINtNtNtCsgB3dp6qvXvn_5hyper7service7service7ServiceINtNtCsjFxw70quGA5_4http7request7RequestNtNtNtB12_4body8incoming8IncomingEE4call0B9_
FN:629,_RINvMs4_NtCscRJcA2zm81b_5lb_l78h1_proxyNtB6_7H1Proxy28serve_connection_with_cancelNtNtNtNtCsfWKKmeeA0Vo_5tokio3net3tcp6stream9TcpStreamECsg9xlZenf2AU_14expressgateway
FN:660,_RINvMs4_NtCscRJcA2zm81b_5lb_l78h1_proxyNtB6_7H1Proxy32serve_connection_with_cancel_sniINtNtCs7m3feRqGqA4_12tokio_rustls6server9TlsStreamNtNtNtNtCsfWKKmeeA0Vo_5tokio3net3tcp6stream9TcpStreamEECsg9xlZenf2AU_14expressgateway
FN:660,_RINvMs4_NtCscRJcA2zm81b_5lb_l78h1_proxyNtB6_7H1Proxy32serve_connection_with_cancel_sniNtNtNtNtCsfWKKmeeA0Vo_5tokio3net3tcp6stream9TcpStreamECsg9xlZenf2AU_14expressgateway
FN:637,_RNCINvMs4_NtCscRJcA2zm81b_5lb_l78h1_proxyNtB8_7H1Proxy28serve_connection_with_cancelNtNtNtNtCsfWKKmeeA0Vo_5tokio3net3tcp6stream9TcpStreamE0Csg9xlZenf2AU_14expressgateway
FN:669,_RNCINvMs4_NtCscRJcA2zm81b_5lb_l78h1_proxyNtB8_7H1Proxy32serve_connection_with_cancel_sniINtNtCs7m3feRqGqA4_12tokio_rustls6server9TlsStreamNtNtNtNtCsfWKKmeeA0Vo_5tokio3net3tcp6stream9TcpStreamEE0Csg9xlZenf2AU_14expressgateway
FN:669,_RNCINvMs4_NtCscRJcA2zm81b_5lb_l78h1_proxyNtB8_7H1Proxy32serve_connection_with_cancel_sniNtNtNtNtCsfWKKmeeA0Vo_5tokio3net3tcp6stream9TcpStreamE0Csg9xlZenf2AU_14expressgateway
FN:201,_RNvMs0_NtCsijo3INtYyGB_5lb_l78h1_proxyNtB5_12AltSvcConfig12header_value
FN:278,_RNvMs2_NtCsijo3INtYyGB_5lb_l78h1_proxyNtB5_15RoundRobinAddrs3new
FN:387,_RNvMs4_NtCsijo3INtYyGB_5lb_l78h1_proxyNtB5_7H1Proxy3new
FN:874,_RNvMs6_NtCsijo3INtYyGB_5lb_l78h1_proxyNtB5_7H1Proxy12handle_inner
FN:1196,_RNvMs6_NtCsijo3INtYyGB_5lb_l78h1_proxyNtB5_7H1Proxy13proxy_request
FN:2033,_RNvMs6_NtCsijo3INtYyGB_5lb_l78h1_proxyNtB5_7H1Proxy14proxy_h1_to_h2
FN:2100,_RNvMs6_NtCsijo3INtYyGB_5lb_l78h1_proxyNtB5_7H1Proxy14proxy_h1_to_h3
FN:2529,_RNvMs6_NtCsijo3INtYyGB_5lb_l78h1_proxyNtB5_7H1Proxy17finalize_response
FN:2409,_RNvMs6_NtCsijo3INtYyGB_5lb_l78h1_proxyNtB5_7H1Proxy17handle_ws_upgrade
FN:1673,_RNvMs6_NtCsijo3INtYyGB_5lb_l78h1_proxyNtB5_7H1Proxy22proxy_h1_to_h2_request
FN:842,_RNvMs6_NtCsijo3INtYyGB_5lb_l78h1_proxyNtB5_7H1Proxy6handle
FN:2772,_RNvNtCsijo3INtYyGB_5lb_l78h1_proxy10append_via
FN:2732,_RNvNtCsijo3INtYyGB_5lb_l78h1_proxy10append_xff
FN:2654,_RNvNtCsijo3INtYyGB_5lb_l78h1_proxy14error_response
FN:2893,_RNvNtCsijo3INtYyGB_5lb_l78h1_proxy16concat_h1_chunks
FN:2574,_RNvNtCsijo3INtYyGB_5lb_l78h1_proxy16dial_upstream_ws
FN:2698,_RNvNtCsijo3INtYyGB_5lb_l78h1_proxy16strip_hop_by_hop
FN:2879,_RNvNtCsijo3INtYyGB_5lb_l78h1_proxy18h1_to_h2_proxy_err
FN:3241,_RNvNtCsijo3INtYyGB_5lb_l78h1_proxy18record_retained_h1
FN:2678,_RNvNtCsijo3INtYyGB_5lb_l78h1_proxy18reject_to_response
FN:2633,_RNvNtCsijo3INtYyGB_5lb_l78h1_proxy21run_h1_ws_splice_task
FN:3019,_RNvNtCsijo3INtYyGB_5lb_l78h1_proxy23upstream_response_to_h1
FN:2955,_RNvNtCsijo3INtYyGB_5lb_l78h1_proxy24build_body_with_trailers
FN:3158,_RNvNtCsijo3INtYyGB_5lb_l78h1_proxy24build_h1_to_h3_fieldlist
FN:2943,_RNvNtCsijo3INtYyGB_5lb_l78h1_proxy27build_h1_streaming_response
FN:2917,_RNvNtCsijo3INtYyGB_5lb_l78h1_proxy28h3_decoded_resp_head_builder
FN:166,_RNvNtCsijo3INtYyGB_5lb_l78h1_proxy28validate_h1_request_trailers
FN:2814,_RNvNtCsijo3INtYyGB_5lb_l78h1_proxy29build_h1_to_h2_upstream_parts
FN:2761,_RNvNtCsijo3INtYyGB_5lb_l78h1_proxy7set_xfh
FN:2753,_RNvNtCsijo3INtYyGB_5lb_l78h1_proxy7set_xfp
FN:141,_RNvXNtCsijo3INtYyGB_5lb_l78h1_proxyNtB2_11H1PumpAbortNtNtCs2va5m0jqTTM_4core3fmt7Display3fmt
FN:227,_RNvXs1_NtCsijo3INtYyGB_5lb_l78h1_proxyNtB5_12HttpTimeoutsNtNtCs2va5m0jqTTM_4core7default7Default7default
FN:290,_RNvXs3_NtCsijo3INtYyGB_5lb_l78h1_proxyNtB5_15RoundRobinAddrsNtB5_13BackendPicker4pick
FN:791,_RNvXs5_NtCsijo3INtYyGB_5lb_l78h1_proxyNtB5_12ProxyServiceINtNtNtCsgB3dp6qvXvn_5hyper7service7service7ServiceINtNtCsjFxw70quGA5_4http7request7RequestNtNtNtB10_4body8incoming8IncomingEE4call
FN:629,_RINvMs4_NtCsijo3INtYyGB_5lb_l78h1_proxyNtB6_7H1Proxy28serve_connection_with_cancelNtNtNtNtCsfWKKmeeA0Vo_5tokio2io4util3mem12DuplexStreamEB8_
FN:660,_RINvMs4_NtCsijo3INtYyGB_5lb_l78h1_proxyNtB6_7H1Proxy32serve_connection_with_cancel_sniNtNtNtNtCsfWKKmeeA0Vo_5tokio2io4util3mem12DuplexStreamEB8_
FN:637,_RNCINvMs4_NtCsijo3INtYyGB_5lb_l78h1_proxyNtB8_7H1Proxy28serve_connection_with_cancelNtNtNtNtCsfWKKmeeA0Vo_5tokio2io4util3mem12DuplexStreamE0Ba_
FN:669,_RNCINvMs4_NtCsijo3INtYyGB_5lb_l78h1_proxyNtB8_7H1Proxy32serve_connection_with_cancel_sniNtNtNtNtCsfWKKmeeA0Vo_5tokio2io4util3mem12DuplexStreamE0Ba_
FN:2214,_RNCNCNCNCNCNvMs6_NtCsijo3INtYyGB_5lb_l78h1_proxyNtBf_7H1Proxy14proxy_h1_to_h300000Bh_
FN:2213,_RNCNCNCNCNvMs6_NtCsijo3INtYyGB_5lb_l78h1_proxyNtBd_7H1Proxy14proxy_h1_to_h30000Bf_
FN:1769,_RNCNCNCNCNvMs6_NtCsijo3INtYyGB_5lb_l78h1_proxyNtBd_7H1Proxy22proxy_h1_to_h2_request0000Bf_
FN:1067,_RNCNCNCNvMs6_NtCsijo3INtYyGB_5lb_l78h1_proxyNtBb_7H1Proxy12handle_inner0s5_00Bd_
FN:1101,_RNCNCNCNvMs6_NtCsijo3INtYyGB_5lb_l78h1_proxyNtBb_7H1Proxy12handle_inner0s6_00Bd_
FN:1325,_RNCNCNCNvMs6_NtCsijo3INtYyGB_5lb_l78h1_proxyNtBb_7H1Proxy13proxy_request0s3_00Bd_
FN:1334,_RNCNCNCNvMs6_NtCsijo3INtYyGB_5lb_l78h1_proxyNtBb_7H1Proxy13proxy_request0s3_0s_0Bd_
FN:2211,_RNCNCNCNvMs6_NtCsijo3INtYyGB_5lb_l78h1_proxyNtBb_7H1Proxy14proxy_h1_to_h3000Bd_
FN:1766,_RNCNCNCNvMs6_NtCsijo3INtYyGB_5lb_l78h1_proxyNtBb_7H1Proxy22proxy_h1_to_h2_request000Bd_
FN:1839,_RNCNCNCNvMs6_NtCsijo3INtYyGB_5lb_l78h1_proxyNtBb_7H1Proxy22proxy_h1_to_h2_request0s2_00Bd_
FN:1844,_RNCNCNCNvMs6_NtCsijo3INtYyGB_5lb_l78h1_proxyNtBb_7H1Proxy22proxy_h1_to_h2_request0s2_0s_0Bd_
FN:919,_RNCNCNvMs6_NtCsijo3INtYyGB_5lb_l78h1_proxyNtB9_7H1Proxy12handle_inner00Bb_
FN:942,_RNCNCNvMs6_NtCsijo3INtYyGB_5lb_l78h1_proxyNtB9_7H1Proxy12handle_inner0s0_0Bb_
FN:970,_RNCNCNvMs6_NtCsijo3INtYyGB_5lb_l78h1_proxyNtB9_7H1Proxy12handle_inner0s1_0Bb_
FN:982,_RNCNCNvMs6_NtCsijo3INtYyGB_5lb_l78h1_proxyNtB9_7H1Proxy12handle_inner0s2_0Bb_
FN:1010,_RNCNCNvMs6_NtCsijo3INtYyGB_5lb_l78h1_proxyNtB9_7H1Proxy12handle_inner0s3_0Bb_
FN:1037,_RNCNCNvMs6_NtCsijo3INtYyGB_5lb_l78h1_proxyNtB9_7H1Proxy12handle_inner0s4_0Bb_
FN:1064,_RNCNCNvMs6_NtCsijo3INtYyGB_5lb_l78h1_proxyNtB9_7H1Proxy12handle_inner0s5_0Bb_
FN:1085,_RNCNCNvMs6_NtCsijo3INtYyGB_5lb_l78h1_proxyNtB9_7H1Proxy12handle_inner0s6_0Bb_
FN:1112,_RNCNCNvMs6_NtCsijo3INtYyGB_5lb_l78h1_proxyNtB9_7H1Proxy12handle_inner0s7_0Bb_
FN:920,_RNCNCNvMs6_NtCsijo3INtYyGB_5lb_l78h1_proxyNtB9_7H1Proxy12handle_inner0s_0Bb_
FN:1235,_RNCNCNvMs6_NtCsijo3INtYyGB_5lb_l78h1_proxyNtB9_7H1Proxy13proxy_request00Bb_
FN:1256,_RNCNCNvMs6_NtCsijo3INtYyGB_5lb_l78h1_proxyNtB9_7H1Proxy13proxy_request0s0_0Bb_
FN:1258,_RNCNCNvMs6_NtCsijo3INtYyGB_5lb_l78h1_proxyNtB9_7H1Proxy13proxy_request0s1_0Bb_
FN:1288,_RNCNCNvMs6_NtCsijo3INtYyGB_5lb_l78h1_proxyNtB9_7H1Proxy13proxy_request0s2_0Bb_
FN:1320,_RNCNCNvMs6_NtCsijo3INtYyGB_5lb_l78h1_proxyNtB9_7H1Proxy13proxy_request0s3_0Bb_
FN:1608,_RNCNCNvMs6_NtCsijo3INtYyGB_5lb_l78h1_proxyNtB9_7H1Proxy13proxy_request0s4_0Bb_
FN:1244,_RNCNCNvMs6_NtCsijo3INtYyGB_5lb_l78h1_proxyNtB9_7H1Proxy13proxy_request0s_0Bb_
FN:2146,_RNCNCNvMs6_NtCsijo3INtYyGB_5lb_l78h1_proxyNtB9_7H1Proxy14proxy_h1_to_h300Bb_
FN:2300,_RNCNCNvMs6_NtCsijo3INtYyGB_5lb_l78h1_proxyNtB9_7H1Proxy14proxy_h1_to_h30s0_0Bb_
FN:2339,_RNCNCNvMs6_NtCsijo3INtYyGB_5lb_l78h1_proxyNtB9_7H1Proxy14proxy_h1_to_h30s1_0Bb_
FN:2350,_RNCNCNvMs6_NtCsijo3INtYyGB_5lb_l78h1_proxyNtB9_7H1Proxy14proxy_h1_to_h30s2_0Bb_
FN:2271,_RNCNCNvMs6_NtCsijo3INtYyGB_5lb_l78h1_proxyNtB9_7H1Proxy14proxy_h1_to_h30s_0Bb_
FN:2436,_RNCNCNvMs6_NtCsijo3INtYyGB_5lb_l78h1_proxyNtB9_7H1Proxy17handle_ws_upgrade00Bb_
FN:2509,_RNCNCNvMs6_NtCsijo3INtYyGB_5lb_l78h1_proxyNtB9_7H1Proxy17handle_ws_upgrade0s0_0Bb_
FN:2510,_RNCNCNvMs6_NtCsijo3INtYyGB_5lb_l78h1_proxyNtB9_7H1Proxy17handle_ws_upgrade0s1_0Bb_
FN:2512,_RNCNCNvMs6_NtCsijo3INtYyGB_5lb_l78h1_proxyNtB9_7H1Proxy17handle_ws_upgrade0s2_0Bb_
FN:2513,_RNCNCNvMs6_NtCsijo3INtYyGB_5lb_l78h1_proxyNtB9_7H1Proxy17handle_ws_upgrade0s3_0Bb_
FN:2524,_RNCNCNvMs6_NtCsijo3INtYyGB_5lb_l78h1_proxyNtB9_7H1Proxy17handle_ws_upgrade0s5_0Bb_
FN:2440,_RNCNCNvMs6_NtCsijo3INtYyGB_5lb_l78h1_proxyNtB9_7H1Proxy17handle_ws_upgrade0s_0Bb_
FN:1764,_RNCNCNvMs6_NtCsijo3INtYyGB_5lb_l78h1_proxyNtB9_7H1Proxy22proxy_h1_to_h2_request00Bb_
FN:1807,_RNCNCNvMs6_NtCsijo3INtYyGB_5lb_l78h1_proxyNtB9_7H1Proxy22proxy_h1_to_h2_request0s0_0Bb_
FN:1816,_RNCNCNvMs6_NtCsijo3INtYyGB_5lb_l78h1_proxyNtB9_7H1Proxy22proxy_h1_to_h2_request0s1_0Bb_
FN:1838,_RNCNCNvMs6_NtCsijo3INtYyGB_5lb_l78h1_proxyNtB9_7H1Proxy22proxy_h1_to_h2_request0s2_0Bb_
FN:1782,_RNCNCNvMs6_NtCsijo3INtYyGB_5lb_l78h1_proxyNtB9_7H1Proxy22proxy_h1_to_h2_request0s_0Bb_
FN:2589,_RNCNCNvNtCsijo3INtYyGB_5lb_l78h1_proxy16dial_upstream_ws00B7_
FN:2596,_RNCNCNvNtCsijo3INtYyGB_5lb_l78h1_proxy16dial_upstream_ws0s0_0B7_
FN:2624,_RNCNCNvNtCsijo3INtYyGB_5lb_l78h1_proxy16dial_upstream_ws0s1_0B7_
FN:2592,_RNCNCNvNtCsijo3INtYyGB_5lb_l78h1_proxy16dial_upstream_ws0s_0B7_
FN:3183,_RNCNCNvNtCsijo3INtYyGB_5lb_l78h1_proxy24build_h1_to_h3_fieldlists1_00B7_
FN:2830,_RNCNCNvNtCsijo3INtYyGB_5lb_l78h1_proxy29build_h1_to_h2_upstream_partss_00B7_
FN:880,_RNCNvMs6_NtCsijo3INtYyGB_5lb_l78h1_proxyNtB7_7H1Proxy12handle_inner0B9_
FN:1200,_RNCNvMs6_NtCsijo3INtYyGB_5lb_l78h1_proxyNtB7_7H1Proxy13proxy_request0B9_
FN:2037,_RNCNvMs6_NtCsijo3INtYyGB_5lb_l78h1_proxyNtB7_7H1Proxy14proxy_h1_to_h20B9_
FN:2104,_RNCNvMs6_NtCsijo3INtYyGB_5lb_l78h1_proxyNtB7_7H1Proxy14proxy_h1_to_h30B9_
FN:2543,_RNCNvMs6_NtCsijo3INtYyGB_5lb_l78h1_proxyNtB7_7H1Proxy17finalize_response0B9_
FN:2413,_RNCNvMs6_NtCsijo3INtYyGB_5lb_l78h1_proxyNtB7_7H1Proxy17handle_ws_upgrade0B9_
FN:1678,_RNCNvMs6_NtCsijo3INtYyGB_5lb_l78h1_proxyNtB7_7H1Proxy22proxy_h1_to_h2_request0B9_
FN:847,_RNCNvMs6_NtCsijo3INtYyGB_5lb_l78h1_proxyNtB7_7H1Proxy6handle0B9_
FN:2582,_RNCNvNtCsijo3INtYyGB_5lb_l78h1_proxy16dial_upstream_ws0B5_
FN:2704,_RNCNvNtCsijo3INtYyGB_5lb_l78h1_proxy16strip_hop_by_hop0B5_
FN:2707,_RNCNvNtCsijo3INtYyGB_5lb_l78h1_proxy16strip_hop_by_hops0_0B5_
FN:2708,_RNCNvNtCsijo3INtYyGB_5lb_l78h1_proxy16strip_hop_by_hops1_0B5_
FN:2705,_RNCNvNtCsijo3INtYyGB_5lb_l78h1_proxy16strip_hop_by_hops_0B5_
FN:2637,_RNCNvNtCsijo3INtYyGB_5lb_l78h1_proxy21run_h1_ws_splice_task0B5_
FN:3055,_RNCNvNtCsijo3INtYyGB_5lb_l78h1_proxy23upstream_response_to_h10B5_
FN:3058,_RNCNvNtCsijo3INtYyGB_5lb_l78h1_proxy23upstream_response_to_h1s_0B5_
FN:3166,_RNCNvNtCsijo3INtYyGB_5lb_l78h1_proxy24build_h1_to_h3_fieldlist0B5_
FN:3175,_RNCNvNtCsijo3INtYyGB_5lb_l78h1_proxy24build_h1_to_h3_fieldlists0_0B5_
FN:3180,_RNCNvNtCsijo3INtYyGB_5lb_l78h1_proxy24build_h1_to_h3_fieldlists1_0B5_
FN:3187,_RNCNvNtCsijo3INtYyGB_5lb_l78h1_proxy24build_h1_to_h3_fieldlists2_0B5_
FN:3200,_RNCNvNtCsijo3INtYyGB_5lb_l78h1_proxy24build_h1_to_h3_fieldlists3_0B5_
FN:3204,_RNCNvNtCsijo3INtYyGB_5lb_l78h1_proxy24build_h1_to_h3_fieldlists4_0B5_
FN:3167,_RNCNvNtCsijo3INtYyGB_5lb_l78h1_proxy24build_h1_to_h3_fieldlists_0B5_
FN:2947,_RNCNvNtCsijo3INtYyGB_5lb_l78h1_proxy27build_h1_streaming_response0B5_
FN:177,_RNCNvNtCsijo3INtYyGB_5lb_l78h1_proxy28validate_h1_request_trailers0B5_
FN:2823,_RNCNvNtCsijo3INtYyGB_5lb_l78h1_proxy29build_h1_to_h2_upstream_parts0B5_
FN:2839,_RNCNvNtCsijo3INtYyGB_5lb_l78h1_proxy29build_h1_to_h2_upstream_partss0_0B5_
FN:2845,_RNCNvNtCsijo3INtYyGB_5lb_l78h1_proxy29build_h1_to_h2_upstream_partss1_0B5_
FN:2846,_RNCNvNtCsijo3INtYyGB_5lb_l78h1_proxy29build_h1_to_h2_upstream_partss2_0B5_
FN:2847,_RNCNvNtCsijo3INtYyGB_5lb_l78h1_proxy29build_h1_to_h2_upstream_partss3_0B5_
FN:2869,_RNCNvNtCsijo3INtYyGB_5lb_l78h1_proxy29build_h1_to_h2_upstream_partss4_0B5_
FN:2827,_RNCNvNtCsijo3INtYyGB_5lb_l78h1_proxy29build_h1_to_h2_upstream_partss_0B5_
FN:806,_RNCNvXs5_NtCsijo3INtYyGB_5lb_l78h1_proxyNtB7_12ProxyServiceINtNtNtCsgB3dp6qvXvn_5hyper7service7service7ServiceINtNtCsjFxw70quGA5_4http7request7RequestNtNtNtB12_4body8incoming8IncomingEE4call0B9_
FN:594,_RINvMs4_NtCsijo3INtYyGB_5lb_l78h1_proxyNtB6_7H1Proxy16serve_connectionpEB8_
FN:597,_RNCINvMs4_NtCsijo3INtYyGB_5lb_l78h1_proxyNtB8_7H1Proxy16serve_connectionpE0Ba_
FN:3121,_RNCNvNtCsijo3INtYyGB_5lb_l78h1_proxy31build_h1_response_with_trailers0B5_
FN:3144,_RNCNvNtCsijo3INtYyGB_5lb_l78h1_proxy31build_h1_response_with_trailerss0_0B5_
FN:3142,_RNCNvNtCsijo3INtYyGB_5lb_l78h1_proxy31build_h1_response_with_trailerss_0B5_
FN:468,_RNvMs4_NtCsijo3INtYyGB_5lb_l78h1_proxyNtB5_7H1Proxy10with_hooks
FN:483,_RNvMs4_NtCsijo3INtYyGB_5lb_l78h1_proxyNtB5_7H1Proxy13with_watchdog
FN:576,_RNvMs4_NtCsijo3INtYyGB_5lb_l78h1_proxyNtB5_7H1Proxy14with_websocket
FN:541,_RNvMs4_NtCsijo3INtYyGB_5lb_l78h1_proxyNtB5_7H1Proxy15has_h2_upstream
FN:548,_RNvMs4_NtCsijo3INtYyGB_5lb_l78h1_proxyNtB5_7H1Proxy15has_h3_upstream
FN:524,_RNvMs4_NtCsijo3INtYyGB_5lb_l78h1_proxyNtB5_7H1Proxy16with_h2_upstream
FN:532,_RNvMs4_NtCsijo3INtYyGB_5lb_l78h1_proxyNtB5_7H1Proxy16with_h3_upstream
FN:431,_RNvMs4_NtCsijo3INtYyGB_5lb_l78h1_proxyNtB5_7H1Proxy16with_multi_proto
FN:516,_RNvMs4_NtCsijo3INtYyGB_5lb_l78h1_proxyNtB5_7H1Proxy17with_expected_sni
FN:493,_RNvMs4_NtCsijo3INtYyGB_5lb_l78h1_proxyNtB5_7H1Proxy19with_smuggle_strict
FN:557,_RNvMs4_NtCsijo3INtYyGB_5lb_l78h1_proxyNtB5_7H1Proxy27with_max_keepalive_requests
FN:504,_RNvMs4_NtCsijo3INtYyGB_5lb_l78h1_proxyNtB5_7H1Proxy29with_header_underscore_policy
FN:567,_RNvMs4_NtCsijo3INtYyGB_5lb_l78h1_proxyNtB5_7H1Proxy33keepalive_cap_termination_counter
FN:3085,_RNvNtCsijo3INtYyGB_5lb_l78h1_proxy31build_h1_response_with_trailers
FN:3356,_RNCNvNtNtCsijo3INtYyGB_5lb_l78h1_proxy5testss_23via_two_lines_preserved0B7_
FN:3332,_RNCNvNtNtCsijo3INtYyGB_5lb_l78h1_proxy5testss_35x_forwarded_for_two_lines_preserved0B7_
FN:3431,_RNCNvNtNtCsijo3INtYyGB_5lb_l78h1_proxy5testss_42test_sigterm_h1_graceful_shutdown_resolves0B7_
FN:3263,_RNvNtNtCsijo3INtYyGB_5lb_l78h1_proxy5tests8map_with
FN:3365,_RNvNtNtCsijo3INtYyGB_5lb_l78h1_proxy5testss_12via_appended
FN:3348,_RNvNtNtCsijo3INtYyGB_5lb_l78h1_proxy5testss_23via_two_lines_preserved
FN:3295,_RNvNtNtCsijo3INtYyGB_5lb_l78h1_proxy5testss_24x_forwarded_for_appended
FN:3407,_RNvNtNtCsijo3INtYyGB_5lb_l78h1_proxy5testss_25round_robin_picker_cycles
FN:3417,_RNvNtNtCsijo3INtYyGB_5lb_l78h1_proxy5testss_30round_robin_empty_returns_none
FN:3372,_RNvNtNtCsijo3INtYyGB_5lb_l78h1_proxy5testss_32alt_svc_injected_when_configured
FN:3384,_RNvNtNtCsijo3INtYyGB_5lb_l78h1_proxy5testss_34alt_svc_absent_when_not_configured
FN:3303,_RNvNtNtCsijo3INtYyGB_5lb_l78h1_proxy5testss_35x_forwarded_for_created_when_absent
FN:3317,_RNvNtNtCsijo3INtYyGB_5lb_l78h1_proxy5testss_35x_forwarded_for_two_lines_preserved
FN:3275,_RNvNtNtCsijo3INtYyGB_5lb_l78h1_proxy5testss_40hop_by_hop_headers_stripped_from_request
FN:3431,_RNvNtNtCsijo3INtYyGB_5lb_l78h1_proxy5testss_42test_sigterm_h1_graceful_shutdown_resolves
FN:3390,_RNvNtNtCsijo3INtYyGB_5lb_l78h1_proxy5testss_65hop_by_hop_response_strips_te_and_transfer_encoding_keeps_trailer
FN:594,_RINvMs4_NtCscRJcA2zm81b_5lb_l78h1_proxyNtB6_7H1Proxy16serve_connectionNtNtNtNtCsfWKKmeeA0Vo_5tokio3net3tcp6stream9TcpStreamECshNrGFH5ArmH_25round8_authority_enforced
FN:629,_RINvMs4_NtCscRJcA2zm81b_5lb_l78h1_proxyNtB6_7H1Proxy28serve_connection_with_cancelNtNtNtNtCsfWKKmeeA0Vo_5tokio3net3tcp6stream9TcpStreamECshNrGFH5ArmH_25round8_authority_enforced
FN:660,_RINvMs4_NtCscRJcA2zm81b_5lb_l78h1_proxyNtB6_7H1Proxy32serve_connection_with_cancel_sniNtNtNtNtCsfWKKmeeA0Vo_5tokio3net3tcp6stream9TcpStreamECshNrGFH5ArmH_25round8_authority_enforced
FN:597,_RNCINvMs4_NtCscRJcA2zm81b_5lb_l78h1_proxyNtB8_7H1Proxy16serve_connectionNtNtNtNtCsfWKKmeeA0Vo_5tokio3net3tcp6stream9TcpStreamE0CshNrGFH5ArmH_25round8_authority_enforced
FN:637,_RNCINvMs4_NtCscRJcA2zm81b_5lb_l78h1_proxyNtB8_7H1Proxy28serve_connection_with_cancelNtNtNtNtCsfWKKmeeA0Vo_5tokio3net3tcp6stream9TcpStreamE0CshNrGFH5ArmH_25round8_authority_enforced
FN:669,_RNCINvMs4_NtCscRJcA2zm81b_5lb_l78h1_proxyNtB8_7H1Proxy32serve_connection_with_cancel_sniNtNtNtNtCsfWKKmeeA0Vo_5tokio3net3tcp6stream9TcpStreamE0CshNrGFH5ArmH_25round8_authority_enforced
FN:594,_RINvMs4_NtCscRJcA2zm81b_5lb_l78h1_proxyNtB6_7H1Proxy16serve_connectionNtNtNtNtCsfWKKmeeA0Vo_5tokio3net3tcp6stream9TcpStreamECs7FY36ZOtpKW_26round8_keepalive_count_cap
FN:629,_RINvMs4_NtCscRJcA2zm81b_5lb_l78h1_proxyNtB6_7H1Proxy28serve_connection_with_cancelNtNtNtNtCsfWKKmeeA0Vo_5tokio3net3tcp6stream9TcpStreamECs7FY36ZOtpKW_26round8_keepalive_count_cap
FN:660,_RINvMs4_NtCscRJcA2zm81b_5lb_l78h1_proxyNtB6_7H1Proxy32serve_connection_with_cancel_sniNtNtNtNtCsfWKKmeeA0Vo_5tokio3net3tcp6stream9TcpStreamECs7FY36ZOtpKW_26round8_keepalive_count_cap
FN:597,_RNCINvMs4_NtCscRJcA2zm81b_5lb_l78h1_proxyNtB8_7H1Proxy16serve_connectionNtNtNtNtCsfWKKmeeA0Vo_5tokio3net3tcp6stream9TcpStreamE0Cs7FY36ZOtpKW_26round8_keepalive_count_cap
FN:637,_RNCINvMs4_NtCscRJcA2zm81b_5lb_l78h1_proxyNtB8_7H1Proxy28serve_connection_with_cancelNtNtNtNtCsfWKKmeeA0Vo_5tokio3net3tcp6stream9TcpStreamE0Cs7FY36ZOtpKW_26round8_keepalive_count_cap
FN:669,_RNCINvMs4_NtCscRJcA2zm81b_5lb_l78h1_proxyNtB8_7H1Proxy32serve_connection_with_cancel_sniNtNtNtNtCsfWKKmeeA0Vo_5tokio3net3tcp6stream9TcpStreamE0Cs7FY36ZOtpKW_26round8_keepalive_count_cap
FN:594,_RINvMs4_NtCscRJcA2zm81b_5lb_l78h1_proxyNtB6_7H1Proxy16serve_connectionNtNtNtNtCsfWKKmeeA0Vo_5tokio3net3tcp6stream9TcpStreamECsJeLKJNhM6d_30round8_traceparent_propagation
FN:629,_RINvMs4_NtCscRJcA2zm81b_5lb_l78h1_proxyNtB6_7H1Proxy28serve_connection_with_cancelNtNtNtNtCsfWKKmeeA0Vo_5tokio3net3tcp6stream9TcpStreamECsJeLKJNhM6d_30round8_traceparent_propagation
FN:660,_RINvMs4_NtCscRJcA2zm81b_5lb_l78h1_proxyNtB6_7H1Proxy32serve_connection_with_cancel_sniNtNtNtNtCsfWKKmeeA0Vo_5tokio3net3tcp6stream9TcpStreamECsJeLKJNhM6d_30round8_traceparent_propagation
FN:597,_RNCINvMs4_NtCscRJcA2zm81b_5lb_l78h1_proxyNtB8_7H1Proxy16serve_connectionNtNtNtNtCsfWKKmeeA0Vo_5tokio3net3tcp6stream9TcpStreamE0CsJeLKJNhM6d_30round8_traceparent_propagation
FN:637,_RNCINvMs4_NtCscRJcA2zm81b_5lb_l78h1_proxyNtB8_7H1Proxy28serve_connection_with_cancelNtNtNtNtCsfWKKmeeA0Vo_5tokio3net3tcp6stream9TcpStreamE0CsJeLKJNhM6d_30round8_traceparent_propagation
FN:669,_RNCINvMs4_NtCscRJcA2zm81b_5lb_l78h1_proxyNtB8_7H1Proxy32serve_connection_with_cancel_sniNtNtNtNtCsfWKKmeeA0Vo_5tokio3net3tcp6stream9TcpStreamE0CsJeLKJNhM6d_30round8_traceparent_propagation
FN:594,_RINvMs4_NtCscRJcA2zm81b_5lb_l78h1_proxyNtB6_7H1Proxy16serve_connectionNtNtNtNtCsfWKKmeeA0Vo_5tokio3net3tcp6stream9TcpStreamECsau1g18OdraT_23round8_ws_upgrade_defer
FN:629,_RINvMs4_NtCscRJcA2zm81b_5lb_l78h1_proxyNtB6_7H1Proxy28serve_connection_with_cancelNtNtNtNtCsfWKKmeeA0Vo_5tokio3net3tcp6stream9TcpStreamECsau1g18OdraT_23round8_ws_upgrade_defer
FN:660,_RINvMs4_NtCscRJcA2zm81b_5lb_l78h1_proxyNtB6_7H1Proxy32serve_connection_with_cancel_sniNtNtNtNtCsfWKKmeeA0Vo_5tokio3net3tcp6stream9TcpStreamECsau1g18OdraT_23round8_ws_upgrade_defer
FN:597,_RNCINvMs4_NtCscRJcA2zm81b_5lb_l78h1_proxyNtB8_7H1Proxy16serve_connectionNtNtNtNtCsfWKKmeeA0Vo_5tokio3net3tcp6stream9TcpStreamE0Csau1g18OdraT_23round8_ws_upgrade_defer
FN:637,_RNCINvMs4_NtCscRJcA2zm81b_5lb_l78h1_proxyNtB8_7H1Proxy28serve_connection_with_cancelNtNtNtNtCsfWKKmeeA0Vo_5tokio3net3tcp6stream9TcpStreamE0Csau1g18OdraT_23round8_ws_upgrade_defer
FN:669,_RNCINvMs4_NtCscRJcA2zm81b_5lb_l78h1_proxyNtB8_7H1Proxy32serve_connection_with_cancel_sniNtNtNtNtCsfWKKmeeA0Vo_5tokio3net3tcp6stream9TcpStreamE0Csau1g18OdraT_23round8_ws_upgrade_defer
FN:660,_RINvMs4_NtCscRJcA2zm81b_5lb_l78h1_proxyNtB6_7H1Proxy32serve_connection_with_cancel_sniINtNtCs7m3feRqGqA4_12tokio_rustls6server9TlsStreamNtNtNtNtCsfWKKmeeA0Vo_5tokio2io4util3mem12DuplexStreamEECs6qxhBmUT9yO_17sni_authority_421
FN:669,_RNCINvMs4_NtCscRJcA2zm81b_5lb_l78h1_proxyNtB8_7H1Proxy32serve_connection_with_cancel_sniINtNtCs7m3feRqGqA4_12tokio_rustls6server9TlsStreamNtNtNtNtCsfWKKmeeA0Vo_5tokio2io4util3mem12DuplexStreamEE0Cs6qxhBmUT9yO_17sni_authority_421
FNDA:0,_RINvMs4_NtCscRJcA2zm81b_5lb_l78h1_proxyNtB6_7H1Proxy16serve_connectionpEB8_
FNDA:0,_RINvMs4_NtCscRJcA2zm81b_5lb_l78h1_proxyNtB6_7H1Proxy28serve_connection_with_cancelpEB8_
FNDA:0,_RINvMs4_NtCscRJcA2zm81b_5lb_l78h1_proxyNtB6_7H1Proxy32serve_connection_with_cancel_snipEB8_
FNDA:0,_RNCINvMs4_NtCscRJcA2zm81b_5lb_l78h1_proxyNtB8_7H1Proxy16serve_connectionpE0Ba_
FNDA:0,_RNCINvMs4_NtCscRJcA2zm81b_5lb_l78h1_proxyNtB8_7H1Proxy28serve_connection_with_cancelpE0Ba_
FNDA:0,_RNCINvMs4_NtCscRJcA2zm81b_5lb_l78h1_proxyNtB8_7H1Proxy32serve_connection_with_cancel_snipE0Ba_
FNDA:0,_RNvMs0_NtCscRJcA2zm81b_5lb_l78h1_proxyNtB5_12AltSvcConfig12header_value
FNDA:18,_RNvMs2_NtCscRJcA2zm81b_5lb_l78h1_proxyNtB5_15RoundRobinAddrs3new
FNDA:0,_RNvMs4_NtCscRJcA2zm81b_5lb_l78h1_proxyNtB5_7H1Proxy10with_hooks
FNDA:0,_RNvMs4_NtCscRJcA2zm81b_5lb_l78h1_proxyNtB5_7H1Proxy13with_watchdog
FNDA:5,_RNvMs4_NtCscRJcA2zm81b_5lb_l78h1_proxyNtB5_7H1Proxy14with_websocket
FNDA:0,_RNvMs4_NtCscRJcA2zm81b_5lb_l78h1_proxyNtB5_7H1Proxy15has_h2_upstream
FNDA:0,_RNvMs4_NtCscRJcA2zm81b_5lb_l78h1_proxyNtB5_7H1Proxy15has_h3_upstream
FNDA:0,_RNvMs4_NtCscRJcA2zm81b_5lb_l78h1_proxyNtB5_7H1Proxy16with_h2_upstream
FNDA:0,_RNvMs4_NtCscRJcA2zm81b_5lb_l78h1_proxyNtB5_7H1Proxy16with_h3_upstream
FNDA:0,_RNvMs4_NtCscRJcA2zm81b_5lb_l78h1_proxyNtB5_7H1Proxy16with_multi_proto
FNDA:0,_RNvMs4_NtCscRJcA2zm81b_5lb_l78h1_proxyNtB5_7H1Proxy17with_expected_sni
FNDA:0,_RNvMs4_NtCscRJcA2zm81b_5lb_l78h1_proxyNtB5_7H1Proxy19with_smuggle_strict
FNDA:3,_RNvMs4_NtCscRJcA2zm81b_5lb_l78h1_proxyNtB5_7H1Proxy27with_max_keepalive_requests
FNDA:0,_RNvMs4_NtCscRJcA2zm81b_5lb_l78h1_proxyNtB5_7H1Proxy29with_header_underscore_policy
FNDA:1,_RNvMs4_NtCscRJcA2zm81b_5lb_l78h1_proxyNtB5_7H1Proxy33keepalive_cap_termination_counter
FNDA:13,_RNvMs4_NtCscRJcA2zm81b_5lb_l78h1_proxyNtB5_7H1Proxy3new
FNDA:42,_RNvMs6_NtCscRJcA2zm81b_5lb_l78h1_proxyNtB5_7H1Proxy12handle_inner
FNDA:34,_RNvMs6_NtCscRJcA2zm81b_5lb_l78h1_proxyNtB5_7H1Proxy13proxy_request
FNDA:0,_RNvMs6_NtCscRJcA2zm81b_5lb_l78h1_proxyNtB5_7H1Proxy14proxy_h1_to_h2
FNDA:0,_RNvMs6_NtCscRJcA2zm81b_5lb_l78h1_proxyNtB5_7H1Proxy14proxy_h1_to_h3
FNDA:30,_RNvMs6_NtCscRJcA2zm81b_5lb_l78h1_proxyNtB5_7H1Proxy17finalize_response
FNDA:4,_RNvMs6_NtCscRJcA2zm81b_5lb_l78h1_proxyNtB5_7H1Proxy17handle_ws_upgrade
FNDA:0,_RNvMs6_NtCscRJcA2zm81b_5lb_l78h1_proxyNtB5_7H1Proxy22proxy_h1_to_h2_request
FNDA:42,_RNvMs6_NtCscRJcA2zm81b_5lb_l78h1_proxyNtB5_7H1Proxy6handle
FNDA:35,_RNvNtCscRJcA2zm81b_5lb_l78h1_proxy10append_via
FNDA:35,_RNvNtCscRJcA2zm81b_5lb_l78h1_proxy10append_xff
FNDA:12,_RNvNtCscRJcA2zm81b_5lb_l78h1_proxy14error_response
FNDA:0,_RNvNtCscRJcA2zm81b_5lb_l78h1_proxy16concat_h1_chunks
FNDA:4,_RNvNtCscRJcA2zm81b_5lb_l78h1_proxy16dial_upstream_ws
FNDA:73,_RNvNtCscRJcA2zm81b_5lb_l78h1_proxy16strip_hop_by_hop
FNDA:0,_RNvNtCscRJcA2zm81b_5lb_l78h1_proxy18h1_to_h2_proxy_err
FNDA:0,_RNvNtCscRJcA2zm81b_5lb_l78h1_proxy18record_retained_h1
FNDA:0,_RNvNtCscRJcA2zm81b_5lb_l78h1_proxy18reject_to_response
FNDA:0,_RNvNtCscRJcA2zm81b_5lb_l78h1_proxy21run_h1_ws_splice_task
FNDA:0,_RNvNtCscRJcA2zm81b_5lb_l78h1_proxy23upstream_response_to_h1
FNDA:2,_RNvNtCscRJcA2zm81b_5lb_l78h1_proxy24build_body_with_trailers
FNDA:0,_RNvNtCscRJcA2zm81b_5lb_l78h1_proxy24build_h1_to_h3_fieldlist
FNDA:0,_RNvNtCscRJcA2zm81b_5lb_l78h1_proxy27build_h1_streaming_response
FNDA:0,_RNvNtCscRJcA2zm81b_5lb_l78h1_proxy28h3_decoded_resp_head_builder
FNDA:0,_RNvNtCscRJcA2zm81b_5lb_l78h1_proxy28validate_h1_request_trailers
FNDA:0,_RNvNtCscRJcA2zm81b_5lb_l78h1_proxy29build_h1_to_h2_upstream_parts
FNDA:2,_RNvNtCscRJcA2zm81b_5lb_l78h1_proxy31build_h1_response_with_trailers
FNDA:35,_RNvNtCscRJcA2zm81b_5lb_l78h1_proxy7set_xfh
FNDA:35,_RNvNtCscRJcA2zm81b_5lb_l78h1_proxy7set_xfp
FNDA:0,_RNvXNtCscRJcA2zm81b_5lb_l78h1_proxyNtB2_11H1PumpAbortNtNtCs2va5m0jqTTM_4core3fmt7Display3fmt
FNDA:0,_RNvXs1_NtCscRJcA2zm81b_5lb_l78h1_proxyNtB5_12HttpTimeoutsNtNtCs2va5m0jqTTM_4core7default7Default7default
FNDA:39,_RNvXs3_NtCscRJcA2zm81b_5lb_l78h1_proxyNtB5_15RoundRobinAddrsNtB5_13BackendPicker4pick
FNDA:42,_RNvXs5_NtCscRJcA2zm81b_5lb_l78h1_proxyNtB5_12ProxyServiceINtNtNtCsgB3dp6qvXvn_5hyper7service7service7ServiceINtNtCsjFxw70quGA5_4http7request7RequestNtNtNtB10_4body8incoming8IncomingEE4call
FNDA:0,_RNCNCNCNCNCNvMs6_NtCscRJcA2zm81b_5lb_l78h1_proxyNtBf_7H1Proxy14proxy_h1_to_h300000Bh_
FNDA:0,_RNCNCNCNCNvMs6_NtCscRJcA2zm81b_5lb_l78h1_proxyNtBd_7H1Proxy14proxy_h1_to_h30000Bf_
FNDA:0,_RNCNCNCNCNvMs6_NtCscRJcA2zm81b_5lb_l78h1_proxyNtBd_7H1Proxy22proxy_h1_to_h2_request0000Bf_
FNDA:37,_RNCNCNCNvMs6_NtCscRJcA2zm81b_5lb_l78h1_proxyNtBb_7H1Proxy12handle_inner0s5_00Bd_
FNDA:0,_RNCNCNCNvMs6_NtCscRJcA2zm81b_5lb_l78h1_proxyNtBb_7H1Proxy12handle_inner0s6_00Bd_
FNDA:0,_RNCNCNCNvMs6_NtCscRJcA2zm81b_5lb_l78h1_proxyNtBb_7H1Proxy13proxy_request0s3_00Bd_
FNDA:30,_RNCNCNCNvMs6_NtCscRJcA2zm81b_5lb_l78h1_proxyNtBb_7H1Proxy13proxy_request0s3_0s_0Bd_
FNDA:0,_RNCNCNCNvMs6_NtCscRJcA2zm81b_5lb_l78h1_proxyNtBb_7H1Proxy14proxy_h1_to_h3000Bd_
FNDA:0,_RNCNCNCNvMs6_NtCscRJcA2zm81b_5lb_l78h1_proxyNtBb_7H1Proxy22proxy_h1_to_h2_request000Bd_
FNDA:0,_RNCNCNCNvMs6_NtCscRJcA2zm81b_5lb_l78h1_proxyNtBb_7H1Proxy22proxy_h1_to_h2_request0s2_00Bd_
FNDA:0,_RNCNCNCNvMs6_NtCscRJcA2zm81b_5lb_l78h1_proxyNtBb_7H1Proxy22proxy_h1_to_h2_request0s2_0s_0Bd_
FNDA:0,_RNCNCNvMs6_NtCscRJcA2zm81b_5lb_l78h1_proxyNtB9_7H1Proxy12handle_inner00Bb_
FNDA:5,_RNCNCNvMs6_NtCscRJcA2zm81b_5lb_l78h1_proxyNtB9_7H1Proxy12handle_inner0s0_0Bb_
FNDA:38,_RNCNCNvMs6_NtCscRJcA2zm81b_5lb_l78h1_proxyNtB9_7H1Proxy12handle_inner0s1_0Bb_
FNDA:0,_RNCNCNvMs6_NtCscRJcA2zm81b_5lb_l78h1_proxyNtB9_7H1Proxy12handle_inner0s2_0Bb_
FNDA:0,_RNCNCNvMs6_NtCscRJcA2zm81b_5lb_l78h1_proxyNtB9_7H1Proxy12handle_inner0s3_0Bb_
FNDA:1,_RNCNCNvMs6_NtCscRJcA2zm81b_5lb_l78h1_proxyNtB9_7H1Proxy12handle_inner0s4_0Bb_
FNDA:37,_RNCNCNvMs6_NtCscRJcA2zm81b_5lb_l78h1_proxyNtB9_7H1Proxy12handle_inner0s5_0Bb_
FNDA:0,_RNCNCNvMs6_NtCscRJcA2zm81b_5lb_l78h1_proxyNtB9_7H1Proxy12handle_inner0s6_0Bb_
FNDA:34,_RNCNCNvMs6_NtCscRJcA2zm81b_5lb_l78h1_proxyNtB9_7H1Proxy12handle_inner0s7_0Bb_
FNDA:0,_RNCNCNvMs6_NtCscRJcA2zm81b_5lb_l78h1_proxyNtB9_7H1Proxy12handle_inner0s_0Bb_
FNDA:4,_RNCNCNvMs6_NtCscRJcA2zm81b_5lb_l78h1_proxyNtB9_7H1Proxy13proxy_request00Bb_
FNDA:0,_RNCNCNvMs6_NtCscRJcA2zm81b_5lb_l78h1_proxyNtB9_7H1Proxy13proxy_request0s0_0Bb_
FNDA:30,_RNCNCNvMs6_NtCscRJcA2zm81b_5lb_l78h1_proxyNtB9_7H1Proxy13proxy_request0s1_0Bb_
FNDA:0,_RNCNCNvMs6_NtCscRJcA2zm81b_5lb_l78h1_proxyNtB9_7H1Proxy13proxy_request0s2_0Bb_
FNDA:30,_RNCNCNvMs6_NtCscRJcA2zm81b_5lb_l78h1_proxyNtB9_7H1Proxy13proxy_request0s3_0Bb_
FNDA:0,_RNCNCNvMs6_NtCscRJcA2zm81b_5lb_l78h1_proxyNtB9_7H1Proxy13proxy_request0s4_0Bb_
FNDA:0,_RNCNCNvMs6_NtCscRJcA2zm81b_5lb_l78h1_proxyNtB9_7H1Proxy13proxy_request0s_0Bb_
FNDA:0,_RNCNCNvMs6_NtCscRJcA2zm81b_5lb_l78h1_proxyNtB9_7H1Proxy14proxy_h1_to_h300Bb_
FNDA:0,_RNCNCNvMs6_NtCscRJcA2zm81b_5lb_l78h1_proxyNtB9_7H1Proxy14proxy_h1_to_h30s0_0Bb_
FNDA:0,_RNCNCNvMs6_NtCscRJcA2zm81b_5lb_l78h1_proxyNtB9_7H1Proxy14proxy_h1_to_h30s1_0Bb_
FNDA:0,_RNCNCNvMs6_NtCscRJcA2zm81b_5lb_l78h1_proxyNtB9_7H1Proxy14proxy_h1_to_h30s2_0Bb_
FNDA:0,_RNCNCNvMs6_NtCscRJcA2zm81b_5lb_l78h1_proxyNtB9_7H1Proxy14proxy_h1_to_h30s_0Bb_
FNDA:0,_RNCNCNvMs6_NtCscRJcA2zm81b_5lb_l78h1_proxyNtB9_7H1Proxy17handle_ws_upgrade00Bb_
FNDA:0,_RNCNCNvMs6_NtCscRJcA2zm81b_5lb_l78h1_proxyNtB9_7H1Proxy17handle_ws_upgrade0s0_0Bb_
FNDA:0,_RNCNCNvMs6_NtCscRJcA2zm81b_5lb_l78h1_proxyNtB9_7H1Proxy17handle_ws_upgrade0s1_0Bb_
FNDA:0,_RNCNCNvMs6_NtCscRJcA2zm81b_5lb_l78h1_proxyNtB9_7H1Proxy17handle_ws_upgrade0s2_0Bb_
FNDA:0,_RNCNCNvMs6_NtCscRJcA2zm81b_5lb_l78h1_proxyNtB9_7H1Proxy17handle_ws_upgrade0s3_0Bb_
FNDA:0,_RNCNCNvMs6_NtCscRJcA2zm81b_5lb_l78h1_proxyNtB9_7H1Proxy17handle_ws_upgrade0s5_0Bb_
FNDA:0,_RNCNCNvMs6_NtCscRJcA2zm81b_5lb_l78h1_proxyNtB9_7H1Proxy17handle_ws_upgrade0s_0Bb_
FNDA:0,_RNCNCNvMs6_NtCscRJcA2zm81b_5lb_l78h1_proxyNtB9_7H1Proxy22proxy_h1_to_h2_request00Bb_
FNDA:0,_RNCNCNvMs6_NtCscRJcA2zm81b_5lb_l78h1_proxyNtB9_7H1Proxy22proxy_h1_to_h2_request0s0_0Bb_
FNDA:0,_RNCNCNvMs6_NtCscRJcA2zm81b_5lb_l78h1_proxyNtB9_7H1Proxy22proxy_h1_to_h2_request0s1_0Bb_
FNDA:0,_RNCNCNvMs6_NtCscRJcA2zm81b_5lb_l78h1_proxyNtB9_7H1Proxy22proxy_h1_to_h2_request0s2_0Bb_
FNDA:0,_RNCNCNvMs6_NtCscRJcA2zm81b_5lb_l78h1_proxyNtB9_7H1Proxy22proxy_h1_to_h2_request0s_0Bb_
FNDA:0,_RNCNCNvNtCscRJcA2zm81b_5lb_l78h1_proxy16dial_upstream_ws00B7_
FNDA:0,_RNCNCNvNtCscRJcA2zm81b_5lb_l78h1_proxy16dial_upstream_ws0s0_0B7_
FNDA:3,_RNCNCNvNtCscRJcA2zm81b_5lb_l78h1_proxy16dial_upstream_ws0s1_0B7_
FNDA:0,_RNCNCNvNtCscRJcA2zm81b_5lb_l78h1_proxy16dial_upstream_ws0s_0B7_
FNDA:0,_RNCNCNvNtCscRJcA2zm81b_5lb_l78h1_proxy24build_h1_to_h3_fieldlists1_00B7_
FNDA:0,_RNCNCNvNtCscRJcA2zm81b_5lb_l78h1_proxy29build_h1_to_h2_upstream_partss_00B7_
FNDA:42,_RNCNvMs6_NtCscRJcA2zm81b_5lb_l78h1_proxyNtB7_7H1Proxy12handle_inner0B9_
FNDA:34,_RNCNvMs6_NtCscRJcA2zm81b_5lb_l78h1_proxyNtB7_7H1Proxy13proxy_request0B9_
FNDA:0,_RNCNvMs6_NtCscRJcA2zm81b_5lb_l78h1_proxyNtB7_7H1Proxy14proxy_h1_to_h20B9_
FNDA:0,_RNCNvMs6_NtCscRJcA2zm81b_5lb_l78h1_proxyNtB7_7H1Proxy14proxy_h1_to_h30B9_
FNDA:0,_RNCNvMs6_NtCscRJcA2zm81b_5lb_l78h1_proxyNtB7_7H1Proxy17finalize_response0B9_
FNDA:4,_RNCNvMs6_NtCscRJcA2zm81b_5lb_l78h1_proxyNtB7_7H1Proxy17handle_ws_upgrade0B9_
FNDA:0,_RNCNvMs6_NtCscRJcA2zm81b_5lb_l78h1_proxyNtB7_7H1Proxy22proxy_h1_to_h2_request0B9_
FNDA:42,_RNCNvMs6_NtCscRJcA2zm81b_5lb_l78h1_proxyNtB7_7H1Proxy6handle0B9_
FNDA:4,_RNCNvNtCscRJcA2zm81b_5lb_l78h1_proxy16dial_upstream_ws0B5_
FNDA:7,_RNCNvNtCscRJcA2zm81b_5lb_l78h1_proxy16strip_hop_by_hop0B5_
FNDA:9,_RNCNvNtCscRJcA2zm81b_5lb_l78h1_proxy16strip_hop_by_hops0_0B5_
FNDA:9,_RNCNvNtCscRJcA2zm81b_5lb_l78h1_proxy16strip_hop_by_hops1_0B5_
FNDA:7,_RNCNvNtCscRJcA2zm81b_5lb_l78h1_proxy16strip_hop_by_hops_0B5_
FNDA:0,_RNCNvNtCscRJcA2zm81b_5lb_l78h1_proxy21run_h1_ws_splice_task0B5_
FNDA:0,_RNCNvNtCscRJcA2zm81b_5lb_l78h1_proxy23upstream_response_to_h10B5_
FNDA:0,_RNCNvNtCscRJcA2zm81b_5lb_l78h1_proxy23upstream_response_to_h1s_0B5_
FNDA:0,_RNCNvNtCscRJcA2zm81b_5lb_l78h1_proxy24build_h1_to_h3_fieldlist0B5_
FNDA:0,_RNCNvNtCscRJcA2zm81b_5lb_l78h1_proxy24build_h1_to_h3_fieldlists0_0B5_
FNDA:0,_RNCNvNtCscRJcA2zm81b_5lb_l78h1_proxy24build_h1_to_h3_fieldlists1_0B5_
FNDA:0,_RNCNvNtCscRJcA2zm81b_5lb_l78h1_proxy24build_h1_to_h3_fieldlists2_0B5_
FNDA:0,_RNCNvNtCscRJcA2zm81b_5lb_l78h1_proxy24build_h1_to_h3_fieldlists3_0B5_
FNDA:0,_RNCNvNtCscRJcA2zm81b_5lb_l78h1_proxy24build_h1_to_h3_fieldlists4_0B5_
FNDA:0,_RNCNvNtCscRJcA2zm81b_5lb_l78h1_proxy24build_h1_to_h3_fieldlists_0B5_
FNDA:0,_RNCNvNtCscRJcA2zm81b_5lb_l78h1_proxy27build_h1_streaming_response0B5_
FNDA:0,_RNCNvNtCscRJcA2zm81b_5lb_l78h1_proxy28validate_h1_request_trailers0B5_
FNDA:0,_RNCNvNtCscRJcA2zm81b_5lb_l78h1_proxy29build_h1_to_h2_upstream_parts0B5_
FNDA:0,_RNCNvNtCscRJcA2zm81b_5lb_l78h1_proxy29build_h1_to_h2_upstream_partss0_0B5_
FNDA:0,_RNCNvNtCscRJcA2zm81b_5lb_l78h1_proxy29build_h1_to_h2_upstream_partss1_0B5_
FNDA:0,_RNCNvNtCscRJcA2zm81b_5lb_l78h1_proxy29build_h1_to_h2_upstream_partss2_0B5_
FNDA:0,_RNCNvNtCscRJcA2zm81b_5lb_l78h1_proxy29build_h1_to_h2_upstream_partss3_0B5_
FNDA:0,_RNCNvNtCscRJcA2zm81b_5lb_l78h1_proxy29build_h1_to_h2_upstream_partss4_0B5_
FNDA:0,_RNCNvNtCscRJcA2zm81b_5lb_l78h1_proxy29build_h1_to_h2_upstream_partss_0B5_
FNDA:4,_RNCNvNtCscRJcA2zm81b_5lb_l78h1_proxy31build_h1_response_with_trailers0B5_
FNDA:0,_RNCNvNtCscRJcA2zm81b_5lb_l78h1_proxy31build_h1_response_with_trailerss0_0B5_
FNDA:0,_RNCNvNtCscRJcA2zm81b_5lb_l78h1_proxy31build_h1_response_with_trailerss_0B5_
FNDA:42,_RNCNvXs5_NtCscRJcA2zm81b_5lb_l78h1_proxyNtB7_12ProxyServiceINtNtNtCsgB3dp6qvXvn_5hyper7service7service7ServiceINtNtCsjFxw70quGA5_4http7request7RequestNtNtNtB12_4body8incoming8IncomingEE4call0B9_
FNDA:0,_RINvMs4_NtCscRJcA2zm81b_5lb_l78h1_proxyNtB6_7H1Proxy28serve_connection_with_cancelNtNtNtNtCsfWKKmeeA0Vo_5tokio3net3tcp6stream9TcpStreamECsg9xlZenf2AU_14expressgateway
FNDA:0,_RINvMs4_NtCscRJcA2zm81b_5lb_l78h1_proxyNtB6_7H1Proxy32serve_connection_with_cancel_sniINtNtCs7m3feRqGqA4_12tokio_rustls6server9TlsStreamNtNtNtNtCsfWKKmeeA0Vo_5tokio3net3tcp6stream9TcpStreamEECsg9xlZenf2AU_14expressgateway
FNDA:0,_RINvMs4_NtCscRJcA2zm81b_5lb_l78h1_proxyNtB6_7H1Proxy32serve_connection_with_cancel_sniNtNtNtNtCsfWKKmeeA0Vo_5tokio3net3tcp6stream9TcpStreamECsg9xlZenf2AU_14expressgateway
FNDA:0,_RNCINvMs4_NtCscRJcA2zm81b_5lb_l78h1_proxyNtB8_7H1Proxy28serve_connection_with_cancelNtNtNtNtCsfWKKmeeA0Vo_5tokio3net3tcp6stream9TcpStreamE0Csg9xlZenf2AU_14expressgateway
FNDA:0,_RNCINvMs4_NtCscRJcA2zm81b_5lb_l78h1_proxyNtB8_7H1Proxy32serve_connection_with_cancel_sniINtNtCs7m3feRqGqA4_12tokio_rustls6server9TlsStreamNtNtNtNtCsfWKKmeeA0Vo_5tokio3net3tcp6stream9TcpStreamEE0Csg9xlZenf2AU_14expressgateway
FNDA:0,_RNCINvMs4_NtCscRJcA2zm81b_5lb_l78h1_proxyNtB8_7H1Proxy32serve_connection_with_cancel_sniNtNtNtNtCsfWKKmeeA0Vo_5tokio3net3tcp6stream9TcpStreamE0Csg9xlZenf2AU_14expressgateway
FNDA:2,_RNvMs0_NtCsijo3INtYyGB_5lb_l78h1_proxyNtB5_12AltSvcConfig12header_value
FNDA:4,_RNvMs2_NtCsijo3INtYyGB_5lb_l78h1_proxyNtB5_15RoundRobinAddrs3new
FNDA:1,_RNvMs4_NtCsijo3INtYyGB_5lb_l78h1_proxyNtB5_7H1Proxy3new
FNDA:0,_RNvMs6_NtCsijo3INtYyGB_5lb_l78h1_proxyNtB5_7H1Proxy12handle_inner
FNDA:0,_RNvMs6_NtCsijo3INtYyGB_5lb_l78h1_proxyNtB5_7H1Proxy13proxy_request
FNDA:0,_RNvMs6_NtCsijo3INtYyGB_5lb_l78h1_proxyNtB5_7H1Proxy14proxy_h1_to_h2
FNDA:0,_RNvMs6_NtCsijo3INtYyGB_5lb_l78h1_proxyNtB5_7H1Proxy14proxy_h1_to_h3
FNDA:0,_RNvMs6_NtCsijo3INtYyGB_5lb_l78h1_proxyNtB5_7H1Proxy17finalize_response
FNDA:0,_RNvMs6_NtCsijo3INtYyGB_5lb_l78h1_proxyNtB5_7H1Proxy17handle_ws_upgrade
FNDA:0,_RNvMs6_NtCsijo3INtYyGB_5lb_l78h1_proxyNtB5_7H1Proxy22proxy_h1_to_h2_request
FNDA:0,_RNvMs6_NtCsijo3INtYyGB_5lb_l78h1_proxyNtB5_7H1Proxy6handle
FNDA:2,_RNvNtCsijo3INtYyGB_5lb_l78h1_proxy10append_via
FNDA:4,_RNvNtCsijo3INtYyGB_5lb_l78h1_proxy10append_xff
FNDA:0,_RNvNtCsijo3INtYyGB_5lb_l78h1_proxy14error_response
FNDA:0,_RNvNtCsijo3INtYyGB_5lb_l78h1_proxy16concat_h1_chunks
FNDA:0,_RNvNtCsijo3INtYyGB_5lb_l78h1_proxy16dial_upstream_ws
FNDA:5,_RNvNtCsijo3INtYyGB_5lb_l78h1_proxy16strip_hop_by_hop
FNDA:0,_RNvNtCsijo3INtYyGB_5lb_l78h1_proxy18h1_to_h2_proxy_err
FNDA:0,_RNvNtCsijo3INtYyGB_5lb_l78h1_proxy18record_retained_h1
FNDA:0,_RNvNtCsijo3INtYyGB_5lb_l78h1_proxy18reject_to_response
FNDA:0,_RNvNtCsijo3INtYyGB_5lb_l78h1_proxy21run_h1_ws_splice_task
FNDA:0,_RNvNtCsijo3INtYyGB_5lb_l78h1_proxy23upstream_response_to_h1
FNDA:0,_RNvNtCsijo3INtYyGB_5lb_l78h1_proxy24build_body_with_trailers
FNDA:0,_RNvNtCsijo3INtYyGB_5lb_l78h1_proxy24build_h1_to_h3_fieldlist
FNDA:0,_RNvNtCsijo3INtYyGB_5lb_l78h1_proxy27build_h1_streaming_response
FNDA:0,_RNvNtCsijo3INtYyGB_5lb_l78h1_proxy28h3_decoded_resp_head_builder
FNDA:0,_RNvNtCsijo3INtYyGB_5lb_l78h1_proxy28validate_h1_request_trailers
FNDA:0,_RNvNtCsijo3INtYyGB_5lb_l78h1_proxy29build_h1_to_h2_upstream_parts
FNDA:0,_RNvNtCsijo3INtYyGB_5lb_l78h1_proxy7set_xfh
FNDA:0,_RNvNtCsijo3INtYyGB_5lb_l78h1_proxy7set_xfp
FNDA:0,_RNvXNtCsijo3INtYyGB_5lb_l78h1_proxyNtB2_11H1PumpAbortNtNtCs2va5m0jqTTM_4core3fmt7Display3fmt
FNDA:2,_RNvXs1_NtCsijo3INtYyGB_5lb_l78h1_proxyNtB5_12HttpTimeoutsNtNtCs2va5m0jqTTM_4core7default7Default7default
FNDA:3,_RNvXs3_NtCsijo3INtYyGB_5lb_l78h1_proxyNtB5_15RoundRobinAddrsNtB5_13BackendPicker4pick
FNDA:0,_RNvXs5_NtCsijo3INtYyGB_5lb_l78h1_proxyNtB5_12ProxyServiceINtNtNtCsgB3dp6qvXvn_5hyper7service7service7ServiceINtNtCsjFxw70quGA5_4http7request7RequestNtNtNtB10_4body8incoming8IncomingEE4call
FNDA:1,_RINvMs4_NtCsijo3INtYyGB_5lb_l78h1_proxyNtB6_7H1Proxy28serve_connection_with_cancelNtNtNtNtCsfWKKmeeA0Vo_5tokio2io4util3mem12DuplexStreamEB8_
FNDA:1,_RINvMs4_NtCsijo3INtYyGB_5lb_l78h1_proxyNtB6_7H1Proxy32serve_connection_with_cancel_sniNtNtNtNtCsfWKKmeeA0Vo_5tokio2io4util3mem12DuplexStreamEB8_
FNDA:1,_RNCINvMs4_NtCsijo3INtYyGB_5lb_l78h1_proxyNtB8_7H1Proxy28serve_connection_with_cancelNtNtNtNtCsfWKKmeeA0Vo_5tokio2io4util3mem12DuplexStreamE0Ba_
FNDA:1,_RNCINvMs4_NtCsijo3INtYyGB_5lb_l78h1_proxyNtB8_7H1Proxy32serve_connection_with_cancel_sniNtNtNtNtCsfWKKmeeA0Vo_5tokio2io4util3mem12DuplexStreamE0Ba_
FNDA:0,_RNCNCNCNCNCNvMs6_NtCsijo3INtYyGB_5lb_l78h1_proxyNtBf_7H1Proxy14proxy_h1_to_h300000Bh_
FNDA:0,_RNCNCNCNCNvMs6_NtCsijo3INtYyGB_5lb_l78h1_proxyNtBd_7H1Proxy14proxy_h1_to_h30000Bf_
FNDA:0,_RNCNCNCNCNvMs6_NtCsijo3INtYyGB_5lb_l78h1_proxyNtBd_7H1Proxy22proxy_h1_to_h2_request0000Bf_
FNDA:0,_RNCNCNCNvMs6_NtCsijo3INtYyGB_5lb_l78h1_proxyNtBb_7H1Proxy12handle_inner0s5_00Bd_
FNDA:0,_RNCNCNCNvMs6_NtCsijo3INtYyGB_5lb_l78h1_proxyNtBb_7H1Proxy12handle_inner0s6_00Bd_
FNDA:0,_RNCNCNCNvMs6_NtCsijo3INtYyGB_5lb_l78h1_proxyNtBb_7H1Proxy13proxy_request0s3_00Bd_
FNDA:0,_RNCNCNCNvMs6_NtCsijo3INtYyGB_5lb_l78h1_proxyNtBb_7H1Proxy13proxy_request0s3_0s_0Bd_
FNDA:0,_RNCNCNCNvMs6_NtCsijo3INtYyGB_5lb_l78h1_proxyNtBb_7H1Proxy14proxy_h1_to_h3000Bd_
FNDA:0,_RNCNCNCNvMs6_NtCsijo3INtYyGB_5lb_l78h1_proxyNtBb_7H1Proxy22proxy_h1_to_h2_request000Bd_
FNDA:0,_RNCNCNCNvMs6_NtCsijo3INtYyGB_5lb_l78h1_proxyNtBb_7H1Proxy22proxy_h1_to_h2_request0s2_00Bd_
FNDA:0,_RNCNCNCNvMs6_NtCsijo3INtYyGB_5lb_l78h1_proxyNtBb_7H1Proxy22proxy_h1_to_h2_request0s2_0s_0Bd_
FNDA:0,_RNCNCNvMs6_NtCsijo3INtYyGB_5lb_l78h1_proxyNtB9_7H1Proxy12handle_inner00Bb_
FNDA:0,_RNCNCNvMs6_NtCsijo3INtYyGB_5lb_l78h1_proxyNtB9_7H1Proxy12handle_inner0s0_0Bb_
FNDA:0,_RNCNCNvMs6_NtCsijo3INtYyGB_5lb_l78h1_proxyNtB9_7H1Proxy12handle_inner0s1_0Bb_
FNDA:0,_RNCNCNvMs6_NtCsijo3INtYyGB_5lb_l78h1_proxyNtB9_7H1Proxy12handle_inner0s2_0Bb_
FNDA:0,_RNCNCNvMs6_NtCsijo3INtYyGB_5lb_l78h1_proxyNtB9_7H1Proxy12handle_inner0s3_0Bb_
FNDA:0,_RNCNCNvMs6_NtCsijo3INtYyGB_5lb_l78h1_proxyNtB9_7H1Proxy12handle_inner0s4_0Bb_
FNDA:0,_RNCNCNvMs6_NtCsijo3INtYyGB_5lb_l78h1_proxyNtB9_7H1Proxy12handle_inner0s5_0Bb_
FNDA:0,_RNCNCNvMs6_NtCsijo3INtYyGB_5lb_l78h1_proxyNtB9_7H1Proxy12handle_inner0s6_0Bb_
FNDA:0,_RNCNCNvMs6_NtCsijo3INtYyGB_5lb_l78h1_proxyNtB9_7H1Proxy12handle_inner0s7_0Bb_
FNDA:0,_RNCNCNvMs6_NtCsijo3INtYyGB_5lb_l78h1_proxyNtB9_7H1Proxy12handle_inner0s_0Bb_
FNDA:0,_RNCNCNvMs6_NtCsijo3INtYyGB_5lb_l78h1_proxyNtB9_7H1Proxy13proxy_request00Bb_
FNDA:0,_RNCNCNvMs6_NtCsijo3INtYyGB_5lb_l78h1_proxyNtB9_7H1Proxy13proxy_request0s0_0Bb_
FNDA:0,_RNCNCNvMs6_NtCsijo3INtYyGB_5lb_l78h1_proxyNtB9_7H1Proxy13proxy_request0s1_0Bb_
FNDA:0,_RNCNCNvMs6_NtCsijo3INtYyGB_5lb_l78h1_proxyNtB9_7H1Proxy13proxy_request0s2_0Bb_
FNDA:0,_RNCNCNvMs6_NtCsijo3INtYyGB_5lb_l78h1_proxyNtB9_7H1Proxy13proxy_request0s3_0Bb_
FNDA:0,_RNCNCNvMs6_NtCsijo3INtYyGB_5lb_l78h1_proxyNtB9_7H1Proxy13proxy_request0s4_0Bb_
FNDA:0,_RNCNCNvMs6_NtCsijo3INtYyGB_5lb_l78h1_proxyNtB9_7H1Proxy13proxy_request0s_0Bb_
FNDA:0,_RNCNCNvMs6_NtCsijo3INtYyGB_5lb_l78h1_proxyNtB9_7H1Proxy14proxy_h1_to_h300Bb_
FNDA:0,_RNCNCNvMs6_NtCsijo3INtYyGB_5lb_l78h1_proxyNtB9_7H1Proxy14proxy_h1_to_h30s0_0Bb_
FNDA:0,_RNCNCNvMs6_NtCsijo3INtYyGB_5lb_l78h1_proxyNtB9_7H1Proxy14proxy_h1_to_h30s1_0Bb_
FNDA:0,_RNCNCNvMs6_NtCsijo3INtYyGB_5lb_l78h1_proxyNtB9_7H1Proxy14proxy_h1_to_h30s2_0Bb_
FNDA:0,_RNCNCNvMs6_NtCsijo3INtYyGB_5lb_l78h1_proxyNtB9_7H1Proxy14proxy_h1_to_h30s_0Bb_
FNDA:0,_RNCNCNvMs6_NtCsijo3INtYyGB_5lb_l78h1_proxyNtB9_7H1Proxy17handle_ws_upgrade00Bb_
FNDA:0,_RNCNCNvMs6_NtCsijo3INtYyGB_5lb_l78h1_proxyNtB9_7H1Proxy17handle_ws_upgrade0s0_0Bb_
FNDA:0,_RNCNCNvMs6_NtCsijo3INtYyGB_5lb_l78h1_proxyNtB9_7H1Proxy17handle_ws_upgrade0s1_0Bb_
FNDA:0,_RNCNCNvMs6_NtCsijo3INtYyGB_5lb_l78h1_proxyNtB9_7H1Proxy17handle_ws_upgrade0s2_0Bb_
FNDA:0,_RNCNCNvMs6_NtCsijo3INtYyGB_5lb_l78h1_proxyNtB9_7H1Proxy17handle_ws_upgrade0s3_0Bb_
FNDA:0,_RNCNCNvMs6_NtCsijo3INtYyGB_5lb_l78h1_proxyNtB9_7H1Proxy17handle_ws_upgrade0s5_0Bb_
FNDA:0,_RNCNCNvMs6_NtCsijo3INtYyGB_5lb_l78h1_proxyNtB9_7H1Proxy17handle_ws_upgrade0s_0Bb_
FNDA:0,_RNCNCNvMs6_NtCsijo3INtYyGB_5lb_l78h1_proxyNtB9_7H1Proxy22proxy_h1_to_h2_request00Bb_
FNDA:0,_RNCNCNvMs6_NtCsijo3INtYyGB_5lb_l78h1_proxyNtB9_7H1Proxy22proxy_h1_to_h2_request0s0_0Bb_
FNDA:0,_RNCNCNvMs6_NtCsijo3INtYyGB_5lb_l78h1_proxyNtB9_7H1Proxy22proxy_h1_to_h2_request0s1_0Bb_
FNDA:0,_RNCNCNvMs6_NtCsijo3INtYyGB_5lb_l78h1_proxyNtB9_7H1Proxy22proxy_h1_to_h2_request0s2_0Bb_
FNDA:0,_RNCNCNvMs6_NtCsijo3INtYyGB_5lb_l78h1_proxyNtB9_7H1Proxy22proxy_h1_to_h2_request0s_0Bb_
FNDA:0,_RNCNCNvNtCsijo3INtYyGB_5lb_l78h1_proxy16dial_upstream_ws00B7_
FNDA:0,_RNCNCNvNtCsijo3INtYyGB_5lb_l78h1_proxy16dial_upstream_ws0s0_0B7_
FNDA:0,_RNCNCNvNtCsijo3INtYyGB_5lb_l78h1_proxy16dial_upstream_ws0s1_0B7_
FNDA:0,_RNCNCNvNtCsijo3INtYyGB_5lb_l78h1_proxy16dial_upstream_ws0s_0B7_
FNDA:0,_RNCNCNvNtCsijo3INtYyGB_5lb_l78h1_proxy24build_h1_to_h3_fieldlists1_00B7_
FNDA:0,_RNCNCNvNtCsijo3INtYyGB_5lb_l78h1_proxy29build_h1_to_h2_upstream_partss_00B7_
FNDA:0,_RNCNvMs6_NtCsijo3INtYyGB_5lb_l78h1_proxyNtB7_7H1Proxy12handle_inner0B9_
FNDA:0,_RNCNvMs6_NtCsijo3INtYyGB_5lb_l78h1_proxyNtB7_7H1Proxy13proxy_request0B9_
FNDA:0,_RNCNvMs6_NtCsijo3INtYyGB_5lb_l78h1_proxyNtB7_7H1Proxy14proxy_h1_to_h20B9_
FNDA:0,_RNCNvMs6_NtCsijo3INtYyGB_5lb_l78h1_proxyNtB7_7H1Proxy14proxy_h1_to_h30B9_
FNDA:0,_RNCNvMs6_NtCsijo3INtYyGB_5lb_l78h1_proxyNtB7_7H1Proxy17finalize_response0B9_
FNDA:0,_RNCNvMs6_NtCsijo3INtYyGB_5lb_l78h1_proxyNtB7_7H1Proxy17handle_ws_upgrade0B9_
FNDA:0,_RNCNvMs6_NtCsijo3INtYyGB_5lb_l78h1_proxyNtB7_7H1Proxy22proxy_h1_to_h2_request0B9_
FNDA:0,_RNCNvMs6_NtCsijo3INtYyGB_5lb_l78h1_proxyNtB7_7H1Proxy6handle0B9_
FNDA:0,_RNCNvNtCsijo3INtYyGB_5lb_l78h1_proxy16dial_upstream_ws0B5_
FNDA:3,_RNCNvNtCsijo3INtYyGB_5lb_l78h1_proxy16strip_hop_by_hop0B5_
FNDA:5,_RNCNvNtCsijo3INtYyGB_5lb_l78h1_proxy16strip_hop_by_hops0_0B5_
FNDA:5,_RNCNvNtCsijo3INtYyGB_5lb_l78h1_proxy16strip_hop_by_hops1_0B5_
FNDA:3,_RNCNvNtCsijo3INtYyGB_5lb_l78h1_proxy16strip_hop_by_hops_0B5_
FNDA:0,_RNCNvNtCsijo3INtYyGB_5lb_l78h1_proxy21run_h1_ws_splice_task0B5_
FNDA:0,_RNCNvNtCsijo3INtYyGB_5lb_l78h1_proxy23upstream_response_to_h10B5_
FNDA:0,_RNCNvNtCsijo3INtYyGB_5lb_l78h1_proxy23upstream_response_to_h1s_0B5_
FNDA:0,_RNCNvNtCsijo3INtYyGB_5lb_l78h1_proxy24build_h1_to_h3_fieldlist0B5_
FNDA:0,_RNCNvNtCsijo3INtYyGB_5lb_l78h1_proxy24build_h1_to_h3_fieldlists0_0B5_
FNDA:0,_RNCNvNtCsijo3INtYyGB_5lb_l78h1_proxy24build_h1_to_h3_fieldlists1_0B5_
FNDA:0,_RNCNvNtCsijo3INtYyGB_5lb_l78h1_proxy24build_h1_to_h3_fieldlists2_0B5_
FNDA:0,_RNCNvNtCsijo3INtYyGB_5lb_l78h1_proxy24build_h1_to_h3_fieldlists3_0B5_
FNDA:0,_RNCNvNtCsijo3INtYyGB_5lb_l78h1_proxy24build_h1_to_h3_fieldlists4_0B5_
FNDA:0,_RNCNvNtCsijo3INtYyGB_5lb_l78h1_proxy24build_h1_to_h3_fieldlists_0B5_
FNDA:0,_RNCNvNtCsijo3INtYyGB_5lb_l78h1_proxy27build_h1_streaming_response0B5_
FNDA:0,_RNCNvNtCsijo3INtYyGB_5lb_l78h1_proxy28validate_h1_request_trailers0B5_
FNDA:0,_RNCNvNtCsijo3INtYyGB_5lb_l78h1_proxy29build_h1_to_h2_upstream_parts0B5_
FNDA:0,_RNCNvNtCsijo3INtYyGB_5lb_l78h1_proxy29build_h1_to_h2_upstream_partss0_0B5_
FNDA:0,_RNCNvNtCsijo3INtYyGB_5lb_l78h1_proxy29build_h1_to_h2_upstream_partss1_0B5_
FNDA:0,_RNCNvNtCsijo3INtYyGB_5lb_l78h1_proxy29build_h1_to_h2_upstream_partss2_0B5_
FNDA:0,_RNCNvNtCsijo3INtYyGB_5lb_l78h1_proxy29build_h1_to_h2_upstream_partss3_0B5_
FNDA:0,_RNCNvNtCsijo3INtYyGB_5lb_l78h1_proxy29build_h1_to_h2_upstream_partss4_0B5_
FNDA:0,_RNCNvNtCsijo3INtYyGB_5lb_l78h1_proxy29build_h1_to_h2_upstream_partss_0B5_
FNDA:0,_RNCNvXs5_NtCsijo3INtYyGB_5lb_l78h1_proxyNtB7_12ProxyServiceINtNtNtCsgB3dp6qvXvn_5hyper7service7service7ServiceINtNtCsjFxw70quGA5_4http7request7RequestNtNtNtB12_4body8incoming8IncomingEE4call0B9_
FNDA:0,_RINvMs4_NtCsijo3INtYyGB_5lb_l78h1_proxyNtB6_7H1Proxy16serve_connectionpEB8_
FNDA:0,_RNCINvMs4_NtCsijo3INtYyGB_5lb_l78h1_proxyNtB8_7H1Proxy16serve_connectionpE0Ba_
FNDA:0,_RNCNvNtCsijo3INtYyGB_5lb_l78h1_proxy31build_h1_response_with_trailers0B5_
FNDA:0,_RNCNvNtCsijo3INtYyGB_5lb_l78h1_proxy31build_h1_response_with_trailerss0_0B5_
FNDA:0,_RNCNvNtCsijo3INtYyGB_5lb_l78h1_proxy31build_h1_response_with_trailerss_0B5_
FNDA:0,_RNvMs4_NtCsijo3INtYyGB_5lb_l78h1_proxyNtB5_7H1Proxy10with_hooks
FNDA:0,_RNvMs4_NtCsijo3INtYyGB_5lb_l78h1_proxyNtB5_7H1Proxy13with_watchdog
FNDA:0,_RNvMs4_NtCsijo3INtYyGB_5lb_l78h1_proxyNtB5_7H1Proxy14with_websocket
FNDA:0,_RNvMs4_NtCsijo3INtYyGB_5lb_l78h1_proxyNtB5_7H1Proxy15has_h2_upstream
FNDA:0,_RNvMs4_NtCsijo3INtYyGB_5lb_l78h1_proxyNtB5_7H1Proxy15has_h3_upstream
FNDA:0,_RNvMs4_NtCsijo3INtYyGB_5lb_l78h1_proxyNtB5_7H1Proxy16with_h2_upstream
FNDA:0,_RNvMs4_NtCsijo3INtYyGB_5lb_l78h1_proxyNtB5_7H1Proxy16with_h3_upstream
FNDA:0,_RNvMs4_NtCsijo3INtYyGB_5lb_l78h1_proxyNtB5_7H1Proxy16with_multi_proto
FNDA:0,_RNvMs4_NtCsijo3INtYyGB_5lb_l78h1_proxyNtB5_7H1Proxy17with_expected_sni
FNDA:0,_RNvMs4_NtCsijo3INtYyGB_5lb_l78h1_proxyNtB5_7H1Proxy19with_smuggle_strict
FNDA:0,_RNvMs4_NtCsijo3INtYyGB_5lb_l78h1_proxyNtB5_7H1Proxy27with_max_keepalive_requests
FNDA:0,_RNvMs4_NtCsijo3INtYyGB_5lb_l78h1_proxyNtB5_7H1Proxy29with_header_underscore_policy
FNDA:0,_RNvMs4_NtCsijo3INtYyGB_5lb_l78h1_proxyNtB5_7H1Proxy33keepalive_cap_termination_counter
FNDA:0,_RNvNtCsijo3INtYyGB_5lb_l78h1_proxy31build_h1_response_with_trailers
FNDA:1,_RNCNvNtNtCsijo3INtYyGB_5lb_l78h1_proxy5testss_23via_two_lines_preserved0B7_
FNDA:1,_RNCNvNtNtCsijo3INtYyGB_5lb_l78h1_proxy5testss_35x_forwarded_for_two_lines_preserved0B7_
FNDA:1,_RNCNvNtNtCsijo3INtYyGB_5lb_l78h1_proxy5testss_42test_sigterm_h1_graceful_shutdown_resolves0B7_
FNDA:4,_RNvNtNtCsijo3INtYyGB_5lb_l78h1_proxy5tests8map_with
FNDA:1,_RNvNtNtCsijo3INtYyGB_5lb_l78h1_proxy5testss_12via_appended
FNDA:1,_RNvNtNtCsijo3INtYyGB_5lb_l78h1_proxy5testss_23via_two_lines_preserved
FNDA:1,_RNvNtNtCsijo3INtYyGB_5lb_l78h1_proxy5testss_24x_forwarded_for_appended
FNDA:1,_RNvNtNtCsijo3INtYyGB_5lb_l78h1_proxy5testss_25round_robin_picker_cycles
FNDA:1,_RNvNtNtCsijo3INtYyGB_5lb_l78h1_proxy5testss_30round_robin_empty_returns_none
FNDA:1,_RNvNtNtCsijo3INtYyGB_5lb_l78h1_proxy5testss_32alt_svc_injected_when_configured
FNDA:1,_RNvNtNtCsijo3INtYyGB_5lb_l78h1_proxy5testss_34alt_svc_absent_when_not_configured
FNDA:1,_RNvNtNtCsijo3INtYyGB_5lb_l78h1_proxy5testss_35x_forwarded_for_created_when_absent
FNDA:1,_RNvNtNtCsijo3INtYyGB_5lb_l78h1_proxy5testss_35x_forwarded_for_two_lines_preserved
[...]
DA:3977,1
DA:3978,1
DA:3979,1
DA:3980,1
DA:3981,1
DA:3982,1
DA:3983,1
DA:3984,1
DA:3985,1
DA:3986,1
DA:3987,1
DA:3988,1
DA:3989,1
DA:3990,1
DA:3991,1
DA:3992,1
DA:3993,1
DA:3994,1
DA:3995,1
DA:3996,1
DA:3997,1
DA:3998,1
DA:3999,1
DA:4000,1
DA:4001,1
DA:4002,1
DA:4003,1
DA:4004,1
DA:4005,1
DA:4006,1
DA:4007,1
DA:4008,1
DA:4009,1
DA:4010,17
DA:4011,17
DA:4012,1
DA:4013,0
DA:4014,0
DA:4015,1
DA:4016,1
DA:4017,1
DA:4018,1
DA:4019,28
DA:4020,11
DA:4021,11
DA:4022,11
DA:4023,11
DA:4024,1
DA:4025,17
DA:4026,1
DA:4027,1
DA:4028,1
DA:4029,1
DA:4030,17
DA:4031,1
DA:4032,1
DA:4033,1
DA:4034,1
DA:4035,1
DA:4036,1
DA:4037,1
DA:4038,5
DA:4039,4
DA:4040,4
DA:4041,4
DA:4042,4
DA:4043,1
DA:4044,1
DA:4045,1
DA:4046,1
DA:4047,1
DA:4048,16
DA:4049,1
DA:4050,17
DA:4051,14
DA:4052,21
DA:4053,7
DA:4054,1
DA:4055,7
DA:4056,1
DA:4057,13
DA:4058,7
DA:4059,7
DA:4060,7
DA:4061,1
DA:4062,1
DA:4063,6
DA:4064,1
DA:4065,6
DA:4066,1
DA:4067,1
DA:4068,1
DA:4069,1
DA:4070,1
DA:4071,14
DA:4072,1
DA:4073,13
DA:4074,3
DA:4075,1
DA:4076,1
DA:4077,1
DA:4078,1
DA:4079,16
DA:4080,16
DA:4081,14
DA:4082,16
DA:4083,14
DA:4084,14
DA:4085,14
DA:4086,14
DA:4087,14
DA:4088,14
DA:4089,14
DA:4090,14
DA:4091,2
DA:4092,2
DA:4093,1
DA:4094,1
DA:4095,1
DA:4096,1
DA:4097,1
DA:4098,1
DA:4099,1
DA:4100,1
DA:4101,1
DA:4102,1
DA:4103,1
DA:4104,1
DA:4105,1
DA:4106,1
DA:4107,1
DA:4108,1
DA:4109,1
DA:4110,1
DA:4111,1
DA:4143,1
DA:4144,1
DA:4145,1
DA:4146,1
DA:4147,1
DA:4148,1
DA:4149,1
DA:4150,1
DA:4151,0
DA:4154,1
DA:4155,1
DA:4156,2
DA:4157,86
DA:4158,1
DA:4159,1
DA:4160,1
DA:4161,0
DA:4162,1
DA:4165,1
DA:4166,1
DA:4167,1
DA:4168,1
DA:4169,1
DA:4170,1
DA:4171,1
DA:4172,1
DA:4173,1
DA:4174,1
DA:4175,1
DA:4176,1
DA:4177,1
DA:4180,58
DA:4181,58
DA:4182,58
DA:4183,58
DA:4184,58
DA:4185,58
DA:4186,58
DA:4187,58
DA:4188,58
DA:4189,58
DA:4190,58
DA:4191,58
DA:4192,58
DA:4193,58
DA:4194,58
DA:4195,58
DA:4196,58
DA:4197,58
DA:4204,1
DA:4205,1
DA:4206,1
DA:4207,1
DA:4208,1
DA:4209,1
DA:4210,1
DA:4211,1
DA:4212,1
DA:4213,1
DA:4214,1
DA:4215,1
DA:4216,1
DA:4217,1
DA:4218,1
DA:4219,1
DA:4220,1
DA:4221,1
DA:4222,1
DA:4223,1
DA:4224,1
DA:4225,1
DA:4226,1
DA:4227,1
DA:4228,1
DA:4229,1
DA:4230,1
DA:4231,1
DA:4232,1
DA:4233,1
DA:4234,1
DA:4235,1
DA:4236,1
DA:4237,1
DA:4238,1
DA:4239,1
DA:4240,1
DA:4241,1
DA:4242,1
DA:4243,1
DA:4244,1
DA:4245,1
DA:4246,1
DA:4247,1
DA:4248,1
DA:4249,1
DA:4250,1
DA:4251,1
DA:4252,1
DA:4253,1
DA:4254,1
DA:4255,1
DA:4256,1
DA:4257,1
DA:4258,1
DA:4259,1
DA:4260,1
DA:4261,1
DA:4262,1
DA:4263,1
DA:4264,1
DA:4265,1
DA:4266,1
DA:4267,1
DA:4268,1
DA:4269,1
DA:4270,1
DA:4271,1
DA:4272,1
DA:4273,1
DA:4274,1
DA:4275,1
DA:4276,1
DA:4277,1
DA:4278,1
DA:4279,1
DA:4280,1
DA:4281,1
DA:4282,1
DA:4283,1
DA:4284,1
DA:4285,1
DA:4286,1
DA:4287,1
DA:4288,1
DA:4289,1
DA:4290,1
DA:4291,1
DA:4292,1
DA:4293,1
DA:4294,1
DA:4295,1
DA:4296,1
DA:4297,13
DA:4298,13
DA:4299,1
DA:4300,0
DA:4301,1
DA:4302,13
DA:4303,1
DA:4304,0
DA:4305,0
DA:4306,0
DA:4307,0
DA:4308,13
DA:4309,13
DA:4310,13
DA:4311,13
DA:4312,1
DA:4313,1
DA:4314,1
DA:4315,1
DA:4316,12
DA:4317,1
DA:4318,1
DA:4319,13
DA:4320,10
DA:4321,1
DA:4322,1
DA:4323,1
DA:4324,1
DA:4325,1
DA:4326,1
DA:4327,1
DA:4328,1
DA:4329,1
DA:4330,1
DA:4331,1
DA:4332,9
DA:4333,3
DA:4334,1
DA:4335,1
DA:4336,13
DA:4337,1
DA:4338,14
DA:4339,1
DA:4340,3
DA:4341,2
DA:4342,1
DA:4343,1
DA:4344,1
DA:4345,1
DA:4346,1
DA:4347,1
DA:4348,2
DA:4349,2
DA:4350,3
DA:4351,1
DA:4352,1
DA:4353,1
DA:4354,1
DA:4355,1
DA:4356,1
DA:4357,1
DA:4358,1
DA:4359,1
DA:4360,1
DA:4361,0
DA:4362,1
DA:4363,1
DA:4364,10
DA:4365,1
DA:4366,1
DA:4367,1
DA:4368,3
DA:4369,1
DA:4370,13
DA:4371,1
DA:4372,12
DA:4373,1
DA:4374,1
DA:4375,1
DA:4376,25
DA:4377,13
DA:4378,13
DA:4379,13
DA:4380,13
DA:4381,1
DA:4382,12
DA:4383,1
DA:4384,1
DA:4385,1
DA:4386,1
DA:4387,1
DA:4388,12
DA:4389,12
DA:4390,12
DA:4391,11
DA:4392,11
DA:4393,11
DA:4394,11
DA:4395,11
DA:4396,11
DA:4397,11
DA:4398,11
DA:4399,1
DA:4400,1
DA:4401,1
DA:4402,1
DA:4403,1
DA:4404,1
DA:4405,1
DA:4406,1
DA:4407,1
DA:4408,1
DA:4409,1
DA:4410,1
DA:4411,1
DA:4412,1
DA:4413,1
DA:4414,1
DA:4415,1
DA:4416,1
DA:4417,1
DA:4418,1
DA:4419,1
DA:4420,1
DA:4421,1
DA:4422,1
DA:4423,1
DA:4424,1
DA:4425,1
DA:4426,1
DA:4427,1
DA:4428,1
DA:4429,1
DA:4446,4
DA:4449,4
DA:4450,4
DA:4451,4
DA:4452,4
DA:4453,4
DA:4454,55
DA:4455,51
DA:4456,51
DA:4457,0
DA:4459,102
DA:4460,102
DA:4462,51
DA:4463,0
DA:4464,51
DA:4466,0
DA:4467,0
DA:4469,51
DA:4470,51
DA:4471,51
DA:4473,0
DA:4476,51
DA:4478,4
DA:4479,4
DA:4480,4
DA:4485,107
DA:4486,107
DA:4487,107
DA:4488,107
DA:4489,107
DA:4490,107
DA:4491,107
DA:4492,970
DA:4493,970
DA:4494,970
DA:4495,107
DA:4496,107
DA:4499,52
DA:4500,52
DA:4501,52
DA:4508,3090
DA:4509,3090
DA:4510,1689
DA:4511,1401
DA:4512,1401
DA:4513,1401
DA:4514,1401
DA:4515,1401
DA:4516,1401
DA:4517,106
DA:4519,1295
DA:4520,0
DA:4521,1295
DA:4522,1295
DA:4523,1295
DA:4524,1295
DA:4527,0
DA:4529,1401
DA:4530,0
DA:4531,0
DA:4532,0
DA:4533,0
DA:4534,0
DA:4535,0
DA:4537,1401
DA:4539,1401
DA:4540,783
DA:4541,618
DA:4542,618
DA:4543,618
DA:4544,0
DA:4545,0
DA:4546,0
DA:4547,618
DA:4548,618
DA:4549,3090
DA:4554,7
DA:4555,7
DA:4556,7
DA:4557,7
DA:4558,7
DA:4559,7
DA:4560,7
DA:4561,7
DA:4562,7
DA:4563,7
DA:4564,7
DA:4565,7
DA:4566,7
DA:4567,7
DA:4568,7
DA:4569,7
DA:4570,7
DA:4571,7
DA:4572,7
DA:4573,7
DA:4574,7
DA:4575,7
DA:4576,7
DA:4577,7
DA:4578,7
DA:4579,7
DA:4580,7
DA:4581,7
DA:4582,7
DA:4583,7
DA:4584,7
DA:4585,7
DA:4586,7
DA:4587,7
DA:4588,7
DA:4589,7
DA:4590,7
DA:4591,7
DA:4613,57
DA:4614,57
DA:4615,57
DA:4616,57
DA:4617,57
DA:4618,57
DA:4622,57
DA:4623,57
DA:4624,57
DA:4625,57
DA:4626,57
DA:4627,57
DA:4628,57
DA:4629,57
DA:4630,57
DA:4631,57
DA:4632,57
DA:4633,57
DA:4634,57
DA:4635,57
DA:4636,57
DA:4637,57
DA:4638,57
DA:4639,57
DA:4640,57
DA:4641,57
DA:4642,57
DA:4643,57
DA:4644,57
DA:4645,57
DA:4646,57
DA:4647,57
DA:4648,57
DA:4651,1282
DA:4652,0
DA:4653,1282
DA:4654,1282
DA:4655,57
DA:4656,57
DA:4657,57
DA:4658,57
DA:4659,1225
DA:4660,1282
DA:4661,1161
DA:4662,57
DA:4663,57
DA:4664,57
DA:4665,57
DA:4666,57
DA:4667,57
DA:4668,57
DA:4669,57
DA:4670,57
DA:4671,0
DA:4672,0
DA:4674,1104
DA:4675,121
DA:4676,1282
DA:4677,1161
DA:4678,54
DA:4679,54
DA:4680,54
DA:4681,54
DA:4682,54
DA:4683,0
DA:4684,1107
DA:4685,121
DA:4686,1282
DA:4688,1378
DA:4689,57
DA:4690,114
DA:4691,57
DA:4692,57
DA:4693,57
DA:4694,57
DA:4695,57
DA:4698,107
DA:4699,107
DA:4700,213
DA:4701,106
DA:4702,0
DA:4703,106
DA:4704,106
DA:4707,53
DA:4708,1161
DA:4709,0
DA:4712,121
DA:4713,1388
DA:4714,106
DA:4715,106
DA:4716,54
DA:4717,54
DA:4721,651
DA:4722,3
DA:4723,1279
DA:4724,1279
DA:4725,54
DA:4726,54
DA:4728,52
DA:4729,52
DA:4730,52
DA:4731,52
DA:4733,1
DA:4734,1
DA:4735,1
DA:4736,1
DA:4737,1
DA:4738,1
DA:4742,1
DA:4743,1
DA:4744,1
DA:4747,54
DA:4748,0
DA:4749,1225
DA:4752,1279
DA:4753,486
DA:4754,793
DA:4756,2122
DA:4757,843
DA:4758,843
DA:4759,843
DA:4760,843
DA:4762,1279
DA:4763,0
DA:4766,1279
DA:4767,54
DA:4768,1225
DA:4769,1225
DA:4770,1225
DA:4771,1225
DA:4772,839
DA:4773,839
DA:4774,839
DA:4775,839
DA:4776,839
DA:4777,839
DA:4778,839
DA:4779,839
DA:4780,386
DA:4783,57
DA:4784,57
DA:4791,1
DA:4792,1
DA:4793,1
DA:4794,1
DA:4795,1
DA:4796,1
DA:4797,1
DA:4798,1
DA:4799,1
DA:4800,1
DA:4801,1
DA:4802,1
DA:4803,1
DA:4804,1
DA:4805,1
DA:4806,1
DA:4807,1
DA:4808,1
DA:4809,1
DA:4810,1
DA:4811,1
DA:4812,1
DA:4813,1
DA:4814,1
DA:4815,1
DA:4816,1
DA:4817,1
DA:4818,1
DA:4819,1
DA:4820,1
DA:4821,1
DA:4822,1
DA:4823,1
DA:4824,1
DA:4825,1
DA:4826,1
DA:4827,1
DA:4828,1
DA:4829,1
DA:4843,2
DA:4844,2
DA:4845,2
DA:4846,2
DA:4849,2
DA:4850,2
DA:4851,2
DA:4852,2
DA:4853,2
DA:4854,2
DA:4855,5
DA:4856,3
DA:4857,3
DA:4858,3
DA:4859,0
DA:4861,3
DA:4863,6
DA:4864,3
DA:4865,3
DA:4866,0
DA:4867,3
DA:4870,1
DA:4871,1
DA:4873,0
DA:4874,2
DA:4877,3
DA:4878,1
DA:4880,2
DA:4882,3
DA:4884,2
DA:4885,2
DA:4886,2
DA:4896,1
DA:4897,1
DA:4898,1
DA:4899,1
DA:4900,1
DA:4901,1
DA:4902,1
DA:4903,1
DA:4904,1
DA:4905,1
DA:4906,1
DA:4907,1
DA:4908,1
DA:4909,1
DA:4910,1
DA:4911,1
DA:4912,1
DA:4913,1
DA:4914,1
DA:4915,1
DA:4916,1
DA:4917,1
DA:4918,1
DA:4919,1
DA:4920,1
DA:4921,1
DA:4922,1
DA:4923,1
DA:4924,1
DA:4925,1
DA:4926,1
DA:4927,1
DA:4928,1
DA:4929,1
DA:4930,1
DA:4931,1
DA:4932,1
DA:4933,1
DA:4934,1
DA:4935,1
DA:4936,1
DA:4937,1
DA:4938,1
DA:4939,0
DA:4940,1
DA:4941,1
DA:4942,1
DA:4943,1
DA:4944,1
DA:4950,1
DA:4951,1
DA:4952,1
DA:4953,1
DA:4954,1
DA:4955,1
DA:4956,1
DA:4957,1
DA:4958,1
DA:4959,1
DA:4960,1
DA:4961,1
DA:4962,1
DA:4963,1
DA:4964,1
DA:4965,1
DA:4966,1
DA:4967,51
DA:4968,50
DA:4969,50
DA:4970,50
DA:4971,50
DA:4972,1
DA:4973,1
DA:4974,1
DA:4975,1
DA:4976,50
DA:4977,50
DA:4978,1
DA:4979,1
DA:4980,1
DA:4981,1
DA:4982,1
DA:4983,1
DA:4984,1
DA:4985,1
DA:4986,1
DA:4993,1
DA:4994,1
DA:4995,1
DA:4996,1
DA:5000,1
DA:5001,1
DA:5002,1
DA:5003,1
DA:5004,1
DA:5005,1
DA:5006,1
DA:5007,1
DA:5013,1
DA:5014,1
DA:5015,0
DA:5018,1
DA:5019,1
DA:5020,1
DA:5021,512
DA:5022,0
DA:5023,512
DA:5024,512
DA:5025,0
DA:5026,512
DA:5027,512
DA:5029,0
DA:5030,1
DA:5031,1
DA:5032,1
DA:5038,1
DA:5039,1
DA:5040,1
DA:5041,1
DA:5042,1
DA:5043,1
DA:5044,1
DA:5045,1
DA:5046,1
DA:5047,1
DA:5048,1
DA:5049,1
DA:5050,1
DA:5051,1
DA:5052,1
DA:5053,1
DA:5054,1
DA:5055,1
DA:5056,1
DA:5057,1
DA:5058,1
DA:5059,1
DA:5060,1
DA:5061,1
DA:5062,1
DA:5063,1
DA:5064,1
DA:5065,1
DA:5066,1
DA:5079,1
DA:5080,1
DA:5081,1
DA:5082,1
DA:5083,1
DA:5084,1
DA:5085,1
DA:5086,1
DA:5087,1
DA:5088,1
DA:5089,1
DA:5090,1
DA:5091,1
DA:5092,1
DA:5093,1
DA:5094,1
DA:5095,1
DA:5096,1
DA:5097,1
DA:5098,1
DA:5099,1
DA:5100,1
DA:5101,1
DA:5102,1
DA:5103,1
DA:5104,1
DA:5105,1
DA:5106,1
DA:5107,1
DA:5108,1
DA:5109,1
DA:5110,1
DA:5111,1
DA:5112,1
DA:5113,1
DA:5114,1
DA:5115,1
DA:5116,1
DA:5117,1
DA:5118,1
DA:5119,1
DA:5120,1
DA:5121,1
DA:5122,1
DA:5123,1
DA:5124,1
DA:5125,1
DA:5126,1
DA:5127,1
DA:5128,1
DA:5129,1
DA:5130,1
DA:5131,1
DA:5132,1
DA:5133,1
DA:5134,1
DA:5135,1
DA:5136,1
DA:5137,1
DA:5138,1
DA:5139,1
DA:5140,1
DA:5141,1
DA:5142,1
DA:5143,1
DA:5144,1
DA:5145,14
DA:5146,13
DA:5147,13
DA:5148,1
DA:5149,1
DA:5150,13
DA:5151,1
DA:5152,1
DA:5153,1
DA:5154,1
DA:5155,12
DA:5156,13
DA:5157,10
DA:5158,1
DA:5159,1
DA:5160,1
DA:5161,1
DA:5162,1
DA:5163,1
DA:5164,1
DA:5165,1
DA:5166,1
DA:5167,1
DA:5168,9
DA:5169,1
DA:5170,11
DA:5171,1
DA:5172,2
DA:5173,1
DA:5174,1
DA:5175,1
DA:5176,1
DA:5177,1
DA:5178,1
DA:5179,1
DA:5180,1
DA:5181,10
DA:5182,1
DA:5183,1
DA:5184,1
DA:5185,10
DA:5186,1
DA:5187,1
DA:5188,1
DA:5189,1
DA:5190,1
DA:5191,1
DA:5192,1
DA:5193,1
DA:5194,9
DA:5195,3
DA:5196,25
DA:5197,13
DA:5198,13
DA:5199,12
DA:5200,13
DA:5201,12
DA:5202,12
DA:5203,12
DA:5204,12
DA:5205,12
DA:5206,12
DA:5207,12
DA:5208,1
DA:5209,1
DA:5210,1
DA:5211,1
DA:5212,1
DA:5213,1
DA:5214,1
DA:5215,1
DA:5216,9419
DA:5217,18823
DA:5218,9418
DA:5219,9418
DA:5220,9407
DA:5221,9418
DA:5222,9407
DA:5223,9407
DA:5224,9407
DA:5225,9407
DA:5226,9407
DA:5227,9407
DA:5228,9407
DA:5229,11
DA:5230,11
DA:5231,1
DA:5232,1
DA:5233,1
DA:5234,1
DA:5235,1
DA:5236,1
DA:5237,1
DA:5238,1
DA:5239,1
DA:5240,1
DA:5241,1
DA:5242,1
DA:5243,1
DA:5244,1
DA:5245,1
DA:5246,0
DA:5247,1
DA:5248,1
DA:5249,1
DA:5250,1
DA:5251,1
DA:5252,1
DA:5253,1191
DA:5254,1190
DA:5255,1190
DA:5256,1
DA:5257,0
DA:5258,0
DA:5259,1
DA:5260,1190
DA:5261,1
DA:5262,2005
DA:5263,814
DA:5264,814
DA:5265,1635
DA:5266,821
DA:5267,1
DA:5268,821
DA:5269,821
DA:5270,1
DA:5271,1
DA:5272,1
DA:5273,1190
DA:5274,1
DA:5275,1
DA:5276,1
DA:5277,1
DA:5278,1702
DA:5279,512
DA:5280,512
DA:5281,512
DA:5282,512
DA:5283,1
DA:5284,2033
DA:5285,1190
DA:5286,1190
DA:5287,899
DA:5288,1190
DA:5289,899
DA:5290,899
DA:5291,899
DA:5292,899
DA:5293,899
DA:5294,899
DA:5295,899
DA:5296,291
DA:5297,291
DA:5298,1
DA:5299,1
DA:5300,1
DA:5301,1
DA:5302,1
DA:5303,1
DA:5304,1
DA:5305,1
DA:5306,1
DA:5307,1
DA:5308,1
DA:5309,1
DA:5310,1
DA:5311,1
DA:5312,1
DA:5319,1
DA:5320,1
DA:5321,1
DA:5322,1
DA:5323,1
DA:5324,1
DA:5325,2
DA:5326,1
DA:5327,1
DA:5328,1
DA:5329,1
DA:5330,1
DA:5336,1
DA:5337,1
DA:5338,1
DA:5339,1
DA:5340,1
DA:5341,1
DA:5342,1
DA:5343,1
DA:5344,1
DA:5345,1
DA:5346,1
DA:5347,1
DA:5348,1
DA:5349,1
DA:5350,1
DA:5351,1
DA:5352,1
DA:5353,1
DA:5354,1
DA:5355,1
DA:5356,1
DA:5357,1
DA:5358,1
DA:5359,1
DA:5360,1
DA:5361,1
DA:5362,1
DA:5369,1
DA:5370,1
DA:5371,1
DA:5372,1
DA:5373,1
DA:5374,1
DA:5375,1
DA:5376,1
DA:5377,1
DA:5378,1
DA:5379,1
DA:5380,1
DA:5381,1
DA:5382,1
DA:5383,1
DA:5384,1
DA:5385,1
DA:5386,1
DA:5387,1
DA:5388,1
DA:5389,1
DA:5390,1
DA:5391,1
DA:5392,1
DA:5393,1
DA:5394,1
DA:5395,1
DA:5406,1
DA:5407,1
DA:5408,1
DA:5409,1
DA:5410,1
DA:5411,1
DA:5412,1
DA:5413,1
DA:5414,1
DA:5415,1
DA:5416,1
DA:5417,1
DA:5418,1
DA:5419,1
DA:5420,1
DA:5421,1
DA:5422,1
DA:5423,1
DA:5424,1
DA:5425,1
DA:5426,1
DA:5427,1
DA:5428,1
DA:5429,1
DA:5430,1
DA:5431,1
DA:5432,1
DA:5433,0
DA:5434,1
DA:5435,1
DA:5436,1
DA:5437,1
DA:5438,1
DA:5447,1
DA:5448,1
DA:5449,1
DA:5450,1
DA:5451,1
DA:5452,1
DA:5453,1
DA:5454,1
DA:5455,1
DA:5456,1
DA:5457,1
DA:5458,1
DA:5459,1
DA:5460,1
DA:5461,1
DA:5462,1
DA:5463,1
DA:5464,1
DA:5465,1
DA:5466,1
DA:5467,1
DA:5468,1
DA:5469,1
DA:5470,1
DA:5471,1
DA:5472,1
DA:5473,1
DA:5474,1
DA:5475,1
DA:5476,1
DA:5477,1
DA:5478,1
DA:5479,1
DA:5480,1
DA:5481,1
DA:5482,1
DA:5487,1
DA:5488,1
DA:5489,1
DA:5490,1
DA:5491,1
DA:5495,1
DA:5496,1
DA:5497,1
DA:5498,1
DA:5499,1
DA:5502,1
DA:5503,1
DA:5504,1
DA:5505,1
DA:5508,1
DA:5509,1
DA:5510,1
DA:5511,1
DA:5514,1
DA:5515,1
DA:5516,1
DA:5517,1
DA:5526,1
DA:5527,1
DA:5528,21
DA:5529,20
DA:5530,20
DA:5532,20
DA:5533,20
DA:5534,0
DA:5540,21
DA:5541,20
DA:5542,20
DA:5543,20
DA:5545,1
DA:5553,1
DA:5554,1
DA:5555,1
DA:5556,1
DA:5557,1
DA:5558,1
DA:5559,1
DA:5560,1
DA:5561,1
DA:5562,1
DA:5563,1
DA:5564,1
DA:5565,1
DA:5566,1
DA:5567,1
DA:5568,1
DA:5569,1
DA:5570,1
DA:5571,1
DA:5572,1
DA:5573,1
DA:5584,1
DA:5585,1
DA:5586,1
DA:5587,1
DA:5588,1
DA:5589,1
DA:5590,1
DA:5591,1
DA:5592,1
DA:5593,1
DA:5594,1
DA:5595,1
DA:5596,1
DA:5597,1
DA:5598,1
DA:5599,1
DA:5600,1
DA:5601,1
DA:5602,1
DA:5603,1
DA:5610,1
DA:5611,1
DA:5612,1
DA:5613,1
DA:5614,1
DA:5615,1
DA:5616,1
DA:5617,1
DA:5618,1
DA:5619,1
DA:5620,1
DA:5621,1
DA:5622,1
DA:5623,1
DA:5624,1
DA:5625,1
DA:5626,1
DA:5627,1
DA:5628,1
DA:5629,1
DA:5630,1
DA:5631,1
DA:5632,1
DA:5633,1
DA:5634,1
DA:5635,1
DA:5636,1
DA:5637,1
DA:5638,1
DA:5639,1
DA:5640,1
DA:5641,1
DA:5642,1
DA:5643,1
DA:5644,1
DA:5645,1
DA:5646,1
DA:5647,1
DA:5648,0
DA:5650,1
DA:5651,1
DA:5652,0
DA:5654,1
DA:5655,1
DA:5656,0
DA:5658,1
DA:5670,1
DA:5672,1
DA:5673,1
DA:5674,1
DA:5675,1
DA:5676,0
DA:5679,1
DA:5680,1
DA:5681,1
DA:5682,1
DA:5683,1
DA:5687,1
DA:5688,1
DA:5697,1
DA:5699,1
DA:5700,1
DA:5701,1
DA:5702,1
DA:5703,1
DA:5704,1
DA:5705,1
DA:5706,0
DA:5709,1
DA:5710,1
DA:5711,1
DA:5712,1
DA:5721,1
DA:5722,1
DA:5723,1
DA:5724,1
DA:5725,1
DA:5726,1
DA:5727,1
DA:5728,1
DA:5734,1
DA:5735,1
DA:5736,1
DA:5737,1
DA:5738,1
DA:5739,1
DA:5740,1
DA:5742,0
DA:5744,1
DA:5745,1
DA:5746,0
DA:5748,1
BRF:0
BRH:0
LF:4935
LH:2998
end_of_record
SF:/home/ubuntu/Code/ExpressGateway/crates/lb/src/xdp.rs
FN:176,_RNvNtNtCsg9xlZenf2AU_14expressgateway3xdp5linux10probe_caps
FN:182,_RNvNtNtCsg9xlZenf2AU_14expressgateway3xdp5linux14try_attach_xdp
FN:250,_RNvNtNtCsg9xlZenf2AU_14expressgateway3xdp5linux15attach_with_elf
FN:51,_RNvNtNtCsg9xlZenf2AU_14expressgateway3xdp5linux18cfg_to_loader_mode
FN:123,_RINvNtNtCsg9xlZenf2AU_14expressgateway3xdp5linux15probe_caps_withNCNvB2_10probe_caps0EB6_
FN:177,_RNCNCNvNtNtCsg9xlZenf2AU_14expressgateway3xdp5linux10probe_caps00B9_
FN:177,_RNCNvNtNtCsg9xlZenf2AU_14expressgateway3xdp5linux10probe_caps0B7_
FN:187,_RNCNvNtNtCsg9xlZenf2AU_14expressgateway3xdp5linux14try_attach_xdp0B7_
FN:123,_RINvNtNtCs5eBwyIsPj0k_14expressgateway3xdp5linux15probe_caps_withpEB6_
FN:177,_RNCNCNvNtNtCs5eBwyIsPj0k_14expressgateway3xdp5linux10probe_caps00B9_
FN:177,_RNCNvNtNtCs5eBwyIsPj0k_14expressgateway3xdp5linux10probe_caps0B7_
FN:187,_RNCNvNtNtCs5eBwyIsPj0k_14expressgateway3xdp5linux14try_attach_xdp0B7_
FN:176,_RNvNtNtCs5eBwyIsPj0k_14expressgateway3xdp5linux10probe_caps
FN:182,_RNvNtNtCs5eBwyIsPj0k_14expressgateway3xdp5linux14try_attach_xdp
FN:250,_RNvNtNtCs5eBwyIsPj0k_14expressgateway3xdp5linux15attach_with_elf
FN:51,_RNvNtNtCs5eBwyIsPj0k_14expressgateway3xdp5linux18cfg_to_loader_mode
FN:123,_RINvNtNtCs1GyoVTYyp88_2lb3xdp5linux15probe_caps_withpEB6_
FN:177,_RNCNCNvNtNtCs1GyoVTYyp88_2lb3xdp5linux10probe_caps00B9_
FN:177,_RNCNvNtNtCs1GyoVTYyp88_2lb3xdp5linux10probe_caps0B7_
FN:187,_RNCNvNtNtCs1GyoVTYyp88_2lb3xdp5linux14try_attach_xdp0B7_
FN:176,_RNvNtNtCs1GyoVTYyp88_2lb3xdp5linux10probe_caps
FN:182,_RNvNtNtCs1GyoVTYyp88_2lb3xdp5linux14try_attach_xdp
FN:250,_RNvNtNtCs1GyoVTYyp88_2lb3xdp5linux15attach_with_elf
FN:51,_RNvNtNtCs1GyoVTYyp88_2lb3xdp5linux18cfg_to_loader_mode
FN:123,_RINvNtNtCs3omlmqx6wE1_2lb3xdp5linux15probe_caps_withNCNvCsqyAsNReXMR_13xdp_cap_probe9fake_caps0EBS_
FN:123,_RINvNtNtCs3omlmqx6wE1_2lb3xdp5linux15probe_caps_withNCNvCsqyAsNReXMR_13xdp_cap_probes_40test_double_probe_error_composes_message0EBS_
FN:123,_RINvNtNtCs3omlmqx6wE1_2lb3xdp5linux15probe_caps_withNCNvCsqyAsNReXMR_13xdp_cap_probes_51test_cap_bpf_probe_error_falls_through_to_sys_admin0EBS_
FNDA:0,_RNvNtNtCsg9xlZenf2AU_14expressgateway3xdp5linux10probe_caps
FNDA:0,_RNvNtNtCsg9xlZenf2AU_14expressgateway3xdp5linux14try_attach_xdp
FNDA:0,_RNvNtNtCsg9xlZenf2AU_14expressgateway3xdp5linux15attach_with_elf
FNDA:0,_RNvNtNtCsg9xlZenf2AU_14expressgateway3xdp5linux18cfg_to_loader_mode
FNDA:0,_RINvNtNtCsg9xlZenf2AU_14expressgateway3xdp5linux15probe_caps_withNCNvB2_10probe_caps0EB6_
FNDA:0,_RNCNCNvNtNtCsg9xlZenf2AU_14expressgateway3xdp5linux10probe_caps00B9_
FNDA:0,_RNCNvNtNtCsg9xlZenf2AU_14expressgateway3xdp5linux10probe_caps0B7_
FNDA:0,_RNCNvNtNtCsg9xlZenf2AU_14expressgateway3xdp5linux14try_attach_xdp0B7_
FNDA:0,_RINvNtNtCs5eBwyIsPj0k_14expressgateway3xdp5linux15probe_caps_withpEB6_
FNDA:0,_RNCNCNvNtNtCs5eBwyIsPj0k_14expressgateway3xdp5linux10probe_caps00B9_
FNDA:0,_RNCNvNtNtCs5eBwyIsPj0k_14expressgateway3xdp5linux10probe_caps0B7_
FNDA:0,_RNCNvNtNtCs5eBwyIsPj0k_14expressgateway3xdp5linux14try_attach_xdp0B7_
FNDA:0,_RNvNtNtCs5eBwyIsPj0k_14expressgateway3xdp5linux10probe_caps
FNDA:0,_RNvNtNtCs5eBwyIsPj0k_14expressgateway3xdp5linux14try_attach_xdp
FNDA:0,_RNvNtNtCs5eBwyIsPj0k_14expressgateway3xdp5linux15attach_with_elf
FNDA:0,_RNvNtNtCs5eBwyIsPj0k_14expressgateway3xdp5linux18cfg_to_loader_mode
FNDA:0,_RINvNtNtCs1GyoVTYyp88_2lb3xdp5linux15probe_caps_withpEB6_
FNDA:0,_RNCNCNvNtNtCs1GyoVTYyp88_2lb3xdp5linux10probe_caps00B9_
FNDA:0,_RNCNvNtNtCs1GyoVTYyp88_2lb3xdp5linux10probe_caps0B7_
FNDA:0,_RNCNvNtNtCs1GyoVTYyp88_2lb3xdp5linux14try_attach_xdp0B7_
FNDA:0,_RNvNtNtCs1GyoVTYyp88_2lb3xdp5linux10probe_caps
FNDA:0,_RNvNtNtCs1GyoVTYyp88_2lb3xdp5linux14try_attach_xdp
FNDA:0,_RNvNtNtCs1GyoVTYyp88_2lb3xdp5linux15attach_with_elf
FNDA:0,_RNvNtNtCs1GyoVTYyp88_2lb3xdp5linux18cfg_to_loader_mode
FNDA:5,_RINvNtNtCs3omlmqx6wE1_2lb3xdp5linux15probe_caps_withNCNvCsqyAsNReXMR_13xdp_cap_probe9fake_caps0EBS_
FNDA:1,_RINvNtNtCs3omlmqx6wE1_2lb3xdp5linux15probe_caps_withNCNvCsqyAsNReXMR_13xdp_cap_probes_40test_double_probe_error_composes_message0EBS_
FNDA:1,_RINvNtNtCs3omlmqx6wE1_2lb3xdp5linux15probe_caps_withNCNvCsqyAsNReXMR_13xdp_cap_probes_51test_cap_bpf_probe_error_falls_through_to_sys_admin0EBS_
FNF:8
FNH:1
DA:51,0
DA:52,0
DA:53,0
DA:54,0
DA:55,0
DA:56,0
DA:58,0
DA:123,7
DA:124,7
DA:125,7
DA:126,7
DA:127,7
DA:128,7
DA:129,7
DA:130,7
DA:131,7
DA:132,7
DA:133,7
DA:134,7
DA:136,7
DA:137,3
DA:138,1
DA:144,2
DA:145,1
DA:146,1
DA:147,1
DA:149,0
DA:151,4
DA:152,4
DA:153,4
DA:154,4
DA:155,4
DA:156,4
DA:157,4
DA:158,2
DA:159,1
DA:160,1
DA:164,1
DA:165,1
DA:166,1
DA:167,1
DA:169,0
DA:173,7
DA:176,0
DA:177,0
DA:178,0
DA:182,0
DA:183,0
DA:184,0
DA:185,0
DA:186,0
DA:187,0
DA:189,0
DA:190,0
DA:193,0
DA:195,0
DA:197,0
DA:206,0
DA:208,0
DA:209,0
DA:213,0
DA:216,0
DA:217,0
DA:219,0
DA:222,0
DA:225,0
DA:226,0
DA:228,0
DA:230,0
DA:231,0
DA:234,0
DA:236,0
DA:240,0
DA:241,0
DA:250,0
DA:251,0
DA:252,0
DA:253,0
DA:254,0
DA:255,0
DA:258,0
DA:259,0
DA:260,0
DA:261,0
DA:262,0
DA:263,0
DA:264,0
DA:265,0
DA:266,0
DA:267,0
DA:268,0
DA:269,0
DA:270,0
DA:272,0
DA:273,0
DA:274,0
DA:276,0
DA:278,0
DA:279,0
DA:283,0
DA:285,0
DA:288,0
BRF:0
BRH:0
LF:105
LH:29
end_of_record