SF:/home/ubuntu/Code/ExpressGateway/.claude/worktrees/remediation/crates/lb-quic/src/h3_bridge.rs
FN:654,_RNvMs1_NtCssKp9Gjgd8U_7lb_quic9h3_bridgeNtB5_9H3Request12from_headers
FN:997,_RNvMs2_NtCssKp9Gjgd8U_7lb_quic9h3_bridgeNtB5_12ChunkDecoder13take_trailers
FN:1107,_RNvMs2_NtCssKp9Gjgd8U_7lb_quic9h3_bridgeNtB5_12ChunkDecoder21parse_trailer_section
FN:983,_RNvMs2_NtCssKp9Gjgd8U_7lb_quic9h3_bridgeNtB5_12ChunkDecoder3new
FN:1005,_RNvMs2_NtCssKp9Gjgd8U_7lb_quic9h3_bridgeNtB5_12ChunkDecoder4feed
FN:518,_RNvMs_NtCssKp9Gjgd8U_7lb_quic9h3_bridgeNtB4_11StreamRxBuf12is_too_large
FN:531,_RNvMs_NtCssKp9Gjgd8U_7lb_quic9h3_bridgeNtB4_11StreamRxBuf14retained_bytes
FN:500,_RNvMs_NtCssKp9Gjgd8U_7lb_quic9h3_bridgeNtB4_11StreamRxBuf22try_parse_frame_header
FN:273,_RNvMs_NtCssKp9Gjgd8U_7lb_quic9h3_bridgeNtB4_11StreamRxBuf4feed
FN:324,_RNvMs_NtCssKp9Gjgd8U_7lb_quic9h3_bridgeNtB4_11StreamRxBuf9feed_body
FN:2078,_RNvNCNvNtCssKp9Gjgd8U_7lb_quic9h3_bridge20h3_to_h1_stream_resp06inline
FN:2335,_RNvNCNvNtCssKp9Gjgd8U_7lb_quic9h3_bridge20h3_to_h2_stream_resp06inline
FN:1684,_RNvNtCssKp9Gjgd8U_7lb_quic9h3_bridge13build_h1_head
FN:812,_RNvNtCssKp9Gjgd8U_7lb_quic9h3_bridge15find_header_sep
FN:1986,_RNvNtCssKp9Gjgd8U_7lb_quic9h3_bridge15h3_to_h1_stream
FN:1729,_RNvNtCssKp9Gjgd8U_7lb_quic9h3_bridge15record_inflight
FN:558,_RNvNtCssKp9Gjgd8U_7lb_quic9h3_bridge15record_retained
FN:701,_RNvNtCssKp9Gjgd8U_7lb_quic9h3_bridge16build_h1_request
FN:748,_RNvNtCssKp9Gjgd8U_7lb_quic9h3_bridge16read_h1_response
FN:1753,_RNvNtCssKp9Gjgd8U_7lb_quic9h3_bridge16write_body_chunk
FN:1824,_RNvNtCssKp9Gjgd8U_7lb_quic9h3_bridge16write_h1_request
FN:816,_RNvNtCssKp9Gjgd8U_7lb_quic9h3_bridge17parse_status_line
FN:839,_RNvNtCssKp9Gjgd8U_7lb_quic9h3_bridge18encode_h3_response
FN:1632,_RNvNtCssKp9Gjgd8U_7lb_quic9h3_bridge18h3_to_h1_roundtrip
FN:2642,_RNvNtCssKp9Gjgd8U_7lb_quic9h3_bridge18h3_to_h3_roundtrip
FN:1186,_RNvNtCssKp9Gjgd8U_7lb_quic9h3_bridge18stream_h1_response
FN:1496,_RNvNtCssKp9Gjgd8U_7lb_quic9h3_bridge18stream_h2_response
FN:2429,_RNvNtCssKp9Gjgd8U_7lb_quic9h3_bridge19request_h3_upstream
FN:889,_RNvNtCssKp9Gjgd8U_7lb_quic9h3_bridge20encode_h3_data_frame
FN:2067,_RNvNtCssKp9Gjgd8U_7lb_quic9h3_bridge20h3_to_h1_stream_resp
FN:2324,_RNvNtCssKp9Gjgd8U_7lb_quic9h3_bridge20h3_to_h2_stream_resp
FN:595,_RNvNtCssKp9Gjgd8U_7lb_quic9h3_bridge20record_resp_retained
FN:866,_RNvNtCssKp9Gjgd8U_7lb_quic9h3_bridge23encode_h3_headers_frame
FN:2256,_RNvNtCssKp9Gjgd8U_7lb_quic9h3_bridge23h2_request_body_from_rx
FN:765,_RNvNtCssKp9Gjgd8U_7lb_quic9h3_bridge23read_h1_response_capped
FN:912,_RNvNtCssKp9Gjgd8U_7lb_quic9h3_bridge24encode_h3_trailers_frame
FN:226,_RNvXNtCssKp9Gjgd8U_7lb_quic9h3_bridgeNtB2_9BodyParseNtNtCs2va5m0jqTTM_4core7default7Default7default
FN:637,_RNvXs0_NtCssKp9Gjgd8U_7lb_quic9h3_bridgeNtB5_9H3RequestNtNtCs2va5m0jqTTM_4core7default7Default7default
FN:2145,_RNvXs3_NtCssKp9Gjgd8U_7lb_quic9h3_bridgeNtB5_10H3ReqAbortNtNtCs2va5m0jqTTM_4core3fmt7Display3fmt
FN:2178,_RNvXs5_NtCssKp9Gjgd8U_7lb_quic9h3_bridgeNtB5_15H3ReqStreamBodyNtCsl5a7MsEZ2mF_9http_body4Body10poll_frame
FN:2401,_RNvXs6_NtCssKp9Gjgd8U_7lb_quic9h3_bridgeNtB5_18H3UpstreamResponseNtNtCs2va5m0jqTTM_4core7default7Default7default
FN:1245,_RNCNCNCNvNtCssKp9Gjgd8U_7lb_quic9h3_bridge18stream_h1_response0s_00B9_
FN:1581,_RNCNCNCNvNtCssKp9Gjgd8U_7lb_quic9h3_bridge18stream_h2_response0s1_00B9_
FN:1759,_RNCNCNvNtCssKp9Gjgd8U_7lb_quic9h3_bridge16write_body_chunk00B7_
FN:1761,_RNCNCNvNtCssKp9Gjgd8U_7lb_quic9h3_bridge16write_body_chunk0s0_0B7_
FN:1763,_RNCNCNvNtCssKp9Gjgd8U_7lb_quic9h3_bridge16write_body_chunk0s1_0B7_
FN:1760,_RNCNCNvNtCssKp9Gjgd8U_7lb_quic9h3_bridge16write_body_chunk0s_0B7_
FN:1842,_RNCNCNvNtCssKp9Gjgd8U_7lb_quic9h3_bridge16write_h1_request00B7_
FN:2652,_RNCNCNvNtCssKp9Gjgd8U_7lb_quic9h3_bridge18h3_to_h3_roundtrip00B7_
FN:2807,_RNCNCNvNtCssKp9Gjgd8U_7lb_quic9h3_bridge18h3_to_h3_roundtrip0s_0B7_
FN:1230,_RNCNCNvNtCssKp9Gjgd8U_7lb_quic9h3_bridge18stream_h1_response00B7_
FN:1195,_RNCNCNvNtCssKp9Gjgd8U_7lb_quic9h3_bridge18stream_h1_response0s0_0B7_
FN:1195,_RNCNCNvNtCssKp9Gjgd8U_7lb_quic9h3_bridge18stream_h1_response0s1_0B7_
FN:1195,_RNCNCNvNtCssKp9Gjgd8U_7lb_quic9h3_bridge18stream_h1_response0s2_0B7_
FN:1195,_RNCNCNvNtCssKp9Gjgd8U_7lb_quic9h3_bridge18stream_h1_response0s3_0B7_
FN:1195,_RNCNCNvNtCssKp9Gjgd8U_7lb_quic9h3_bridge18stream_h1_response0s4_0B7_
FN:1195,_RNCNCNvNtCssKp9Gjgd8U_7lb_quic9h3_bridge18stream_h1_response0s5_0B7_
FN:1195,_RNCNCNvNtCssKp9Gjgd8U_7lb_quic9h3_bridge18stream_h1_response0s6_0B7_
FN:1195,_RNCNCNvNtCssKp9Gjgd8U_7lb_quic9h3_bridge18stream_h1_response0s7_0B7_
FN:1195,_RNCNCNvNtCssKp9Gjgd8U_7lb_quic9h3_bridge18stream_h1_response0s8_0B7_
FN:1245,_RNCNCNvNtCssKp9Gjgd8U_7lb_quic9h3_bridge18stream_h1_response0s_0B7_
FN:1516,_RNCNCNvNtCssKp9Gjgd8U_7lb_quic9h3_bridge18stream_h2_response00B7_
FN:1577,_RNCNCNvNtCssKp9Gjgd8U_7lb_quic9h3_bridge18stream_h2_response0s0_0B7_
FN:1578,_RNCNCNvNtCssKp9Gjgd8U_7lb_quic9h3_bridge18stream_h2_response0s1_0B7_
FN:1503,_RNCNCNvNtCssKp9Gjgd8U_7lb_quic9h3_bridge18stream_h2_response0s2_0B7_
FN:1503,_RNCNCNvNtCssKp9Gjgd8U_7lb_quic9h3_bridge18stream_h2_response0s3_0B7_
FN:1503,_RNCNCNvNtCssKp9Gjgd8U_7lb_quic9h3_bridge18stream_h2_response0s4_0B7_
FN:1503,_RNCNCNvNtCssKp9Gjgd8U_7lb_quic9h3_bridge18stream_h2_response0s5_0B7_
FN:1517,_RNCNCNvNtCssKp9Gjgd8U_7lb_quic9h3_bridge18stream_h2_response0s_0B7_
FN:671,_RNCNvMs1_NtCssKp9Gjgd8U_7lb_quic9h3_bridgeNtB7_9H3Request12from_headers0B9_
FN:672,_RNCNvMs1_NtCssKp9Gjgd8U_7lb_quic9h3_bridgeNtB7_9H3Request12from_headerss_0B9_
FN:1116,_RNCNvMs2_NtCssKp9Gjgd8U_7lb_quic9h3_bridgeNtB7_12ChunkDecoder21parse_trailer_section0B9_
FN:1131,_RNCNvMs2_NtCssKp9Gjgd8U_7lb_quic9h3_bridgeNtB7_12ChunkDecoder21parse_trailer_sections_0B9_
FN:1049,_RNCNvMs2_NtCssKp9Gjgd8U_7lb_quic9h3_bridgeNtB7_12ChunkDecoder4feed0B9_
FN:1065,_RNCNvMs2_NtCssKp9Gjgd8U_7lb_quic9h3_bridgeNtB7_12ChunkDecoder4feeds0_0B9_
FN:1071,_RNCNvMs2_NtCssKp9Gjgd8U_7lb_quic9h3_bridgeNtB7_12ChunkDecoder4feeds1_0B9_
FN:1063,_RNCNvMs2_NtCssKp9Gjgd8U_7lb_quic9h3_bridgeNtB7_12ChunkDecoder4feeds_0B9_
FN:289,_RNCNvMs_NtCssKp9Gjgd8U_7lb_quic9h3_bridgeNtB6_11StreamRxBuf4feed0B8_
FN:382,_RNCNvMs_NtCssKp9Gjgd8U_7lb_quic9h3_bridgeNtB6_11StreamRxBuf9feed_body0B8_
FN:465,_RNCNvMs_NtCssKp9Gjgd8U_7lb_quic9h3_bridgeNtB6_11StreamRxBuf9feed_bodys0_0B8_
FN:455,_RNCNvMs_NtCssKp9Gjgd8U_7lb_quic9h3_bridgeNtB6_11StreamRxBuf9feed_bodys_0B8_
FN:2078,_RNCNvNCNvNtCssKp9Gjgd8U_7lb_quic9h3_bridge20h3_to_h1_stream_resp06inline0B9_
FN:2335,_RNCNvNCNvNtCssKp9Gjgd8U_7lb_quic9h3_bridge20h3_to_h2_stream_resp06inline0B9_
FN:813,_RNCNvNtCssKp9Gjgd8U_7lb_quic9h3_bridge15find_header_sep0B5_
FN:1753,_RNCNvNtCssKp9Gjgd8U_7lb_quic9h3_bridge16write_body_chunk0B5_
FN:1828,_RNCNvNtCssKp9Gjgd8U_7lb_quic9h3_bridge16write_h1_request0B5_
FN:821,_RNCNvNtCssKp9Gjgd8U_7lb_quic9h3_bridge17parse_status_line0B5_
FN:2647,_RNCNvNtCssKp9Gjgd8U_7lb_quic9h3_bridge18h3_to_h3_roundtrip0B5_
FN:1190,_RNCNvNtCssKp9Gjgd8U_7lb_quic9h3_bridge18stream_h1_response0B5_
FN:1500,_RNCNvNtCssKp9Gjgd8U_7lb_quic9h3_bridge18stream_h2_response0B5_
FN:893,_RNCNvNtCssKp9Gjgd8U_7lb_quic9h3_bridge20encode_h3_data_frame0B5_
FN:2074,_RNCNvNtCssKp9Gjgd8U_7lb_quic9h3_bridge20h3_to_h1_stream_resp0B5_
FN:2331,_RNCNvNtCssKp9Gjgd8U_7lb_quic9h3_bridge20h3_to_h2_stream_resp0B5_
FN:877,_RNCNvNtCssKp9Gjgd8U_7lb_quic9h3_bridge23encode_h3_headers_frame0B5_
FN:878,_RNCNvNtCssKp9Gjgd8U_7lb_quic9h3_bridge23encode_h3_headers_frames_0B5_
FN:2301,_RNCNvNtCssKp9Gjgd8U_7lb_quic9h3_bridge23h2_request_body_from_rxs_0B5_
FN:915,_RNCNvNtCssKp9Gjgd8U_7lb_quic9h3_bridge24encode_h3_trailers_frame0B5_
FN:916,_RNCNvNtCssKp9Gjgd8U_7lb_quic9h3_bridge24encode_h3_trailers_frames_0B5_
FN:2005,_RNCNCNvNtCssKp9Gjgd8U_7lb_quic9h3_bridge15h3_to_h1_stream00B7_
FN:1649,_RNCNCNvNtCssKp9Gjgd8U_7lb_quic9h3_bridge18h3_to_h1_roundtrip00B7_
FN:772,_RNCNCNvNtCssKp9Gjgd8U_7lb_quic9h3_bridge23read_h1_response_capped00B7_
FN:795,_RNCNCNvNtCssKp9Gjgd8U_7lb_quic9h3_bridge23read_h1_response_capped0s0_0B7_
FN:792,_RNCNCNvNtCssKp9Gjgd8U_7lb_quic9h3_bridge23read_h1_response_capped0s_0B7_
FN:1992,_RNCNvNtCssKp9Gjgd8U_7lb_quic9h3_bridge15h3_to_h1_stream0B5_
FN:748,_RNCNvNtCssKp9Gjgd8U_7lb_quic9h3_bridge16read_h1_response0B5_
FN:1637,_RNCNvNtCssKp9Gjgd8U_7lb_quic9h3_bridge18h3_to_h1_roundtrip0B5_
FN:2436,_RNCNvNtCssKp9Gjgd8U_7lb_quic9h3_bridge19request_h3_upstream0B5_
FN:765,_RNCNvNtCssKp9Gjgd8U_7lb_quic9h3_bridge23read_h1_response_capped0B5_
FN:1649,_RNCNCNvNtCssKp9Gjgd8U_7lb_quic9h3_bridge18h3_to_h1_roundtrip00CsglCRVn033nQ_21h3_h1_binary_body_e2e
FN:772,_RNCNCNvNtCssKp9Gjgd8U_7lb_quic9h3_bridge23read_h1_response_capped00CsglCRVn033nQ_21h3_h1_binary_body_e2e
FN:795,_RNCNCNvNtCssKp9Gjgd8U_7lb_quic9h3_bridge23read_h1_response_capped0s0_0CsglCRVn033nQ_21h3_h1_binary_body_e2e
FN:792,_RNCNCNvNtCssKp9Gjgd8U_7lb_quic9h3_bridge23read_h1_response_capped0s_0CsglCRVn033nQ_21h3_h1_binary_body_e2e
FN:748,_RNCNvNtCssKp9Gjgd8U_7lb_quic9h3_bridge16read_h1_response0CsglCRVn033nQ_21h3_h1_binary_body_e2e
FN:1637,_RNCNvNtCssKp9Gjgd8U_7lb_quic9h3_bridge18h3_to_h1_roundtrip0CsglCRVn033nQ_21h3_h1_binary_body_e2e
FN:765,_RNCNvNtCssKp9Gjgd8U_7lb_quic9h3_bridge23read_h1_response_capped0CsglCRVn033nQ_21h3_h1_binary_body_e2e
FN:2005,_RNCNCNvNtCssKp9Gjgd8U_7lb_quic9h3_bridge15h3_to_h1_stream00Cs2ktLKP4F6Kr_21h3_h1_stream_body_e2e
FN:772,_RNCNCNvNtCssKp9Gjgd8U_7lb_quic9h3_bridge23read_h1_response_capped00Cs2ktLKP4F6Kr_21h3_h1_stream_body_e2e
FN:795,_RNCNCNvNtCssKp9Gjgd8U_7lb_quic9h3_bridge23read_h1_response_capped0s0_0Cs2ktLKP4F6Kr_21h3_h1_stream_body_e2e
FN:792,_RNCNCNvNtCssKp9Gjgd8U_7lb_quic9h3_bridge23read_h1_response_capped0s_0Cs2ktLKP4F6Kr_21h3_h1_stream_body_e2e
FN:1992,_RNCNvNtCssKp9Gjgd8U_7lb_quic9h3_bridge15h3_to_h1_stream0Cs2ktLKP4F6Kr_21h3_h1_stream_body_e2e
FN:748,_RNCNvNtCssKp9Gjgd8U_7lb_quic9h3_bridge16read_h1_response0Cs2ktLKP4F6Kr_21h3_h1_stream_body_e2e
FN:765,_RNCNvNtCssKp9Gjgd8U_7lb_quic9h3_bridge23read_h1_response_capped0Cs2ktLKP4F6Kr_21h3_h1_stream_body_e2e
FN:2005,_RNCNCNvNtCssKp9Gjgd8U_7lb_quic9h3_bridge15h3_to_h1_stream00Csa3Ix4MSEQ8i_28h3_h1_stream_body_errors_e2e
FN:772,_RNCNCNvNtCssKp9Gjgd8U_7lb_quic9h3_bridge23read_h1_response_capped00Csa3Ix4MSEQ8i_28h3_h1_stream_body_errors_e2e
FN:795,_RNCNCNvNtCssKp9Gjgd8U_7lb_quic9h3_bridge23read_h1_response_capped0s0_0Csa3Ix4MSEQ8i_28h3_h1_stream_body_errors_e2e
FN:792,_RNCNCNvNtCssKp9Gjgd8U_7lb_quic9h3_bridge23read_h1_response_capped0s_0Csa3Ix4MSEQ8i_28h3_h1_stream_body_errors_e2e
FN:1992,_RNCNvNtCssKp9Gjgd8U_7lb_quic9h3_bridge15h3_to_h1_stream0Csa3Ix4MSEQ8i_28h3_h1_stream_body_errors_e2e
FN:748,_RNCNvNtCssKp9Gjgd8U_7lb_quic9h3_bridge16read_h1_response0Csa3Ix4MSEQ8i_28h3_h1_stream_body_errors_e2e
FN:765,_RNCNvNtCssKp9Gjgd8U_7lb_quic9h3_bridge23read_h1_response_capped0Csa3Ix4MSEQ8i_28h3_h1_stream_body_errors_e2e
FN:2005,_RNCNCNvNtCsEuBmBzQhxs_7lb_quic9h3_bridge15h3_to_h1_stream00B7_
FN:1649,_RNCNCNvNtCsEuBmBzQhxs_7lb_quic9h3_bridge18h3_to_h1_roundtrip00B7_
FN:1992,_RNCNvNtCsEuBmBzQhxs_7lb_quic9h3_bridge15h3_to_h1_stream0B5_
FN:748,_RNCNvNtCsEuBmBzQhxs_7lb_quic9h3_bridge16read_h1_response0B5_
FN:1637,_RNCNvNtCsEuBmBzQhxs_7lb_quic9h3_bridge18h3_to_h1_roundtrip0B5_
FN:2436,_RNCNvNtCsEuBmBzQhxs_7lb_quic9h3_bridge19request_h3_upstream0B5_
FN:518,_RNvMs_NtCsEuBmBzQhxs_7lb_quic9h3_bridgeNtB4_11StreamRxBuf12is_too_large
FN:1986,_RNvNtCsEuBmBzQhxs_7lb_quic9h3_bridge15h3_to_h1_stream
FN:748,_RNvNtCsEuBmBzQhxs_7lb_quic9h3_bridge16read_h1_response
FN:1632,_RNvNtCsEuBmBzQhxs_7lb_quic9h3_bridge18h3_to_h1_roundtrip
FN:2429,_RNvNtCsEuBmBzQhxs_7lb_quic9h3_bridge19request_h3_upstream
FN:637,_RNvXs0_NtCsEuBmBzQhxs_7lb_quic9h3_bridgeNtB5_9H3RequestNtNtCs2va5m0jqTTM_4core7default7Default7default
FN:2401,_RNvXs6_NtCsEuBmBzQhxs_7lb_quic9h3_bridgeNtB5_18H3UpstreamResponseNtNtCs2va5m0jqTTM_4core7default7Default7default
FN:654,_RNvMs1_NtCsEuBmBzQhxs_7lb_quic9h3_bridgeNtB5_9H3Request12from_headers
FN:997,_RNvMs2_NtCsEuBmBzQhxs_7lb_quic9h3_bridgeNtB5_12ChunkDecoder13take_trailers
FN:1107,_RNvMs2_NtCsEuBmBzQhxs_7lb_quic9h3_bridgeNtB5_12ChunkDecoder21parse_trailer_section
FN:983,_RNvMs2_NtCsEuBmBzQhxs_7lb_quic9h3_bridgeNtB5_12ChunkDecoder3new
FN:1005,_RNvMs2_NtCsEuBmBzQhxs_7lb_quic9h3_bridgeNtB5_12ChunkDecoder4feed
FN:531,_RNvMs_NtCsEuBmBzQhxs_7lb_quic9h3_bridgeNtB4_11StreamRxBuf14retained_bytes
FN:500,_RNvMs_NtCsEuBmBzQhxs_7lb_quic9h3_bridgeNtB4_11StreamRxBuf22try_parse_frame_header
FN:273,_RNvMs_NtCsEuBmBzQhxs_7lb_quic9h3_bridgeNtB4_11StreamRxBuf4feed
FN:324,_RNvMs_NtCsEuBmBzQhxs_7lb_quic9h3_bridgeNtB4_11StreamRxBuf9feed_body
FN:2078,_RNvNCNvNtCsEuBmBzQhxs_7lb_quic9h3_bridge20h3_to_h1_stream_resp06inline
FN:2335,_RNvNCNvNtCsEuBmBzQhxs_7lb_quic9h3_bridge20h3_to_h2_stream_resp06inline
FN:1684,_RNvNtCsEuBmBzQhxs_7lb_quic9h3_bridge13build_h1_head
FN:812,_RNvNtCsEuBmBzQhxs_7lb_quic9h3_bridge15find_header_sep
FN:1729,_RNvNtCsEuBmBzQhxs_7lb_quic9h3_bridge15record_inflight
FN:558,_RNvNtCsEuBmBzQhxs_7lb_quic9h3_bridge15record_retained
FN:701,_RNvNtCsEuBmBzQhxs_7lb_quic9h3_bridge16build_h1_request
FN:1753,_RNvNtCsEuBmBzQhxs_7lb_quic9h3_bridge16write_body_chunk
FN:1824,_RNvNtCsEuBmBzQhxs_7lb_quic9h3_bridge16write_h1_request
FN:816,_RNvNtCsEuBmBzQhxs_7lb_quic9h3_bridge17parse_status_line
FN:839,_RNvNtCsEuBmBzQhxs_7lb_quic9h3_bridge18encode_h3_response
FN:2642,_RNvNtCsEuBmBzQhxs_7lb_quic9h3_bridge18h3_to_h3_roundtrip
FN:1186,_RNvNtCsEuBmBzQhxs_7lb_quic9h3_bridge18stream_h1_response
FN:1496,_RNvNtCsEuBmBzQhxs_7lb_quic9h3_bridge18stream_h2_response
FN:889,_RNvNtCsEuBmBzQhxs_7lb_quic9h3_bridge20encode_h3_data_frame
FN:2067,_RNvNtCsEuBmBzQhxs_7lb_quic9h3_bridge20h3_to_h1_stream_resp
FN:2324,_RNvNtCsEuBmBzQhxs_7lb_quic9h3_bridge20h3_to_h2_stream_resp
FN:595,_RNvNtCsEuBmBzQhxs_7lb_quic9h3_bridge20record_resp_retained
FN:866,_RNvNtCsEuBmBzQhxs_7lb_quic9h3_bridge23encode_h3_headers_frame
FN:2256,_RNvNtCsEuBmBzQhxs_7lb_quic9h3_bridge23h2_request_body_from_rx
FN:765,_RNvNtCsEuBmBzQhxs_7lb_quic9h3_bridge23read_h1_response_capped
FN:912,_RNvNtCsEuBmBzQhxs_7lb_quic9h3_bridge24encode_h3_trailers_frame
FN:226,_RNvXNtCsEuBmBzQhxs_7lb_quic9h3_bridgeNtB2_9BodyParseNtNtCs2va5m0jqTTM_4core7default7Default7default
FN:2145,_RNvXs3_NtCsEuBmBzQhxs_7lb_quic9h3_bridgeNtB5_10H3ReqAbortNtNtCs2va5m0jqTTM_4core3fmt7Display3fmt
FN:2178,_RNvXs5_NtCsEuBmBzQhxs_7lb_quic9h3_bridgeNtB5_15H3ReqStreamBodyNtCsl5a7MsEZ2mF_9http_body4Body10poll_frame
FN:3458,_RNvNtNtCsEuBmBzQhxs_7lb_quic9h3_bridge5testss_34chunk_decoder_decodes_split_chunks
FN:3014,_RNvNtNtCsEuBmBzQhxs_7lb_quic9h3_bridge5testss_35feed_body_accepts_valid_h3_trailers
FN:3264,_RNvNtNtCsEuBmBzQhxs_7lb_quic9h3_bridge5testss_36g5_h3reqabort_display_and_error_impl
FN:3520,_RNvNtNtCsEuBmBzQhxs_7lb_quic9h3_bridge5testss_39chunk_decoder_parses_trailer_section_c4
FN:3504,_RNvNtNtCsEuBmBzQhxs_7lb_quic9h3_bridge5testss_39chunk_decoder_tolerates_chunk_extension
FN:3041,_RNvNtNtCsEuBmBzQhxs_7lb_quic9h3_bridge5testss_41stream_rx_buf_accumulates_partial_headers
FN:3474,_RNvNtNtCsEuBmBzQhxs_7lb_quic9h3_bridge5testss_42chunk_decoder_rejects_malformed_framing_c3
FN:2815,_RNvNtNtCsEuBmBzQhxs_7lb_quic9h3_bridge5testss_43encode_h3_response_includes_status_and_body
FN:2981,_RNvNtNtCsEuBmBzQhxs_7lb_quic9h3_bridge5testss_46feed_body_rejects_pseudo_header_in_h3_trailers
FN:3441,_RNvNtNtCsEuBmBzQhxs_7lb_quic9h3_bridge5testss_49encode_h3_headers_frame_none_omits_content_length
FN:3284,_RNvNtNtCsEuBmBzQhxs_7lb_quic9h3_bridge5testss_49g5_h2_request_body_from_rx_head_construction_arms
FN:3174,_RNvNtNtCsEuBmBzQhxs_7lb_quic9h3_bridge5testss_49s6_i2_h3_req_stream_body_frame_and_abort_contract
FN:3349,_RNvNtNtCsEuBmBzQhxs_7lb_quic9h3_bridge5testss_50g5_h3_to_h2_stream_resp_inline_413_and_502_no_dial
FN:3098,_RNvNtNtCsEuBmBzQhxs_7lb_quic9h3_bridge5testss_50s6_i1_stream_h2_response_reencode_framing_contract
FN:3068,_RNvNtNtCsEuBmBzQhxs_7lb_quic9h3_bridge5testss_53encode_h3_response_is_byte_identical_to_split_helpers
FN:2915,_RNvNtNtCsEuBmBzQhxs_7lb_quic9h3_bridge5testss_61read_h1_response_capped_rejects_over_cap_and_passes_under_cap
FN:2838,_RNvNtNtCsEuBmBzQhxs_7lb_quic9h3_bridge5testss_63build_h1_request_none_body_is_byte_identical_to_legacy_bodyless
FN:2879,_RNvNtNtCsEuBmBzQhxs_7lb_quic9h3_bridge5testss_76s2_target_build_h1_request_with_body_sets_content_length_and_appends_payload
FN:3035,_RNCNCNvNtNtCsEuBmBzQhxs_7lb_quic9h3_bridge5testss_35feed_body_accepts_valid_h3_trailers00B9_
FN:3316,_RNCNCNvNtNtCsEuBmBzQhxs_7lb_quic9h3_bridge5testss_49g5_h2_request_body_from_rx_head_construction_arms00B9_
FN:3391,_RNCNCNvNtNtCsEuBmBzQhxs_7lb_quic9h3_bridge5testss_50g5_h3_to_h2_stream_resp_inline_413_and_502_no_dial00B9_
FN:3432,_RNCNCNvNtNtCsEuBmBzQhxs_7lb_quic9h3_bridge5testss_50g5_h3_to_h2_stream_resp_inline_413_and_502_no_dial0s_0B9_
FN:2930,_RNCNCNvNtNtCsEuBmBzQhxs_7lb_quic9h3_bridge5testss_61read_h1_response_capped_rejects_over_cap_and_passes_under_cap00B9_
FN:2956,_RNCNCNvNtNtCsEuBmBzQhxs_7lb_quic9h3_bridge5testss_61read_h1_response_capped_rejects_over_cap_and_passes_under_cap0s_0B9_
FN:3034,_RNCNvNtNtCsEuBmBzQhxs_7lb_quic9h3_bridge5testss_35feed_body_accepts_valid_h3_trailers0B7_
FN:2825,_RNCNvNtNtCsEuBmBzQhxs_7lb_quic9h3_bridge5testss_43encode_h3_response_includes_status_and_body0B7_
FN:2829,_RNCNvNtNtCsEuBmBzQhxs_7lb_quic9h3_bridge5testss_43encode_h3_response_includes_status_and_bodys_0B7_
FN:3448,_RNCNvNtNtCsEuBmBzQhxs_7lb_quic9h3_bridge5testss_49encode_h3_headers_frame_none_omits_content_length0B7_
FN:3450,_RNCNvNtNtCsEuBmBzQhxs_7lb_quic9h3_bridge5testss_49encode_h3_headers_frame_none_omits_content_lengths_0B7_
FN:3284,_RNCNvNtNtCsEuBmBzQhxs_7lb_quic9h3_bridge5testss_49g5_h2_request_body_from_rx_head_construction_arms0B7_
FN:3174,_RNCNvNtNtCsEuBmBzQhxs_7lb_quic9h3_bridge5testss_49s6_i2_h3_req_stream_body_frame_and_abort_contract0B7_
FN:3349,_RNCNvNtNtCsEuBmBzQhxs_7lb_quic9h3_bridge5testss_50g5_h3_to_h2_stream_resp_inline_413_and_502_no_dial0B7_
FN:3150,_RNCNvNtNtCsEuBmBzQhxs_7lb_quic9h3_bridge5testss_50s6_i1_stream_h2_response_reencode_framing_contract0B7_
FN:3108,_RNCNvNtNtCsEuBmBzQhxs_7lb_quic9h3_bridge5testss_50s6_i1_stream_h2_response_reencode_framing_contracts0_0B7_
FN:3118,_RNCNvNtNtCsEuBmBzQhxs_7lb_quic9h3_bridge5testss_50s6_i1_stream_h2_response_reencode_framing_contracts1_0B7_
FN:3160,_RNCNvNtNtCsEuBmBzQhxs_7lb_quic9h3_bridge5testss_50s6_i1_stream_h2_response_reencode_framing_contracts2_0B7_
FN:3162,_RNCNvNtNtCsEuBmBzQhxs_7lb_quic9h3_bridge5testss_50s6_i1_stream_h2_response_reencode_framing_contracts3_0B7_
FN:3106,_RNCNvNtNtCsEuBmBzQhxs_7lb_quic9h3_bridge5testss_50s6_i1_stream_h2_response_reencode_framing_contracts_0B7_
FN:2915,_RNCNvNtNtCsEuBmBzQhxs_7lb_quic9h3_bridge5testss_61read_h1_response_capped_rejects_over_cap_and_passes_under_cap0B7_
FN:1245,_RNCNCNCNvNtCsEuBmBzQhxs_7lb_quic9h3_bridge18stream_h1_response0s_00B9_
FN:1581,_RNCNCNCNvNtCsEuBmBzQhxs_7lb_quic9h3_bridge18stream_h2_response0s1_00B9_
FN:1759,_RNCNCNvNtCsEuBmBzQhxs_7lb_quic9h3_bridge16write_body_chunk00B7_
FN:1761,_RNCNCNvNtCsEuBmBzQhxs_7lb_quic9h3_bridge16write_body_chunk0s0_0B7_
FN:1763,_RNCNCNvNtCsEuBmBzQhxs_7lb_quic9h3_bridge16write_body_chunk0s1_0B7_
FN:1760,_RNCNCNvNtCsEuBmBzQhxs_7lb_quic9h3_bridge16write_body_chunk0s_0B7_
FN:1842,_RNCNCNvNtCsEuBmBzQhxs_7lb_quic9h3_bridge16write_h1_request00B7_
FN:2652,_RNCNCNvNtCsEuBmBzQhxs_7lb_quic9h3_bridge18h3_to_h3_roundtrip00B7_
FN:2807,_RNCNCNvNtCsEuBmBzQhxs_7lb_quic9h3_bridge18h3_to_h3_roundtrip0s_0B7_
FN:1230,_RNCNCNvNtCsEuBmBzQhxs_7lb_quic9h3_bridge18stream_h1_response00B7_
FN:1195,_RNCNCNvNtCsEuBmBzQhxs_7lb_quic9h3_bridge18stream_h1_response0s0_0B7_
FN:1195,_RNCNCNvNtCsEuBmBzQhxs_7lb_quic9h3_bridge18stream_h1_response0s1_0B7_
FN:1195,_RNCNCNvNtCsEuBmBzQhxs_7lb_quic9h3_bridge18stream_h1_response0s2_0B7_
FN:1195,_RNCNCNvNtCsEuBmBzQhxs_7lb_quic9h3_bridge18stream_h1_response0s3_0B7_
FN:1195,_RNCNCNvNtCsEuBmBzQhxs_7lb_quic9h3_bridge18stream_h1_response0s4_0B7_
FN:1195,_RNCNCNvNtCsEuBmBzQhxs_7lb_quic9h3_bridge18stream_h1_response0s5_0B7_
FN:1195,_RNCNCNvNtCsEuBmBzQhxs_7lb_quic9h3_bridge18stream_h1_response0s6_0B7_
FN:1195,_RNCNCNvNtCsEuBmBzQhxs_7lb_quic9h3_bridge18stream_h1_response0s7_0B7_
FN:1195,_RNCNCNvNtCsEuBmBzQhxs_7lb_quic9h3_bridge18stream_h1_response0s8_0B7_
FN:1245,_RNCNCNvNtCsEuBmBzQhxs_7lb_quic9h3_bridge18stream_h1_response0s_0B7_
FN:1516,_RNCNCNvNtCsEuBmBzQhxs_7lb_quic9h3_bridge18stream_h2_response00B7_
FN:1577,_RNCNCNvNtCsEuBmBzQhxs_7lb_quic9h3_bridge18stream_h2_response0s0_0B7_
FN:1578,_RNCNCNvNtCsEuBmBzQhxs_7lb_quic9h3_bridge18stream_h2_response0s1_0B7_
FN:1503,_RNCNCNvNtCsEuBmBzQhxs_7lb_quic9h3_bridge18stream_h2_response0s2_0B7_
FN:1503,_RNCNCNvNtCsEuBmBzQhxs_7lb_quic9h3_bridge18stream_h2_response0s3_0B7_
FN:1503,_RNCNCNvNtCsEuBmBzQhxs_7lb_quic9h3_bridge18stream_h2_response0s4_0B7_
FN:1503,_RNCNCNvNtCsEuBmBzQhxs_7lb_quic9h3_bridge18stream_h2_response0s5_0B7_
FN:1517,_RNCNCNvNtCsEuBmBzQhxs_7lb_quic9h3_bridge18stream_h2_response0s_0B7_
FN:772,_RNCNCNvNtCsEuBmBzQhxs_7lb_quic9h3_bridge23read_h1_response_capped00B7_
FN:795,_RNCNCNvNtCsEuBmBzQhxs_7lb_quic9h3_bridge23read_h1_response_capped0s0_0B7_
FN:792,_RNCNCNvNtCsEuBmBzQhxs_7lb_quic9h3_bridge23read_h1_response_capped0s_0B7_
FN:671,_RNCNvMs1_NtCsEuBmBzQhxs_7lb_quic9h3_bridgeNtB7_9H3Request12from_headers0B9_
FN:672,_RNCNvMs1_NtCsEuBmBzQhxs_7lb_quic9h3_bridgeNtB7_9H3Request12from_headerss_0B9_
FN:1116,_RNCNvMs2_NtCsEuBmBzQhxs_7lb_quic9h3_bridgeNtB7_12ChunkDecoder21parse_trailer_section0B9_
FN:1131,_RNCNvMs2_NtCsEuBmBzQhxs_7lb_quic9h3_bridgeNtB7_12ChunkDecoder21parse_trailer_sections_0B9_
FN:1049,_RNCNvMs2_NtCsEuBmBzQhxs_7lb_quic9h3_bridgeNtB7_12ChunkDecoder4feed0B9_
FN:1065,_RNCNvMs2_NtCsEuBmBzQhxs_7lb_quic9h3_bridgeNtB7_12ChunkDecoder4feeds0_0B9_
FN:1071,_RNCNvMs2_NtCsEuBmBzQhxs_7lb_quic9h3_bridgeNtB7_12ChunkDecoder4feeds1_0B9_
FN:1063,_RNCNvMs2_NtCsEuBmBzQhxs_7lb_quic9h3_bridgeNtB7_12ChunkDecoder4feeds_0B9_
FN:289,_RNCNvMs_NtCsEuBmBzQhxs_7lb_quic9h3_bridgeNtB6_11StreamRxBuf4feed0B8_
FN:382,_RNCNvMs_NtCsEuBmBzQhxs_7lb_quic9h3_bridgeNtB6_11StreamRxBuf9feed_body0B8_
FN:465,_RNCNvMs_NtCsEuBmBzQhxs_7lb_quic9h3_bridgeNtB6_11StreamRxBuf9feed_bodys0_0B8_
FN:455,_RNCNvMs_NtCsEuBmBzQhxs_7lb_quic9h3_bridgeNtB6_11StreamRxBuf9feed_bodys_0B8_
FN:2078,_RNCNvNCNvNtCsEuBmBzQhxs_7lb_quic9h3_bridge20h3_to_h1_stream_resp06inline0B9_
FN:2335,_RNCNvNCNvNtCsEuBmBzQhxs_7lb_quic9h3_bridge20h3_to_h2_stream_resp06inline0B9_
FN:813,_RNCNvNtCsEuBmBzQhxs_7lb_quic9h3_bridge15find_header_sep0B5_
FN:1753,_RNCNvNtCsEuBmBzQhxs_7lb_quic9h3_bridge16write_body_chunk0B5_
FN:1828,_RNCNvNtCsEuBmBzQhxs_7lb_quic9h3_bridge16write_h1_request0B5_
FN:821,_RNCNvNtCsEuBmBzQhxs_7lb_quic9h3_bridge17parse_status_line0B5_
FN:2647,_RNCNvNtCsEuBmBzQhxs_7lb_quic9h3_bridge18h3_to_h3_roundtrip0B5_
FN:1190,_RNCNvNtCsEuBmBzQhxs_7lb_quic9h3_bridge18stream_h1_response0B5_
FN:1500,_RNCNvNtCsEuBmBzQhxs_7lb_quic9h3_bridge18stream_h2_response0B5_
FN:893,_RNCNvNtCsEuBmBzQhxs_7lb_quic9h3_bridge20encode_h3_data_frame0B5_
FN:2074,_RNCNvNtCsEuBmBzQhxs_7lb_quic9h3_bridge20h3_to_h1_stream_resp0B5_
FN:2331,_RNCNvNtCsEuBmBzQhxs_7lb_quic9h3_bridge20h3_to_h2_stream_resp0B5_
FN:877,_RNCNvNtCsEuBmBzQhxs_7lb_quic9h3_bridge23encode_h3_headers_frame0B5_
FN:878,_RNCNvNtCsEuBmBzQhxs_7lb_quic9h3_bridge23encode_h3_headers_frames_0B5_
FN:2301,_RNCNvNtCsEuBmBzQhxs_7lb_quic9h3_bridge23h2_request_body_from_rxs_0B5_
FN:765,_RNCNvNtCsEuBmBzQhxs_7lb_quic9h3_bridge23read_h1_response_capped0B5_
FN:915,_RNCNvNtCsEuBmBzQhxs_7lb_quic9h3_bridge24encode_h3_trailers_frame0B5_
FN:916,_RNCNvNtCsEuBmBzQhxs_7lb_quic9h3_bridge24encode_h3_trailers_frames_0B5_
FNDA:44,_RNvMs1_NtCssKp9Gjgd8U_7lb_quic9h3_bridgeNtB5_9H3Request12from_headers
FNDA:4,_RNvMs2_NtCssKp9Gjgd8U_7lb_quic9h3_bridgeNtB5_12ChunkDecoder13take_trailers
FNDA:65,_RNvMs2_NtCssKp9Gjgd8U_7lb_quic9h3_bridgeNtB5_12ChunkDecoder21parse_trailer_section
FNDA:9,_RNvMs2_NtCssKp9Gjgd8U_7lb_quic9h3_bridgeNtB5_12ChunkDecoder3new
FNDA:98,_RNvMs2_NtCssKp9Gjgd8U_7lb_quic9h3_bridgeNtB5_12ChunkDecoder4feed
FNDA:1,_RNvMs_NtCssKp9Gjgd8U_7lb_quic9h3_bridgeNtB4_11StreamRxBuf12is_too_large
FNDA:2267,_RNvMs_NtCssKp9Gjgd8U_7lb_quic9h3_bridgeNtB4_11StreamRxBuf14retained_bytes
FNDA:748,_RNvMs_NtCssKp9Gjgd8U_7lb_quic9h3_bridgeNtB4_11StreamRxBuf22try_parse_frame_header
FNDA:79,_RNvMs_NtCssKp9Gjgd8U_7lb_quic9h3_bridgeNtB4_11StreamRxBuf4feed
FNDA:2276,_RNvMs_NtCssKp9Gjgd8U_7lb_quic9h3_bridgeNtB4_11StreamRxBuf9feed_body
FNDA:2,_RNvNCNvNtCssKp9Gjgd8U_7lb_quic9h3_bridge20h3_to_h1_stream_resp06inline
FNDA:1,_RNvNCNvNtCssKp9Gjgd8U_7lb_quic9h3_bridge20h3_to_h2_stream_resp06inline
FNDA:37,_RNvNtCssKp9Gjgd8U_7lb_quic9h3_bridge13build_h1_head
FNDA:67,_RNvNtCssKp9Gjgd8U_7lb_quic9h3_bridge15find_header_sep
FNDA:2,_RNvNtCssKp9Gjgd8U_7lb_quic9h3_bridge15h3_to_h1_stream
FNDA:703,_RNvNtCssKp9Gjgd8U_7lb_quic9h3_bridge15record_inflight
FNDA:2274,_RNvNtCssKp9Gjgd8U_7lb_quic9h3_bridge15record_retained
FNDA:1,_RNvNtCssKp9Gjgd8U_7lb_quic9h3_bridge16build_h1_request
FNDA:1,_RNvNtCssKp9Gjgd8U_7lb_quic9h3_bridge16read_h1_response
FNDA:675,_RNvNtCssKp9Gjgd8U_7lb_quic9h3_bridge16write_body_chunk
FNDA:37,_RNvNtCssKp9Gjgd8U_7lb_quic9h3_bridge16write_h1_request
FNDA:33,_RNvNtCssKp9Gjgd8U_7lb_quic9h3_bridge17parse_status_line
FNDA:8,_RNvNtCssKp9Gjgd8U_7lb_quic9h3_bridge18encode_h3_response
FNDA:1,_RNvNtCssKp9Gjgd8U_7lb_quic9h3_bridge18h3_to_h1_roundtrip
FNDA:0,_RNvNtCssKp9Gjgd8U_7lb_quic9h3_bridge18h3_to_h3_roundtrip
FNDA:33,_RNvNtCssKp9Gjgd8U_7lb_quic9h3_bridge18stream_h1_response
FNDA:11,_RNvNtCssKp9Gjgd8U_7lb_quic9h3_bridge18stream_h2_response
FNDA:0,_RNvNtCssKp9Gjgd8U_7lb_quic9h3_bridge19request_h3_upstream
FNDA:20314,_RNvNtCssKp9Gjgd8U_7lb_quic9h3_bridge20encode_h3_data_frame
FNDA:35,_RNvNtCssKp9Gjgd8U_7lb_quic9h3_bridge20h3_to_h1_stream_resp
FNDA:7,_RNvNtCssKp9Gjgd8U_7lb_quic9h3_bridge20h3_to_h2_stream_resp
FNDA:105254,_RNvNtCssKp9Gjgd8U_7lb_quic9h3_bridge20record_resp_retained
FNDA:51,_RNvNtCssKp9Gjgd8U_7lb_quic9h3_bridge23encode_h3_headers_frame
FNDA:7,_RNvNtCssKp9Gjgd8U_7lb_quic9h3_bridge23h2_request_body_from_rx
FNDA:1,_RNvNtCssKp9Gjgd8U_7lb_quic9h3_bridge23read_h1_response_capped
FNDA:4,_RNvNtCssKp9Gjgd8U_7lb_quic9h3_bridge24encode_h3_trailers_frame
FNDA:2686,_RNvXNtCssKp9Gjgd8U_7lb_quic9h3_bridgeNtB2_9BodyParseNtNtCs2va5m0jqTTM_4core7default7Default7default
FNDA:0,_RNvXs0_NtCssKp9Gjgd8U_7lb_quic9h3_bridgeNtB5_9H3RequestNtNtCs2va5m0jqTTM_4core7default7Default7default
FNDA:0,_RNvXs3_NtCssKp9Gjgd8U_7lb_quic9h3_bridgeNtB5_10H3ReqAbortNtNtCs2va5m0jqTTM_4core3fmt7Display3fmt
FNDA:2229,_RNvXs5_NtCssKp9Gjgd8U_7lb_quic9h3_bridgeNtB5_15H3ReqStreamBodyNtCsl5a7MsEZ2mF_9http_body4Body10poll_frame
FNDA:0,_RNvXs6_NtCssKp9Gjgd8U_7lb_quic9h3_bridgeNtB5_18H3UpstreamResponseNtNtCs2va5m0jqTTM_4core7default7Default7default
FNDA:0,_RNCNCNCNvNtCssKp9Gjgd8U_7lb_quic9h3_bridge18stream_h1_response0s_00B9_
FNDA:2,_RNCNCNCNvNtCssKp9Gjgd8U_7lb_quic9h3_bridge18stream_h2_response0s1_00B9_
FNDA:1,_RNCNCNvNtCssKp9Gjgd8U_7lb_quic9h3_bridge16write_body_chunk00B7_
FNDA:0,_RNCNCNvNtCssKp9Gjgd8U_7lb_quic9h3_bridge16write_body_chunk0s0_0B7_
FNDA:0,_RNCNCNvNtCssKp9Gjgd8U_7lb_quic9h3_bridge16write_body_chunk0s1_0B7_
FNDA:0,_RNCNCNvNtCssKp9Gjgd8U_7lb_quic9h3_bridge16write_body_chunk0s_0B7_
FNDA:1,_RNCNCNvNtCssKp9Gjgd8U_7lb_quic9h3_bridge16write_h1_request00B7_
FNDA:0,_RNCNCNvNtCssKp9Gjgd8U_7lb_quic9h3_bridge18h3_to_h3_roundtrip00B7_
FNDA:0,_RNCNCNvNtCssKp9Gjgd8U_7lb_quic9h3_bridge18h3_to_h3_roundtrip0s_0B7_
FNDA:0,_RNCNCNvNtCssKp9Gjgd8U_7lb_quic9h3_bridge18stream_h1_response00B7_
FNDA:0,_RNCNCNvNtCssKp9Gjgd8U_7lb_quic9h3_bridge18stream_h1_response0s0_0B7_
FNDA:0,_RNCNCNvNtCssKp9Gjgd8U_7lb_quic9h3_bridge18stream_h1_response0s1_0B7_
FNDA:2,_RNCNCNvNtCssKp9Gjgd8U_7lb_quic9h3_bridge18stream_h1_response0s2_0B7_
FNDA:0,_RNCNCNvNtCssKp9Gjgd8U_7lb_quic9h3_bridge18stream_h1_response0s3_0B7_
FNDA:0,_RNCNCNvNtCssKp9Gjgd8U_7lb_quic9h3_bridge18stream_h1_response0s4_0B7_
FNDA:0,_RNCNCNvNtCssKp9Gjgd8U_7lb_quic9h3_bridge18stream_h1_response0s5_0B7_
FNDA:0,_RNCNCNvNtCssKp9Gjgd8U_7lb_quic9h3_bridge18stream_h1_response0s6_0B7_
FNDA:0,_RNCNCNvNtCssKp9Gjgd8U_7lb_quic9h3_bridge18stream_h1_response0s7_0B7_
FNDA:0,_RNCNCNvNtCssKp9Gjgd8U_7lb_quic9h3_bridge18stream_h1_response0s8_0B7_
FNDA:32,_RNCNCNvNtCssKp9Gjgd8U_7lb_quic9h3_bridge18stream_h1_response0s_0B7_
FNDA:6,_RNCNCNvNtCssKp9Gjgd8U_7lb_quic9h3_bridge18stream_h2_response00B7_
FNDA:2,_RNCNCNvNtCssKp9Gjgd8U_7lb_quic9h3_bridge18stream_h2_response0s0_0B7_
FNDA:2,_RNCNCNvNtCssKp9Gjgd8U_7lb_quic9h3_bridge18stream_h2_response0s1_0B7_
FNDA:1,_RNCNCNvNtCssKp9Gjgd8U_7lb_quic9h3_bridge18stream_h2_response0s2_0B7_
FNDA:0,_RNCNCNvNtCssKp9Gjgd8U_7lb_quic9h3_bridge18stream_h2_response0s3_0B7_
FNDA:0,_RNCNCNvNtCssKp9Gjgd8U_7lb_quic9h3_bridge18stream_h2_response0s4_0B7_
FNDA:0,_RNCNCNvNtCssKp9Gjgd8U_7lb_quic9h3_bridge18stream_h2_response0s5_0B7_
FNDA:6,_RNCNCNvNtCssKp9Gjgd8U_7lb_quic9h3_bridge18stream_h2_response0s_0B7_
FNDA:0,_RNCNvMs1_NtCssKp9Gjgd8U_7lb_quic9h3_bridgeNtB7_9H3Request12from_headers0B9_
FNDA:0,_RNCNvMs1_NtCssKp9Gjgd8U_7lb_quic9h3_bridgeNtB7_9H3Request12from_headerss_0B9_
FNDA:876,_RNCNvMs2_NtCssKp9Gjgd8U_7lb_quic9h3_bridgeNtB7_12ChunkDecoder21parse_trailer_section0B9_
FNDA:0,_RNCNvMs2_NtCssKp9Gjgd8U_7lb_quic9h3_bridgeNtB7_12ChunkDecoder21parse_trailer_sections_0B9_
FNDA:101,_RNCNvMs2_NtCssKp9Gjgd8U_7lb_quic9h3_bridgeNtB7_12ChunkDecoder4feed0B9_
FNDA:0,_RNCNvMs2_NtCssKp9Gjgd8U_7lb_quic9h3_bridgeNtB7_12ChunkDecoder4feeds0_0B9_
FNDA:2,_RNCNvMs2_NtCssKp9Gjgd8U_7lb_quic9h3_bridgeNtB7_12ChunkDecoder4feeds1_0B9_
FNDA:70,_RNCNvMs2_NtCssKp9Gjgd8U_7lb_quic9h3_bridgeNtB7_12ChunkDecoder4feeds_0B9_
FNDA:0,_RNCNvMs_NtCssKp9Gjgd8U_7lb_quic9h3_bridgeNtB6_11StreamRxBuf4feed0B8_
FNDA:0,_RNCNvMs_NtCssKp9Gjgd8U_7lb_quic9h3_bridgeNtB6_11StreamRxBuf9feed_body0B8_
FNDA:2,_RNCNvMs_NtCssKp9Gjgd8U_7lb_quic9h3_bridgeNtB6_11StreamRxBuf9feed_bodys0_0B8_
FNDA:0,_RNCNvMs_NtCssKp9Gjgd8U_7lb_quic9h3_bridgeNtB6_11StreamRxBuf9feed_bodys_0B8_
FNDA:2,_RNCNvNCNvNtCssKp9Gjgd8U_7lb_quic9h3_bridge20h3_to_h1_stream_resp06inline0B9_
FNDA:1,_RNCNvNCNvNtCssKp9Gjgd8U_7lb_quic9h3_bridge20h3_to_h2_stream_resp06inline0B9_
FNDA:1824,_RNCNvNtCssKp9Gjgd8U_7lb_quic9h3_bridge15find_header_sep0B5_
FNDA:675,_RNCNvNtCssKp9Gjgd8U_7lb_quic9h3_bridge16write_body_chunk0B5_
FNDA:37,_RNCNvNtCssKp9Gjgd8U_7lb_quic9h3_bridge16write_h1_request0B5_
FNDA:0,_RNCNvNtCssKp9Gjgd8U_7lb_quic9h3_bridge17parse_status_line0B5_
FNDA:0,_RNCNvNtCssKp9Gjgd8U_7lb_quic9h3_bridge18h3_to_h3_roundtrip0B5_
FNDA:33,_RNCNvNtCssKp9Gjgd8U_7lb_quic9h3_bridge18stream_h1_response0B5_
FNDA:11,_RNCNvNtCssKp9Gjgd8U_7lb_quic9h3_bridge18stream_h2_response0B5_
FNDA:0,_RNCNvNtCssKp9Gjgd8U_7lb_quic9h3_bridge20encode_h3_data_frame0B5_
FNDA:35,_RNCNvNtCssKp9Gjgd8U_7lb_quic9h3_bridge20h3_to_h1_stream_resp0B5_
FNDA:7,_RNCNvNtCssKp9Gjgd8U_7lb_quic9h3_bridge20h3_to_h2_stream_resp0B5_
FNDA:0,_RNCNvNtCssKp9Gjgd8U_7lb_quic9h3_bridge23encode_h3_headers_frame0B5_
FNDA:0,_RNCNvNtCssKp9Gjgd8U_7lb_quic9h3_bridge23encode_h3_headers_frames_0B5_
FNDA:0,_RNCNvNtCssKp9Gjgd8U_7lb_quic9h3_bridge23h2_request_body_from_rxs_0B5_
FNDA:0,_RNCNvNtCssKp9Gjgd8U_7lb_quic9h3_bridge24encode_h3_trailers_frame0B5_
FNDA:0,_RNCNvNtCssKp9Gjgd8U_7lb_quic9h3_bridge24encode_h3_trailers_frames_0B5_
FNDA:0,_RNCNCNvNtCssKp9Gjgd8U_7lb_quic9h3_bridge15h3_to_h1_stream00B7_
FNDA:0,_RNCNCNvNtCssKp9Gjgd8U_7lb_quic9h3_bridge18h3_to_h1_roundtrip00B7_
FNDA:0,_RNCNCNvNtCssKp9Gjgd8U_7lb_quic9h3_bridge23read_h1_response_capped00B7_
FNDA:0,_RNCNCNvNtCssKp9Gjgd8U_7lb_quic9h3_bridge23read_h1_response_capped0s0_0B7_
FNDA:0,_RNCNCNvNtCssKp9Gjgd8U_7lb_quic9h3_bridge23read_h1_response_capped0s_0B7_
FNDA:0,_RNCNvNtCssKp9Gjgd8U_7lb_quic9h3_bridge15h3_to_h1_stream0B5_
FNDA:0,_RNCNvNtCssKp9Gjgd8U_7lb_quic9h3_bridge16read_h1_response0B5_
FNDA:0,_RNCNvNtCssKp9Gjgd8U_7lb_quic9h3_bridge18h3_to_h1_roundtrip0B5_
FNDA:0,_RNCNvNtCssKp9Gjgd8U_7lb_quic9h3_bridge19request_h3_upstream0B5_
FNDA:0,_RNCNvNtCssKp9Gjgd8U_7lb_quic9h3_bridge23read_h1_response_capped0B5_
FNDA:0,_RNCNCNvNtCssKp9Gjgd8U_7lb_quic9h3_bridge18h3_to_h1_roundtrip00CsglCRVn033nQ_21h3_h1_binary_body_e2e
FNDA:0,_RNCNCNvNtCssKp9Gjgd8U_7lb_quic9h3_bridge23read_h1_response_capped00CsglCRVn033nQ_21h3_h1_binary_body_e2e
FNDA:0,_RNCNCNvNtCssKp9Gjgd8U_7lb_quic9h3_bridge23read_h1_response_capped0s0_0CsglCRVn033nQ_21h3_h1_binary_body_e2e
FNDA:0,_RNCNCNvNtCssKp9Gjgd8U_7lb_quic9h3_bridge23read_h1_response_capped0s_0CsglCRVn033nQ_21h3_h1_binary_body_e2e
FNDA:1,_RNCNvNtCssKp9Gjgd8U_7lb_quic9h3_bridge16read_h1_response0CsglCRVn033nQ_21h3_h1_binary_body_e2e
FNDA:1,_RNCNvNtCssKp9Gjgd8U_7lb_quic9h3_bridge18h3_to_h1_roundtrip0CsglCRVn033nQ_21h3_h1_binary_body_e2e
FNDA:1,_RNCNvNtCssKp9Gjgd8U_7lb_quic9h3_bridge23read_h1_response_capped0CsglCRVn033nQ_21h3_h1_binary_body_e2e
FNDA:0,_RNCNCNvNtCssKp9Gjgd8U_7lb_quic9h3_bridge15h3_to_h1_stream00Cs2ktLKP4F6Kr_21h3_h1_stream_body_e2e
FNDA:0,_RNCNCNvNtCssKp9Gjgd8U_7lb_quic9h3_bridge23read_h1_response_capped00Cs2ktLKP4F6Kr_21h3_h1_stream_body_e2e
FNDA:0,_RNCNCNvNtCssKp9Gjgd8U_7lb_quic9h3_bridge23read_h1_response_capped0s0_0Cs2ktLKP4F6Kr_21h3_h1_stream_body_e2e
FNDA:0,_RNCNCNvNtCssKp9Gjgd8U_7lb_quic9h3_bridge23read_h1_response_capped0s_0Cs2ktLKP4F6Kr_21h3_h1_stream_body_e2e
FNDA:1,_RNCNvNtCssKp9Gjgd8U_7lb_quic9h3_bridge15h3_to_h1_stream0Cs2ktLKP4F6Kr_21h3_h1_stream_body_e2e
FNDA:0,_RNCNvNtCssKp9Gjgd8U_7lb_quic9h3_bridge16read_h1_response0Cs2ktLKP4F6Kr_21h3_h1_stream_body_e2e
FNDA:0,_RNCNvNtCssKp9Gjgd8U_7lb_quic9h3_bridge23read_h1_response_capped0Cs2ktLKP4F6Kr_21h3_h1_stream_body_e2e
FNDA:0,_RNCNCNvNtCssKp9Gjgd8U_7lb_quic9h3_bridge15h3_to_h1_stream00Csa3Ix4MSEQ8i_28h3_h1_stream_body_errors_e2e
FNDA:0,_RNCNCNvNtCssKp9Gjgd8U_7lb_quic9h3_bridge23read_h1_response_capped00Csa3Ix4MSEQ8i_28h3_h1_stream_body_errors_e2e
FNDA:0,_RNCNCNvNtCssKp9Gjgd8U_7lb_quic9h3_bridge23read_h1_response_capped0s0_0Csa3Ix4MSEQ8i_28h3_h1_stream_body_errors_e2e
FNDA:0,_RNCNCNvNtCssKp9Gjgd8U_7lb_quic9h3_bridge23read_h1_response_capped0s_0Csa3Ix4MSEQ8i_28h3_h1_stream_body_errors_e2e
FNDA:1,_RNCNvNtCssKp9Gjgd8U_7lb_quic9h3_bridge15h3_to_h1_stream0Csa3Ix4MSEQ8i_28h3_h1_stream_body_errors_e2e
FNDA:0,_RNCNvNtCssKp9Gjgd8U_7lb_quic9h3_bridge16read_h1_response0Csa3Ix4MSEQ8i_28h3_h1_stream_body_errors_e2e
FNDA:0,_RNCNvNtCssKp9Gjgd8U_7lb_quic9h3_bridge23read_h1_response_capped0Csa3Ix4MSEQ8i_28h3_h1_stream_body_errors_e2e
FNDA:0,_RNCNCNvNtCsEuBmBzQhxs_7lb_quic9h3_bridge15h3_to_h1_stream00B7_
FNDA:0,_RNCNCNvNtCsEuBmBzQhxs_7lb_quic9h3_bridge18h3_to_h1_roundtrip00B7_
FNDA:0,_RNCNvNtCsEuBmBzQhxs_7lb_quic9h3_bridge15h3_to_h1_stream0B5_
FNDA:0,_RNCNvNtCsEuBmBzQhxs_7lb_quic9h3_bridge16read_h1_response0B5_
FNDA:0,_RNCNvNtCsEuBmBzQhxs_7lb_quic9h3_bridge18h3_to_h1_roundtrip0B5_
FNDA:0,_RNCNvNtCsEuBmBzQhxs_7lb_quic9h3_bridge19request_h3_upstream0B5_
FNDA:0,_RNvMs_NtCsEuBmBzQhxs_7lb_quic9h3_bridgeNtB4_11StreamRxBuf12is_too_large
FNDA:0,_RNvNtCsEuBmBzQhxs_7lb_quic9h3_bridge15h3_to_h1_stream
FNDA:0,_RNvNtCsEuBmBzQhxs_7lb_quic9h3_bridge16read_h1_response
FNDA:0,_RNvNtCsEuBmBzQhxs_7lb_quic9h3_bridge18h3_to_h1_roundtrip
FNDA:0,_RNvNtCsEuBmBzQhxs_7lb_quic9h3_bridge19request_h3_upstream
FNDA:0,_RNvXs0_NtCsEuBmBzQhxs_7lb_quic9h3_bridgeNtB5_9H3RequestNtNtCs2va5m0jqTTM_4core7default7Default7default
FNDA:0,_RNvXs6_NtCsEuBmBzQhxs_7lb_quic9h3_bridgeNtB5_18H3UpstreamResponseNtNtCs2va5m0jqTTM_4core7default7Default7default
FNDA:0,_RNvMs1_NtCsEuBmBzQhxs_7lb_quic9h3_bridgeNtB5_9H3Request12from_headers
FNDA:3,_RNvMs2_NtCsEuBmBzQhxs_7lb_quic9h3_bridgeNtB5_12ChunkDecoder13take_trailers
FNDA:11,_RNvMs2_NtCsEuBmBzQhxs_7lb_quic9h3_bridgeNtB5_12ChunkDecoder21parse_trailer_section
FNDA:12,_RNvMs2_NtCsEuBmBzQhxs_7lb_quic9h3_bridgeNtB5_12ChunkDecoder3new
FNDA:17,_RNvMs2_NtCsEuBmBzQhxs_7lb_quic9h3_bridgeNtB5_12ChunkDecoder4feed
FNDA:0,_RNvMs_NtCsEuBmBzQhxs_7lb_quic9h3_bridgeNtB4_11StreamRxBuf14retained_bytes
FNDA:12,_RNvMs_NtCsEuBmBzQhxs_7lb_quic9h3_bridgeNtB4_11StreamRxBuf22try_parse_frame_header
FNDA:2,_RNvMs_NtCsEuBmBzQhxs_7lb_quic9h3_bridgeNtB4_11StreamRxBuf4feed
FNDA:2,_RNvMs_NtCsEuBmBzQhxs_7lb_quic9h3_bridgeNtB4_11StreamRxBuf9feed_body
FNDA:0,_RNvNCNvNtCsEuBmBzQhxs_7lb_quic9h3_bridge20h3_to_h1_stream_resp06inline
FNDA:2,_RNvNCNvNtCsEuBmBzQhxs_7lb_quic9h3_bridge20h3_to_h2_stream_resp06inline
FNDA:0,_RNvNtCsEuBmBzQhxs_7lb_quic9h3_bridge13build_h1_head
FNDA:1,_RNvNtCsEuBmBzQhxs_7lb_quic9h3_bridge15find_header_sep
FNDA:0,_RNvNtCsEuBmBzQhxs_7lb_quic9h3_bridge15record_inflight
FNDA:0,_RNvNtCsEuBmBzQhxs_7lb_quic9h3_bridge15record_retained
FNDA:2,_RNvNtCsEuBmBzQhxs_7lb_quic9h3_bridge16build_h1_request
FNDA:0,_RNvNtCsEuBmBzQhxs_7lb_quic9h3_bridge16write_body_chunk
FNDA:0,_RNvNtCsEuBmBzQhxs_7lb_quic9h3_bridge16write_h1_request
FNDA:1,_RNvNtCsEuBmBzQhxs_7lb_quic9h3_bridge17parse_status_line
FNDA:7,_RNvNtCsEuBmBzQhxs_7lb_quic9h3_bridge18encode_h3_response
FNDA:0,_RNvNtCsEuBmBzQhxs_7lb_quic9h3_bridge18h3_to_h3_roundtrip
FNDA:0,_RNvNtCsEuBmBzQhxs_7lb_quic9h3_bridge18stream_h1_response
FNDA:0,_RNvNtCsEuBmBzQhxs_7lb_quic9h3_bridge18stream_h2_response
FNDA:14,_RNvNtCsEuBmBzQhxs_7lb_quic9h3_bridge20encode_h3_data_frame
FNDA:0,_RNvNtCsEuBmBzQhxs_7lb_quic9h3_bridge20h3_to_h1_stream_resp
FNDA:2,_RNvNtCsEuBmBzQhxs_7lb_quic9h3_bridge20h3_to_h2_stream_resp
FNDA:0,_RNvNtCsEuBmBzQhxs_7lb_quic9h3_bridge20record_resp_retained
FNDA:14,_RNvNtCsEuBmBzQhxs_7lb_quic9h3_bridge23encode_h3_headers_frame
FNDA:6,_RNvNtCsEuBmBzQhxs_7lb_quic9h3_bridge23h2_request_body_from_rx
FNDA:2,_RNvNtCsEuBmBzQhxs_7lb_quic9h3_bridge23read_h1_response_capped
FNDA:1,_RNvNtCsEuBmBzQhxs_7lb_quic9h3_bridge24encode_h3_trailers_frame
FNDA:14,_RNvXNtCsEuBmBzQhxs_7lb_quic9h3_bridgeNtB2_9BodyParseNtNtCs2va5m0jqTTM_4core7default7Default7default
FNDA:2,_RNvXs3_NtCsEuBmBzQhxs_7lb_quic9h3_bridgeNtB5_10H3ReqAbortNtNtCs2va5m0jqTTM_4core3fmt7Display3fmt
FNDA:9,_RNvXs5_NtCsEuBmBzQhxs_7lb_quic9h3_bridgeNtB5_15H3ReqStreamBodyNtCsl5a7MsEZ2mF_9http_body4Body10poll_frame
FNDA:1,_RNvNtNtCsEuBmBzQhxs_7lb_quic9h3_bridge5testss_34chunk_decoder_decodes_split_chunks
FNDA:1,_RNvNtNtCsEuBmBzQhxs_7lb_quic9h3_bridge5testss_35feed_body_accepts_valid_h3_trailers
FNDA:1,_RNvNtNtCsEuBmBzQhxs_7lb_quic9h3_bridge5testss_36g5_h3reqabort_display_and_error_impl
FNDA:1,_RNvNtNtCsEuBmBzQhxs_7lb_quic9h3_bridge5testss_39chunk_decoder_parses_trailer_section_c4
FNDA:1,_RNvNtNtCsEuBmBzQhxs_7lb_quic9h3_bridge5testss_39chunk_decoder_tolerates_chunk_extension
FNDA:1,_RNvNtNtCsEuBmBzQhxs_7lb_quic9h3_bridge5testss_41stream_rx_buf_accumulates_partial_headers
FNDA:1,_RNvNtNtCsEuBmBzQhxs_7lb_quic9h3_bridge5testss_42chunk_decoder_rejects_malformed_framing_c3
FNDA:1,_RNvNtNtCsEuBmBzQhxs_7lb_quic9h3_bridge5testss_43encode_h3_response_includes_status_and_body
FNDA:1,_RNvNtNtCsEuBmBzQhxs_7lb_quic9h3_bridge5testss_46feed_body_rejects_pseudo_header_in_h3_trailers
FNDA:1,_RNvNtNtCsEuBmBzQhxs_7lb_quic9h3_bridge5testss_49encode_h3_headers_frame_none_omits_content_length
FNDA:1,_RNvNtNtCsEuBmBzQhxs_7lb_quic9h3_bridge5testss_49g5_h2_request_body_from_rx_head_construction_arms
FNDA:1,_RNvNtNtCsEuBmBzQhxs_7lb_quic9h3_bridge5testss_49s6_i2_h3_req_stream_body_frame_and_abort_contract
FNDA:1,_RNvNtNtCsEuBmBzQhxs_7lb_quic9h3_bridge5testss_50g5_h3_to_h2_stream_resp_inline_413_and_502_no_dial
FNDA:1,_RNvNtNtCsEuBmBzQhxs_7lb_quic9h3_bridge5testss_50s6_i1_stream_h2_response_reencode_framing_contract
FNDA:1,_RNvNtNtCsEuBmBzQhxs_7lb_quic9h3_bridge5testss_53encode_h3_response_is_byte_identical_to_split_helpers
FNDA:1,_RNvNtNtCsEuBmBzQhxs_7lb_quic9h3_bridge5testss_61read_h1_response_capped_rejects_over_cap_and_passes_under_cap
FNDA:1,_RNvNtNtCsEuBmBzQhxs_7lb_quic9h3_bridge5testss_63build_h1_request_none_body_is_byte_identical_to_legacy_bodyless
FNDA:1,_RNvNtNtCsEuBmBzQhxs_7lb_quic9h3_bridge5testss_76s2_target_build_h1_request_with_body_sets_content_length_and_appends_payload
FNDA:1,_RNCNCNvNtNtCsEuBmBzQhxs_7lb_quic9h3_bridge5testss_35feed_body_accepts_valid_h3_trailers00B9_
FNDA:1,_RNCNCNvNtNtCsEuBmBzQhxs_7lb_quic9h3_bridge5testss_49g5_h2_request_body_from_rx_head_construction_arms00B9_
FNDA:1,_RNCNCNvNtNtCsEuBmBzQhxs_7lb_quic9h3_bridge5testss_50g5_h3_to_h2_stream_resp_inline_413_and_502_no_dial00B9_
FNDA:1,_RNCNCNvNtNtCsEuBmBzQhxs_7lb_quic9h3_bridge5testss_50g5_h3_to_h2_stream_resp_inline_413_and_502_no_dial0s_0B9_
FNDA:1,_RNCNCNvNtNtCsEuBmBzQhxs_7lb_quic9h3_bridge5testss_61read_h1_response_capped_rejects_over_cap_and_passes_under_cap00B9_
FNDA:1,_RNCNCNvNtNtCsEuBmBzQhxs_7lb_quic9h3_bridge5testss_61read_h1_response_capped_rejects_over_cap_and_passes_under_cap0s_0B9_
FNDA:1,_RNCNvNtNtCsEuBmBzQhxs_7lb_quic9h3_bridge5testss_35feed_body_accepts_valid_h3_trailers0B7_
FNDA:1,_RNCNvNtNtCsEuBmBzQhxs_7lb_quic9h3_bridge5testss_43encode_h3_response_includes_status_and_body0B7_
FNDA:2,_RNCNvNtNtCsEuBmBzQhxs_7lb_quic9h3_bridge5testss_43encode_h3_response_includes_status_and_bodys_0B7_
FNDA:1,_RNCNvNtNtCsEuBmBzQhxs_7lb_quic9h3_bridge5testss_49encode_h3_headers_frame_none_omits_content_length0B7_
FNDA:1,_RNCNvNtNtCsEuBmBzQhxs_7lb_quic9h3_bridge5testss_49encode_h3_headers_frame_none_omits_content_lengths_0B7_
FNDA:1,_RNCNvNtNtCsEuBmBzQhxs_7lb_quic9h3_bridge5testss_49g5_h2_request_body_from_rx_head_construction_arms0B7_
FNDA:1,_RNCNvNtNtCsEuBmBzQhxs_7lb_quic9h3_bridge5testss_49s6_i2_h3_req_stream_body_frame_and_abort_contract0B7_
FNDA:1,_RNCNvNtNtCsEuBmBzQhxs_7lb_quic9h3_bridge5testss_50g5_h3_to_h2_stream_resp_inline_413_and_502_no_dial0B7_
FNDA:2,_RNCNvNtNtCsEuBmBzQhxs_7lb_quic9h3_bridge5testss_50s6_i1_stream_h2_response_reencode_framing_contract0B7_
FNDA:2,_RNCNvNtNtCsEuBmBzQhxs_7lb_quic9h3_bridge5testss_50s6_i1_stream_h2_response_reencode_framing_contracts0_0B7_
FNDA:1,_RNCNvNtNtCsEuBmBzQhxs_7lb_quic9h3_bridge5testss_50s6_i1_stream_h2_response_reencode_framing_contracts1_0B7_
FNDA:1,_RNCNvNtNtCsEuBmBzQhxs_7lb_quic9h3_bridge5testss_50s6_i1_stream_h2_response_reencode_framing_contracts2_0B7_
FNDA:1,_RNCNvNtNtCsEuBmBzQhxs_7lb_quic9h3_bridge5testss_50s6_i1_stream_h2_response_reencode_framing_contracts3_0B7_
FNDA:1,_RNCNvNtNtCsEuBmBzQhxs_7lb_quic9h3_bridge5testss_50s6_i1_stream_h2_response_reencode_framing_contracts_0B7_
FNDA:1,_RNCNvNtNtCsEuBmBzQhxs_7lb_quic9h3_bridge5testss_61read_h1_response_capped_rejects_over_cap_and_passes_under_cap0B7_
FNDA:0,_RNCNCNCNvNtCsEuBmBzQhxs_7lb_quic9h3_bridge18stream_h1_response0s_00B9_
FNDA:0,_RNCNCNCNvNtCsEuBmBzQhxs_7lb_quic9h3_bridge18stream_h2_response0s1_00B9_
FNDA:0,_RNCNCNvNtCsEuBmBzQhxs_7lb_quic9h3_bridge16write_body_chunk00B7_
FNDA:0,_RNCNCNvNtCsEuBmBzQhxs_7lb_quic9h3_bridge16write_body_chunk0s0_0B7_
FNDA:0,_RNCNCNvNtCsEuBmBzQhxs_7lb_quic9h3_bridge16write_body_chunk0s1_0B7_
FNDA:0,_RNCNCNvNtCsEuBmBzQhxs_7lb_quic9h3_bridge16write_body_chunk0s_0B7_
FNDA:0,_RNCNCNvNtCsEuBmBzQhxs_7lb_quic9h3_bridge16write_h1_request00B7_
FNDA:0,_RNCNCNvNtCsEuBmBzQhxs_7lb_quic9h3_bridge18h3_to_h3_roundtrip00B7_
FNDA:0,_RNCNCNvNtCsEuBmBzQhxs_7lb_quic9h3_bridge18h3_to_h3_roundtrip0s_0B7_
FNDA:0,_RNCNCNvNtCsEuBmBzQhxs_7lb_quic9h3_bridge18stream_h1_response00B7_
FNDA:0,_RNCNCNvNtCsEuBmBzQhxs_7lb_quic9h3_bridge18stream_h1_response0s0_0B7_
FNDA:0,_RNCNCNvNtCsEuBmBzQhxs_7lb_quic9h3_bridge18stream_h1_response0s1_0B7_
FNDA:0,_RNCNCNvNtCsEuBmBzQhxs_7lb_quic9h3_bridge18stream_h1_response0s2_0B7_
FNDA:0,_RNCNCNvNtCsEuBmBzQhxs_7lb_quic9h3_bridge18stream_h1_response0s3_0B7_
FNDA:0,_RNCNCNvNtCsEuBmBzQhxs_7lb_quic9h3_bridge18stream_h1_response0s4_0B7_
FNDA:0,_RNCNCNvNtCsEuBmBzQhxs_7lb_quic9h3_bridge18stream_h1_response0s5_0B7_
FNDA:0,_RNCNCNvNtCsEuBmBzQhxs_7lb_quic9h3_bridge18stream_h1_response0s6_0B7_
FNDA:0,_RNCNCNvNtCsEuBmBzQhxs_7lb_quic9h3_bridge18stream_h1_response0s7_0B7_
FNDA:0,_RNCNCNvNtCsEuBmBzQhxs_7lb_quic9h3_bridge18stream_h1_response0s8_0B7_
FNDA:0,_RNCNCNvNtCsEuBmBzQhxs_7lb_quic9h3_bridge18stream_h1_response0s_0B7_
FNDA:0,_RNCNCNvNtCsEuBmBzQhxs_7lb_quic9h3_bridge18stream_h2_response00B7_
FNDA:0,_RNCNCNvNtCsEuBmBzQhxs_7lb_quic9h3_bridge18stream_h2_response0s0_0B7_
FNDA:0,_RNCNCNvNtCsEuBmBzQhxs_7lb_quic9h3_bridge18stream_h2_response0s1_0B7_
FNDA:0,_RNCNCNvNtCsEuBmBzQhxs_7lb_quic9h3_bridge18stream_h2_response0s2_0B7_
FNDA:0,_RNCNCNvNtCsEuBmBzQhxs_7lb_quic9h3_bridge18stream_h2_response0s3_0B7_
FNDA:0,_RNCNCNvNtCsEuBmBzQhxs_7lb_quic9h3_bridge18stream_h2_response0s4_0B7_
FNDA:0,_RNCNCNvNtCsEuBmBzQhxs_7lb_quic9h3_bridge18stream_h2_response0s5_0B7_
FNDA:0,_RNCNCNvNtCsEuBmBzQhxs_7lb_quic9h3_bridge18stream_h2_response0s_0B7_
FNDA:0,_RNCNCNvNtCsEuBmBzQhxs_7lb_quic9h3_bridge23read_h1_response_capped00B7_
FNDA:0,_RNCNCNvNtCsEuBmBzQhxs_7lb_quic9h3_bridge23read_h1_response_capped0s0_0B7_
FNDA:0,_RNCNCNvNtCsEuBmBzQhxs_7lb_quic9h3_bridge23read_h1_response_capped0s_0B7_
FNDA:0,_RNCNvMs1_NtCsEuBmBzQhxs_7lb_quic9h3_bridgeNtB7_9H3Request12from_headers0B9_
FNDA:0,_RNCNvMs1_NtCsEuBmBzQhxs_7lb_quic9h3_bridgeNtB7_9H3Request12from_headerss_0B9_
FNDA:96,_RNCNvMs2_NtCsEuBmBzQhxs_7lb_quic9h3_bridgeNtB7_12ChunkDecoder21parse_trailer_section0B9_
FNDA:0,_RNCNvMs2_NtCsEuBmBzQhxs_7lb_quic9h3_bridgeNtB7_12ChunkDecoder21parse_trailer_sections_0B9_
FNDA:312,_RNCNvMs2_NtCsEuBmBzQhxs_7lb_quic9h3_bridgeNtB7_12ChunkDecoder4feed0B9_
FNDA:0,_RNCNvMs2_NtCsEuBmBzQhxs_7lb_quic9h3_bridgeNtB7_12ChunkDecoder4feeds0_0B9_
FNDA:1,_RNCNvMs2_NtCsEuBmBzQhxs_7lb_quic9h3_bridgeNtB7_12ChunkDecoder4feeds1_0B9_
FNDA:19,_RNCNvMs2_NtCsEuBmBzQhxs_7lb_quic9h3_bridgeNtB7_12ChunkDecoder4feeds_0B9_
FNDA:0,_RNCNvMs_NtCsEuBmBzQhxs_7lb_quic9h3_bridgeNtB6_11StreamRxBuf4feed0B8_
FNDA:0,_RNCNvMs_NtCsEuBmBzQhxs_7lb_quic9h3_bridgeNtB6_11StreamRxBuf9feed_body0B8_
FNDA:3,_RNCNvMs_NtCsEuBmBzQhxs_7lb_quic9h3_bridgeNtB6_11StreamRxBuf9feed_bodys0_0B8_
FNDA:0,_RNCNvMs_NtCsEuBmBzQhxs_7lb_quic9h3_bridgeNtB6_11StreamRxBuf9feed_bodys_0B8_
FNDA:0,_RNCNvNCNvNtCsEuBmBzQhxs_7lb_quic9h3_bridge20h3_to_h1_stream_resp06inline0B9_
FNDA:2,_RNCNvNCNvNtCsEuBmBzQhxs_7lb_quic9h3_bridge20h3_to_h2_stream_resp06inline0B9_
FNDA:34,_RNCNvNtCsEuBmBzQhxs_7lb_quic9h3_bridge15find_header_sep0B5_
FNDA:0,_RNCNvNtCsEuBmBzQhxs_7lb_quic9h3_bridge16write_body_chunk0B5_
FNDA:0,_RNCNvNtCsEuBmBzQhxs_7lb_quic9h3_bridge16write_h1_request0B5_
FNDA:0,_RNCNvNtCsEuBmBzQhxs_7lb_quic9h3_bridge17parse_status_line0B5_
FNDA:0,_RNCNvNtCsEuBmBzQhxs_7lb_quic9h3_bridge18h3_to_h3_roundtrip0B5_
FNDA:0,_RNCNvNtCsEuBmBzQhxs_7lb_quic9h3_bridge18stream_h1_response0B5_
FNDA:0,_RNCNvNtCsEuBmBzQhxs_7lb_quic9h3_bridge18stream_h2_response0B5_
FNDA:0,_RNCNvNtCsEuBmBzQhxs_7lb_quic9h3_bridge20encode_h3_data_frame0B5_
FNDA:0,_RNCNvNtCsEuBmBzQhxs_7lb_quic9h3_bridge20h3_to_h1_stream_resp0B5_
FNDA:2,_RNCNvNtCsEuBmBzQhxs_7lb_quic9h3_bridge20h3_to_h2_stream_resp0B5_
FNDA:0,_RNCNvNtCsEuBmBzQhxs_7lb_quic9h3_bridge23encode_h3_headers_frame0B5_
FNDA:0,_RNCNvNtCsEuBmBzQhxs_7lb_quic9h3_bridge23encode_h3_headers_frames_0B5_
FNDA:1,_RNCNvNtCsEuBmBzQhxs_7lb_quic9h3_bridge23h2_request_body_from_rxs_0B5_
FNDA:2,_RNCNvNtCsEuBmBzQhxs_7lb_quic9h3_bridge23read_h1_response_capped0B5_
FNDA:0,_RNCNvNtCsEuBmBzQhxs_7lb_quic9h3_bridge24encode_h3_trailers_frame0B5_
FNDA:0,_RNCNvNtCsEuBmBzQhxs_7lb_quic9h3_bridge24encode_h3_trailers_frames_0B5_
FNF:136
FNH:105
DA:226,2700
DA:227,2700
DA:228,2700
DA:273,81
DA:274,81
DA:277,34
DA:278,34
DA:279,47
DA:280,47
DA:282,47
DA:283,46
DA:284,46
DA:285,46
DA:286,46
DA:287,46
DA:288,46
DA:289,46
DA:290,46
DA:292,0
DA:293,0
DA:294,0
DA:295,0
DA:296,0
DA:297,0
DA:298,1
DA:299,0
DA:302,81
DA:324,2278
DA:325,2278
DA:326,2278
DA:327,1
DA:328,1
DA:329,2277
DA:330,2277
DA:331,2277
DA:332,2277
DA:333,2277
DA:334,2277
DA:335,2277
DA:336,2277
DA:337,2277
DA:338,2277
DA:339,10
DA:340,2267
DA:341,2277
DA:342,2277
DA:343,2277
DA:344,4800
DA:345,2525
DA:346,2525
DA:347,131
DA:348,131
DA:349,131
DA:350,131
DA:351,131
DA:352,131
DA:353,131
DA:354,760
DA:355,131
DA:356,0
DA:358,629
DA:359,0
DA:361,629
DA:362,629
DA:363,629
DA:364,0
DA:365,0
DA:366,0
DA:367,0
DA:368,629
DA:372,131
DA:373,131
DA:377,0
DA:378,0
DA:380,131
DA:381,131
DA:382,131
DA:383,131
DA:384,128
DA:385,3
DA:386,3
DA:387,3
DA:388,3
DA:391,0
DA:396,2391
DA:397,2391
DA:399,0
DA:400,0
DA:401,2391
DA:402,2391
DA:403,2391
DA:404,2391
DA:405,2391
DA:406,2391
DA:407,2391
DA:408,2391
DA:409,2391
DA:410,1
DA:411,1
DA:412,1
DA:413,2390
DA:414,2390
DA:415,2390
DA:416,2390
DA:417,2390
DA:418,4780
DA:419,2390
DA:420,2390
DA:421,2390
DA:422,2390
DA:423,2390
DA:424,2390
DA:425,2390
DA:426,2390
DA:427,2390
DA:428,125
DA:430,2265
DA:434,3
DA:435,3
DA:436,3
DA:437,3
DA:438,3
DA:439,3
DA:440,3
DA:441,3
DA:442,3
DA:443,3
DA:444,0
DA:445,0
DA:446,0
DA:447,0
DA:448,3
DA:449,3
DA:450,3
DA:451,3
DA:452,3
DA:453,3
DA:454,3
DA:455,3
DA:465,5
DA:466,1
DA:467,2
DA:468,2
DA:469,2
DA:470,0
DA:471,0
DA:472,0
DA:473,0
DA:474,0
DA:475,0
DA:477,0
DA:478,0
DA:479,0
DA:480,0
DA:481,0
DA:482,0
DA:483,0
DA:484,0
DA:486,0
DA:491,2275
DA:492,2278
DA:500,760
DA:501,760
DA:502,629
DA:503,131
DA:504,0
DA:506,629
DA:507,629
DA:508,131
DA:509,498
DA:510,0
DA:512,131
DA:513,760
DA:518,1
DA:519,1
DA:520,1
DA:531,2267
DA:532,2267
DA:533,2
DA:534,0
DA:535,2265
DA:537,2267
DA:538,2267
DA:558,2274
DA:560,2274
DA:561,2274
DA:562,38
DA:563,38
DA:564,38
DA:565,38
DA:566,38
DA:567,38
DA:568,38
DA:569,0
DA:572,2274
DA:595,105254
DA:597,105254
DA:598,105254
DA:599,16
DA:600,16
DA:601,16
DA:602,16
DA:603,16
DA:604,16
DA:605,16
DA:606,0
DA:609,105254
DA:637,0
DA:638,0
DA:639,0
DA:640,0
DA:641,0
DA:642,0
DA:643,0
DA:644,0
DA:645,0
DA:654,44
DA:655,44
DA:656,44
DA:657,44
DA:658,44
DA:659,220
DA:660,176
DA:661,176
DA:662,132
DA:663,88
DA:664,44
DA:665,44
DA:666,44
DA:667,0
DA:670,44
DA:671,44
DA:672,44
DA:673,44
DA:674,44
DA:675,44
DA:676,44
DA:677,44
DA:678,44
DA:679,44
DA:680,44
DA:681,44
DA:682,44
DA:701,3
DA:702,3
DA:703,3
DA:704,3
DA:705,3
DA:706,3
DA:707,3
DA:708,3
DA:709,3
DA:710,3
DA:711,3
DA:712,3
DA:713,3
DA:714,3
DA:715,3
DA:716,3
DA:717,3
DA:720,3
DA:721,3
DA:722,3
DA:723,3
DA:724,3
DA:725,3
DA:726,3
DA:727,3
DA:728,2
DA:729,2
DA:730,2
DA:731,2
DA:732,3
DA:733,3
DA:748,1
DA:749,1
DA:750,1
DA:751,1
DA:752,1
DA:753,1
DA:754,1
DA:755,1
DA:756,1
DA:757,1
DA:765,3
DA:766,3
DA:767,3
DA:769,21
DA:770,21
DA:771,21
DA:772,21
DA:773,21
DA:774,2
DA:775,19
DA:776,19
DA:777,19
DA:778,19
DA:779,19
DA:780,19
DA:781,19
DA:782,1
DA:783,1
DA:784,1
DA:785,1
DA:786,18
DA:791,2
DA:792,2
DA:793,2
DA:794,2
DA:795,2
DA:796,2
DA:797,2
DA:798,2
DA:799,2
DA:800,4
DA:801,2
DA:802,2
DA:803,2
DA:805,2
DA:806,2
DA:807,2
DA:808,2
DA:809,2
DA:810,3
DA:812,68
DA:813,1858
DA:814,68
DA:816,34
DA:817,34
DA:818,34
DA:819,34
DA:820,34
DA:821,34
DA:822,34
DA:839,15
DA:840,15
DA:841,15
DA:842,15
DA:843,15
DA:844,15
DA:845,15
DA:846,15
DA:866,65
DA:867,65
DA:868,65
DA:869,65
DA:870,65
DA:871,65
DA:872,65
DA:873,49
DA:874,49
DA:875,65
DA:876,65
DA:877,65
DA:878,65
DA:879,65
DA:889,20328
DA:890,20328
DA:891,20328
DA:892,20328
DA:893,20328
DA:894,20328
DA:912,5
DA:913,5
DA:914,5
DA:915,5
DA:916,5
DA:917,5
DA:983,21
DA:984,21
DA:985,21
DA:986,21
DA:987,21
DA:988,21
DA:989,21
DA:990,21
DA:991,21
DA:992,21
DA:997,7
DA:998,7
DA:999,7
DA:1005,115
DA:1006,115
DA:1008,246
DA:1012,0
DA:1013,246
DA:1014,246
DA:1021,76
DA:1022,170
DA:1023,170
DA:1026,30
DA:1027,0
DA:1029,30
DA:1030,2
DA:1031,28
DA:1032,28
DA:1033,28
DA:1035,88
DA:1036,88
DA:1037,29
DA:1038,59
DA:1039,59
DA:1040,59
DA:1041,0
DA:1043,59
DA:1044,59
DA:1045,59
DA:1049,413
DA:1050,3
DA:1051,0
DA:1052,3
DA:1053,3
DA:1055,49
DA:1056,1
DA:1057,48
DA:1058,48
DA:1059,0
DA:1063,89
DA:1064,48
DA:1065,48
DA:1066,48
DA:1067,48
DA:1068,1
DA:1069,47
DA:1070,44
DA:1071,47
DA:1072,44
DA:1073,44
DA:1082,13
DA:1083,13
DA:1084,31
DA:1085,31
DA:1089,115
DA:1107,76
DA:1110,83
DA:1111,72
DA:1112,1
DA:1113,71
DA:1114,71
DA:1115,11
DA:1116,972
DA:1119,66
DA:1120,0
DA:1121,66
DA:1122,66
DA:1124,16
DA:1126,7
DA:1127,7
DA:1128,7
DA:1129,9
DA:1130,9
DA:1131,9
DA:1135,9
DA:1136,8
DA:1137,8
DA:1138,1
DA:1139,7
DA:1140,7
DA:1141,7
DA:1142,7
DA:1143,7
DA:1144,0
DA:1145,7
DA:1146,7
DA:1147,7
DA:1149,76
DA:1186,33
DA:1187,33
DA:1188,33
DA:1189,33
DA:1190,33
DA:1195,2
DA:1201,33
DA:1202,33
DA:1203,32
DA:1204,66
DA:1205,32
DA:1206,34
DA:1207,34
DA:1208,0
DA:1209,0
DA:1210,34
DA:1211,34
DA:1212,34
DA:1214,0
DA:1215,0
DA:1218,34
DA:1220,1
DA:1221,1
DA:1222,33
DA:1223,33
DA:1227,32
DA:1228,32
DA:1229,32
DA:1230,32
DA:1231,0
DA:1232,0
DA:1233,32
DA:1234,32
DA:1235,32
DA:1236,0
DA:1237,0
DA:1238,0
DA:1241,32
DA:1242,32
DA:1243,32
DA:1244,32
DA:1245,32
DA:1247,32
DA:1248,0
DA:1249,0
DA:1250,0
DA:1253,32
DA:1254,32
DA:1255,87
DA:1256,55
DA:1257,0
DA:1259,55
DA:1260,55
DA:1261,23
DA:1262,23
DA:1264,0
DA:1265,0
DA:1268,32
DA:1269,9
DA:1270,23
DA:1274,32
DA:1275,9
DA:1276,0
DA:1277,0
DA:1278,9
DA:1279,9
DA:1280,23
DA:1281,23
DA:1283,0
DA:1287,32
DA:1288,23
DA:1289,9
DA:1291,32
DA:1292,32
DA:1294,0
DA:1295,0
DA:1298,32
DA:1299,32
DA:1300,0
DA:1301,0
DA:1302,32
DA:1303,32
DA:1304,32
DA:1328,32
DA:1329,23
DA:1330,23
DA:1331,23
DA:1332,23
DA:1333,21
DA:1335,0
DA:1336,0
DA:1337,21
DA:1338,21
DA:1339,21
DA:1340,21
DA:1341,2
DA:1342,18074
DA:1343,18059
DA:1344,18059
DA:1345,18059
DA:1346,18057
DA:1348,2
DA:1349,2
DA:1352,18057
DA:1354,2
DA:1355,2
DA:1356,18055
DA:1357,18055
DA:1358,18055
DA:1359,18055
DA:1363,9
DA:1364,9
DA:1365,9
DA:1366,9
DA:1367,9
DA:1368,3
DA:1369,3
DA:1370,6
DA:1371,6
DA:1372,6
DA:1373,6
DA:1374,0
DA:1375,0
DA:1382,95
DA:1383,91
DA:1384,91
DA:1386,0
DA:1387,0
DA:1390,91
DA:1393,2
DA:1394,2
DA:1395,89
DA:1396,89
DA:1397,0
DA:1398,0
DA:1399,89
DA:1400,89
DA:1401,27
DA:1402,27
DA:1403,62
DA:1413,4
DA:1414,4
DA:1415,2
DA:1416,2
DA:1418,0
DA:1419,0
DA:1422,2
DA:1423,2
DA:1424,0
DA:1425,0
DA:1426,2
DA:1427,2
DA:1428,2
DA:1431,0
DA:1432,0
DA:1433,0
DA:1434,0
DA:1436,0
DA:1437,0
DA:1439,0
DA:1440,0
DA:1443,0
DA:1444,0
DA:1445,0
DA:1446,0
DA:1447,0
DA:1453,19
DA:1454,19
DA:1455,33
DA:1496,11
DA:1497,11
DA:1498,11
DA:1499,11
DA:1500,11
DA:1503,1
DA:1507,11
DA:1508,11
DA:1509,11
DA:1510,11
DA:1511,11
DA:1512,11
DA:1513,11
DA:1514,11
DA:1515,11
DA:1516,11
DA:1517,11
DA:1518,11
DA:1519,11
DA:1521,0
DA:1522,0
DA:1525,11
DA:1526,11
DA:1527,1
DA:1528,1
DA:1529,10
DA:1530,10
DA:1555,1116
DA:1556,1110
DA:1557,1109
DA:1561,1
DA:1562,1
DA:1565,1109
DA:1567,1107
DA:1568,1107
DA:1569,1107
DA:1570,0
DA:1571,2
DA:1575,2
DA:1576,2
DA:1577,2
DA:1578,2
DA:1579,2
DA:1580,2
DA:1581,2
DA:1582,2
DA:1583,2
DA:1584,2
DA:1585,2
DA:1586,2
DA:1588,0
DA:1589,0
DA:1592,2
DA:1593,2
DA:1594,1
DA:1595,1
DA:1596,1
DA:1597,1
DA:1598,0
DA:1599,0
DA:1605,6
DA:1606,6
DA:1607,11
DA:1632,1
DA:1633,1
DA:1634,1
DA:1635,1
DA:1636,1
DA:1637,1
DA:1638,1
DA:1639,1
DA:1640,0
DA:1641,0
DA:1642,0
DA:1645,1
DA:1646,1
DA:1647,1
DA:1648,1
DA:1649,1
DA:1650,1
DA:1651,0
DA:1652,0
DA:1653,0
DA:1654,1
DA:1655,1
DA:1656,0
DA:1657,0
DA:1658,0
DA:1659,1
DA:1660,1
DA:1661,1
DA:1662,0
DA:1663,0
DA:1664,0
DA:1665,0
DA:1670,1
DA:1671,1
DA:1672,1
DA:1684,37
DA:1685,37
DA:1686,37
DA:1687,37
DA:1688,37
DA:1689,37
DA:1690,37
DA:1691,37
DA:1692,37
DA:1693,37
DA:1694,37
DA:1695,37
DA:1696,28
DA:1697,1
DA:1698,1
DA:1699,1
DA:1700,1
DA:1701,1
DA:1702,8
DA:1704,37
DA:1705,37
DA:1706,37
DA:1707,37
DA:1729,703
DA:1731,703
DA:1732,703
DA:1733,9
DA:1734,9
DA:1735,9
DA:1736,9
DA:1737,9
DA:1738,9
DA:1739,9
DA:1740,0
DA:1743,703
DA:1753,675
DA:1754,675
DA:1755,0
DA:1756,675
DA:1757,675
DA:1758,674
DA:1759,674
DA:1760,673
DA:1761,673
DA:1763,1
DA:1765,674
DA:1766,675
DA:1824,37
DA:1825,37
DA:1826,37
DA:1827,37
DA:1828,37
DA:1831,37
DA:1832,37
DA:1834,28
DA:1839,0
DA:1841,9
DA:1842,9
DA:1843,1
DA:1844,1
DA:1846,0
DA:1848,9
DA:1849,9
DA:1850,1
DA:1851,8
DA:1855,37
DA:1856,37
DA:1857,37
DA:1858,37
DA:1860,37
DA:1861,0
DA:1862,0
DA:1863,37
DA:1865,37
DA:1866,9
DA:1867,0
DA:1868,0
DA:1869,9
DA:1870,28
DA:1877,37
DA:1878,702
DA:1879,674
DA:1880,666
DA:1881,666
DA:1882,666
DA:1883,1
DA:1884,1
DA:1885,665
DA:1913,5
DA:1914,5
DA:1935,3
DA:1936,0
DA:1937,0
DA:1939,3
DA:1943,33
DA:1947,0
DA:1948,0
DA:1949,33
DA:1950,33
DA:1951,5
DA:1952,0
DA:1953,0
DA:1954,5
DA:1955,28
DA:1957,33
DA:1958,0
DA:1959,0
DA:1960,33
DA:1961,33
DA:1962,37
DA:1986,2
DA:1987,2
DA:1988,2
DA:1989,2
DA:1990,2
DA:1991,2
DA:1992,2
DA:1993,2
DA:1994,2
DA:1995,0
DA:1996,0
DA:1997,0
DA:2002,0
DA:2003,2
DA:2004,2
DA:2005,2
DA:2007,2
DA:2008,0
DA:2009,0
DA:2010,0
DA:2011,0
DA:2012,0
DA:2013,0
DA:2016,2
DA:2017,2
DA:2018,2
DA:2019,2
DA:2020,2
DA:2021,2
DA:2022,2
DA:2023,2
DA:2028,0
DA:2029,0
DA:2034,0
DA:2035,0
DA:2036,2
DA:2067,35
DA:2068,35
DA:2069,35
DA:2070,35
DA:2071,35
DA:2072,35
DA:2073,35
DA:2074,35
DA:2078,2
DA:2079,2
DA:2080,2
DA:2081,2
DA:2083,0
DA:2085,2
DA:2087,35
DA:2088,35
DA:2089,0
DA:2090,0
DA:2091,0
DA:2093,0
DA:2097,33
DA:2098,35
DA:2099,0
DA:2100,0
DA:2101,0
DA:2104,35
DA:2110,33
DA:2112,1
DA:2113,1
DA:2115,1
DA:2116,1
DA:2119,1
DA:2120,1
DA:2121,1
DA:2132,33
DA:2133,33
DA:2134,35
DA:2145,2
DA:2146,2
DA:2147,2
DA:2178,2238
DA:2179,2238
DA:2180,2238
DA:2181,2238
DA:2183,2238
DA:2184,2238
DA:2185,2
DA:2186,2236
DA:2187,2236
DA:2191,6
DA:2192,2230
DA:2193,2230
DA:2194,518
DA:2195,1706
DA:2196,1706
DA:2202,3
DA:2203,3
DA:2213,3
DA:2214,3
DA:2217,2238
DA:2256,13
DA:2257,13
DA:2258,13
DA:2259,13
DA:2260,13
DA:2261,13
DA:2262,13
DA:2263,13
DA:2264,13
DA:2265,13
DA:2266,13
DA:2267,1
DA:2269,12
DA:2271,13
DA:2272,13
DA:2273,15
DA:2274,2
DA:2275,1
DA:2276,1
DA:2277,1
DA:2280,12
DA:2283,8
DA:2284,8
DA:2285,8
DA:2288,2
DA:2294,3
DA:2295,3
DA:2296,3
DA:2297,3
DA:2298,3
DA:2301,11
DA:2302,13
DA:2324,9
DA:2325,9
DA:2326,9
DA:2327,9
DA:2328,9
DA:2329,9
DA:2330,9
DA:2331,9
DA:2335,3
DA:2336,3
DA:2337,3
DA:2338,3
DA:2340,0
DA:2342,3
DA:2346,9
DA:2348,9
DA:2349,7
DA:2351,1
DA:2352,1
DA:2355,1
DA:2356,1
DA:2360,7
DA:2361,6
DA:2362,1
DA:2363,1
DA:2364,1
DA:2365,1
DA:2369,6
DA:2370,9
DA:2401,0
DA:2402,0
DA:2403,0
DA:2404,0
DA:2405,0
DA:2406,0
DA:2407,0
DA:2408,0
DA:2429,0
DA:2430,0
DA:2431,0
DA:2432,0
DA:2433,0
DA:2434,0
DA:2435,0
DA:2436,0
DA:2437,0
DA:2439,0
DA:2440,0
DA:2441,0
DA:2442,0
DA:2443,0
DA:2446,0
DA:2447,0
DA:2448,0
DA:2451,0
DA:2452,0
DA:2453,0
DA:2455,0
DA:2456,0
DA:2458,0
DA:2459,0
DA:2461,0
DA:2462,0
DA:2463,0
DA:2464,0
DA:2465,0
DA:2472,0
DA:2473,0
DA:2475,0
DA:2476,0
DA:2478,0
DA:2479,0
DA:2480,0
DA:2481,0
DA:2482,0
DA:2485,0
DA:2486,0
DA:2487,0
DA:2488,0
DA:2489,0
DA:2490,0
DA:2491,0
DA:2492,0
DA:2493,0
DA:2494,0
DA:2495,0
DA:2496,0
DA:2497,0
DA:2500,0
DA:2501,0
DA:2502,0
DA:2503,0
DA:2504,0
DA:2505,0
DA:2506,0
DA:2507,0
DA:2508,0
DA:2509,0
DA:2511,0
DA:2512,0
DA:2513,0
DA:2514,0
DA:2515,0
DA:2520,0
DA:2521,0
DA:2522,0
DA:2523,0
DA:2524,0
DA:2525,0
DA:2526,0
DA:2527,0
DA:2528,0
DA:2529,0
DA:2530,0
DA:2532,0
DA:2533,0
DA:2534,0
DA:2535,0
DA:2536,0
DA:2537,0
DA:2540,0
DA:2541,0
DA:2542,0
DA:2543,0
DA:2544,0
DA:2545,0
DA:2546,0
DA:2547,0
DA:2548,0
DA:2549,0
DA:2550,0
DA:2555,0
DA:2556,0
DA:2557,0
DA:2558,0
DA:2559,0
DA:2560,0
DA:2561,0
DA:2562,0
DA:2563,0
DA:2564,0
DA:2565,0
DA:2566,0
DA:2567,0
DA:2568,0
DA:2569,0
DA:2570,0
DA:2571,0
DA:2572,0
DA:2573,0
DA:2574,0
DA:2575,0
DA:2576,0
DA:2577,0
DA:2579,0
DA:2581,0
DA:2582,0
DA:2583,0
DA:2584,0
DA:2585,0
DA:2586,0
DA:2587,0
DA:2588,0
DA:2590,0
DA:2591,0
DA:2592,0
DA:2593,0
DA:2594,0
DA:2595,0
DA:2596,0
DA:2597,0
DA:2598,0
DA:2599,0
DA:2600,0
DA:2601,0
DA:2602,0
DA:2603,0
DA:2604,0
DA:2605,0
DA:2606,0
DA:2607,0
DA:2608,0
DA:2609,0
DA:2610,0
DA:2613,0
DA:2614,0
DA:2615,0
DA:2619,0
DA:2620,0
DA:2621,0
DA:2622,0
DA:2623,0
DA:2624,0
DA:2625,0
DA:2626,0
DA:2627,0
DA:2642,0
DA:2643,0
DA:2644,0
DA:2645,0
DA:2646,0
DA:2647,0
DA:2648,0
DA:2649,0
DA:2650,0
DA:2651,0
DA:2652,0
DA:2656,0
DA:2657,0
DA:2658,0
DA:2662,0
DA:2663,0
DA:2664,0
DA:2665,0
DA:2666,0
DA:2667,0
DA:2669,0
DA:2671,0
DA:2672,0
DA:2673,0
DA:2674,0
DA:2676,0
DA:2677,0
DA:2682,0
DA:2683,0
DA:2684,0
DA:2685,0
DA:2686,0
DA:2687,0
DA:2689,0
DA:2694,0
DA:2695,0
DA:2696,0
DA:2697,0
DA:2698,0
DA:2699,0
DA:2700,0
DA:2701,0
DA:2702,0
DA:2703,0
DA:2705,0
DA:2706,0
DA:2707,0
DA:2708,0
DA:2709,0
DA:2715,0
DA:2716,0
DA:2717,0
DA:2718,0
DA:2719,0
DA:2720,0
DA:2721,0
DA:2722,0
DA:2724,0
DA:2726,0
DA:2727,0
DA:2728,0
DA:2729,0
DA:2730,0
DA:2734,0
DA:2735,0
DA:2736,0
DA:2737,0
DA:2738,0
DA:2739,0
DA:2740,0
DA:2741,0
DA:2742,0
DA:2747,0
DA:2748,0
DA:2749,0
DA:2750,0
DA:2751,0
DA:2752,0
DA:2753,0
DA:2754,0
DA:2755,0
DA:2756,0
DA:2758,0
DA:2760,0
DA:2761,0
DA:2762,0
DA:2763,0
DA:2764,0
DA:2765,0
DA:2766,0
DA:2767,0
DA:2769,0
DA:2770,0
DA:2771,0
DA:2772,0
DA:2773,0
DA:2774,0
DA:2775,0
DA:2776,0
DA:2777,0
DA:2778,0
DA:2779,0
DA:2780,0
DA:2781,0
DA:2782,0
DA:2783,0
DA:2784,0
DA:2785,0
DA:2786,0
DA:2787,0
DA:2788,0
DA:2789,0
DA:2792,0
DA:2793,0
DA:2794,0
DA:2796,0
DA:2804,0
DA:2805,0
DA:2806,0
DA:2807,0
DA:2808,0
DA:2815,1
DA:2816,1
DA:2817,1
DA:2818,1
DA:2819,1
DA:2820,1
DA:2821,1
DA:2822,0
DA:2824,1
DA:2825,1
DA:2826,1
DA:2827,1
DA:2828,1
DA:2829,2
DA:2830,1
DA:2831,1
DA:2832,1
DA:2833,0
DA:2835,1
DA:2838,1
DA:2839,1
DA:2840,1
DA:2841,1
DA:2842,1
DA:2843,1
DA:2844,1
DA:2845,1
DA:2846,1
DA:2847,1
DA:2848,1
DA:2849,1
DA:2850,1
DA:2851,1
DA:2852,1
DA:2853,1
DA:2854,1
DA:2855,1
DA:2856,1
DA:2879,1
DA:2880,1
DA:2881,1
DA:2882,1
DA:2883,1
DA:2884,1
DA:2885,1
DA:2886,1
DA:2887,1
DA:2888,1
DA:2889,1
DA:2890,1
DA:2891,1
DA:2892,1
DA:2893,1
DA:2894,1
DA:2895,1
DA:2896,1
DA:2897,1
DA:2898,1
DA:2915,1
DA:2916,1
DA:2917,1
DA:2918,1
DA:2919,1
DA:2920,1
DA:2921,1
DA:2922,1
DA:2923,1
DA:2924,1
DA:2925,1
DA:2926,1
DA:2927,1
DA:2928,1
DA:2929,1
DA:2930,1
DA:2931,1
DA:2932,1
DA:2933,1
DA:2934,1
DA:2935,1
DA:2936,1
DA:2937,1
DA:2938,1
DA:2939,1
DA:2940,1
DA:2941,1
DA:2942,1
DA:2943,1
DA:2944,1
DA:2945,1
DA:2946,1
DA:2947,1
DA:2948,1
DA:2949,1
DA:2950,1
DA:2951,1
DA:2952,1
DA:2953,1
DA:2954,1
DA:2955,1
DA:2956,1
DA:2957,1
DA:2958,1
DA:2959,1
DA:2960,1
DA:2961,1
DA:2962,1
DA:2963,1
DA:2964,1
DA:2965,1
DA:2966,1
DA:2967,1
DA:2968,1
DA:2969,1
DA:2970,1
DA:2971,1
DA:2972,1
DA:2973,1
DA:2981,1
DA:2982,1
DA:2983,1
DA:2984,1
DA:2985,1
DA:2986,1
DA:2987,1
DA:2988,1
DA:2989,1
DA:2990,1
DA:2991,1
DA:2992,1
DA:2993,1
DA:2994,1
DA:2995,1
DA:2996,1
DA:2997,1
DA:2998,1
DA:2999,1
DA:3000,1
DA:3001,1
DA:3002,1
DA:3003,1
DA:3004,1
DA:3005,1
DA:3006,0
DA:3008,1
DA:3014,1
DA:3015,1
DA:3016,1
DA:3017,1
DA:3018,1
DA:3019,1
DA:3020,1
DA:3021,1
DA:3022,1
DA:3023,1
DA:3024,1
DA:3025,1
DA:3026,1
DA:3027,1
DA:3028,1
DA:3029,1
DA:3030,1
DA:3031,1
DA:3032,1
DA:3033,1
DA:3034,1
DA:3035,1
DA:3036,0
DA:3038,1
DA:3041,1
DA:3042,1
DA:3043,1
DA:3044,1
DA:3045,1
DA:3046,1
DA:3047,1
DA:3048,1
DA:3049,1
DA:3050,1
DA:3051,1
DA:3052,1
DA:3053,1
DA:3054,1
DA:3055,1
DA:3056,1
DA:3057,1
DA:3059,1
DA:3060,1
DA:3061,1
DA:3068,1
DA:3069,4
DA:3070,1
DA:3071,1
DA:3072,1
DA:3073,1
DA:3075,4
DA:3076,4
DA:3077,4
DA:3078,4
DA:3079,4
DA:3081,1
DA:3098,1
DA:3099,1
DA:3100,1
DA:3101,1
DA:3102,1
DA:3103,0
DA:3105,1
DA:3106,1
DA:3107,1
DA:3108,2
DA:3109,0
DA:3111,1
DA:3112,1
DA:3113,1
DA:3114,0
DA:3116,1
DA:3117,1
DA:3118,1
DA:3119,0
DA:3125,1
DA:3126,1
DA:3127,1
DA:3128,3
DA:3129,3
DA:3130,3
DA:3131,3
DA:3132,3
DA:3133,0
DA:3135,3
DA:3136,3
DA:3138,1
DA:3139,1
DA:3144,1
DA:3145,1
DA:3146,1
DA:3147,1
DA:3148,1
DA:3149,1
DA:3150,2
DA:3151,1
DA:3152,1
DA:3153,1
DA:3154,1
DA:3155,1
DA:3156,1
DA:3157,0
DA:3159,1
DA:3160,1
DA:3161,1
DA:3162,1
DA:3163,0
DA:3165,1
DA:3174,1
DA:3175,1
DA:3176,1
DA:3177,1
DA:3178,1
DA:3179,1
DA:3180,1
DA:3181,1
DA:3182,1
DA:3183,1
DA:3184,1
DA:3185,1
DA:3186,1
DA:3187,1
DA:3188,1
DA:3189,1
DA:3190,1
DA:3191,1
DA:3192,1
DA:3193,1
DA:3194,1
DA:3195,1
DA:3196,1
DA:3197,1
DA:3198,1
DA:3199,1
DA:3200,1
DA:3201,1
DA:3202,1
DA:3203,1
DA:3204,1
DA:3205,1
DA:3206,1
DA:3207,1
DA:3208,1
DA:3209,1
DA:3210,1
DA:3211,1
DA:3212,1
DA:3213,1
DA:3214,1
DA:3215,1
DA:3216,1
DA:3217,1
DA:3218,1
DA:3219,1
DA:3220,1
DA:3221,1
DA:3222,1
DA:3223,1
DA:3224,1
DA:3225,1
DA:3226,1
DA:3227,1
DA:3228,1
DA:3229,1
DA:3230,1
DA:3231,1
DA:3232,1
DA:3233,1
DA:3234,1
DA:3235,1
DA:3236,1
DA:3237,1
DA:3238,1
DA:3239,1
DA:3240,1
DA:3241,1
DA:3242,1
DA:3243,1
DA:3244,1
DA:3245,1
DA:3246,1
DA:3247,1
DA:3248,1
DA:3249,1
DA:3250,1
DA:3251,1
DA:3252,1
DA:3253,1
DA:3254,1
DA:3255,1
DA:3256,1
DA:3257,1
DA:3258,1
DA:3264,1
DA:3265,1
DA:3266,1
DA:3267,1
DA:3268,1
DA:3269,0
DA:3272,1
DA:3273,1
DA:3275,1
DA:3276,1
DA:3277,1
DA:3284,1
DA:3285,1
DA:3286,1
DA:3287,1
DA:3288,1
DA:3289,1
DA:3290,1
DA:3291,1
DA:3292,1
DA:3293,1
DA:3294,1
DA:3295,1
DA:3296,1
DA:3297,1
DA:3298,1
DA:3299,1
DA:3300,1
DA:3301,1
DA:3302,1
DA:3303,1
DA:3304,1
DA:3305,1
DA:3306,1
DA:3307,1
DA:3308,1
DA:3309,1
DA:3310,1
DA:3311,1
DA:3312,1
DA:3313,1
DA:3314,1
DA:3315,1
DA:3316,1
DA:3317,1
DA:3318,1
DA:3319,1
DA:3320,1
DA:3321,1
DA:3322,1
DA:3323,1
DA:3324,1
DA:3325,1
DA:3326,1
DA:3327,1
DA:3328,1
DA:3329,1
DA:3330,1
DA:3331,1
DA:3332,1
DA:3333,1
DA:3334,1
DA:3335,1
DA:3336,1
DA:3337,1
DA:3338,1
DA:3339,1
DA:3340,1
DA:3349,1
DA:3350,1
DA:3351,1
DA:3352,1
DA:3353,1
DA:3354,1
DA:3355,1
DA:3356,1
DA:3357,1
DA:3358,1
DA:3359,1
DA:3360,1
DA:3361,1
DA:3362,1
DA:3363,1
DA:3364,1
DA:3365,1
DA:3366,1
DA:3367,1
DA:3368,1
DA:3369,1
DA:3370,1
DA:3371,1
DA:3372,1
DA:3373,1
DA:3374,1
DA:3375,1
DA:3376,3
DA:3377,2
DA:3378,1
DA:3379,1
DA:3380,1
DA:3381,1
DA:3382,1
DA:3383,1
DA:3384,1
DA:3385,1
DA:3386,1
DA:3387,1
DA:3388,1
DA:3389,1
DA:3390,1
DA:3391,1
DA:3392,1
DA:3393,1
DA:3394,1
DA:3395,1
DA:3396,1
DA:3397,1
DA:3398,1
DA:3399,1
DA:3400,1
DA:3401,1
DA:3402,1
DA:3403,1
DA:3404,1
DA:3405,1
DA:3406,1
DA:3407,1
DA:3408,1
DA:3409,1
DA:3410,1
DA:3411,1
DA:3412,1
DA:3413,1
DA:3414,1
DA:3415,1
DA:3416,1
DA:3417,1
DA:3418,3
DA:3419,2
DA:3420,1
DA:3421,1
DA:3422,1
DA:3423,1
DA:3424,1
DA:3425,1
DA:3426,1
DA:3427,1
DA:3428,1
DA:3429,1
DA:3430,1
DA:3431,1
DA:3432,1
DA:3433,1
DA:3434,1
DA:3435,1
DA:3436,1
DA:3437,1
DA:3441,1
DA:3442,1
DA:3443,1
DA:3444,1
DA:3445,0
DA:3447,1
DA:3448,1
DA:3449,1
DA:3450,1
DA:3451,0
DA:3453,1
DA:3458,1
DA:3459,1
DA:3460,1
DA:3461,1
DA:3462,1
DA:3463,1
DA:3464,1
DA:3465,1
DA:3466,1
DA:3467,1
DA:3468,1
DA:3474,1
DA:3475,1
DA:3476,1
DA:3477,1
DA:3478,1
DA:3479,1
DA:3480,1
DA:3482,1
DA:3483,1
DA:3484,1
DA:3485,1
DA:3486,1
DA:3488,1
DA:3489,1
DA:3490,1
DA:3492,1
DA:3493,1
DA:3494,1
DA:3495,1
DA:3496,1
DA:3497,1
DA:3498,1
DA:3504,1
DA:3505,1
DA:3506,1
DA:3507,1
DA:3508,1
DA:3509,1
DA:3510,1
DA:3511,1
DA:3520,1
DA:3521,1
DA:3522,1
DA:3523,1
DA:3524,1
DA:3525,1
DA:3526,1
DA:3527,1
DA:3528,1
DA:3529,1
DA:3530,1
DA:3531,1
DA:3532,1
DA:3533,1
DA:3534,1
DA:3535,1
DA:3536,1
DA:3537,1
DA:3541,1
DA:3542,1
DA:3543,1
DA:3544,1
DA:3545,1
DA:3546,1
DA:3547,1
DA:3548,1
DA:3549,1
DA:3550,1
DA:3551,1
DA:3552,1
DA:3553,1
DA:3554,1
DA:3557,1
DA:3558,1
DA:3559,1
DA:3560,1
DA:3561,1
DA:3562,1
DA:3567,1
DA:3568,1
DA:3569,1
DA:3570,1
DA:3571,1
DA:3575,1
DA:3576,1
DA:3577,1
DA:3578,1
DA:3579,1
DA:3583,1
DA:3584,1
DA:3585,1
DA:3586,1
DA:3587,1
DA:3588,1
DA:3589,1
DA:3590,1
DA:3591,1
BRF:0
BRH:0
LF:2203
LH:1684
end_of_record
SF:/home/ubuntu/Code/ExpressGateway/.claude/worktrees/remediation/crates/lb-quic/src/conn_actor.rs
FN:491,_RNvMNtCssKp9Gjgd8U_7lb_quic10conn_actorNtB2_8StreamTx11progressive
FN:482,_RNvMNtCssKp9Gjgd8U_7lb_quic10conn_actorNtB2_8StreamTx3new
FN:1182,_RNvNtCssKp9Gjgd8U_7lb_quic10conn_actor13flush_pending
FN:1225,_RNvNtCssKp9Gjgd8U_7lb_quic10conn_actor14select_backend
FN:680,_RNvNtCssKp9Gjgd8U_7lb_quic10conn_actor15drain_conn_send
FN:1000,_RNvNtCssKp9Gjgd8U_7lb_quic10conn_actor17drain_body_stream
FN:1089,_RNvNtCssKp9Gjgd8U_7lb_quic10conn_actor19decode_into_pending
FN:365,_RNvNtCssKp9Gjgd8U_7lb_quic10conn_actor19drain_resp_channels
FN:644,_RNvNtCssKp9Gjgd8U_7lb_quic10conn_actor20graceful_h3_shutdown
FN:504,_RNvNtCssKp9Gjgd8U_7lb_quic10conn_actor21drain_streams_to_conn
FN:1150,_RNvNtCssKp9Gjgd8U_7lb_quic10conn_actor26record_retained_for_stream
FN:318,_RNvNtCssKp9Gjgd8U_7lb_quic10conn_actor31reap_client_cancelled_responses
FN:703,_RNvNtCssKp9Gjgd8U_7lb_quic10conn_actor7poll_h3
FN:139,_RNvNtCssKp9Gjgd8U_7lb_quic10conn_actor9run_actor
FN:1161,_RNCNCNvNtCssKp9Gjgd8U_7lb_quic10conn_actor26record_retained_for_stream00B7_
FN:210,_RNCNCNvNtCssKp9Gjgd8U_7lb_quic10conn_actor9run_actor00B7_
FN:300,_RNCNCNvNtCssKp9Gjgd8U_7lb_quic10conn_actor9run_actor0s_0B7_
FN:680,_RNCNvNtCssKp9Gjgd8U_7lb_quic10conn_actor15drain_conn_send0B5_
FN:648,_RNCNvNtCssKp9Gjgd8U_7lb_quic10conn_actor20graceful_h3_shutdown0B5_
FN:615,_RNCNvNtCssKp9Gjgd8U_7lb_quic10conn_actor21drain_streams_to_conn0B5_
FN:1159,_RNCNvNtCssKp9Gjgd8U_7lb_quic10conn_actor26record_retained_for_stream0B5_
FN:1172,_RNCNvNtCssKp9Gjgd8U_7lb_quic10conn_actor26record_retained_for_streams_0B5_
FN:789,_RNCNvNtCssKp9Gjgd8U_7lb_quic10conn_actor7poll_h30B5_
FN:868,_RNCNvNtCssKp9Gjgd8U_7lb_quic10conn_actor7poll_h3s0_0B5_
FN:905,_RNCNvNtCssKp9Gjgd8U_7lb_quic10conn_actor7poll_h3s1_0B5_
FN:818,_RNCNvNtCssKp9Gjgd8U_7lb_quic10conn_actor7poll_h3s_0B5_
FN:139,_RNCNvNtCssKp9Gjgd8U_7lb_quic10conn_actor9run_actor0B5_
FN:491,_RNvMNtCsEuBmBzQhxs_7lb_quic10conn_actorNtB2_8StreamTx11progressive
FN:482,_RNvMNtCsEuBmBzQhxs_7lb_quic10conn_actorNtB2_8StreamTx3new
FN:1182,_RNvNtCsEuBmBzQhxs_7lb_quic10conn_actor13flush_pending
FN:1225,_RNvNtCsEuBmBzQhxs_7lb_quic10conn_actor14select_backend
FN:680,_RNvNtCsEuBmBzQhxs_7lb_quic10conn_actor15drain_conn_send
FN:1000,_RNvNtCsEuBmBzQhxs_7lb_quic10conn_actor17drain_body_stream
FN:1089,_RNvNtCsEuBmBzQhxs_7lb_quic10conn_actor19decode_into_pending
FN:365,_RNvNtCsEuBmBzQhxs_7lb_quic10conn_actor19drain_resp_channels
FN:644,_RNvNtCsEuBmBzQhxs_7lb_quic10conn_actor20graceful_h3_shutdown
FN:504,_RNvNtCsEuBmBzQhxs_7lb_quic10conn_actor21drain_streams_to_conn
FN:1150,_RNvNtCsEuBmBzQhxs_7lb_quic10conn_actor26record_retained_for_stream
FN:318,_RNvNtCsEuBmBzQhxs_7lb_quic10conn_actor31reap_client_cancelled_responses
FN:703,_RNvNtCsEuBmBzQhxs_7lb_quic10conn_actor7poll_h3
FN:139,_RNvNtCsEuBmBzQhxs_7lb_quic10conn_actor9run_actor
FN:1161,_RNCNCNvNtCsEuBmBzQhxs_7lb_quic10conn_actor26record_retained_for_stream00B7_
FN:210,_RNCNCNvNtCsEuBmBzQhxs_7lb_quic10conn_actor9run_actor00B7_
FN:300,_RNCNCNvNtCsEuBmBzQhxs_7lb_quic10conn_actor9run_actor0s_0B7_
FN:680,_RNCNvNtCsEuBmBzQhxs_7lb_quic10conn_actor15drain_conn_send0B5_
FN:648,_RNCNvNtCsEuBmBzQhxs_7lb_quic10conn_actor20graceful_h3_shutdown0B5_
FN:615,_RNCNvNtCsEuBmBzQhxs_7lb_quic10conn_actor21drain_streams_to_conn0B5_
FN:1159,_RNCNvNtCsEuBmBzQhxs_7lb_quic10conn_actor26record_retained_for_stream0B5_
FN:1172,_RNCNvNtCsEuBmBzQhxs_7lb_quic10conn_actor26record_retained_for_streams_0B5_
FN:789,_RNCNvNtCsEuBmBzQhxs_7lb_quic10conn_actor7poll_h30B5_
FN:868,_RNCNvNtCsEuBmBzQhxs_7lb_quic10conn_actor7poll_h3s0_0B5_
FN:905,_RNCNvNtCsEuBmBzQhxs_7lb_quic10conn_actor7poll_h3s1_0B5_
FN:818,_RNCNvNtCsEuBmBzQhxs_7lb_quic10conn_actor7poll_h3s_0B5_
FN:139,_RNCNvNtCsEuBmBzQhxs_7lb_quic10conn_actor9run_actor0B5_
FNDA:1693,_RNvMNtCssKp9Gjgd8U_7lb_quic10conn_actorNtB2_8StreamTx11progressive
FNDA:2,_RNvMNtCssKp9Gjgd8U_7lb_quic10conn_actorNtB2_8StreamTx3new
FNDA:22239,_RNvNtCssKp9Gjgd8U_7lb_quic10conn_actor13flush_pending
FNDA:35,_RNvNtCssKp9Gjgd8U_7lb_quic10conn_actor14select_backend
FNDA:105374,_RNvNtCssKp9Gjgd8U_7lb_quic10conn_actor15drain_conn_send
FNDA:8280,_RNvNtCssKp9Gjgd8U_7lb_quic10conn_actor17drain_body_stream
FNDA:2274,_RNvNtCssKp9Gjgd8U_7lb_quic10conn_actor19decode_into_pending
FNDA:105254,_RNvNtCssKp9Gjgd8U_7lb_quic10conn_actor19drain_resp_channels
FNDA:51,_RNvNtCssKp9Gjgd8U_7lb_quic10conn_actor20graceful_h3_shutdown
FNDA:105304,_RNvNtCssKp9Gjgd8U_7lb_quic10conn_actor21drain_streams_to_conn
FNDA:2274,_RNvNtCssKp9Gjgd8U_7lb_quic10conn_actor26record_retained_for_stream
FNDA:105254,_RNvNtCssKp9Gjgd8U_7lb_quic10conn_actor31reap_client_cancelled_responses
FNDA:105207,_RNvNtCssKp9Gjgd8U_7lb_quic10conn_actor7poll_h3
FNDA:50,_RNvNtCssKp9Gjgd8U_7lb_quic10conn_actor9run_actor
FNDA:2395,_RNCNCNvNtCssKp9Gjgd8U_7lb_quic10conn_actor26record_retained_for_stream00B7_
FNDA:21849,_RNCNCNvNtCssKp9Gjgd8U_7lb_quic10conn_actor9run_actor00B7_
FNDA:92921,_RNCNCNvNtCssKp9Gjgd8U_7lb_quic10conn_actor9run_actor0s_0B7_
FNDA:105374,_RNCNvNtCssKp9Gjgd8U_7lb_quic10conn_actor15drain_conn_send0B5_
FNDA:51,_RNCNvNtCssKp9Gjgd8U_7lb_quic10conn_actor20graceful_h3_shutdown0B5_
FNDA:105138,_RNCNvNtCssKp9Gjgd8U_7lb_quic10conn_actor21drain_streams_to_conn0B5_
FNDA:2274,_RNCNvNtCssKp9Gjgd8U_7lb_quic10conn_actor26record_retained_for_stream0B5_
FNDA:2274,_RNCNvNtCssKp9Gjgd8U_7lb_quic10conn_actor26record_retained_for_streams_0B5_
FNDA:2,_RNCNvNtCssKp9Gjgd8U_7lb_quic10conn_actor7poll_h30B5_
FNDA:0,_RNCNvNtCssKp9Gjgd8U_7lb_quic10conn_actor7poll_h3s0_0B5_
FNDA:35,_RNCNvNtCssKp9Gjgd8U_7lb_quic10conn_actor7poll_h3s1_0B5_
FNDA:7,_RNCNvNtCssKp9Gjgd8U_7lb_quic10conn_actor7poll_h3s_0B5_
FNDA:50,_RNCNvNtCssKp9Gjgd8U_7lb_quic10conn_actor9run_actor0B5_
FNDA:0,_RNvMNtCsEuBmBzQhxs_7lb_quic10conn_actorNtB2_8StreamTx11progressive
FNDA:0,_RNvMNtCsEuBmBzQhxs_7lb_quic10conn_actorNtB2_8StreamTx3new
FNDA:0,_RNvNtCsEuBmBzQhxs_7lb_quic10conn_actor13flush_pending
FNDA:0,_RNvNtCsEuBmBzQhxs_7lb_quic10conn_actor14select_backend
FNDA:0,_RNvNtCsEuBmBzQhxs_7lb_quic10conn_actor15drain_conn_send
FNDA:0,_RNvNtCsEuBmBzQhxs_7lb_quic10conn_actor17drain_body_stream
FNDA:0,_RNvNtCsEuBmBzQhxs_7lb_quic10conn_actor19decode_into_pending
FNDA:0,_RNvNtCsEuBmBzQhxs_7lb_quic10conn_actor19drain_resp_channels
FNDA:0,_RNvNtCsEuBmBzQhxs_7lb_quic10conn_actor20graceful_h3_shutdown
FNDA:0,_RNvNtCsEuBmBzQhxs_7lb_quic10conn_actor21drain_streams_to_conn
FNDA:0,_RNvNtCsEuBmBzQhxs_7lb_quic10conn_actor26record_retained_for_stream
FNDA:0,_RNvNtCsEuBmBzQhxs_7lb_quic10conn_actor31reap_client_cancelled_responses
FNDA:0,_RNvNtCsEuBmBzQhxs_7lb_quic10conn_actor7poll_h3
FNDA:0,_RNvNtCsEuBmBzQhxs_7lb_quic10conn_actor9run_actor
FNDA:0,_RNCNCNvNtCsEuBmBzQhxs_7lb_quic10conn_actor26record_retained_for_stream00B7_
FNDA:0,_RNCNCNvNtCsEuBmBzQhxs_7lb_quic10conn_actor9run_actor00B7_
FNDA:0,_RNCNCNvNtCsEuBmBzQhxs_7lb_quic10conn_actor9run_actor0s_0B7_
FNDA:0,_RNCNvNtCsEuBmBzQhxs_7lb_quic10conn_actor15drain_conn_send0B5_
FNDA:0,_RNCNvNtCsEuBmBzQhxs_7lb_quic10conn_actor20graceful_h3_shutdown0B5_
FNDA:0,_RNCNvNtCsEuBmBzQhxs_7lb_quic10conn_actor21drain_streams_to_conn0B5_
FNDA:0,_RNCNvNtCsEuBmBzQhxs_7lb_quic10conn_actor26record_retained_for_stream0B5_
FNDA:0,_RNCNvNtCsEuBmBzQhxs_7lb_quic10conn_actor26record_retained_for_streams_0B5_
FNDA:0,_RNCNvNtCsEuBmBzQhxs_7lb_quic10conn_actor7poll_h30B5_
FNDA:0,_RNCNvNtCsEuBmBzQhxs_7lb_quic10conn_actor7poll_h3s0_0B5_
FNDA:0,_RNCNvNtCsEuBmBzQhxs_7lb_quic10conn_actor7poll_h3s1_0B5_
FNDA:0,_RNCNvNtCsEuBmBzQhxs_7lb_quic10conn_actor7poll_h3s_0B5_
FNDA:0,_RNCNvNtCsEuBmBzQhxs_7lb_quic10conn_actor9run_actor0B5_
FNF:27
FNH:26
DA:139,50
DA:140,50
DA:141,50
DA:142,50
DA:143,50
DA:144,50
DA:145,50
DA:146,50
DA:147,50
DA:148,50
DA:149,50
DA:150,50
DA:151,50
DA:152,50
DA:153,50
DA:154,50
DA:155,50
DA:156,50
DA:157,50
DA:158,50
DA:159,50
DA:160,50
DA:161,50
DA:162,50
DA:163,50
DA:164,50
DA:165,50
DA:166,50
DA:167,50
DA:168,50
DA:169,50
DA:170,50
DA:171,50
DA:176,105304
DA:177,105304
DA:179,105304
DA:180,0
DA:181,105304
DA:182,105304
DA:183,105304
DA:184,105304
DA:185,105304
DA:186,105304
DA:187,105304
DA:188,105304
DA:189,105304
DA:190,105304
DA:191,105304
DA:192,105304
DA:193,105304
DA:194,105304
DA:195,105304
DA:196,105304
DA:197,105304
DA:198,105304
DA:199,105304
DA:200,105304
DA:201,95071
DA:202,95071
DA:203,105136
DA:204,105136
DA:205,105136
DA:210,105304
DA:211,21849
DA:212,21846
DA:217,3
DA:218,2
DA:219,2
DA:220,2
DA:222,2
DA:223,2
DA:224,2
DA:225,0
DA:226,0
DA:227,0
DA:230,0
DA:233,2
DA:235,105304
DA:237,105304
DA:238,50
DA:239,18
DA:241,105304
DA:242,99141
DA:243,99141
DA:244,99141
DA:245,99140
DA:246,1
DA:247,1
DA:251,105304
DA:252,2
DA:253,2
DA:254,2
DA:256,105304
DA:257,6111
DA:258,6111
DA:262,105254
DA:263,105207
DA:264,105207
DA:265,105207
DA:266,105207
DA:267,105207
DA:268,105207
DA:269,105207
DA:270,105207
DA:271,105207
DA:272,105207
DA:273,105207
DA:274,105207
DA:275,105207
DA:276,105207
DA:277,105207
DA:283,105254
DA:284,105254
DA:285,105254
DA:286,105254
DA:287,105254
DA:288,105254
DA:289,105254
DA:290,105254
DA:291,105254
DA:292,105254
DA:293,105254
DA:294,105254
DA:295,105254
DA:296,105254
DA:297,105254
DA:298,105254
DA:299,105254
DA:300,105254
DA:302,18
DA:303,18
DA:318,105254
DA:319,105254
DA:320,105254
DA:321,105254
DA:322,105254
DA:323,105254
DA:324,105254
DA:325,105138
DA:326,2
DA:327,2
DA:330,0
DA:331,0
DA:333,2
DA:335,105136
DA:338,105256
DA:339,2
DA:340,2
DA:341,2
DA:342,2
DA:343,2
DA:344,2
DA:345,105254
DA:365,105254
DA:366,105254
DA:367,105254
DA:368,105254
DA:369,105254
DA:370,210390
DA:374,105136
DA:375,105136
DA:376,105136
DA:378,105136
DA:379,105136
DA:380,105136
DA:381,105136
DA:382,105136
DA:384,0
DA:386,105136
DA:390,0
DA:391,105136
DA:392,105136
DA:393,105136
DA:394,25495
DA:395,79641
DA:396,79641
DA:397,0
DA:404,79641
DA:405,20324
DA:406,18
DA:407,13
DA:408,57635
DA:409,1651
DA:410,1651
DA:411,1651
DA:412,1651
DA:413,1651
DA:414,1651
DA:428,105254
DA:429,105254
DA:430,105138
DA:431,105136
DA:432,105136
DA:434,105254
DA:435,105136
DA:436,105136
DA:437,105136
DA:438,105136
DA:439,105136
DA:440,105254
DA:441,105254
DA:442,105254
DA:482,2
DA:483,2
DA:484,2
DA:485,2
DA:486,2
DA:487,2
DA:488,2
DA:491,1693
DA:492,1693
DA:493,1693
DA:494,1693
DA:495,1693
DA:496,1693
DA:497,1693
DA:498,1693
DA:504,105304
DA:505,105304
DA:506,105304
DA:507,105138
DA:511,2
DA:512,2
DA:513,2
DA:514,2
DA:515,2
DA:516,0
DA:517,2
DA:519,4
DA:520,4
DA:523,2
DA:524,2
DA:525,2
DA:526,2
DA:527,0
DA:528,0
DA:529,0
DA:532,2
DA:533,2
DA:534,2
DA:535,2
DA:536,0
DA:537,2
DA:538,2
DA:539,2
DA:540,0
DA:541,0
DA:542,0
DA:549,105136
DA:550,105136
DA:551,105136
DA:552,105136
DA:553,105136
DA:554,105136
DA:555,0
DA:556,105136
DA:560,125457
DA:561,45819
DA:562,24642
DA:563,21177
DA:564,20321
DA:565,20321
DA:566,856
DA:567,856
DA:568,856
DA:569,856
DA:570,856
DA:572,0
DA:573,0
DA:574,0
DA:578,105136
DA:582,1664
DA:583,1664
DA:584,0
DA:585,0
DA:588,1664
DA:589,1664
DA:590,103472
DA:593,18
DA:594,18
DA:595,0
DA:596,0
DA:599,18
DA:600,18
DA:601,103454
DA:605,106988
DA:608,1684
DA:609,1684
DA:610,2
DA:611,1682
DA:613,0
DA:615,105304
DA:616,2
DA:617,105136
DA:618,105304
DA:619,105304
DA:644,51
DA:645,51
DA:646,51
DA:647,51
DA:648,51
DA:649,51
DA:650,51
DA:651,0
DA:652,0
DA:655,51
DA:657,70
DA:658,70
DA:659,18
DA:660,52
DA:661,52
DA:662,1
DA:663,0
DA:665,1
DA:666,51
DA:667,51
DA:668,51
DA:669,51
DA:670,51
DA:671,51
DA:672,51
DA:673,51
DA:674,19
DA:676,19
DA:680,105374
DA:682,269194
DA:683,163820
DA:684,163820
DA:685,163820
DA:686,0
DA:687,0
DA:688,163820
DA:690,105374
DA:691,0
DA:692,0
DA:693,0
DA:697,105374
DA:703,105207
DA:704,105207
DA:705,105207
DA:706,105207
DA:707,105207
DA:708,105207
DA:709,105207
DA:710,105207
DA:711,105207
DA:712,105207
DA:713,105207
DA:714,105207
DA:715,105207
DA:716,105207
DA:717,105207
DA:718,105207
DA:719,105207
DA:720,105207
DA:721,105207
DA:722,105207
DA:723,105207
DA:724,105207
DA:725,105207
DA:726,105207
DA:727,105207
DA:728,105207
DA:729,105207
DA:730,105207
DA:731,105207
DA:732,105207
DA:733,105207
DA:734,115440
DA:735,10233
DA:736,10233
DA:738,105207
DA:739,113563
DA:748,8356
DA:749,8280
DA:750,8280
DA:751,76
DA:752,76
DA:754,112
DA:755,78
DA:756,78
DA:757,78
DA:758,44
DA:759,44
DA:760,44
DA:761,44
DA:762,44
DA:763,44
DA:764,44
DA:765,44
DA:766,44
DA:767,44
DA:768,44
DA:769,44
DA:770,44
DA:771,44
DA:772,44
DA:773,44
DA:774,44
DA:775,44
DA:776,44
DA:777,44
DA:778,44
DA:779,44
DA:780,2
DA:784,0
DA:785,0
DA:787,2
DA:788,2
DA:789,2
DA:790,2
DA:791,42
DA:792,0
DA:809,42
DA:810,7
DA:811,7
DA:812,7
DA:813,7
DA:814,7
DA:815,7
DA:816,7
DA:817,7
DA:818,7
DA:819,7
DA:820,7
DA:821,7
DA:822,7
DA:823,7
DA:824,7
DA:825,7
DA:826,7
DA:827,7
DA:829,1
DA:832,0
DA:834,6
DA:835,7
DA:836,7
DA:837,4
DA:838,4
DA:839,4
DA:840,4
DA:841,4
DA:842,4
DA:843,4
DA:844,3
DA:845,3
DA:846,3
DA:847,3
DA:848,3
DA:849,3
DA:850,3
DA:851,3
DA:852,3
DA:853,3
DA:854,3
DA:855,3
DA:856,3
DA:857,3
DA:858,3
DA:859,3
DA:862,7
DA:863,35
DA:864,35
DA:865,0
DA:866,0
DA:867,0
DA:868,0
DA:869,0
DA:870,0
DA:871,0
DA:872,0
DA:873,0
DA:874,0
DA:875,35
DA:876,35
DA:877,0
DA:878,0
DA:899,35
DA:900,35
DA:901,35
DA:902,35
DA:903,35
DA:904,35
DA:905,35
DA:906,35
DA:907,35
DA:908,35
DA:909,35
DA:910,35
DA:911,35
DA:912,35
DA:913,35
DA:914,35
DA:916,14
DA:919,0
DA:921,21
DA:922,35
DA:923,35
DA:924,28
DA:925,28
DA:926,28
DA:927,28
DA:928,28
DA:929,28
DA:930,28
DA:931,28
DA:932,7
DA:933,7
DA:934,7
DA:935,7
DA:936,7
DA:937,7
DA:938,7
DA:939,7
DA:940,7
DA:941,7
DA:942,7
DA:943,7
DA:944,7
DA:945,7
DA:946,7
DA:947,7
DA:950,35
DA:953,34
DA:957,0
DA:958,0
DA:959,34
DA:961,0
DA:962,0
DA:966,34
DA:973,0
DA:974,0
DA:977,0
DA:978,0
DA:980,0
DA:981,0
DA:983,0
DA:984,0
DA:985,0
DA:986,0
DA:991,105207
DA:1000,8280
DA:1001,8280
DA:1002,8280
DA:1003,8280
DA:1004,8280
DA:1005,8280
DA:1006,8280
DA:1007,8280
DA:1010,10544
DA:1011,10544
DA:1013,7
DA:1014,10537
DA:1015,10537
DA:1016,10537
DA:1017,10537
DA:1018,10537
DA:1019,6819
DA:1020,3718
DA:1021,3718
DA:1022,2264
DA:1023,2264
DA:1024,2264
DA:1025,2264
DA:1026,2264
DA:1027,2264
DA:1028,2264
DA:1029,2264
DA:1030,2264
DA:1031,2264
DA:1032,0
DA:1033,0
DA:1034,2264
[...]
FNDA:4,_RNCINvMs1_NtCschUgmg6c77K_5lb_l78h2_proxyNtB8_7H2Proxy16serve_connectionNtNtNtNtCsfWKKmeeA0Vo_5tokio3net3tcp6stream9TcpStreamE0CskWtuoYZk2VF_25round8_authority_enforced
FNDA:4,_RNCINvMs1_NtCschUgmg6c77K_5lb_l78h2_proxyNtB8_7H2Proxy28serve_connection_with_cancelNtNtNtNtCsfWKKmeeA0Vo_5tokio3net3tcp6stream9TcpStreamE0CskWtuoYZk2VF_25round8_authority_enforced
FNDA:4,_RNCINvMs1_NtCschUgmg6c77K_5lb_l78h2_proxyNtB8_7H2Proxy32serve_connection_with_cancel_sniNtNtNtNtCsfWKKmeeA0Vo_5tokio3net3tcp6stream9TcpStreamE0CskWtuoYZk2VF_25round8_authority_enforced
FNDA:0,_RNCNCINvMs1_NtCschUgmg6c77K_5lb_l78h2_proxyNtBa_7H2Proxy32serve_connection_with_cancel_sniNtNtNtNtCsfWKKmeeA0Vo_5tokio3net3tcp6stream9TcpStreamE00CskWtuoYZk2VF_25round8_authority_enforced
FNDA:0,_RNCNCNCINvMs1_NtCschUgmg6c77K_5lb_l78h2_proxyNtBc_7H2Proxy32serve_connection_with_cancel_sniNtNtNtNtCsfWKKmeeA0Vo_5tokio3net3tcp6stream9TcpStreamE000CskWtuoYZk2VF_25round8_authority_enforced
FNDA:4,_RNvMNtCschUgmg6c77K_5lb_l78h2_proxyINtB2_12CleanCloseIoNtNtNtNtCsfWKKmeeA0Vo_5tokio3net3tcp6stream9TcpStreamE3newCskWtuoYZk2VF_25round8_authority_enforced
FNDA:19,_RNvXs0_NtCschUgmg6c77K_5lb_l78h2_proxyINtB5_12CleanCloseIoNtNtNtNtCsfWKKmeeA0Vo_5tokio3net3tcp6stream9TcpStreamENtNtNtB12_2io11async_write10AsyncWrite10poll_flushCskWtuoYZk2VF_25round8_authority_enforced
FNDA:16,_RNvXs0_NtCschUgmg6c77K_5lb_l78h2_proxyINtB5_12CleanCloseIoNtNtNtNtCsfWKKmeeA0Vo_5tokio3net3tcp6stream9TcpStreamENtNtNtB12_2io11async_write10AsyncWrite10poll_writeCskWtuoYZk2VF_25round8_authority_enforced
FNDA:0,_RNvXs0_NtCschUgmg6c77K_5lb_l78h2_proxyINtB5_12CleanCloseIoNtNtNtNtCsfWKKmeeA0Vo_5tokio3net3tcp6stream9TcpStreamENtNtNtB12_2io11async_write10AsyncWrite13poll_shutdownCskWtuoYZk2VF_25round8_authority_enforced
FNDA:26,_RNvXs_NtCschUgmg6c77K_5lb_l78h2_proxyINtB4_12CleanCloseIoNtNtNtNtCsfWKKmeeA0Vo_5tokio3net3tcp6stream9TcpStreamENtNtNtB11_2io10async_read9AsyncRead9poll_readCskWtuoYZk2VF_25round8_authority_enforced
FNDA:1,_RINvMs1_NtCschUgmg6c77K_5lb_l78h2_proxyNtB6_7H2Proxy16serve_connectionNtNtNtNtCsfWKKmeeA0Vo_5tokio3net3tcp6stream9TcpStreamECsflPIp31Lmc7_24round8_glitches_enforced
FNDA:1,_RINvMs1_NtCschUgmg6c77K_5lb_l78h2_proxyNtB6_7H2Proxy28serve_connection_with_cancelNtNtNtNtCsfWKKmeeA0Vo_5tokio3net3tcp6stream9TcpStreamECsflPIp31Lmc7_24round8_glitches_enforced
FNDA:1,_RINvMs1_NtCschUgmg6c77K_5lb_l78h2_proxyNtB6_7H2Proxy32serve_connection_with_cancel_sniNtNtNtNtCsfWKKmeeA0Vo_5tokio3net3tcp6stream9TcpStreamECsflPIp31Lmc7_24round8_glitches_enforced
FNDA:1,_RNCINvMs1_NtCschUgmg6c77K_5lb_l78h2_proxyNtB8_7H2Proxy16serve_connectionNtNtNtNtCsfWKKmeeA0Vo_5tokio3net3tcp6stream9TcpStreamE0CsflPIp31Lmc7_24round8_glitches_enforced
FNDA:1,_RNCINvMs1_NtCschUgmg6c77K_5lb_l78h2_proxyNtB8_7H2Proxy28serve_connection_with_cancelNtNtNtNtCsfWKKmeeA0Vo_5tokio3net3tcp6stream9TcpStreamE0CsflPIp31Lmc7_24round8_glitches_enforced
FNDA:1,_RNCINvMs1_NtCschUgmg6c77K_5lb_l78h2_proxyNtB8_7H2Proxy32serve_connection_with_cancel_sniNtNtNtNtCsfWKKmeeA0Vo_5tokio3net3tcp6stream9TcpStreamE0CsflPIp31Lmc7_24round8_glitches_enforced
FNDA:1,_RNCNCINvMs1_NtCschUgmg6c77K_5lb_l78h2_proxyNtBa_7H2Proxy32serve_connection_with_cancel_sniNtNtNtNtCsfWKKmeeA0Vo_5tokio3net3tcp6stream9TcpStreamE00CsflPIp31Lmc7_24round8_glitches_enforced
FNDA:1,_RNCNCNCINvMs1_NtCschUgmg6c77K_5lb_l78h2_proxyNtBc_7H2Proxy32serve_connection_with_cancel_sniNtNtNtNtCsfWKKmeeA0Vo_5tokio3net3tcp6stream9TcpStreamE000CsflPIp31Lmc7_24round8_glitches_enforced
FNDA:1,_RNvMNtCschUgmg6c77K_5lb_l78h2_proxyINtB2_12CleanCloseIoNtNtNtNtCsfWKKmeeA0Vo_5tokio3net3tcp6stream9TcpStreamE3newCsflPIp31Lmc7_24round8_glitches_enforced
FNDA:11,_RNvXs0_NtCschUgmg6c77K_5lb_l78h2_proxyINtB5_12CleanCloseIoNtNtNtNtCsfWKKmeeA0Vo_5tokio3net3tcp6stream9TcpStreamENtNtNtB12_2io11async_write10AsyncWrite10poll_flushCsflPIp31Lmc7_24round8_glitches_enforced
FNDA:6,_RNvXs0_NtCschUgmg6c77K_5lb_l78h2_proxyINtB5_12CleanCloseIoNtNtNtNtCsfWKKmeeA0Vo_5tokio3net3tcp6stream9TcpStreamENtNtNtB12_2io11async_write10AsyncWrite10poll_writeCsflPIp31Lmc7_24round8_glitches_enforced
FNDA:0,_RNvXs0_NtCschUgmg6c77K_5lb_l78h2_proxyINtB5_12CleanCloseIoNtNtNtNtCsfWKKmeeA0Vo_5tokio3net3tcp6stream9TcpStreamENtNtNtB12_2io11async_write10AsyncWrite13poll_shutdownCsflPIp31Lmc7_24round8_glitches_enforced
FNDA:15,_RNvXs_NtCschUgmg6c77K_5lb_l78h2_proxyINtB4_12CleanCloseIoNtNtNtNtCsfWKKmeeA0Vo_5tokio3net3tcp6stream9TcpStreamENtNtNtB11_2io10async_read9AsyncRead9poll_readCsflPIp31Lmc7_24round8_glitches_enforced
FNF:136
FNH:88
DA:252,189
DA:253,189
DA:254,189
DA:255,189
DA:256,189
DA:257,189
DA:258,189
DA:259,189
DA:260,189
DA:264,18357
DA:265,18357
DA:266,18357
DA:267,18357
DA:268,18357
DA:269,18357
DA:270,18357
DA:274,2643
DA:275,2643
DA:276,2643
DA:277,2643
DA:278,2643
DA:279,2643
DA:280,2643
DA:282,5072
DA:283,5072
DA:284,5072
DA:286,255
DA:287,255
DA:288,255
DA:289,255
DA:290,255
DA:291,255
DA:292,255
DA:293,255
DA:294,255
DA:295,255
DA:296,255
DA:297,255
DA:298,157
DA:299,154
DA:300,154
DA:301,154
DA:302,98
DA:312,252
DA:313,252
DA:315,366
DA:316,1
DA:317,365
DA:318,365
DA:319,365
DA:320,0
DA:322,365
DA:323,365
DA:325,263
DA:326,263
DA:330,149
DA:331,114
DA:332,114
DA:336,0
DA:347,102
DA:348,102
DA:349,0
DA:350,102
DA:352,0
DA:357,150
DA:358,0
DA:359,150
DA:360,255
DA:373,21
DA:374,21
DA:375,21
DA:376,21
DA:377,21
DA:378,21
DA:379,21
DA:380,21
DA:381,21
DA:382,21
DA:383,21
DA:384,21
DA:385,21
DA:386,21
DA:387,21
DA:388,21
DA:395,32
DA:396,32
DA:397,32
DA:398,32
DA:399,32
DA:400,32
DA:401,32
DA:402,32
DA:403,32
DA:404,32
DA:405,32
DA:406,32
DA:407,32
DA:408,32
DA:409,32
DA:410,32
DA:411,32
DA:412,32
DA:413,32
DA:414,32
DA:415,32
DA:416,32
DA:417,32
DA:418,32
DA:419,32
DA:420,32
DA:421,32
DA:422,32
DA:423,32
DA:433,2
DA:434,2
DA:435,2
DA:436,2
DA:437,2
DA:438,2
DA:439,2
DA:440,2
DA:441,2
DA:442,2
DA:443,2
DA:444,2
DA:445,2
DA:446,2
DA:447,2
DA:448,2
DA:449,2
DA:450,2
DA:451,2
DA:452,2
DA:453,2
DA:454,2
DA:455,2
DA:456,2
DA:457,2
DA:458,2
DA:459,2
DA:460,2
DA:467,0
DA:468,0
DA:469,0
DA:470,0
DA:478,0
DA:479,0
DA:480,0
DA:481,0
DA:502,1
DA:503,1
DA:504,1
DA:505,1
DA:506,1
DA:507,1
DA:508,0
DA:510,1
DA:512,1
DA:513,1
DA:514,1
DA:523,0
DA:524,0
DA:525,0
DA:526,0
DA:534,0
DA:535,0
DA:536,0
DA:537,0
DA:538,0
DA:539,0
DA:540,0
DA:545,1
DA:546,1
DA:547,1
DA:548,1
DA:553,1
DA:554,1
DA:555,1
DA:556,1
DA:561,0
DA:562,0
DA:563,0
DA:568,0
DA:569,0
DA:570,0
DA:575,1
DA:576,1
DA:577,1
DA:578,1
DA:589,13
DA:590,13
DA:591,13
DA:592,13
DA:593,13
DA:607,185
DA:608,185
DA:609,185
DA:610,185
DA:611,185
DA:612,185
DA:613,185
DA:614,185
DA:615,185
DA:616,155
DA:636,186
DA:637,186
DA:638,186
DA:639,186
DA:640,186
DA:641,186
DA:642,186
DA:643,186
DA:644,186
DA:645,186
DA:646,186
DA:647,186
DA:648,186
DA:649,186
DA:650,156
DA:659,186
DA:660,186
DA:661,186
DA:662,186
DA:663,186
DA:664,186
DA:665,186
DA:666,186
DA:667,186
DA:668,186
DA:669,186
DA:670,186
DA:671,186
DA:672,186
DA:673,186
DA:674,186
DA:675,186
DA:676,186
DA:677,186
DA:678,186
DA:679,186
DA:680,186
DA:681,1
DA:682,1
DA:683,1
DA:684,1
DA:685,1
DA:686,1
DA:687,1
DA:688,1
DA:689,1
DA:690,1
DA:691,1
DA:692,1
DA:693,1
DA:694,1
DA:695,1
DA:696,1
DA:697,186
DA:698,186
DA:699,186
DA:700,186
DA:701,186
DA:702,186
DA:703,186
DA:704,186
DA:705,186
DA:706,186
DA:707,186
DA:708,186
DA:709,186
DA:710,186
DA:711,186
DA:712,186
DA:713,186
DA:714,186
DA:715,186
DA:716,186
DA:717,186
DA:718,186
DA:719,186
DA:720,186
DA:721,186
DA:722,186
DA:723,186
DA:724,186
DA:725,186
DA:726,186
DA:727,186
DA:728,186
DA:729,186
DA:730,186
DA:731,186
DA:732,186
DA:733,186
DA:734,186
DA:735,186
DA:736,186
DA:737,186
DA:741,186
DA:745,2
DA:746,2
DA:747,2
DA:748,2
DA:749,2
DA:750,0
DA:751,1
DA:752,0
DA:753,0
DA:754,0
DA:755,0
DA:758,186
DA:759,81
DA:760,74
DA:762,186
DA:763,0
DA:764,0
DA:765,0
DA:767,156
DA:791,3
DA:792,3
DA:793,3
DA:794,3
DA:795,3
DA:796,3
DA:797,3
DA:798,3
DA:799,3
DA:800,1
DA:801,1
DA:803,2
DA:805,3
DA:826,362
DA:827,362
DA:828,362
DA:829,362
DA:830,362
DA:831,362
DA:832,362
DA:833,362
DA:834,362
DA:846,362
DA:847,362
DA:848,362
DA:849,362
DA:850,362
DA:851,362
DA:852,362
DA:854,362
DA:855,362
DA:856,362
DA:857,362
DA:858,362
DA:859,362
DA:860,362
DA:861,362
DA:862,362
DA:863,362
DA:864,362
DA:865,362
DA:866,362
DA:867,362
DA:868,362
DA:869,362
DA:870,362
DA:871,362
DA:872,362
DA:873,362
DA:874,170
DA:875,170
DA:876,170
DA:878,362
DA:879,362
DA:880,362
DA:881,362
DA:882,362
DA:883,362
DA:884,362
DA:897,362
DA:898,6
DA:902,0
DA:906,6
DA:907,3
DA:908,3
DA:909,6
DA:910,356
DA:911,356
DA:912,356
DA:913,356
DA:914,356
DA:915,356
DA:916,356
DA:917,356
DA:918,356
DA:920,0
DA:921,356
DA:922,356
DA:923,356
DA:924,356
DA:925,356
DA:932,12
DA:933,0
DA:935,12
DA:936,0
DA:937,0
DA:938,0
DA:939,0
DA:940,12
DA:941,12
DA:942,344
DA:943,344
DA:944,344
DA:945,344
DA:946,344
DA:947,344
DA:948,344
DA:949,344
DA:950,344
DA:952,344
DA:953,344
DA:954,344
DA:955,375
DA:961,0
DA:962,0
DA:963,0
DA:964,0
DA:965,0
DA:966,0
DA:967,0
DA:968,344
DA:971,0
DA:972,0
DA:973,0
DA:974,0
DA:975,0
DA:976,0
DA:978,0
DA:980,0
DA:981,0
DA:982,0
DA:983,0
DA:984,0
DA:986,0
DA:993,344
DA:994,344
DA:995,344
DA:996,344
DA:997,344
DA:998,719
DA:999,375
DA:1000,375
DA:1001,344
DA:1003,344
DA:1004,0
DA:1005,344
DA:1006,344
DA:1007,344
DA:1008,344
DA:1009,344
DA:1010,344
DA:1011,344
DA:1012,344
DA:1013,344
DA:1014,344
DA:1015,344
DA:1016,375
DA:1017,375
DA:1018,375
DA:1019,375
DA:1020,375
DA:1021,344
DA:1022,344
DA:1023,0
DA:1028,0
DA:1029,0
DA:1030,0
DA:1031,0
DA:1032,344
DA:1045,344
DA:1046,0
DA:1049,0
DA:1050,0
DA:1051,0
DA:1052,0
DA:1053,344
DA:1054,344
DA:1055,344
DA:1056,344
DA:1057,344
DA:1058,344
DA:1059,344
DA:1060,344
DA:1061,344
DA:1062,344
DA:1063,344
DA:1064,344
DA:1065,344
DA:1066,344
DA:1067,0
DA:1068,0
DA:1069,0
DA:1070,0
DA:1071,0
DA:1072,0
DA:1073,0
DA:1074,0
DA:1075,0
DA:1076,0
DA:1077,0
DA:1078,0
DA:1079,0
DA:1081,0
DA:1085,0
DA:1089,0
DA:1090,0
DA:1091,0
DA:1092,0
DA:1093,0
DA:1094,0
DA:1095,344
DA:1099,344
DA:1100,0
DA:1101,0
DA:1102,0
DA:1103,0
DA:1104,0
DA:1105,0
DA:1106,0
DA:1107,0
DA:1108,0
DA:1109,0
DA:1110,0
DA:1111,0
DA:1112,0
DA:1113,0
DA:1114,0
DA:1115,0
DA:1116,0
DA:1117,344
DA:1118,344
DA:1119,344
DA:1120,344
DA:1121,344
DA:1122,344
DA:1123,344
DA:1124,344
DA:1125,344
DA:1126,344
DA:1127,0
DA:1128,0
DA:1129,0
DA:1130,0
DA:1131,0
DA:1132,344
DA:1133,344
DA:1134,344
DA:1135,344
DA:1136,344
DA:1137,344
DA:1138,344
DA:1139,344
DA:1140,344
DA:1141,344
DA:1142,344
DA:1143,344
DA:1144,344
DA:1145,344
DA:1146,344
DA:1147,344
DA:1148,344
DA:1149,344
DA:1150,344
DA:1151,0
DA:1152,0
DA:1153,344
DA:1156,344
DA:1157,0
DA:1160,344
DA:1161,342
DA:1162,62
DA:1163,1
DA:1165,0
DA:1169,1
DA:1170,1
DA:1171,1
DA:1172,1
DA:1177,86
DA:1179,1
DA:1180,1
DA:1184,152
DA:1185,0
DA:1186,152
DA:1187,152
DA:1188,170
DA:1197,0
DA:1198,0
DA:1199,0
DA:1200,0
DA:1201,0
DA:1202,0
DA:1204,0
DA:1205,0
DA:1207,0
DA:1208,0
DA:1209,0
DA:1210,0
DA:1211,0
DA:1212,0
DA:1213,0
DA:1214,0
DA:1215,0
DA:1216,0
DA:1217,0
DA:1218,0
DA:1219,0
DA:1220,0
DA:1221,0
DA:1222,0
DA:1223,0
DA:1224,0
DA:1225,0
DA:1226,0
DA:1227,0
DA:1228,0
DA:1237,0
DA:1238,0
DA:1239,0
DA:1240,0
DA:1241,0
DA:1244,0
DA:1245,0
DA:1246,0
DA:1249,0
DA:1250,0
DA:1251,0
DA:1252,0
DA:1253,0
DA:1256,0
DA:1257,0
DA:1258,0
DA:1259,0
DA:1260,0
DA:1261,0
DA:1262,0
DA:1264,0
DA:1265,0
DA:1266,0
DA:1267,0
DA:1271,0
DA:1272,0
DA:1273,0
DA:1274,0
DA:1275,0
DA:1276,0
DA:1277,0
DA:1278,0
DA:1279,0
DA:1280,0
DA:1281,0
DA:1282,0
DA:1283,0
DA:1284,0
DA:1285,0
DA:1286,0
DA:1288,342
DA:1289,342
DA:1290,342
DA:1291,342
DA:1292,342
DA:1293,342
DA:1294,342
DA:1295,342
DA:1296,342
DA:1297,342
DA:1298,342
DA:1299,342
DA:1300,342
DA:1301,342
DA:1302,342
DA:1303,342
DA:1304,342
DA:1305,342
DA:1306,342
DA:1307,342
DA:1308,342
DA:1309,342
DA:1310,342
DA:1311,342
DA:1312,342
DA:1313,342
DA:1314,342
DA:1315,255
DA:1316,87
DA:1317,87
DA:1318,87
DA:1319,87
DA:1320,87
DA:1321,87
DA:1323,1
DA:1324,86
DA:1325,86
DA:1326,86
DA:1327,86
DA:1330,255
DA:1331,255
DA:1332,255
DA:1333,255
DA:1334,255
DA:1335,255
DA:1336,255
DA:1337,255
DA:1338,255
DA:1339,255
DA:1340,2
DA:1341,1
DA:1342,0
DA:1343,0
DA:1344,0
DA:1345,1
DA:1346,1
DA:1347,1
DA:1348,1
DA:1350,254
DA:1356,255
DA:1357,255
DA:1358,255
DA:1359,255
DA:1360,192
DA:1362,191
DA:1363,191
DA:1364,191
DA:1368,191
DA:1369,191
DA:1370,191
DA:1371,191
DA:1372,191
DA:1373,191
DA:1375,191
DA:1376,191
DA:1377,191
DA:1378,191
DA:1379,191
DA:1380,191
DA:1381,191
DA:1382,191
DA:1383,191
DA:1384,191
DA:1385,191
DA:1386,62
DA:1387,0
DA:1388,0
DA:1389,0
DA:1392,0
DA:1393,0
DA:1396,62
DA:1397,62
DA:1398,150
DA:1400,62
DA:1401,62
DA:1402,62
DA:1403,62
DA:1404,62
DA:1405,62
DA:1406,62
DA:1407,1
DA:1408,1
DA:1409,1
DA:1410,61
DA:1411,62
DA:1412,62
DA:1415,1
DA:1416,1
DA:1417,1
DA:1418,1
DA:1419,1
DA:1420,1
DA:1421,0
DA:1422,0
DA:1423,0
DA:1424,0
DA:1426,1
DA:1427,1
DA:1428,0
DA:1430,1
DA:1431,1
DA:1433,0
DA:1435,0
DA:1437,1
DA:1440,1
DA:1441,1
DA:1442,1
DA:1443,1
DA:1444,1
DA:1445,1
DA:1446,0
DA:1447,0
DA:1448,0
DA:1449,0
DA:1451,1
DA:1452,1
DA:1453,1
DA:1454,1
DA:1455,0
DA:1457,1
DA:1458,1
DA:1459,1
DA:1460,1
DA:1461,1
DA:1462,1
DA:1463,1
DA:1464,1
DA:1465,1
DA:1466,1
DA:1467,1
DA:1480,1
DA:1481,1
DA:1482,1
DA:1483,1
DA:1485,1
DA:1486,1
DA:1487,1
DA:1488,1
DA:1489,1
DA:1490,1
DA:1494,1
DA:1495,1
DA:1496,1
DA:1497,1
DA:1498,1
DA:1499,1
DA:1500,1
DA:1501,1
DA:1502,1
DA:1503,1
DA:1504,1
DA:1505,1
DA:1506,0
DA:1507,0
DA:1508,0
DA:1509,0
DA:1510,0
DA:1511,1
DA:1512,1
DA:1513,1
DA:1514,1
DA:1515,1
DA:1516,1
DA:1517,1
DA:1518,1
DA:1519,1
DA:1520,1
DA:1521,6
DA:1522,6
DA:1523,6
DA:1524,6
DA:1525,6
DA:1526,1
DA:1527,1
DA:1528,1
DA:1529,1
DA:1530,1
DA:1531,1
DA:1532,1
DA:1533,1
DA:1534,1
DA:1535,1
DA:1536,1
DA:1537,1
DA:1538,1
DA:1539,1
DA:1540,1
DA:1541,1
DA:1542,1
DA:1543,1
DA:1544,1
DA:1545,1
DA:1546,1
DA:1548,1
DA:1549,1
DA:1550,1
DA:1552,1
DA:1553,1
DA:1554,1
DA:1555,1
DA:1556,1
DA:1557,1
DA:1558,1
DA:1559,1
DA:1560,1
DA:1561,0
DA:1562,0
DA:1563,11
DA:1564,10
DA:1565,4
DA:1566,6
DA:1567,6
DA:1572,1
DA:1573,1
DA:1574,1
DA:1575,1
DA:1576,1
DA:1577,1
DA:1588,3
DA:1589,3
DA:1590,3
DA:1591,3
DA:1592,3
DA:1593,2
DA:1594,1
DA:1595,0
DA:1596,1
DA:1597,1
DA:1598,1
DA:1599,1
DA:1601,2
DA:1602,3
DA:1603,3
DA:1608,194
DA:1609,194
DA:1610,194
DA:1611,194
DA:1616,194
DA:1617,193
DA:1618,193
DA:1619,193
DA:1620,1
DA:1621,1
DA:1622,2
DA:1623,1
DA:1624,1
DA:1625,1
DA:1626,1
DA:1627,1
DA:1628,1
DA:1630,1
DA:1631,0
DA:1633,1
DA:1635,1
DA:1636,194
DA:1640,1
DA:1641,1
DA:1642,1
DA:1643,1
DA:1644,1
DA:1646,1
DA:1647,1
DA:1648,0
DA:1649,0
DA:1652,1
DA:1653,1
DA:1654,1
DA:1655,1
DA:1656,1
DA:1657,0
DA:1658,0
DA:1659,0
DA:1660,0
DA:1661,0
DA:1662,0
DA:1663,0
DA:1664,1
DA:1665,1
DA:1666,1
DA:1667,1
DA:1668,1
DA:1669,1
DA:1670,1
DA:1671,1
DA:1672,4
DA:1673,4
DA:1674,4
DA:1675,4
DA:1676,4
DA:1677,1
DA:1678,1
DA:1679,1
DA:1680,1
DA:1681,1
DA:1682,1
DA:1683,0
DA:1684,0
DA:1685,0
DA:1686,0
DA:1687,0
DA:1690,1
DA:1691,1
DA:1692,5
DA:1693,4
DA:1694,0
DA:1695,4
DA:1696,4
DA:1698,1
DA:1699,0
DA:1700,0
DA:1701,0
DA:1702,1
DA:1704,1
DA:1705,1
DA:1706,0
DA:1707,0
DA:1708,0
DA:1709,0
DA:1710,1
DA:1711,1
DA:1721,1
DA:1722,1
DA:1723,1
DA:1724,1
DA:1725,1
DA:1727,1
DA:1728,1
DA:1729,1
DA:1730,1
DA:1731,1
DA:1732,1
DA:1736,1
DA:1737,1
DA:1738,1
DA:1739,1
DA:1740,1
DA:1741,1
DA:1742,1
DA:1743,1
DA:1744,1
DA:1745,1
DA:1746,1
DA:1747,0
DA:1748,0
DA:1749,0
DA:1750,0
DA:1751,0
DA:1752,1
DA:1753,1
DA:1754,1
DA:1755,1
DA:1756,1
DA:1757,1
DA:1758,1
DA:1759,1
DA:1760,1
DA:1761,1
DA:1762,1
DA:1763,1
DA:1764,1
DA:1765,6
DA:1766,6
DA:1767,6
DA:1768,6
DA:1769,6
DA:1770,1
DA:1771,1
DA:1772,1
DA:1773,1
DA:1774,1
DA:1775,1
DA:1776,1
DA:1777,1
DA:1778,1
DA:1779,1
DA:1780,1
DA:1781,1
DA:1782,1
DA:1783,1
DA:1784,1
DA:1785,1
DA:1786,1
DA:1787,1
DA:1788,1
DA:1789,1
DA:1790,1
DA:1791,1
DA:1792,1
DA:1796,1
DA:1797,1
DA:1798,1
DA:1799,1
DA:1800,1
DA:1801,1
DA:1802,1
DA:1803,1
DA:1804,1
DA:1805,1
DA:1806,1
DA:1807,1
DA:1808,1
DA:1809,1
DA:1810,1
DA:1811,1
DA:1812,1
DA:1813,1
DA:1814,0
DA:1815,0
DA:1816,0
DA:1817,0
DA:1818,0
DA:1821,1
DA:1822,1
DA:1823,3
DA:1824,2
DA:1825,0
DA:1826,2
DA:1827,2
DA:1829,1
DA:1830,0
DA:1831,0
DA:1832,0
DA:1833,1
DA:1836,1
DA:1837,1
DA:1838,0
DA:1839,0
DA:1840,0
DA:1841,0
DA:1842,1
DA:1843,1
DA:1863,94
DA:1864,94
DA:1865,94
DA:1866,94
DA:1867,94
DA:1868,94
DA:1869,94
DA:1870,94
DA:1887,357
DA:1888,357
DA:1889,357
DA:1890,357
DA:1891,357
DA:1892,357
DA:1893,357
DA:1894,357
DA:1895,357
DA:1896,11
DA:1897,11
DA:1898,6
DA:1900,5
DA:1903,346
DA:1905,357
DA:1918,11
DA:1919,11
DA:1920,11
DA:1921,11
DA:1922,1
DA:1923,10
DA:1924,10
DA:1925,2
DA:1926,8
DA:1927,8
DA:1928,3
DA:1930,5
DA:1932,11
DA:1939,22
DA:1940,22
DA:1942,5
DA:1943,5
DA:1944,5
DA:1945,5
DA:1946,5
DA:1947,0
DA:1948,0
DA:1949,17
DA:1950,17
DA:1951,22
DA:1952,11
DA:1954,22
DA:1963,2
DA:1964,2
DA:1965,9
DA:1966,7
DA:1967,7
DA:1968,7
DA:1969,7
DA:1970,7
DA:1971,2
DA:1972,2
DA:1975,1
DA:1976,1
DA:1977,1
DA:1978,1
DA:1979,1
DA:1980,1
DA:1981,1
DA:1982,1
DA:1983,1
DA:1984,1
DA:1985,1
DA:1986,1
DA:1987,1
DA:1988,1
DA:1991,1
DA:1992,1
DA:1993,1
DA:1994,1
DA:1995,1
DA:1996,1
DA:1997,1
DA:1998,1
DA:1999,1
DA:2000,1
DA:2001,1
DA:2002,1
DA:2003,1
DA:2004,1
DA:2005,1
DA:2006,1
DA:2007,1
DA:2008,1
DA:2009,1
DA:2010,1
DA:2013,1
DA:2014,1
DA:2015,1
DA:2016,1
DA:2017,1
DA:2018,1
DA:2019,1
DA:2031,1
DA:2032,1
DA:2033,1
DA:2034,1
DA:2035,1
DA:2036,1
DA:2037,1
DA:2038,1
DA:2039,1
DA:2040,1
DA:2041,1
DA:2042,1
DA:2043,1
DA:2044,1
DA:2045,1
DA:2046,1
DA:2047,1
DA:2048,1
DA:2049,1
DA:2050,1
DA:2051,1
DA:2052,1
DA:2053,1
DA:2054,1
DA:2055,1
DA:2056,1
DA:2057,1
DA:2058,1
DA:2059,1
DA:2060,1
DA:2061,1
DA:2062,1
DA:2063,1
DA:2064,1
DA:2065,1
DA:2066,1
DA:2067,1
DA:2068,1
DA:2069,1
DA:2070,1
DA:2108,1
DA:2109,1
DA:2110,1
DA:2111,1
DA:2112,1
DA:2113,1
DA:2114,1
DA:2115,1
DA:2116,1
DA:2120,51
DA:2121,51
DA:2122,51
DA:2123,51
DA:2124,51
DA:2125,51
DA:2126,51
DA:2127,51
DA:2128,1
DA:2129,1
DA:2130,50
DA:2131,50
DA:2132,50
DA:2133,50
DA:2134,50
DA:2135,50
DA:2136,51
DA:2140,0
DA:2141,0
DA:2142,0
DA:2143,0
DA:2144,0
DA:2145,0
DA:2146,0
DA:2147,0
DA:2148,0
DA:2149,0
DA:2150,1
DA:2151,1
DA:2152,1
DA:2153,1
DA:2169,1
DA:2170,1
DA:2171,1
DA:2172,1
DA:2173,1
DA:2174,1
DA:2175,1
DA:2176,1
DA:2177,1
DA:2178,1
DA:2179,1
DA:2180,1
DA:2181,1
DA:2182,1
DA:2183,1
DA:2184,1
DA:2185,0
DA:2186,0
DA:2187,1
DA:2188,1
DA:2189,1
DA:2190,1
DA:2191,1
DA:2192,0
DA:2193,1
DA:2194,1
DA:2202,1
DA:2203,1
DA:2204,1
DA:2205,1
DA:2206,1
DA:2207,1
DA:2208,1
DA:2209,1
DA:2210,32
DA:2211,32
DA:2212,32
DA:2213,32
DA:2214,32
DA:2215,32
DA:2216,32
DA:2217,32
DA:2218,32
DA:2219,32
DA:2220,32
DA:2221,1
DA:2222,1
DA:2223,1
DA:2224,0
DA:2225,0
DA:2226,0
DA:2227,0
DA:2228,0
DA:2229,0
DA:2230,1
DA:2231,0
DA:2232,0
DA:2233,1
DA:2234,1
DA:2235,1
DA:2236,1
DA:2237,1
DA:2238,1
DA:2239,1
DA:2240,1
DA:2241,1
DA:2242,1
DA:2243,1
DA:2244,1
DA:2245,1
DA:2246,1
DA:2247,1
DA:2248,1
DA:2249,1
DA:2250,1
DA:2251,1
DA:2252,1
DA:2253,1
DA:2267,1
DA:2268,1
DA:2269,1
DA:2270,1
DA:2271,1
DA:2272,1
DA:2273,1
DA:2274,1
DA:2275,1
DA:2276,1
DA:2277,1
DA:2278,1
DA:2279,1
DA:2280,1
DA:2281,1
DA:2282,1
DA:2283,1
DA:2284,1
DA:2285,1
DA:2286,1
DA:2287,1
DA:2288,1
DA:2289,1
DA:2290,1
DA:2291,9
DA:2292,9
DA:2293,9
DA:2294,9
DA:2295,9
DA:2296,9
DA:2297,9
DA:2298,9
DA:2299,1
DA:2300,1
DA:2301,1
DA:2302,8
DA:2303,1
DA:2304,9
DA:2305,1
DA:2306,1
DA:2307,1
DA:2308,0
DA:2309,0
DA:2310,0
DA:2311,0
DA:2312,0
DA:2313,0
DA:2314,1
DA:2315,0
DA:2316,0
DA:2317,1
DA:2318,1
DA:2319,1
DA:2320,1
DA:2321,1
DA:2322,1
DA:2323,1
DA:2324,1
DA:2325,1
DA:2326,1
DA:2327,1
DA:2328,1
DA:2329,1
DA:2330,1
DA:2331,1
DA:2332,1
DA:2333,1
DA:2334,1
DA:2335,1
DA:2336,1
DA:2337,1
DA:2338,9
DA:2339,8
DA:2340,8
DA:2341,1
DA:2342,0
DA:2343,0
DA:2344,1
DA:2345,1
DA:2346,1
DA:2347,1
DA:2348,1
DA:2349,0
DA:2350,1
DA:2351,1
DA:2352,1
DA:2353,1
DA:2354,1
DA:2355,1
DA:2356,1
DA:2357,1
DA:2358,1
DA:2359,1
DA:2360,1
DA:2361,1
DA:2362,1
DA:2363,1
DA:2364,0
DA:2365,1
DA:2366,1
DA:2367,1
DA:2368,1
DA:2369,1
DA:2370,1
DA:2401,1
DA:2402,1
DA:2403,1
DA:2404,1
DA:2405,1
DA:2406,1
DA:2407,1
DA:2408,1
DA:2409,1
DA:2410,1
BRF:0
BRH:0
LF:1725
LH:1361
end_of_record
