SF:/home/ubuntu/Code/ExpressGateway/crates/lb-h3/src/frame.rs
FN:98,_RNCNvNtCs9vbOsrtJ9jD_5lb_h35frame12decode_frame0B5_
FN:84,_RNvNtCs9vbOsrtJ9jD_5lb_h35frame12decode_frame
FN:159,_RNvNtCs9vbOsrtJ9jD_5lb_h35frame12encode_frame
FN:98,_RNCNvNtCs29y4OA8UEZi_5lb_h35frame12decode_frame0B5_
FN:84,_RNvNtCs29y4OA8UEZi_5lb_h35frame12decode_frame
FN:159,_RNvNtCs29y4OA8UEZi_5lb_h35frame12encode_frame
FN:275,_RNvNtNtCs29y4OA8UEZi_5lb_h35frame5testss_16incomplete_input
FN:233,_RNvNtNtCs29y4OA8UEZi_5lb_h35frame5testss_20data_frame_roundtrip
FN:266,_RNvNtNtCs29y4OA8UEZi_5lb_h35frame5testss_22goaway_frame_roundtrip
FN:244,_RNvNtNtCs29y4OA8UEZi_5lb_h35frame5testss_23headers_frame_roundtrip
FN:287,_RNvNtNtCs29y4OA8UEZi_5lb_h35frame5testss_24frame_too_large_rejected
FN:255,_RNvNtNtCs29y4OA8UEZi_5lb_h35frame5testss_24settings_frame_roundtrip
FN:310,_RNvNtNtCs29y4OA8UEZi_5lb_h35frame5testss_26unknown_frame_type_ignored
FNDA:0,_RNCNvNtCs9vbOsrtJ9jD_5lb_h35frame12decode_frame0B5_
FNDA:301161,_RNvNtCs9vbOsrtJ9jD_5lb_h35frame12decode_frame
FNDA:63181,_RNvNtCs9vbOsrtJ9jD_5lb_h35frame12encode_frame
FNDA:0,_RNCNvNtCs29y4OA8UEZi_5lb_h35frame12decode_frame0B5_
FNDA:9,_RNvNtCs29y4OA8UEZi_5lb_h35frame12decode_frame
FNDA:4,_RNvNtCs29y4OA8UEZi_5lb_h35frame12encode_frame
FNDA:1,_RNvNtNtCs29y4OA8UEZi_5lb_h35frame5testss_16incomplete_input
FNDA:1,_RNvNtNtCs29y4OA8UEZi_5lb_h35frame5testss_20data_frame_roundtrip
FNDA:1,_RNvNtNtCs29y4OA8UEZi_5lb_h35frame5testss_22goaway_frame_roundtrip
FNDA:1,_RNvNtNtCs29y4OA8UEZi_5lb_h35frame5testss_23headers_frame_roundtrip
FNDA:1,_RNvNtNtCs29y4OA8UEZi_5lb_h35frame5testss_24frame_too_large_rejected
FNDA:1,_RNvNtNtCs29y4OA8UEZi_5lb_h35frame5testss_24settings_frame_roundtrip
FNDA:1,_RNvNtNtCs29y4OA8UEZi_5lb_h35frame5testss_26unknown_frame_type_ignored
FNF:10
FNH:9
DA:84,301170
DA:85,301170
DA:86,174201
DA:87,174201
DA:89,174200
DA:90,105
DA:91,105
DA:92,105
DA:93,105
DA:94,174095
DA:95,174095
DA:96,174095
DA:97,174095
DA:98,174095
DA:99,174095
DA:101,174095
DA:103,60865
DA:104,60481
DA:105,60481
DA:106,60481
DA:107,293
DA:108,293
DA:109,293
DA:111,2
DA:112,1
DA:115,2
DA:116,2
DA:117,5
DA:118,3
DA:119,3
DA:120,3
DA:121,3
DA:122,3
DA:123,3
DA:125,2
DA:128,0
DA:129,0
DA:130,0
DA:131,0
DA:132,0
DA:133,0
DA:136,2
DA:137,2
DA:140,2
DA:141,2
DA:144,83
DA:145,83
DA:146,83
DA:147,83
DA:150,60864
DA:151,301170
DA:159,63185
DA:160,63185
DA:161,63185
DA:162,63185
DA:163,62847
DA:164,62847
DA:165,62847
DA:166,62847
DA:168,329
DA:169,329
DA:170,329
DA:171,329
DA:173,1
DA:174,1
DA:175,1
DA:176,1
DA:177,1
DA:178,1
DA:180,3
DA:181,3
DA:182,6
DA:183,3
DA:184,3
DA:186,3
DA:187,3
DA:188,3
DA:191,0
DA:192,0
DA:193,0
DA:194,0
DA:195,0
DA:196,0
DA:197,0
DA:198,0
DA:199,0
DA:201,2
DA:202,2
DA:203,2
DA:204,2
DA:205,2
DA:206,2
DA:208,1
DA:209,1
DA:210,1
DA:211,1
DA:212,1
DA:213,1
DA:216,2
DA:217,2
DA:218,2
DA:219,2
DA:220,2
DA:221,2
DA:225,63185
DA:226,63185
DA:233,1
DA:234,1
DA:235,1
DA:236,1
DA:237,1
DA:238,1
DA:239,1
DA:240,1
DA:241,1
DA:244,1
DA:245,1
DA:246,1
DA:247,1
DA:248,1
DA:249,1
DA:250,1
DA:251,1
DA:252,1
DA:255,1
DA:256,1
DA:257,1
DA:258,1
DA:259,1
DA:260,1
DA:261,1
DA:262,1
DA:263,1
DA:266,1
DA:267,1
DA:268,1
DA:269,1
DA:270,1
DA:271,1
DA:272,1
DA:275,1
DA:276,1
DA:277,1
DA:280,1
DA:281,1
DA:284,1
DA:287,1
DA:288,1
DA:289,1
DA:290,1
DA:291,1
DA:292,1
DA:293,1
DA:294,1
DA:295,1
DA:296,1
DA:297,1
DA:305,1
DA:306,1
DA:307,1
DA:310,1
DA:311,1
DA:312,1
DA:313,1
DA:314,1
DA:315,1
DA:316,1
DA:317,1
DA:318,1
DA:319,1
DA:320,1
DA:321,1
DA:322,1
DA:323,1
DA:324,1
DA:325,1
DA:326,1
DA:327,1
DA:328,1
BRF:0
BRH:0
LF:180
LH:164
end_of_record
SF:/home/ubuntu/Code/ExpressGateway/crates/lb-h3/src/qpack.rs
FN:316,_RNCNvMs0_NtCs9vbOsrtJ9jD_5lb_h35qpackNtB7_12QpackDecoder6decode0B9_
FN:370,_RNCNvMs0_NtCs9vbOsrtJ9jD_5lb_h35qpackNtB7_12QpackDecoder6decodes0_0B9_
FN:331,_RNCNvMs0_NtCs9vbOsrtJ9jD_5lb_h35qpackNtB7_12QpackDecoder6decodes_0B9_
FN:137,_RNCNvNtCs9vbOsrtJ9jD_5lb_h35qpack11find_static0B5_
FN:198,_RNCNvNtCs9vbOsrtJ9jD_5lb_h35qpack14decode_qstring0B5_
FN:211,_RNvMNtCs9vbOsrtJ9jD_5lb_h35qpackNtB2_12QpackEncoder3new
FN:223,_RNvMNtCs9vbOsrtJ9jD_5lb_h35qpackNtB2_12QpackEncoder6encode
FN:282,_RNvMs0_NtCs9vbOsrtJ9jD_5lb_h35qpackNtB5_12QpackDecoder3new
FN:291,_RNvMs0_NtCs9vbOsrtJ9jD_5lb_h35qpackNtB5_12QpackDecoder6decode
FN:161,_RNvNtCs9vbOsrtJ9jD_5lb_h35qpack11decode_qint
FN:142,_RNvNtCs9vbOsrtJ9jD_5lb_h35qpack11encode_qint
FN:125,_RNvNtCs9vbOsrtJ9jD_5lb_h35qpack11find_static
FN:192,_RNvNtCs9vbOsrtJ9jD_5lb_h35qpack14decode_qstring
FN:187,_RNvNtCs9vbOsrtJ9jD_5lb_h35qpack14encode_qstring
FN:391,_RNvXs1_NtCs9vbOsrtJ9jD_5lb_h35qpackNtB5_12QpackDecoderNtNtCs2va5m0jqTTM_4core7default7Default7default
FN:268,_RNvXs_NtCs9vbOsrtJ9jD_5lb_h35qpackNtB4_12QpackEncoderNtNtCs2va5m0jqTTM_4core7default7Default7default
FN:316,_RNCNvMs0_NtCs29y4OA8UEZi_5lb_h35qpackNtB7_12QpackDecoder6decode0B9_
FN:370,_RNCNvMs0_NtCs29y4OA8UEZi_5lb_h35qpackNtB7_12QpackDecoder6decodes0_0B9_
FN:331,_RNCNvMs0_NtCs29y4OA8UEZi_5lb_h35qpackNtB7_12QpackDecoder6decodes_0B9_
FN:137,_RNCNvNtCs29y4OA8UEZi_5lb_h35qpack11find_static0B5_
FN:198,_RNCNvNtCs29y4OA8UEZi_5lb_h35qpack14decode_qstring0B5_
FN:211,_RNvMNtCs29y4OA8UEZi_5lb_h35qpackNtB2_12QpackEncoder3new
FN:223,_RNvMNtCs29y4OA8UEZi_5lb_h35qpackNtB2_12QpackEncoder6encode
FN:282,_RNvMs0_NtCs29y4OA8UEZi_5lb_h35qpackNtB5_12QpackDecoder3new
FN:291,_RNvMs0_NtCs29y4OA8UEZi_5lb_h35qpackNtB5_12QpackDecoder6decode
FN:161,_RNvNtCs29y4OA8UEZi_5lb_h35qpack11decode_qint
FN:142,_RNvNtCs29y4OA8UEZi_5lb_h35qpack11encode_qint
FN:125,_RNvNtCs29y4OA8UEZi_5lb_h35qpack11find_static
FN:192,_RNvNtCs29y4OA8UEZi_5lb_h35qpack14decode_qstring
FN:187,_RNvNtCs29y4OA8UEZi_5lb_h35qpack14encode_qstring
FN:401,_RNvNtNtCs29y4OA8UEZi_5lb_h35qpack5testss_21roundtrip_static_only
FN:418,_RNvNtNtCs29y4OA8UEZi_5lb_h35qpack5testss_23roundtrip_with_literals
FN:434,_RNvNtNtCs29y4OA8UEZi_5lb_h35qpack5testss_32roundtrip_name_ref_value_literal
FN:456,_RNvNtNtCs29y4OA8UEZi_5lb_h35qpack5testss_38decode_conformant_literal_literal_name
FN:501,_RNvNtNtCs29y4OA8UEZi_5lb_h35qpack5testss_43roundtrip_literal_literal_name_fixed_format
FN:481,_RNvNtNtCs29y4OA8UEZi_5lb_h35qpack5testss_47decode_literal_literal_name_length_continuation
FN:391,_RNvXs1_NtCs29y4OA8UEZi_5lb_h35qpackNtB5_12QpackDecoderNtNtCs2va5m0jqTTM_4core7default7Default7default
FN:268,_RNvXs_NtCs29y4OA8UEZi_5lb_h35qpackNtB4_12QpackEncoderNtNtCs2va5m0jqTTM_4core7default7Default7default
FNDA:2,_RNCNvMs0_NtCs9vbOsrtJ9jD_5lb_h35qpackNtB7_12QpackDecoder6decode0B9_
FNDA:0,_RNCNvMs0_NtCs9vbOsrtJ9jD_5lb_h35qpackNtB7_12QpackDecoder6decodes0_0B9_
FNDA:0,_RNCNvMs0_NtCs9vbOsrtJ9jD_5lb_h35qpackNtB7_12QpackDecoder6decodes_0B9_
FNDA:505,_RNCNvNtCs9vbOsrtJ9jD_5lb_h35qpack11find_static0B5_
FNDA:0,_RNCNvNtCs9vbOsrtJ9jD_5lb_h35qpack14decode_qstring0B5_
FNDA:582,_RNvMNtCs9vbOsrtJ9jD_5lb_h35qpackNtB2_12QpackEncoder3new
FNDA:582,_RNvMNtCs9vbOsrtJ9jD_5lb_h35qpackNtB2_12QpackEncoder6encode
FNDA:545,_RNvMs0_NtCs9vbOsrtJ9jD_5lb_h35qpackNtB5_12QpackDecoder3new
FNDA:545,_RNvMs0_NtCs9vbOsrtJ9jD_5lb_h35qpackNtB5_12QpackDecoder6decode
FNDA:6402,_RNvNtCs9vbOsrtJ9jD_5lb_h35qpack11decode_qint
FNDA:6651,_RNvNtCs9vbOsrtJ9jD_5lb_h35qpack11encode_qint
FNDA:2945,_RNvNtCs9vbOsrtJ9jD_5lb_h35qpack11find_static
FNDA:2484,_RNvNtCs9vbOsrtJ9jD_5lb_h35qpack14decode_qstring
FNDA:2542,_RNvNtCs9vbOsrtJ9jD_5lb_h35qpack14encode_qstring
FNDA:0,_RNvXs1_NtCs9vbOsrtJ9jD_5lb_h35qpackNtB5_12QpackDecoderNtNtCs2va5m0jqTTM_4core7default7Default7default
FNDA:0,_RNvXs_NtCs9vbOsrtJ9jD_5lb_h35qpackNtB4_12QpackEncoderNtNtCs2va5m0jqTTM_4core7default7Default7default
FNDA:0,_RNCNvMs0_NtCs29y4OA8UEZi_5lb_h35qpackNtB7_12QpackDecoder6decode0B9_
FNDA:0,_RNCNvMs0_NtCs29y4OA8UEZi_5lb_h35qpackNtB7_12QpackDecoder6decodes0_0B9_
FNDA:0,_RNCNvMs0_NtCs29y4OA8UEZi_5lb_h35qpackNtB7_12QpackDecoder6decodes_0B9_
FNDA:1,_RNCNvNtCs29y4OA8UEZi_5lb_h35qpack11find_static0B5_
FNDA:0,_RNCNvNtCs29y4OA8UEZi_5lb_h35qpack14decode_qstring0B5_
FNDA:4,_RNvMNtCs29y4OA8UEZi_5lb_h35qpackNtB2_12QpackEncoder3new
FNDA:4,_RNvMNtCs29y4OA8UEZi_5lb_h35qpackNtB2_12QpackEncoder6encode
FNDA:6,_RNvMs0_NtCs29y4OA8UEZi_5lb_h35qpackNtB5_12QpackDecoder3new
FNDA:6,_RNvMs0_NtCs29y4OA8UEZi_5lb_h35qpackNtB5_12QpackDecoder6decode
FNDA:31,_RNvNtCs29y4OA8UEZi_5lb_h35qpack11decode_qint
FNDA:20,_RNvNtCs29y4OA8UEZi_5lb_h35qpack11encode_qint
FNDA:8,_RNvNtCs29y4OA8UEZi_5lb_h35qpack11find_static
FNDA:6,_RNvNtCs29y4OA8UEZi_5lb_h35qpack14decode_qstring
FNDA:4,_RNvNtCs29y4OA8UEZi_5lb_h35qpack14encode_qstring
FNDA:1,_RNvNtNtCs29y4OA8UEZi_5lb_h35qpack5testss_21roundtrip_static_only
FNDA:1,_RNvNtNtCs29y4OA8UEZi_5lb_h35qpack5testss_23roundtrip_with_literals
FNDA:1,_RNvNtNtCs29y4OA8UEZi_5lb_h35qpack5testss_32roundtrip_name_ref_value_literal
FNDA:1,_RNvNtNtCs29y4OA8UEZi_5lb_h35qpack5testss_38decode_conformant_literal_literal_name
FNDA:1,_RNvNtNtCs29y4OA8UEZi_5lb_h35qpack5testss_43roundtrip_literal_literal_name_fixed_format
FNDA:1,_RNvNtNtCs29y4OA8UEZi_5lb_h35qpack5testss_47decode_literal_literal_name_length_continuation
FNDA:0,_RNvXs1_NtCs29y4OA8UEZi_5lb_h35qpackNtB5_12QpackDecoderNtNtCs2va5m0jqTTM_4core7default7Default7default
FNDA:0,_RNvXs_NtCs29y4OA8UEZi_5lb_h35qpackNtB4_12QpackEncoderNtNtCs2va5m0jqTTM_4core7default7Default7default
FNF:22
FNH:17
DA:125,2953
DA:126,2953
DA:127,261667
DA:128,261667
DA:129,2797
DA:130,407
DA:131,2390
DA:132,2390
DA:133,906
DA:134,1484
DA:135,258870
DA:137,2546
DA:138,2953
DA:142,6671
DA:143,6671
DA:144,6671
DA:145,4890
DA:146,4890
DA:147,4890
DA:149,1781
DA:150,1781
DA:151,1781
DA:152,0
DA:153,0
DA:154,0
DA:155,0
DA:157,1781
DA:159,6671
DA:161,6433
DA:162,6433
DA:163,6433
DA:164,6433
DA:165,6433
DA:166,6433
DA:167,4655
DA:168,1778
DA:169,1778
DA:170,1778
DA:171,1778
DA:173,1780
DA:174,1780
DA:175,1780
DA:176,1780
DA:177,1780
DA:178,1778
DA:179,2
DA:180,2
DA:181,0
DA:182,2
DA:184,1778
DA:185,6433
DA:187,2546
DA:188,2546
DA:189,2546
DA:190,2546
DA:192,2490
DA:193,2490
DA:194,2490
DA:195,2490
DA:196,2490
DA:197,2490
DA:198,2490
DA:199,2490
DA:200,2490
DA:211,586
DA:212,586
DA:213,586
DA:223,586
DA:224,586
DA:225,586
DA:226,586
DA:227,586
DA:228,586
DA:229,586
DA:231,3539
DA:232,2953
DA:233,407
DA:234,407
DA:235,407
DA:236,407
DA:237,506
DA:238,506
DA:239,506
DA:240,506
DA:241,506
DA:242,2040
DA:243,2040
DA:244,2040
DA:245,2040
DA:246,2040
DA:247,2040
DA:248,2040
DA:249,2040
DA:250,2040
DA:251,2040
DA:252,2040
DA:253,2040
DA:254,2040
DA:255,2040
DA:256,2040
DA:257,2040
DA:258,2040
DA:259,2040
DA:263,586
DA:264,586
DA:268,0
DA:269,0
DA:270,0
DA:282,551
DA:283,551
DA:284,551
DA:291,551
DA:292,551
DA:293,551
DA:294,551
DA:296,551
DA:297,0
DA:298,0
DA:299,0
DA:300,551
DA:301,551
DA:302,551
DA:303,551
DA:305,3390
DA:306,2841
DA:308,2841
DA:310,351
DA:311,351
DA:312,351
DA:314,351
DA:315,351
DA:316,351
DA:317,349
DA:318,2490
DA:320,0
DA:321,0
DA:322,0
DA:323,2490
DA:325,449
DA:326,449
DA:327,449
DA:329,449
DA:330,449
DA:331,449
DA:332,449
DA:334,449
DA:335,449
DA:336,449
DA:337,449
DA:338,449
DA:339,2041
DA:341,0
DA:342,0
DA:343,0
DA:344,2041
DA:363,2041
DA:364,2041
DA:365,2041
DA:366,2041
DA:367,2041
DA:368,2041
DA:369,2041
DA:370,2041
DA:371,2041
DA:372,2041
DA:374,2041
DA:375,2041
DA:376,2041
DA:377,2041
DA:378,2041
DA:380,0
DA:381,0
DA:382,0
DA:386,549
DA:387,551
DA:391,0
DA:392,0
DA:393,0
DA:401,1
DA:402,1
DA:403,1
DA:404,1
DA:405,1
DA:406,1
DA:407,1
DA:408,1
DA:409,1
DA:410,1
DA:411,1
DA:412,1
DA:413,1
DA:414,1
DA:415,1
DA:418,1
DA:419,1
DA:420,1
DA:421,1
DA:422,1
DA:423,1
DA:424,1
DA:425,1
DA:426,1
DA:427,1
DA:428,1
DA:429,1
DA:430,1
DA:431,1
DA:434,1
DA:435,1
DA:436,1
DA:437,1
DA:438,1
DA:439,1
DA:440,1
DA:441,1
DA:442,1
DA:443,1
DA:444,1
DA:456,1
DA:457,1
DA:458,1
DA:459,1
DA:460,1
DA:461,1
DA:462,1
DA:463,1
DA:464,1
DA:465,1
DA:466,1
DA:467,1
DA:468,1
DA:469,1
DA:470,1
DA:471,1
DA:472,1
DA:473,1
DA:474,1
DA:475,1
DA:476,1
DA:481,1
DA:482,1
DA:483,1
DA:484,1
DA:485,1
DA:486,1
DA:487,1
DA:488,1
DA:489,1
DA:490,1
DA:491,1
DA:492,1
DA:493,1
DA:494,1
DA:495,1
DA:501,1
DA:502,1
DA:503,1
DA:504,1
DA:505,1
DA:506,1
DA:507,1
DA:508,1
DA:509,1
DA:510,1
DA:511,1
DA:512,1
DA:513,1
DA:514,1
BRF:0
BRH:0
LF:273
LH:247
end_of_record
SF:/home/ubuntu/Code/ExpressGateway/crates/lb-h3/src/security.rs
FN:22,_RNvMNtCs9vbOsrtJ9jD_5lb_h38securityNtB2_17QpackBombDetector3new
FN:35,_RNvMNtCs9vbOsrtJ9jD_5lb_h38securityNtB2_17QpackBombDetector5check
FN:22,_RNvMNtCs29y4OA8UEZi_5lb_h38securityNtB2_17QpackBombDetector3new
FN:35,_RNvMNtCs29y4OA8UEZi_5lb_h38securityNtB2_17QpackBombDetector5check
FN:85,_RNvNtNtCs29y4OA8UEZi_5lb_h38security5testss_12zero_encoded
FN:79,_RNvNtNtCs29y4OA8UEZi_5lb_h38security5testss_13size_exceeded
FN:73,_RNvNtNtCs29y4OA8UEZi_5lb_h38security5testss_14ratio_exceeded
FN:67,_RNvNtNtCs29y4OA8UEZi_5lb_h38security5testss_15normal_input_ok
FNDA:0,_RNvMNtCs9vbOsrtJ9jD_5lb_h38securityNtB2_17QpackBombDetector3new
FNDA:0,_RNvMNtCs9vbOsrtJ9jD_5lb_h38securityNtB2_17QpackBombDetector5check
FNDA:4,_RNvMNtCs29y4OA8UEZi_5lb_h38securityNtB2_17QpackBombDetector3new
FNDA:4,_RNvMNtCs29y4OA8UEZi_5lb_h38securityNtB2_17QpackBombDetector5check
FNDA:1,_RNvNtNtCs29y4OA8UEZi_5lb_h38security5testss_12zero_encoded
FNDA:1,_RNvNtNtCs29y4OA8UEZi_5lb_h38security5testss_13size_exceeded
FNDA:1,_RNvNtNtCs29y4OA8UEZi_5lb_h38security5testss_14ratio_exceeded
FNDA:1,_RNvNtNtCs29y4OA8UEZi_5lb_h38security5testss_15normal_input_ok
FNF:6
FNH:6
DA:22,4
DA:23,4
DA:24,4
DA:25,4
DA:26,4
DA:27,4
DA:35,4
DA:36,4
DA:37,2
DA:38,1
DA:39,1
DA:41,2
DA:42,2
DA:43,2
DA:44,2
DA:45,2
DA:46,2
DA:48,2
DA:49,2
DA:50,1
DA:51,1
DA:52,1
DA:53,1
DA:54,1
DA:55,1
DA:56,0
DA:58,1
DA:59,4
DA:67,1
DA:68,1
DA:69,1
DA:70,1
DA:73,1
DA:74,1
DA:75,1
DA:76,1
DA:79,1
DA:80,1
DA:81,1
DA:82,1
DA:85,1
DA:86,1
DA:87,1
DA:88,1
BRF:0
BRH:0
LF:44
LH:43
end_of_record
SF:/home/ubuntu/Code/ExpressGateway/crates/lb-h3/src/varint.rs
FN:27,_RNvNtCs9vbOsrtJ9jD_5lb_h36varint13decode_varint
FN:68,_RNvNtCs9vbOsrtJ9jD_5lb_h36varint13encode_varint
FN:99,_RNvNtNtCs29y4OA8UEZi_5lb_h36varint5testss_15roundtrip_small
FN:111,_RNvNtNtCs29y4OA8UEZi_5lb_h36varint5testss_18roundtrip_two_byte
FN:123,_RNvNtNtCs29y4OA8UEZi_5lb_h36varint5testss_19roundtrip_four_byte
FN:135,_RNvNtNtCs29y4OA8UEZi_5lb_h36varint5testss_20roundtrip_eight_byte
FN:147,_RNvNtNtCs29y4OA8UEZi_5lb_h36varint5testss_8overflow
FN:27,_RNvNtCs29y4OA8UEZi_5lb_h36varint13decode_varint
FN:68,_RNvNtCs29y4OA8UEZi_5lb_h36varint13encode_varint
FNDA:501536,_RNvNtCs9vbOsrtJ9jD_5lb_h36varint13decode_varint
FNDA:126631,_RNvNtCs9vbOsrtJ9jD_5lb_h36varint13encode_varint
FNDA:1,_RNvNtNtCs29y4OA8UEZi_5lb_h36varint5testss_15roundtrip_small
FNDA:1,_RNvNtNtCs29y4OA8UEZi_5lb_h36varint5testss_18roundtrip_two_byte
FNDA:1,_RNvNtNtCs29y4OA8UEZi_5lb_h36varint5testss_19roundtrip_four_byte
FNDA:1,_RNvNtNtCs29y4OA8UEZi_5lb_h36varint5testss_20roundtrip_eight_byte
FNDA:1,_RNvNtNtCs29y4OA8UEZi_5lb_h36varint5testss_8overflow
FNDA:95,_RNvNtCs29y4OA8UEZi_5lb_h36varint13decode_varint
FNDA:91,_RNvNtCs29y4OA8UEZi_5lb_h36varint13encode_varint
FNF:7
FNH:7
DA:27,501631
DA:28,501631
DA:29,362363
DA:30,362363
DA:31,362363
DA:33,188640
DA:34,188640
DA:37,167216
DA:38,167199
DA:39,167199
DA:42,6069
DA:43,4640
DA:44,3206
DA:45,1583
DA:46,1583
DA:47,1583
DA:48,1583
DA:49,1583
DA:52,438
DA:53,3361
DA:54,2956
DA:55,2923
DA:57,405
DA:59,0
DA:61,501631
DA:68,126722
DA:69,126722
DA:70,1
DA:71,126721
DA:72,126721
DA:73,126721
DA:75,70294
DA:76,70294
DA:77,56427
DA:79,53933
DA:80,53933
DA:81,53933
DA:82,2494
DA:84,2236
DA:85,2236
DA:86,2236
DA:88,258
DA:89,258
DA:90,258
DA:92,126722
DA:99,1
DA:100,65
DA:101,64
DA:102,64
DA:103,64
DA:104,64
DA:105,64
DA:106,64
DA:108,1
DA:111,1
DA:112,5
DA:113,4
DA:114,4
DA:115,4
DA:116,4
DA:117,4
DA:118,4
DA:120,1
DA:123,1
DA:124,4
DA:125,3
DA:126,3
DA:127,3
DA:128,3
DA:129,3
DA:130,3
DA:132,1
DA:135,1
DA:136,2
DA:137,2
DA:138,2
DA:139,2
DA:140,2
DA:141,2
DA:142,2
DA:144,1
DA:147,1
DA:148,1
DA:149,1
DA:150,1
BRF:0
BRH:0
LF:85
LH:84
end_of_record
SF:/home/ubuntu/Code/ExpressGateway/crates/lb-quic/src/cleanup_guard.rs
FN:50,_RNvMNtCsFtQQ2UsJ2c_7lb_quic13cleanup_guardINtB2_13CidEntryGuardINtNtCs8GO9KFlE3Dq_5alloc3vec3VechEINtNtNtNtCsfWKKmeeA0Vo_5tokio4sync4mpsc7bounded6SenderNtNtB4_10conn_actor13InboundPacketEE3newB4_
FN:68,_RNvXs_NtCsFtQQ2UsJ2c_7lb_quic13cleanup_guardINtB4_13CidEntryGuardINtNtCs8GO9KFlE3Dq_5alloc3vec3VechEINtNtNtNtCsfWKKmeeA0Vo_5tokio4sync4mpsc7bounded6SenderNtNtB6_10conn_actor13InboundPacketEENtNtNtCs2va5m0jqTTM_4core3ops4drop4Drop4dropB6_
FN:59,_RNvMNtCsFtQQ2UsJ2c_7lb_quic13cleanup_guardINtB2_13CidEntryGuardppE6disarmB4_
FN:50,_RNvMNtCsiNLkn7P4XgI_7lb_quic13cleanup_guardINtB2_13CidEntryGuardINtNtCs8GO9KFlE3Dq_5alloc3vec3VechEINtNtNtNtCsfWKKmeeA0Vo_5tokio4sync4mpsc7bounded6SenderNtNtB4_10conn_actor13InboundPacketEE3newB4_
FN:68,_RNvXs_NtCsiNLkn7P4XgI_7lb_quic13cleanup_guardINtB4_13CidEntryGuardINtNtCs8GO9KFlE3Dq_5alloc3vec3VechEINtNtNtNtCsfWKKmeeA0Vo_5tokio4sync4mpsc7bounded6SenderNtNtB6_10conn_actor13InboundPacketEENtNtNtCs2va5m0jqTTM_4core3ops4drop4Drop4dropB6_
FN:59,_RNvMNtCsiNLkn7P4XgI_7lb_quic13cleanup_guardINtB2_13CidEntryGuardppE6disarmB4_
FN:50,_RNvMNtCsFtQQ2UsJ2c_7lb_quic13cleanup_guardINtB2_13CidEntryGuardINtNtCs8GO9KFlE3Dq_5alloc3vec3VechEuE3newCsjUX72moceO5_16quic_router_leak
FN:68,_RNvXs_NtCsFtQQ2UsJ2c_7lb_quic13cleanup_guardINtB4_13CidEntryGuardINtNtCs8GO9KFlE3Dq_5alloc3vec3VechEuENtNtNtCs2va5m0jqTTM_4core3ops4drop4Drop4dropCsjUX72moceO5_16quic_router_leak
FNDA:133,_RNvMNtCsFtQQ2UsJ2c_7lb_quic13cleanup_guardINtB2_13CidEntryGuardINtNtCs8GO9KFlE3Dq_5alloc3vec3VechEINtNtNtNtCsfWKKmeeA0Vo_5tokio4sync4mpsc7bounded6SenderNtNtB4_10conn_actor13InboundPacketEE3newB4_
FNDA:133,_RNvXs_NtCsFtQQ2UsJ2c_7lb_quic13cleanup_guardINtB4_13CidEntryGuardINtNtCs8GO9KFlE3Dq_5alloc3vec3VechEINtNtNtNtCsfWKKmeeA0Vo_5tokio4sync4mpsc7bounded6SenderNtNtB6_10conn_actor13InboundPacketEENtNtNtCs2va5m0jqTTM_4core3ops4drop4Drop4dropB6_
FNDA:0,_RNvMNtCsFtQQ2UsJ2c_7lb_quic13cleanup_guardINtB2_13CidEntryGuardppE6disarmB4_
FNDA:4,_RNvMNtCsiNLkn7P4XgI_7lb_quic13cleanup_guardINtB2_13CidEntryGuardINtNtCs8GO9KFlE3Dq_5alloc3vec3VechEINtNtNtNtCsfWKKmeeA0Vo_5tokio4sync4mpsc7bounded6SenderNtNtB4_10conn_actor13InboundPacketEE3newB4_
FNDA:4,_RNvXs_NtCsiNLkn7P4XgI_7lb_quic13cleanup_guardINtB4_13CidEntryGuardINtNtCs8GO9KFlE3Dq_5alloc3vec3VechEINtNtNtNtCsfWKKmeeA0Vo_5tokio4sync4mpsc7bounded6SenderNtNtB6_10conn_actor13InboundPacketEENtNtNtCs2va5m0jqTTM_4core3ops4drop4Drop4dropB6_
FNDA:0,_RNvMNtCsiNLkn7P4XgI_7lb_quic13cleanup_guardINtB2_13CidEntryGuardppE6disarmB4_
FNDA:3,_RNvMNtCsFtQQ2UsJ2c_7lb_quic13cleanup_guardINtB2_13CidEntryGuardINtNtCs8GO9KFlE3Dq_5alloc3vec3VechEuE3newCsjUX72moceO5_16quic_router_leak
FNDA:3,_RNvXs_NtCsFtQQ2UsJ2c_7lb_quic13cleanup_guardINtB4_13CidEntryGuardINtNtCs8GO9KFlE3Dq_5alloc3vec3VechEuENtNtNtCs2va5m0jqTTM_4core3ops4drop4Drop4dropCsjUX72moceO5_16quic_router_leak
FNF:3
FNH:2
DA:50,140
DA:51,140
DA:52,140
DA:53,140
DA:54,140
DA:55,140
DA:59,0
DA:60,0
DA:61,0
DA:68,140
DA:69,420
DA:70,280
DA:71,280
DA:72,280
DA:73,280
DA:74,280
DA:75,280
DA:77,140
BRF:0
BRH:0
LF:18
LH:15
end_of_record
SF:/home/ubuntu/Code/ExpressGateway/crates/lb-quic/src/conn_actor.rs
FN:1407,_RNCNCNvNtCsFtQQ2UsJ2c_7lb_quic10conn_actor26record_retained_for_stream00B7_
FN:266,_RNCNCNvNtCsFtQQ2UsJ2c_7lb_quic10conn_actor9run_actor00B7_
FN:356,_RNCNCNvNtCsFtQQ2UsJ2c_7lb_quic10conn_actor9run_actor0s_0B7_
FN:767,_RNCNvNtCsFtQQ2UsJ2c_7lb_quic10conn_actor15drain_conn_send0B5_
FN:704,_RNCNvNtCsFtQQ2UsJ2c_7lb_quic10conn_actor20graceful_h3_shutdown0B5_
FN:671,_RNCNvNtCsFtQQ2UsJ2c_7lb_quic10conn_actor21drain_streams_to_conn0B5_
FN:1405,_RNCNvNtCsFtQQ2UsJ2c_7lb_quic10conn_actor26record_retained_for_stream0B5_
FN:1418,_RNCNvNtCsFtQQ2UsJ2c_7lb_quic10conn_actor26record_retained_for_streams_0B5_
FN:915,_RNCNvNtCsFtQQ2UsJ2c_7lb_quic10conn_actor7poll_h30B5_
FN:1020,_RNCNvNtCsFtQQ2UsJ2c_7lb_quic10conn_actor7poll_h3s0_0B5_
FN:1096,_RNCNvNtCsFtQQ2UsJ2c_7lb_quic10conn_actor7poll_h3s1_0B5_
FN:944,_RNCNvNtCsFtQQ2UsJ2c_7lb_quic10conn_actor7poll_h3s_0B5_
FN:186,_RNCNvNtCsFtQQ2UsJ2c_7lb_quic10conn_actor9run_actor0B5_
FN:547,_RNvMNtCsFtQQ2UsJ2c_7lb_quic10conn_actorNtB2_8StreamTx11progressive
FN:538,_RNvMNtCsFtQQ2UsJ2c_7lb_quic10conn_actorNtB2_8StreamTx3new
FN:1428,_RNvNtCsFtQQ2UsJ2c_7lb_quic10conn_actor13flush_pending
FN:1471,_RNvNtCsFtQQ2UsJ2c_7lb_quic10conn_actor14select_backend
FN:763,_RNvNtCsFtQQ2UsJ2c_7lb_quic10conn_actor15drain_conn_send
FN:752,_RNvNtCsFtQQ2UsJ2c_7lb_quic10conn_actor15reset_h3_stream
FN:1246,_RNvNtCsFtQQ2UsJ2c_7lb_quic10conn_actor17drain_body_stream
FN:1335,_RNvNtCsFtQQ2UsJ2c_7lb_quic10conn_actor19decode_into_pending
FN:421,_RNvNtCsFtQQ2UsJ2c_7lb_quic10conn_actor19drain_resp_channels
FN:700,_RNvNtCsFtQQ2UsJ2c_7lb_quic10conn_actor20graceful_h3_shutdown
FN:560,_RNvNtCsFtQQ2UsJ2c_7lb_quic10conn_actor21drain_streams_to_conn
FN:1396,_RNvNtCsFtQQ2UsJ2c_7lb_quic10conn_actor26record_retained_for_stream
FN:374,_RNvNtCsFtQQ2UsJ2c_7lb_quic10conn_actor31reap_client_cancelled_responses
FN:790,_RNvNtCsFtQQ2UsJ2c_7lb_quic10conn_actor7poll_h3
FN:186,_RNvNtCsFtQQ2UsJ2c_7lb_quic10conn_actor9run_actor
FN:1407,_RNCNCNvNtCsiNLkn7P4XgI_7lb_quic10conn_actor26record_retained_for_stream00B7_
FN:266,_RNCNCNvNtCsiNLkn7P4XgI_7lb_quic10conn_actor9run_actor00B7_
FN:356,_RNCNCNvNtCsiNLkn7P4XgI_7lb_quic10conn_actor9run_actor0s_0B7_
FN:767,_RNCNvNtCsiNLkn7P4XgI_7lb_quic10conn_actor15drain_conn_send0B5_
FN:704,_RNCNvNtCsiNLkn7P4XgI_7lb_quic10conn_actor20graceful_h3_shutdown0B5_
FN:671,_RNCNvNtCsiNLkn7P4XgI_7lb_quic10conn_actor21drain_streams_to_conn0B5_
FN:1405,_RNCNvNtCsiNLkn7P4XgI_7lb_quic10conn_actor26record_retained_for_stream0B5_
FN:1418,_RNCNvNtCsiNLkn7P4XgI_7lb_quic10conn_actor26record_retained_for_streams_0B5_
FN:915,_RNCNvNtCsiNLkn7P4XgI_7lb_quic10conn_actor7poll_h30B5_
FN:1020,_RNCNvNtCsiNLkn7P4XgI_7lb_quic10conn_actor7poll_h3s0_0B5_
FN:1096,_RNCNvNtCsiNLkn7P4XgI_7lb_quic10conn_actor7poll_h3s1_0B5_
FN:944,_RNCNvNtCsiNLkn7P4XgI_7lb_quic10conn_actor7poll_h3s_0B5_
FN:186,_RNCNvNtCsiNLkn7P4XgI_7lb_quic10conn_actor9run_actor0B5_
FN:547,_RNvMNtCsiNLkn7P4XgI_7lb_quic10conn_actorNtB2_8StreamTx11progressive
FN:538,_RNvMNtCsiNLkn7P4XgI_7lb_quic10conn_actorNtB2_8StreamTx3new
FN:1428,_RNvNtCsiNLkn7P4XgI_7lb_quic10conn_actor13flush_pending
FN:1471,_RNvNtCsiNLkn7P4XgI_7lb_quic10conn_actor14select_backend
FN:763,_RNvNtCsiNLkn7P4XgI_7lb_quic10conn_actor15drain_conn_send
FN:752,_RNvNtCsiNLkn7P4XgI_7lb_quic10conn_actor15reset_h3_stream
FN:1246,_RNvNtCsiNLkn7P4XgI_7lb_quic10conn_actor17drain_body_stream
FN:1335,_RNvNtCsiNLkn7P4XgI_7lb_quic10conn_actor19decode_into_pending
FN:421,_RNvNtCsiNLkn7P4XgI_7lb_quic10conn_actor19drain_resp_channels
FN:700,_RNvNtCsiNLkn7P4XgI_7lb_quic10conn_actor20graceful_h3_shutdown
FN:560,_RNvNtCsiNLkn7P4XgI_7lb_quic10conn_actor21drain_streams_to_conn
FN:1396,_RNvNtCsiNLkn7P4XgI_7lb_quic10conn_actor26record_retained_for_stream
FN:374,_RNvNtCsiNLkn7P4XgI_7lb_quic10conn_actor31reap_client_cancelled_responses
FN:790,_RNvNtCsiNLkn7P4XgI_7lb_quic10conn_actor7poll_h3
FN:186,_RNvNtCsiNLkn7P4XgI_7lb_quic10conn_actor9run_actor
FNDA:5523,_RNCNCNvNtCsFtQQ2UsJ2c_7lb_quic10conn_actor26record_retained_for_stream00B7_
FNDA:582213,_RNCNCNvNtCsFtQQ2UsJ2c_7lb_quic10conn_actor9run_actor00B7_
FNDA:287459,_RNCNCNvNtCsFtQQ2UsJ2c_7lb_quic10conn_actor9run_actor0s_0B7_
FNDA:855144,_RNCNvNtCsFtQQ2UsJ2c_7lb_quic10conn_actor15drain_conn_send0B5_
FNDA:110,_RNCNvNtCsFtQQ2UsJ2c_7lb_quic10conn_actor20graceful_h3_shutdown0B5_
FNDA:671615,_RNCNvNtCsFtQQ2UsJ2c_7lb_quic10conn_actor21drain_streams_to_conn0B5_
FNDA:5264,_RNCNvNtCsFtQQ2UsJ2c_7lb_quic10conn_actor26record_retained_for_stream0B5_
FNDA:5264,_RNCNvNtCsFtQQ2UsJ2c_7lb_quic10conn_actor26record_retained_for_streams_0B5_
FNDA:2,_RNCNvNtCsFtQQ2UsJ2c_7lb_quic10conn_actor7poll_h30B5_
FNDA:81,_RNCNvNtCsFtQQ2UsJ2c_7lb_quic10conn_actor7poll_h3s0_0B5_
FNDA:36,_RNCNvNtCsFtQQ2UsJ2c_7lb_quic10conn_actor7poll_h3s1_0B5_
FNDA:8,_RNCNvNtCsFtQQ2UsJ2c_7lb_quic10conn_actor7poll_h3s_0B5_
FNDA:136,_RNCNvNtCsFtQQ2UsJ2c_7lb_quic10conn_actor9run_actor0B5_
FNDA:373771,_RNvMNtCsFtQQ2UsJ2c_7lb_quic10conn_actorNtB2_8StreamTx11progressive
FNDA:2,_RNvMNtCsFtQQ2UsJ2c_7lb_quic10conn_actorNtB2_8StreamTx3new
FNDA:296132,_RNvNtCsFtQQ2UsJ2c_7lb_quic10conn_actor13flush_pending
FNDA:36,_RNvNtCsFtQQ2UsJ2c_7lb_quic10conn_actor14select_backend
FNDA:855144,_RNvNtCsFtQQ2UsJ2c_7lb_quic10conn_actor15drain_conn_send
FNDA:1,_RNvNtCsFtQQ2UsJ2c_7lb_quic10conn_actor15reset_h3_stream
FNDA:141764,_RNvNtCsFtQQ2UsJ2c_7lb_quic10conn_actor17drain_body_stream
FNDA:5264,_RNvNtCsFtQQ2UsJ2c_7lb_quic10conn_actor19decode_into_pending
FNDA:671917,_RNvNtCsFtQQ2UsJ2c_7lb_quic10conn_actor19drain_resp_channels
FNDA:110,_RNvNtCsFtQQ2UsJ2c_7lb_quic10conn_actor20graceful_h3_shutdown
FNDA:672053,_RNvNtCsFtQQ2UsJ2c_7lb_quic10conn_actor21drain_streams_to_conn
FNDA:5264,_RNvNtCsFtQQ2UsJ2c_7lb_quic10conn_actor26record_retained_for_stream
FNDA:671917,_RNvNtCsFtQQ2UsJ2c_7lb_quic10conn_actor31reap_client_cancelled_responses
FNDA:671784,_RNvNtCsFtQQ2UsJ2c_7lb_quic10conn_actor7poll_h3
FNDA:136,_RNvNtCsFtQQ2UsJ2c_7lb_quic10conn_actor9run_actor
FNDA:0,_RNCNCNvNtCsiNLkn7P4XgI_7lb_quic10conn_actor26record_retained_for_stream00B7_
FNDA:0,_RNCNCNvNtCsiNLkn7P4XgI_7lb_quic10conn_actor9run_actor00B7_
FNDA:0,_RNCNCNvNtCsiNLkn7P4XgI_7lb_quic10conn_actor9run_actor0s_0B7_
FNDA:0,_RNCNvNtCsiNLkn7P4XgI_7lb_quic10conn_actor15drain_conn_send0B5_
FNDA:0,_RNCNvNtCsiNLkn7P4XgI_7lb_quic10conn_actor20graceful_h3_shutdown0B5_
FNDA:0,_RNCNvNtCsiNLkn7P4XgI_7lb_quic10conn_actor21drain_streams_to_conn0B5_
FNDA:0,_RNCNvNtCsiNLkn7P4XgI_7lb_quic10conn_actor26record_retained_for_stream0B5_
FNDA:0,_RNCNvNtCsiNLkn7P4XgI_7lb_quic10conn_actor26record_retained_for_streams_0B5_
FNDA:0,_RNCNvNtCsiNLkn7P4XgI_7lb_quic10conn_actor7poll_h30B5_
FNDA:0,_RNCNvNtCsiNLkn7P4XgI_7lb_quic10conn_actor7poll_h3s0_0B5_
FNDA:0,_RNCNvNtCsiNLkn7P4XgI_7lb_quic10conn_actor7poll_h3s1_0B5_
FNDA:0,_RNCNvNtCsiNLkn7P4XgI_7lb_quic10conn_actor7poll_h3s_0B5_
FNDA:0,_RNCNvNtCsiNLkn7P4XgI_7lb_quic10conn_actor9run_actor0B5_
FNDA:0,_RNvMNtCsiNLkn7P4XgI_7lb_quic10conn_actorNtB2_8StreamTx11progressive
FNDA:0,_RNvMNtCsiNLkn7P4XgI_7lb_quic10conn_actorNtB2_8StreamTx3new
FNDA:0,_RNvNtCsiNLkn7P4XgI_7lb_quic10conn_actor13flush_pending
FNDA:0,_RNvNtCsiNLkn7P4XgI_7lb_quic10conn_actor14select_backend
FNDA:0,_RNvNtCsiNLkn7P4XgI_7lb_quic10conn_actor15drain_conn_send
FNDA:0,_RNvNtCsiNLkn7P4XgI_7lb_quic10conn_actor15reset_h3_stream
FNDA:0,_RNvNtCsiNLkn7P4XgI_7lb_quic10conn_actor17drain_body_stream
FNDA:0,_RNvNtCsiNLkn7P4XgI_7lb_quic10conn_actor19decode_into_pending
FNDA:0,_RNvNtCsiNLkn7P4XgI_7lb_quic10conn_actor19drain_resp_channels
FNDA:0,_RNvNtCsiNLkn7P4XgI_7lb_quic10conn_actor20graceful_h3_shutdown
FNDA:0,_RNvNtCsiNLkn7P4XgI_7lb_quic10conn_actor21drain_streams_to_conn
FNDA:0,_RNvNtCsiNLkn7P4XgI_7lb_quic10conn_actor26record_retained_for_stream
FNDA:0,_RNvNtCsiNLkn7P4XgI_7lb_quic10conn_actor31reap_client_cancelled_responses
FNDA:0,_RNvNtCsiNLkn7P4XgI_7lb_quic10conn_actor7poll_h3
FNDA:0,_RNvNtCsiNLkn7P4XgI_7lb_quic10conn_actor9run_actor
FNF:28
FNH:28
DA:186,136
DA:187,136
DA:188,136
DA:189,136
DA:190,136
DA:191,136
DA:192,136
DA:193,0
DA:194,136
DA:195,136
DA:196,136
DA:197,136
DA:198,136
DA:199,136
DA:200,136
DA:201,136
DA:202,136
DA:203,136
DA:204,136
DA:205,136
DA:206,136
DA:207,136
DA:208,136
DA:209,136
DA:210,136
DA:211,136
DA:212,136
DA:213,136
DA:214,136
DA:215,136
DA:216,136
DA:217,136
DA:218,136
DA:219,136
DA:220,136
DA:221,136
DA:222,136
DA:223,136
DA:224,136
DA:225,136
DA:226,136
DA:227,136
DA:232,672053
DA:233,672053
DA:235,672053
DA:236,27
DA:237,672026
DA:238,672026
DA:239,672026
DA:240,672026
DA:241,672026
DA:242,672026
DA:243,672026
DA:244,672026
DA:245,672026
DA:246,672026
DA:247,672026
DA:248,672026
DA:249,672026
DA:250,672026
DA:251,672026
DA:252,672026
DA:253,672026
DA:254,672026
DA:255,672026
DA:256,672026
DA:257,526622
DA:258,526622
DA:259,671586
DA:260,671586
DA:261,671586
DA:266,672026
DA:267,582213
DA:268,582211
DA:273,2
DA:274,2
DA:275,2
DA:276,2
DA:278,2
DA:279,2
DA:280,2
DA:281,0
DA:282,0
DA:283,0
DA:286,0
DA:289,2
DA:291,672026
DA:293,672026
DA:294,109
DA:295,18
DA:297,672026
DA:298,143689
DA:299,143689
DA:300,143689
DA:301,143688
DA:302,1
DA:303,1
DA:307,672026
DA:308,2
DA:309,2
DA:310,2
DA:312,672026
DA:313,528226
DA:314,528226
DA:318,671917
DA:319,671784
DA:320,671784
DA:321,671784
DA:322,671784
DA:323,671784
DA:324,671784
DA:325,671784
DA:326,671784
DA:327,671784
DA:328,671784
DA:329,671784
DA:330,671784
DA:331,671784
DA:332,671784
DA:333,671784
DA:339,671917
DA:340,671917
DA:341,671917
DA:342,671917
DA:343,671917
DA:344,671917
DA:345,671917
DA:346,671917
DA:347,671917
DA:348,671917
DA:349,671917
DA:350,671917
DA:351,671917
DA:352,671917
DA:353,671917
DA:354,671917
DA:355,671917
DA:356,671917
DA:358,45
DA:359,45
DA:374,671917
DA:375,671917
DA:376,671917
DA:377,671917
DA:378,671917
DA:379,671917
DA:380,671917
DA:381,671616
DA:382,3
DA:383,3
DA:386,0
DA:387,0
DA:389,3
DA:391,671613
DA:394,671920
DA:395,3
DA:396,3
DA:397,3
DA:398,3
DA:399,3
DA:400,3
DA:401,671917
DA:421,671917
DA:422,671917
DA:423,671917
DA:424,671917
DA:425,671917
DA:426,1343530
DA:430,671613
DA:431,671613
DA:432,671613
DA:434,671613
DA:435,671613
DA:436,671613
DA:437,671613
DA:438,671613
DA:440,0
DA:442,671613
DA:446,0
DA:447,671613
DA:448,671613
DA:449,671613
DA:450,25612
DA:451,646001
DA:452,646001
DA:453,0
DA:460,646001
DA:461,58008
DA:462,90
DA:463,21
DA:464,214236
DA:465,373646
DA:466,373646
DA:467,373646
DA:468,373646
DA:469,373646
DA:470,373646
DA:484,671917
DA:485,671917
DA:486,671615
DA:487,671613
DA:488,671613
DA:490,671917
DA:491,671613
DA:492,671613
DA:493,671613
DA:494,671613
DA:495,671613
DA:496,671917
DA:497,671917
DA:498,671917
DA:538,2
DA:539,2
DA:540,2
DA:541,2
DA:542,2
DA:543,2
DA:544,2
DA:547,373771
DA:548,373771
DA:549,373771
DA:550,373771
DA:551,373771
DA:552,373771
DA:553,373771
DA:554,373771
DA:560,672053
DA:561,672053
DA:562,672053
DA:563,671615
DA:567,2
DA:568,2
DA:569,2
DA:570,2
DA:571,2
DA:572,0
DA:573,2
DA:575,4
DA:576,4
DA:579,2
DA:580,2
DA:581,2
DA:582,2
DA:583,0
DA:584,0
DA:585,0
DA:588,2
DA:589,2
DA:590,2
DA:591,2
DA:592,0
DA:593,2
DA:594,2
DA:595,2
DA:596,0
DA:597,0
DA:598,0
DA:605,671613
DA:606,671613
DA:607,671613
DA:608,671613
DA:609,671613
DA:610,671613
DA:611,0
DA:612,671613
DA:616,729618
DA:617,83620
DA:618,24719
DA:619,58901
DA:620,58005
DA:621,58005
DA:622,896
DA:623,896
DA:624,896
DA:625,896
DA:626,896
DA:628,0
DA:629,0
DA:630,0
DA:634,671613
DA:638,373667
DA:639,373667
DA:640,0
DA:641,0
DA:644,373667
DA:645,373667
DA:646,297946
DA:649,90
DA:650,90
DA:651,0
DA:652,0
DA:655,90
DA:656,90
DA:657,297856
DA:661,1045812
DA:664,373759
DA:665,373759
DA:666,2
DA:667,373757
DA:669,0
DA:671,672053
DA:672,2
DA:673,671613
DA:674,672053
DA:675,672053
DA:700,110
DA:701,110
DA:702,110
DA:703,110
DA:704,110
DA:705,110
DA:706,110
DA:707,0
DA:708,0
DA:711,110
DA:713,129
DA:714,129
DA:715,18
DA:716,111
DA:717,111
DA:718,1
DA:719,0
DA:721,1
DA:722,110
DA:723,110
DA:724,110
DA:725,110
DA:726,110
DA:727,110
DA:728,110
DA:729,110
DA:730,19
DA:732,19
DA:752,1
DA:753,1
DA:754,1
DA:755,0
DA:757,1
DA:758,1
DA:759,0
DA:761,1
DA:763,855144
DA:764,855144
DA:765,855144
DA:766,855144
DA:767,855144
DA:769,1157214
DA:770,302070
DA:771,302070
DA:772,302070
DA:773,0
DA:774,0
DA:775,302070
DA:777,855144
DA:778,0
DA:779,0
DA:780,0
DA:784,855144
DA:790,671784
DA:791,671784
DA:792,671784
DA:793,671784
DA:794,671784
DA:795,671784
DA:796,671784
DA:797,671784
DA:798,671784
DA:799,671784
DA:800,671784
DA:801,671784
DA:802,671784
DA:803,671784
DA:804,671784
DA:805,671784
DA:806,671784
DA:807,671784
DA:808,671784
DA:809,671784
DA:810,671784
DA:811,671784
DA:812,671784
DA:813,671784
DA:814,671784
DA:815,671784
DA:816,671784
DA:817,671784
DA:818,671784
DA:819,671784
DA:820,671784
DA:821,817188
DA:822,145404
DA:823,145404
DA:825,671784
DA:826,813771
DA:835,141987
DA:836,141764
DA:837,141764
DA:838,223
DA:839,223
DA:840,223
DA:841,223
DA:842,223
DA:843,223
DA:844,223
DA:845,223
DA:846,223
DA:847,223
DA:848,223
DA:849,223
DA:850,223
DA:851,223
DA:852,223
DA:853,1
DA:854,2
DA:855,1
DA:856,222
DA:857,222
DA:859,306
DA:860,213
DA:861,213
DA:862,213
DA:863,128
DA:874,128
DA:875,1
DA:878,0
DA:879,0
DA:881,1
DA:882,1
DA:883,1
DA:884,127
DA:885,127
DA:886,127
DA:887,127
DA:888,127
DA:889,127
DA:890,127
DA:891,127
DA:892,127
DA:893,127
DA:894,127
DA:895,127
DA:896,127
DA:897,127
DA:898,127
DA:899,127
DA:900,127
DA:901,127
DA:902,127
DA:903,127
DA:904,127
DA:905,127
DA:906,2
DA:910,0
DA:911,0
DA:913,2
DA:914,2
DA:915,2
DA:916,2
DA:917,125
DA:918,0
DA:935,125
DA:936,8
DA:937,8
DA:938,8
DA:939,8
DA:940,8
DA:941,8
DA:942,8
DA:943,8
DA:944,8
DA:945,8
DA:946,8
DA:947,8
DA:948,8
DA:949,8
DA:950,8
DA:951,8
DA:952,8
DA:953,8
DA:955,1
DA:958,0
DA:960,7
DA:961,8
DA:962,8
DA:963,5
DA:964,5
DA:965,5
DA:966,5
DA:967,5
DA:968,5
DA:969,5
DA:970,3
DA:971,3
DA:972,3
DA:973,3
DA:974,3
DA:975,3
DA:976,3
DA:977,3
DA:978,3
DA:979,3
DA:980,3
DA:981,3
DA:982,3
DA:983,3
DA:984,3
DA:985,3
DA:988,8
DA:989,117
DA:1010,117
DA:1011,81
DA:1012,81
DA:1013,81
DA:1014,81
DA:1015,81
DA:1016,81
DA:1017,81
DA:1018,81
DA:1019,81
DA:1020,81
DA:1021,81
DA:1022,81
DA:1023,81
DA:1024,81
DA:1025,81
DA:1026,81
DA:1027,81
DA:1028,81
DA:1029,81
DA:1030,81
DA:1032,11
DA:1035,0
DA:1037,70
DA:1038,81
DA:1039,81
DA:1040,14
DA:1041,14
DA:1042,14
DA:1043,14
DA:1044,14
DA:1045,14
DA:1046,67
DA:1047,67
DA:1048,67
DA:1049,67
DA:1050,67
DA:1051,67
DA:1052,67
DA:1053,67
DA:1054,67
DA:1055,67
DA:1056,67
DA:1057,67
DA:1058,67
DA:1059,67
DA:1060,67
DA:1061,67
DA:1062,67
DA:1065,81
DA:1066,36
DA:1067,36
DA:1068,0
DA:1069,0
DA:1090,36
DA:1091,36
DA:1092,36
DA:1093,36
DA:1094,36
DA:1095,36
DA:1096,36
DA:1097,36
DA:1098,36
DA:1099,36
DA:1100,36
DA:1101,36
DA:1102,36
DA:1103,36
DA:1104,36
DA:1105,36
DA:1107,14
DA:1110,0
DA:1112,22
DA:1113,36
DA:1114,36
DA:1115,29
DA:1116,29
DA:1117,29
DA:1118,29
DA:1119,29
DA:1120,29
DA:1121,29
DA:1122,29
DA:1123,7
DA:1124,7
DA:1125,7
DA:1126,7
DA:1127,7
DA:1128,7
DA:1129,7
DA:1130,7
DA:1131,7
DA:1132,7
DA:1133,7
DA:1134,7
DA:1135,7
DA:1136,7
DA:1137,7
DA:1138,7
DA:1141,36
DA:1144,83
DA:1148,1
DA:1149,1
DA:1150,82
DA:1160,1
DA:1161,1
DA:1164,0
DA:1174,1
DA:1175,1
DA:1176,0
DA:1177,0
DA:1180,1
DA:1181,1
DA:1188,1
DA:1189,1
DA:1192,0
DA:1194,1
DA:1195,1
DA:1196,1
DA:1197,1
DA:1198,1
DA:1199,1
DA:1200,0
DA:1201,0
DA:1204,1
DA:1205,1
DA:1207,0
DA:1208,0
DA:1212,34
DA:1219,59
DA:1220,59
DA:1223,0
DA:1224,0
DA:1226,59
DA:1227,59
DA:1229,0
DA:1230,0
DA:1231,0
DA:1232,0
DA:1237,671784
DA:1246,141764
DA:1247,141764
DA:1248,141764
DA:1249,141764
DA:1250,141764
DA:1251,141764
DA:1252,141764
DA:1253,141764
DA:1256,146951
DA:1257,146951
DA:1259,12
DA:1260,146939
DA:1261,146939
DA:1262,146939
DA:1263,146939
DA:1264,146939
DA:1265,138048
DA:1266,8891
DA:1267,8891
DA:1268,5187
DA:1269,5187
DA:1270,5187
DA:1271,5187
DA:1272,5187
DA:1273,5187
DA:1274,5187
DA:1275,5187
DA:1276,5187
DA:1277,5187
DA:1278,0
DA:1279,0
DA:1280,5187
DA:1283,3700
DA:1284,3700
DA:1302,4
DA:1303,4
DA:1306,0
DA:1307,0
DA:1309,4
DA:1310,4
DA:1311,4
DA:1312,4
DA:1313,4
DA:1314,4
DA:1316,0
DA:1317,0
DA:1318,0
DA:1319,0
DA:1320,0
DA:1321,0
DA:1322,0
DA:1323,0
DA:1327,141764
DA:1335,5264
DA:1336,5264
DA:1337,5264
DA:1338,5264
DA:1339,5264
DA:1340,5264
DA:1341,5264
DA:1342,5264
DA:1343,5264
DA:1344,0
DA:1346,5264
DA:1347,5264
DA:1348,0
DA:1349,0
DA:1350,0
DA:1351,0
DA:1352,0
DA:1353,0
DA:1354,0
DA:1355,0
DA:1358,5264
DA:1359,5264
DA:1360,10777
DA:1361,5513
DA:1362,5511
DA:1363,2
DA:1367,0
DA:1368,0
DA:1369,0
DA:1370,0
DA:1371,0
DA:1372,0
DA:1376,5264
DA:1377,12
DA:1378,12
DA:1379,12
DA:1380,12
DA:1381,12
DA:1382,5252
DA:1390,5264
DA:1391,5264
DA:1396,5264
DA:1397,5264
DA:1398,5264
DA:1399,5264
DA:1400,5264
DA:1401,5264
DA:1402,5264
DA:1403,5264
DA:1404,5264
DA:1405,5264
DA:1406,5264
DA:1407,5523
DA:1408,5511
DA:1409,12
DA:1410,5523
DA:1411,5264
DA:1412,5264
DA:1413,5264
DA:1414,5264
DA:1415,5264
DA:1416,5264
DA:1417,5264
DA:1418,5264
DA:1419,5264
DA:1420,5264
DA:1421,5264
DA:1428,296132
DA:1429,296132
DA:1430,296132
DA:1431,296132
DA:1432,296132
DA:1433,296132
DA:1434,0
DA:1435,0
DA:1437,296132
DA:1438,0
DA:1440,296132
DA:1441,301582
DA:1442,281001
DA:1443,5462
DA:1446,5462
DA:1447,5462
DA:1448,5462
DA:1449,5462
DA:1450,12
DA:1451,12
DA:1452,5450
DA:1454,275478
DA:1457,61
DA:1458,61
DA:1462,296132
DA:1463,73
DA:1464,73
DA:1465,296059
DA:1466,296132
DA:1471,36
DA:1472,36
DA:1473,36
BRF:0
BRH:0
LF:820
LH:729
end_of_record
SF:/home/ubuntu/Code/ExpressGateway/crates/lb-quic/src/h3_bridge.rs
FN:2414,_RNCNCNvNtCsFtQQ2UsJ2c_7lb_quic9h3_bridge15h3_to_h1_stream00B7_
FN:2058,_RNCNCNvNtCsFtQQ2UsJ2c_7lb_quic9h3_bridge18h3_to_h1_roundtrip00B7_
FN:1071,_RNCNCNvNtCsFtQQ2UsJ2c_7lb_quic9h3_bridge23read_h1_response_capped00B7_
FN:1094,_RNCNCNvNtCsFtQQ2UsJ2c_7lb_quic9h3_bridge23read_h1_response_capped0s0_0B7_
FN:1091,_RNCNCNvNtCsFtQQ2UsJ2c_7lb_quic9h3_bridge23read_h1_response_capped0s_0B7_
FN:2401,_RNCNvNtCsFtQQ2UsJ2c_7lb_quic9h3_bridge15h3_to_h1_stream0B5_
FN:1047,_RNCNvNtCsFtQQ2UsJ2c_7lb_quic9h3_bridge16read_h1_response0B5_
FN:2046,_RNCNvNtCsFtQQ2UsJ2c_7lb_quic9h3_bridge18h3_to_h1_roundtrip0B5_
FN:2845,_RNCNvNtCsFtQQ2UsJ2c_7lb_quic9h3_bridge19request_h3_upstream0B5_
FN:1064,_RNCNvNtCsFtQQ2UsJ2c_7lb_quic9h3_bridge23read_h1_response_capped0B5_
FN:1619,_RNCNCNCNvNtCsFtQQ2UsJ2c_7lb_quic9h3_bridge18stream_h1_response0s_00B9_
FN:1990,_RNCNCNCNvNtCsFtQQ2UsJ2c_7lb_quic9h3_bridge18stream_h2_response0s1_00B9_
FN:3262,_RNCNCNvMs8_NtCsFtQQ2UsJ2c_7lb_quic9h3_bridgeNtB9_9H3RespOut11on_trailers00Bb_
FN:3267,_RNCNCNvMs8_NtCsFtQQ2UsJ2c_7lb_quic9h3_bridgeNtB9_9H3RespOut11on_trailers0s_0Bb_
FN:3277,_RNCNCNvMs8_NtCsFtQQ2UsJ2c_7lb_quic9h3_bridgeNtB9_9H3RespOut6on_end00Bb_
FN:3281,_RNCNCNvMs8_NtCsFtQQ2UsJ2c_7lb_quic9h3_bridgeNtB9_9H3RespOut6on_end0s_0Bb_
FN:3226,_RNCNCNvMs8_NtCsFtQQ2UsJ2c_7lb_quic9h3_bridgeNtB9_9H3RespOut7on_data00Bb_
FN:3236,_RNCNCNvMs8_NtCsFtQQ2UsJ2c_7lb_quic9h3_bridgeNtB9_9H3RespOut7on_data0s_0Bb_
FN:3184,_RNCNCNvMs8_NtCsFtQQ2UsJ2c_7lb_quic9h3_bridgeNtB9_9H3RespOut7on_head00Bb_
FN:3200,_RNCNCNvMs8_NtCsFtQQ2UsJ2c_7lb_quic9h3_bridgeNtB9_9H3RespOut7on_head0s_0Bb_
FN:2168,_RNCNCNvNtCsFtQQ2UsJ2c_7lb_quic9h3_bridge16write_body_chunk00B7_
FN:2170,_RNCNCNvNtCsFtQQ2UsJ2c_7lb_quic9h3_bridge16write_body_chunk0s0_0B7_
FN:2172,_RNCNCNvNtCsFtQQ2UsJ2c_7lb_quic9h3_bridge16write_body_chunk0s1_0B7_
FN:2169,_RNCNCNvNtCsFtQQ2UsJ2c_7lb_quic9h3_bridge16write_body_chunk0s_0B7_
FN:2251,_RNCNCNvNtCsFtQQ2UsJ2c_7lb_quic9h3_bridge16write_h1_request00B7_
FN:1604,_RNCNCNvNtCsFtQQ2UsJ2c_7lb_quic9h3_bridge18stream_h1_response00B7_
FN:1569,_RNCNCNvNtCsFtQQ2UsJ2c_7lb_quic9h3_bridge18stream_h1_response0s0_0B7_
FN:1569,_RNCNCNvNtCsFtQQ2UsJ2c_7lb_quic9h3_bridge18stream_h1_response0s1_0B7_
FN:1569,_RNCNCNvNtCsFtQQ2UsJ2c_7lb_quic9h3_bridge18stream_h1_response0s2_0B7_
FN:1569,_RNCNCNvNtCsFtQQ2UsJ2c_7lb_quic9h3_bridge18stream_h1_response0s3_0B7_
FN:1569,_RNCNCNvNtCsFtQQ2UsJ2c_7lb_quic9h3_bridge18stream_h1_response0s4_0B7_
FN:1569,_RNCNCNvNtCsFtQQ2UsJ2c_7lb_quic9h3_bridge18stream_h1_response0s5_0B7_
FN:1569,_RNCNCNvNtCsFtQQ2UsJ2c_7lb_quic9h3_bridge18stream_h1_response0s6_0B7_
FN:1569,_RNCNCNvNtCsFtQQ2UsJ2c_7lb_quic9h3_bridge18stream_h1_response0s7_0B7_
FN:1569,_RNCNCNvNtCsFtQQ2UsJ2c_7lb_quic9h3_bridge18stream_h1_response0s8_0B7_
FN:1619,_RNCNCNvNtCsFtQQ2UsJ2c_7lb_quic9h3_bridge18stream_h1_response0s_0B7_
FN:1903,_RNCNCNvNtCsFtQQ2UsJ2c_7lb_quic9h3_bridge18stream_h2_response00B7_
FN:1986,_RNCNCNvNtCsFtQQ2UsJ2c_7lb_quic9h3_bridge18stream_h2_response0s0_0B7_
FN:1987,_RNCNCNvNtCsFtQQ2UsJ2c_7lb_quic9h3_bridge18stream_h2_response0s1_0B7_
FN:1890,_RNCNCNvNtCsFtQQ2UsJ2c_7lb_quic9h3_bridge18stream_h2_response0s2_0B7_
FN:1890,_RNCNCNvNtCsFtQQ2UsJ2c_7lb_quic9h3_bridge18stream_h2_response0s3_0B7_
FN:1890,_RNCNCNvNtCsFtQQ2UsJ2c_7lb_quic9h3_bridge18stream_h2_response0s4_0B7_
FN:1890,_RNCNCNvNtCsFtQQ2UsJ2c_7lb_quic9h3_bridge18stream_h2_response0s5_0B7_
FN:1904,_RNCNCNvNtCsFtQQ2UsJ2c_7lb_quic9h3_bridge18stream_h2_response0s_0B7_
FN:4014,_RNCNCNvNtCsFtQQ2UsJ2c_7lb_quic9h3_bridge29stream_request_to_h3_upstream00B7_
FN:433,_RNCNvMs0_NtCsFtQQ2UsJ2c_7lb_quic9h3_bridgeNtB7_11StreamRxBuf4feed0B9_
FN:552,_RNCNvMs0_NtCsFtQQ2UsJ2c_7lb_quic9h3_bridgeNtB7_11StreamRxBuf9feed_body0B9_
FN:635,_RNCNvMs0_NtCsFtQQ2UsJ2c_7lb_quic9h3_bridgeNtB7_11StreamRxBuf9feed_bodys0_0B9_
FN:625,_RNCNvMs0_NtCsFtQQ2UsJ2c_7lb_quic9h3_bridgeNtB7_11StreamRxBuf9feed_bodys_0B9_
FN:841,_RNCNvMs2_NtCsFtQQ2UsJ2c_7lb_quic9h3_bridgeNtB7_9H3Request12from_headers0B9_
FN:842,_RNCNvMs2_NtCsFtQQ2UsJ2c_7lb_quic9h3_bridgeNtB7_9H3Request12from_headerss_0B9_
FN:1490,_RNCNvMs3_NtCsFtQQ2UsJ2c_7lb_quic9h3_bridgeNtB7_12ChunkDecoder21parse_trailer_section0B9_
FN:1505,_RNCNvMs3_NtCsFtQQ2UsJ2c_7lb_quic9h3_bridgeNtB7_12ChunkDecoder21parse_trailer_sections_0B9_
FN:1423,_RNCNvMs3_NtCsFtQQ2UsJ2c_7lb_quic9h3_bridgeNtB7_12ChunkDecoder4feed0B9_
FN:1439,_RNCNvMs3_NtCsFtQQ2UsJ2c_7lb_quic9h3_bridgeNtB7_12ChunkDecoder4feeds0_0B9_
FN:1445,_RNCNvMs3_NtCsFtQQ2UsJ2c_7lb_quic9h3_bridgeNtB7_12ChunkDecoder4feeds1_0B9_
FN:1437,_RNCNvMs3_NtCsFtQQ2UsJ2c_7lb_quic9h3_bridgeNtB7_12ChunkDecoder4feeds_0B9_
FN:3245,_RNCNvMs8_NtCsFtQQ2UsJ2c_7lb_quic9h3_bridgeNtB7_9H3RespOut11on_trailers0B9_
FN:3102,_RNCNvMs8_NtCsFtQQ2UsJ2c_7lb_quic9h3_bridgeNtB7_9H3RespOut6inline0B9_
FN:3272,_RNCNvMs8_NtCsFtQQ2UsJ2c_7lb_quic9h3_bridgeNtB7_9H3RespOut6on_end0B9_
FN:3209,_RNCNvMs8_NtCsFtQQ2UsJ2c_7lb_quic9h3_bridgeNtB7_9H3RespOut7on_data0B9_
FN:3142,_RNCNvMs8_NtCsFtQQ2UsJ2c_7lb_quic9h3_bridgeNtB7_9H3RespOut7on_head0B9_
FN:3288,_RNCNvMs8_NtCsFtQQ2UsJ2c_7lb_quic9h3_bridgeNtB7_9H3RespOut8on_reset0B9_
FN:2487,_RNCNvNCNvNtCsFtQQ2UsJ2c_7lb_quic9h3_bridge20h3_to_h1_stream_resp06inline0B9_
FN:2744,_RNCNvNCNvNtCsFtQQ2UsJ2c_7lb_quic9h3_bridge20h3_to_h2_stream_resp06inline0B9_
FN:1112,_RNCNvNtCsFtQQ2UsJ2c_7lb_quic9h3_bridge15find_header_sep0B5_
FN:2162,_RNCNvNtCsFtQQ2UsJ2c_7lb_quic9h3_bridge16write_body_chunk0B5_
FN:2237,_RNCNvNtCsFtQQ2UsJ2c_7lb_quic9h3_bridge16write_h1_request0B5_
FN:1120,_RNCNvNtCsFtQQ2UsJ2c_7lb_quic9h3_bridge17parse_status_line0B5_
FN:1564,_RNCNvNtCsFtQQ2UsJ2c_7lb_quic9h3_bridge18stream_h1_response0B5_
FN:1887,_RNCNvNtCsFtQQ2UsJ2c_7lb_quic9h3_bridge18stream_h2_response0B5_
FN:1267,_RNCNvNtCsFtQQ2UsJ2c_7lb_quic9h3_bridge20encode_h3_data_frame0B5_
FN:2483,_RNCNvNtCsFtQQ2UsJ2c_7lb_quic9h3_bridge20h3_to_h1_stream_resp0B5_
FN:2740,_RNCNvNtCsFtQQ2UsJ2c_7lb_quic9h3_bridge20h3_to_h2_stream_resp0B5_
FN:3320,_RNCNvNtCsFtQQ2UsJ2c_7lb_quic9h3_bridge20h3_to_h3_stream_resp0B5_
FN:1176,_RNCNvNtCsFtQQ2UsJ2c_7lb_quic9h3_bridge23encode_h3_headers_frame0B5_
FN:1177,_RNCNvNtCsFtQQ2UsJ2c_7lb_quic9h3_bridge23encode_h3_headers_frames_0B5_
FN:2710,_RNCNvNtCsFtQQ2UsJ2c_7lb_quic9h3_bridge23h2_request_body_from_rxs_0B5_
FN:1289,_RNCNvNtCsFtQQ2UsJ2c_7lb_quic9h3_bridge24encode_h3_trailers_frame0B5_
FN:1290,_RNCNvNtCsFtQQ2UsJ2c_7lb_quic9h3_bridge24encode_h3_trailers_frames_0B5_
FN:1217,_RNCNvNtCsFtQQ2UsJ2c_7lb_quic9h3_bridge28encode_h3_headers_frame_full0B5_
FN:1218,_RNCNvNtCsFtQQ2UsJ2c_7lb_quic9h3_bridge28encode_h3_headers_frame_fulls_0B5_
FN:3456,_RNCNvNtCsFtQQ2UsJ2c_7lb_quic9h3_bridge29stream_request_to_h3_upstream0B5_
FN:688,_RNvMs0_NtCsFtQQ2UsJ2c_7lb_quic9h3_bridgeNtB5_11StreamRxBuf12is_too_large
FN:701,_RNvMs0_NtCsFtQQ2UsJ2c_7lb_quic9h3_bridgeNtB5_11StreamRxBuf14retained_bytes
FN:670,_RNvMs0_NtCsFtQQ2UsJ2c_7lb_quic9h3_bridgeNtB5_11StreamRxBuf22try_parse_frame_header
FN:419,_RNvMs0_NtCsFtQQ2UsJ2c_7lb_quic9h3_bridgeNtB5_11StreamRxBuf4feed
FN:494,_RNvMs0_NtCsFtQQ2UsJ2c_7lb_quic9h3_bridgeNtB5_11StreamRxBuf9feed_body
FN:824,_RNvMs2_NtCsFtQQ2UsJ2c_7lb_quic9h3_bridgeNtB5_9H3Request12from_headers
FN:1371,_RNvMs3_NtCsFtQQ2UsJ2c_7lb_quic9h3_bridgeNtB5_12ChunkDecoder13take_trailers
FN:1481,_RNvMs3_NtCsFtQQ2UsJ2c_7lb_quic9h3_bridgeNtB5_12ChunkDecoder21parse_trailer_section
FN:1357,_RNvMs3_NtCsFtQQ2UsJ2c_7lb_quic9h3_bridgeNtB5_12ChunkDecoder3new
FN:1379,_RNvMs3_NtCsFtQQ2UsJ2c_7lb_quic9h3_bridgeNtB5_12ChunkDecoder4feed
FN:3245,_RNvMs8_NtCsFtQQ2UsJ2c_7lb_quic9h3_bridgeNtB5_9H3RespOut11on_trailers
FN:3102,_RNvMs8_NtCsFtQQ2UsJ2c_7lb_quic9h3_bridgeNtB5_9H3RespOut6inline
FN:3272,_RNvMs8_NtCsFtQQ2UsJ2c_7lb_quic9h3_bridgeNtB5_9H3RespOut6on_end
FN:3209,_RNvMs8_NtCsFtQQ2UsJ2c_7lb_quic9h3_bridgeNtB5_9H3RespOut7on_data
FN:3142,_RNvMs8_NtCsFtQQ2UsJ2c_7lb_quic9h3_bridgeNtB5_9H3RespOut7on_head
FN:3288,_RNvMs8_NtCsFtQQ2UsJ2c_7lb_quic9h3_bridgeNtB5_9H3RespOut8on_reset
FN:2487,_RNvNCNvNtCsFtQQ2UsJ2c_7lb_quic9h3_bridge20h3_to_h1_stream_resp06inline
FN:2744,_RNvNCNvNtCsFtQQ2UsJ2c_7lb_quic9h3_bridge20h3_to_h2_stream_resp06inline
FN:2093,_RNvNtCsFtQQ2UsJ2c_7lb_quic9h3_bridge13build_h1_head
FN:4335,_RNvNtCsFtQQ2UsJ2c_7lb_quic9h3_bridge15check_block_len
FN:1111,_RNvNtCsFtQQ2UsJ2c_7lb_quic9h3_bridge15find_header_sep
FN:2395,_RNvNtCsFtQQ2UsJ2c_7lb_quic9h3_bridge15h3_to_h1_stream
FN:2138,_RNvNtCsFtQQ2UsJ2c_7lb_quic9h3_bridge15record_inflight
FN:728,_RNvNtCsFtQQ2UsJ2c_7lb_quic9h3_bridge15record_retained
FN:1000,_RNvNtCsFtQQ2UsJ2c_7lb_quic9h3_bridge16build_h1_request
FN:1047,_RNvNtCsFtQQ2UsJ2c_7lb_quic9h3_bridge16read_h1_response
FN:2162,_RNvNtCsFtQQ2UsJ2c_7lb_quic9h3_bridge16write_body_chunk
FN:2233,_RNvNtCsFtQQ2UsJ2c_7lb_quic9h3_bridge16write_h1_request
FN:4386,_RNvNtCsFtQQ2UsJ2c_7lb_quic9h3_bridge17classify_recv_err
FN:1115,_RNvNtCsFtQQ2UsJ2c_7lb_quic9h3_bridge17parse_status_line
FN:1138,_RNvNtCsFtQQ2UsJ2c_7lb_quic9h3_bridge18encode_h3_response
FN:2041,_RNvNtCsFtQQ2UsJ2c_7lb_quic9h3_bridge18h3_to_h1_roundtrip
FN:4400,_RNvNtCsFtQQ2UsJ2c_7lb_quic9h3_bridge18parse_frame_header
FN:1560,_RNvNtCsFtQQ2UsJ2c_7lb_quic9h3_bridge18stream_h1_response
FN:1883,_RNvNtCsFtQQ2UsJ2c_7lb_quic9h3_bridge18stream_h2_response
FN:4312,_RNvNtCsFtQQ2UsJ2c_7lb_quic9h3_bridge19j2_req_event_action
FN:2838,_RNvNtCsFtQQ2UsJ2c_7lb_quic9h3_bridge19request_h3_upstream
FN:1263,_RNvNtCsFtQQ2UsJ2c_7lb_quic9h3_bridge20encode_h3_data_frame
FN:2476,_RNvNtCsFtQQ2UsJ2c_7lb_quic9h3_bridge20h3_to_h1_stream_resp
FN:2733,_RNvNtCsFtQQ2UsJ2c_7lb_quic9h3_bridge20h3_to_h2_stream_resp
FN:3312,_RNvNtCsFtQQ2UsJ2c_7lb_quic9h3_bridge20h3_to_h3_stream_resp
FN:765,_RNvNtCsFtQQ2UsJ2c_7lb_quic9h3_bridge20record_resp_retained
FN:1251,_RNvNtCsFtQQ2UsJ2c_7lb_quic9h3_bridge22is_response_hop_by_hop
FN:1165,_RNvNtCsFtQQ2UsJ2c_7lb_quic9h3_bridge23encode_h3_headers_frame
FN:2665,_RNvNtCsFtQQ2UsJ2c_7lb_quic9h3_bridge23h2_request_body_from_rx
FN:1064,_RNvNtCsFtQQ2UsJ2c_7lb_quic9h3_bridge23read_h1_response_capped
FN:1286,_RNvNtCsFtQQ2UsJ2c_7lb_quic9h3_bridge24encode_h3_trailers_frame
FN:1208,_RNvNtCsFtQQ2UsJ2c_7lb_quic9h3_bridge28encode_h3_headers_frame_full
FN:3448,_RNvNtCsFtQQ2UsJ2c_7lb_quic9h3_bridge29stream_request_to_h3_upstream
FN:890,_RNvNtCsFtQQ2UsJ2c_7lb_quic9h3_bridge31validate_request_pseudo_headers
FN:329,_RNvXNtCsFtQQ2UsJ2c_7lb_quic9h3_bridgeNtB2_9BodyParseNtNtCs2va5m0jqTTM_4core7default7Default7default
FN:807,_RNvXs1_NtCsFtQQ2UsJ2c_7lb_quic9h3_bridgeNtB5_9H3RequestNtNtCs2va5m0jqTTM_4core7default7Default7default
FN:2554,_RNvXs4_NtCsFtQQ2UsJ2c_7lb_quic9h3_bridgeNtB5_10H3ReqAbortNtNtCs2va5m0jqTTM_4core3fmt7Display3fmt
FN:2587,_RNvXs6_NtCsFtQQ2UsJ2c_7lb_quic9h3_bridgeNtB5_15H3ReqStreamBodyNtCsl5a7MsEZ2mF_9http_body4Body10poll_frame
FN:2810,_RNvXs7_NtCsFtQQ2UsJ2c_7lb_quic9h3_bridgeNtB5_18H3UpstreamResponseNtNtCs2va5m0jqTTM_4core7default7Default7default
FN:387,_RNvXs_NtCsFtQQ2UsJ2c_7lb_quic9h3_bridgeNtB4_9FeedErrorNtNtCs2va5m0jqTTM_4core3fmt7Display3fmt
FN:2058,_RNCNCNvNtCsFtQQ2UsJ2c_7lb_quic9h3_bridge18h3_to_h1_roundtrip00Cs9CX2GXVQwPX_21h3_h1_binary_body_e2e
FN:1071,_RNCNCNvNtCsFtQQ2UsJ2c_7lb_quic9h3_bridge23read_h1_response_capped00Cs9CX2GXVQwPX_21h3_h1_binary_body_e2e
FN:1094,_RNCNCNvNtCsFtQQ2UsJ2c_7lb_quic9h3_bridge23read_h1_response_capped0s0_0Cs9CX2GXVQwPX_21h3_h1_binary_body_e2e
FN:1091,_RNCNCNvNtCsFtQQ2UsJ2c_7lb_quic9h3_bridge23read_h1_response_capped0s_0Cs9CX2GXVQwPX_21h3_h1_binary_body_e2e
FN:1047,_RNCNvNtCsFtQQ2UsJ2c_7lb_quic9h3_bridge16read_h1_response0Cs9CX2GXVQwPX_21h3_h1_binary_body_e2e
FN:2046,_RNCNvNtCsFtQQ2UsJ2c_7lb_quic9h3_bridge18h3_to_h1_roundtrip0Cs9CX2GXVQwPX_21h3_h1_binary_body_e2e
FN:1064,_RNCNvNtCsFtQQ2UsJ2c_7lb_quic9h3_bridge23read_h1_response_capped0Cs9CX2GXVQwPX_21h3_h1_binary_body_e2e
FN:2414,_RNCNCNvNtCsFtQQ2UsJ2c_7lb_quic9h3_bridge15h3_to_h1_stream00Cs19teGkRmEuA_21h3_h1_stream_body_e2e
FN:1071,_RNCNCNvNtCsFtQQ2UsJ2c_7lb_quic9h3_bridge23read_h1_response_capped00Cs19teGkRmEuA_21h3_h1_stream_body_e2e
FN:1094,_RNCNCNvNtCsFtQQ2UsJ2c_7lb_quic9h3_bridge23read_h1_response_capped0s0_0Cs19teGkRmEuA_21h3_h1_stream_body_e2e
FN:1091,_RNCNCNvNtCsFtQQ2UsJ2c_7lb_quic9h3_bridge23read_h1_response_capped0s_0Cs19teGkRmEuA_21h3_h1_stream_body_e2e
FN:2401,_RNCNvNtCsFtQQ2UsJ2c_7lb_quic9h3_bridge15h3_to_h1_stream0Cs19teGkRmEuA_21h3_h1_stream_body_e2e
FN:1047,_RNCNvNtCsFtQQ2UsJ2c_7lb_quic9h3_bridge16read_h1_response0Cs19teGkRmEuA_21h3_h1_stream_body_e2e
FN:1064,_RNCNvNtCsFtQQ2UsJ2c_7lb_quic9h3_bridge23read_h1_response_capped0Cs19teGkRmEuA_21h3_h1_stream_body_e2e
FN:2414,_RNCNCNvNtCsFtQQ2UsJ2c_7lb_quic9h3_bridge15h3_to_h1_stream00Cs29XIsylJmqt_28h3_h1_stream_body_errors_e2e
FN:1071,_RNCNCNvNtCsFtQQ2UsJ2c_7lb_quic9h3_bridge23read_h1_response_capped00Cs29XIsylJmqt_28h3_h1_stream_body_errors_e2e
FN:1094,_RNCNCNvNtCsFtQQ2UsJ2c_7lb_quic9h3_bridge23read_h1_response_capped0s0_0Cs29XIsylJmqt_28h3_h1_stream_body_errors_e2e
FN:1091,_RNCNCNvNtCsFtQQ2UsJ2c_7lb_quic9h3_bridge23read_h1_response_capped0s_0Cs29XIsylJmqt_28h3_h1_stream_body_errors_e2e
FN:2401,_RNCNvNtCsFtQQ2UsJ2c_7lb_quic9h3_bridge15h3_to_h1_stream0Cs29XIsylJmqt_28h3_h1_stream_body_errors_e2e
FN:1047,_RNCNvNtCsFtQQ2UsJ2c_7lb_quic9h3_bridge16read_h1_response0Cs29XIsylJmqt_28h3_h1_stream_body_errors_e2e
FN:1064,_RNCNvNtCsFtQQ2UsJ2c_7lb_quic9h3_bridge23read_h1_response_capped0Cs29XIsylJmqt_28h3_h1_stream_body_errors_e2e
FN:1619,_RNCNCNCNvNtCsiNLkn7P4XgI_7lb_quic9h3_bridge18stream_h1_response0s_00B9_
FN:1990,_RNCNCNCNvNtCsiNLkn7P4XgI_7lb_quic9h3_bridge18stream_h2_response0s1_00B9_
FN:3262,_RNCNCNvMs8_NtCsiNLkn7P4XgI_7lb_quic9h3_bridgeNtB9_9H3RespOut11on_trailers00Bb_
FN:3267,_RNCNCNvMs8_NtCsiNLkn7P4XgI_7lb_quic9h3_bridgeNtB9_9H3RespOut11on_trailers0s_0Bb_
FN:3277,_RNCNCNvMs8_NtCsiNLkn7P4XgI_7lb_quic9h3_bridgeNtB9_9H3RespOut6on_end00Bb_
FN:3281,_RNCNCNvMs8_NtCsiNLkn7P4XgI_7lb_quic9h3_bridgeNtB9_9H3RespOut6on_end0s_0Bb_
FN:3226,_RNCNCNvMs8_NtCsiNLkn7P4XgI_7lb_quic9h3_bridgeNtB9_9H3RespOut7on_data00Bb_
FN:3236,_RNCNCNvMs8_NtCsiNLkn7P4XgI_7lb_quic9h3_bridgeNtB9_9H3RespOut7on_data0s_0Bb_
FN:3184,_RNCNCNvMs8_NtCsiNLkn7P4XgI_7lb_quic9h3_bridgeNtB9_9H3RespOut7on_head00Bb_
FN:3200,_RNCNCNvMs8_NtCsiNLkn7P4XgI_7lb_quic9h3_bridgeNtB9_9H3RespOut7on_head0s_0Bb_
FN:2168,_RNCNCNvNtCsiNLkn7P4XgI_7lb_quic9h3_bridge16write_body_chunk00B7_
FN:2170,_RNCNCNvNtCsiNLkn7P4XgI_7lb_quic9h3_bridge16write_body_chunk0s0_0B7_
FN:2172,_RNCNCNvNtCsiNLkn7P4XgI_7lb_quic9h3_bridge16write_body_chunk0s1_0B7_
FN:2169,_RNCNCNvNtCsiNLkn7P4XgI_7lb_quic9h3_bridge16write_body_chunk0s_0B7_
FN:2251,_RNCNCNvNtCsiNLkn7P4XgI_7lb_quic9h3_bridge16write_h1_request00B7_
FN:1604,_RNCNCNvNtCsiNLkn7P4XgI_7lb_quic9h3_bridge18stream_h1_response00B7_
FN:1569,_RNCNCNvNtCsiNLkn7P4XgI_7lb_quic9h3_bridge18stream_h1_response0s0_0B7_
FN:1569,_RNCNCNvNtCsiNLkn7P4XgI_7lb_quic9h3_bridge18stream_h1_response0s1_0B7_
FN:1569,_RNCNCNvNtCsiNLkn7P4XgI_7lb_quic9h3_bridge18stream_h1_response0s2_0B7_
FN:1569,_RNCNCNvNtCsiNLkn7P4XgI_7lb_quic9h3_bridge18stream_h1_response0s3_0B7_
FN:1569,_RNCNCNvNtCsiNLkn7P4XgI_7lb_quic9h3_bridge18stream_h1_response0s4_0B7_
FN:1569,_RNCNCNvNtCsiNLkn7P4XgI_7lb_quic9h3_bridge18stream_h1_response0s5_0B7_
FN:1569,_RNCNCNvNtCsiNLkn7P4XgI_7lb_quic9h3_bridge18stream_h1_response0s6_0B7_
FN:1569,_RNCNCNvNtCsiNLkn7P4XgI_7lb_quic9h3_bridge18stream_h1_response0s7_0B7_
FN:1569,_RNCNCNvNtCsiNLkn7P4XgI_7lb_quic9h3_bridge18stream_h1_response0s8_0B7_
FN:1619,_RNCNCNvNtCsiNLkn7P4XgI_7lb_quic9h3_bridge18stream_h1_response0s_0B7_
FN:1903,_RNCNCNvNtCsiNLkn7P4XgI_7lb_quic9h3_bridge18stream_h2_response00B7_
FN:1986,_RNCNCNvNtCsiNLkn7P4XgI_7lb_quic9h3_bridge18stream_h2_response0s0_0B7_
FN:1987,_RNCNCNvNtCsiNLkn7P4XgI_7lb_quic9h3_bridge18stream_h2_response0s1_0B7_
FN:1890,_RNCNCNvNtCsiNLkn7P4XgI_7lb_quic9h3_bridge18stream_h2_response0s2_0B7_
FN:1890,_RNCNCNvNtCsiNLkn7P4XgI_7lb_quic9h3_bridge18stream_h2_response0s3_0B7_
FN:1890,_RNCNCNvNtCsiNLkn7P4XgI_7lb_quic9h3_bridge18stream_h2_response0s4_0B7_
FN:1890,_RNCNCNvNtCsiNLkn7P4XgI_7lb_quic9h3_bridge18stream_h2_response0s5_0B7_
FN:1904,_RNCNCNvNtCsiNLkn7P4XgI_7lb_quic9h3_bridge18stream_h2_response0s_0B7_
FN:1071,_RNCNCNvNtCsiNLkn7P4XgI_7lb_quic9h3_bridge23read_h1_response_capped00B7_
FN:1094,_RNCNCNvNtCsiNLkn7P4XgI_7lb_quic9h3_bridge23read_h1_response_capped0s0_0B7_
FN:1091,_RNCNCNvNtCsiNLkn7P4XgI_7lb_quic9h3_bridge23read_h1_response_capped0s_0B7_
FN:4014,_RNCNCNvNtCsiNLkn7P4XgI_7lb_quic9h3_bridge29stream_request_to_h3_upstream00B7_
FN:433,_RNCNvMs0_NtCsiNLkn7P4XgI_7lb_quic9h3_bridgeNtB7_11StreamRxBuf4feed0B9_
FN:552,_RNCNvMs0_NtCsiNLkn7P4XgI_7lb_quic9h3_bridgeNtB7_11StreamRxBuf9feed_body0B9_
FN:635,_RNCNvMs0_NtCsiNLkn7P4XgI_7lb_quic9h3_bridgeNtB7_11StreamRxBuf9feed_bodys0_0B9_
FN:625,_RNCNvMs0_NtCsiNLkn7P4XgI_7lb_quic9h3_bridgeNtB7_11StreamRxBuf9feed_bodys_0B9_
FN:841,_RNCNvMs2_NtCsiNLkn7P4XgI_7lb_quic9h3_bridgeNtB7_9H3Request12from_headers0B9_
FN:842,_RNCNvMs2_NtCsiNLkn7P4XgI_7lb_quic9h3_bridgeNtB7_9H3Request12from_headerss_0B9_
FN:1490,_RNCNvMs3_NtCsiNLkn7P4XgI_7lb_quic9h3_bridgeNtB7_12ChunkDecoder21parse_trailer_section0B9_
FN:1505,_RNCNvMs3_NtCsiNLkn7P4XgI_7lb_quic9h3_bridgeNtB7_12ChunkDecoder21parse_trailer_sections_0B9_
FN:1423,_RNCNvMs3_NtCsiNLkn7P4XgI_7lb_quic9h3_bridgeNtB7_12ChunkDecoder4feed0B9_
FN:1439,_RNCNvMs3_NtCsiNLkn7P4XgI_7lb_quic9h3_bridgeNtB7_12ChunkDecoder4feeds0_0B9_
FN:1445,_RNCNvMs3_NtCsiNLkn7P4XgI_7lb_quic9h3_bridgeNtB7_12ChunkDecoder4feeds1_0B9_
FN:1437,_RNCNvMs3_NtCsiNLkn7P4XgI_7lb_quic9h3_bridgeNtB7_12ChunkDecoder4feeds_0B9_
FN:3245,_RNCNvMs8_NtCsiNLkn7P4XgI_7lb_quic9h3_bridgeNtB7_9H3RespOut11on_trailers0B9_
FN:3102,_RNCNvMs8_NtCsiNLkn7P4XgI_7lb_quic9h3_bridgeNtB7_9H3RespOut6inline0B9_
FN:3272,_RNCNvMs8_NtCsiNLkn7P4XgI_7lb_quic9h3_bridgeNtB7_9H3RespOut6on_end0B9_
FN:3209,_RNCNvMs8_NtCsiNLkn7P4XgI_7lb_quic9h3_bridgeNtB7_9H3RespOut7on_data0B9_
FN:3142,_RNCNvMs8_NtCsiNLkn7P4XgI_7lb_quic9h3_bridgeNtB7_9H3RespOut7on_head0B9_
FN:3288,_RNCNvMs8_NtCsiNLkn7P4XgI_7lb_quic9h3_bridgeNtB7_9H3RespOut8on_reset0B9_
FN:2487,_RNCNvNCNvNtCsiNLkn7P4XgI_7lb_quic9h3_bridge20h3_to_h1_stream_resp06inline0B9_
FN:2744,_RNCNvNCNvNtCsiNLkn7P4XgI_7lb_quic9h3_bridge20h3_to_h2_stream_resp06inline0B9_
FN:1112,_RNCNvNtCsiNLkn7P4XgI_7lb_quic9h3_bridge15find_header_sep0B5_
FN:2162,_RNCNvNtCsiNLkn7P4XgI_7lb_quic9h3_bridge16write_body_chunk0B5_
FN:2237,_RNCNvNtCsiNLkn7P4XgI_7lb_quic9h3_bridge16write_h1_request0B5_
FN:1120,_RNCNvNtCsiNLkn7P4XgI_7lb_quic9h3_bridge17parse_status_line0B5_
FN:1564,_RNCNvNtCsiNLkn7P4XgI_7lb_quic9h3_bridge18stream_h1_response0B5_
FN:1887,_RNCNvNtCsiNLkn7P4XgI_7lb_quic9h3_bridge18stream_h2_response0B5_
FN:1267,_RNCNvNtCsiNLkn7P4XgI_7lb_quic9h3_bridge20encode_h3_data_frame0B5_
FN:2483,_RNCNvNtCsiNLkn7P4XgI_7lb_quic9h3_bridge20h3_to_h1_stream_resp0B5_
FN:2740,_RNCNvNtCsiNLkn7P4XgI_7lb_quic9h3_bridge20h3_to_h2_stream_resp0B5_
FN:3320,_RNCNvNtCsiNLkn7P4XgI_7lb_quic9h3_bridge20h3_to_h3_stream_resp0B5_
FN:1176,_RNCNvNtCsiNLkn7P4XgI_7lb_quic9h3_bridge23encode_h3_headers_frame0B5_
FN:1177,_RNCNvNtCsiNLkn7P4XgI_7lb_quic9h3_bridge23encode_h3_headers_frames_0B5_
FN:2710,_RNCNvNtCsiNLkn7P4XgI_7lb_quic9h3_bridge23h2_request_body_from_rxs_0B5_
FN:1064,_RNCNvNtCsiNLkn7P4XgI_7lb_quic9h3_bridge23read_h1_response_capped0B5_
FN:1289,_RNCNvNtCsiNLkn7P4XgI_7lb_quic9h3_bridge24encode_h3_trailers_frame0B5_
FN:1290,_RNCNvNtCsiNLkn7P4XgI_7lb_quic9h3_bridge24encode_h3_trailers_frames_0B5_
FN:1217,_RNCNvNtCsiNLkn7P4XgI_7lb_quic9h3_bridge28encode_h3_headers_frame_full0B5_
FN:1218,_RNCNvNtCsiNLkn7P4XgI_7lb_quic9h3_bridge28encode_h3_headers_frame_fulls_0B5_
FN:3456,_RNCNvNtCsiNLkn7P4XgI_7lb_quic9h3_bridge29stream_request_to_h3_upstream0B5_
FN:701,_RNvMs0_NtCsiNLkn7P4XgI_7lb_quic9h3_bridgeNtB5_11StreamRxBuf14retained_bytes
FN:670,_RNvMs0_NtCsiNLkn7P4XgI_7lb_quic9h3_bridgeNtB5_11StreamRxBuf22try_parse_frame_header
FN:419,_RNvMs0_NtCsiNLkn7P4XgI_7lb_quic9h3_bridgeNtB5_11StreamRxBuf4feed
FN:494,_RNvMs0_NtCsiNLkn7P4XgI_7lb_quic9h3_bridgeNtB5_11StreamRxBuf9feed_body
FN:824,_RNvMs2_NtCsiNLkn7P4XgI_7lb_quic9h3_bridgeNtB5_9H3Request12from_headers
FN:1371,_RNvMs3_NtCsiNLkn7P4XgI_7lb_quic9h3_bridgeNtB5_12ChunkDecoder13take_trailers
FN:1481,_RNvMs3_NtCsiNLkn7P4XgI_7lb_quic9h3_bridgeNtB5_12ChunkDecoder21parse_trailer_section
FN:1357,_RNvMs3_NtCsiNLkn7P4XgI_7lb_quic9h3_bridgeNtB5_12ChunkDecoder3new
FN:1379,_RNvMs3_NtCsiNLkn7P4XgI_7lb_quic9h3_bridgeNtB5_12ChunkDecoder4feed
FN:3245,_RNvMs8_NtCsiNLkn7P4XgI_7lb_quic9h3_bridgeNtB5_9H3RespOut11on_trailers
FN:3102,_RNvMs8_NtCsiNLkn7P4XgI_7lb_quic9h3_bridgeNtB5_9H3RespOut6inline
FN:3272,_RNvMs8_NtCsiNLkn7P4XgI_7lb_quic9h3_bridgeNtB5_9H3RespOut6on_end
FN:3209,_RNvMs8_NtCsiNLkn7P4XgI_7lb_quic9h3_bridgeNtB5_9H3RespOut7on_data
FN:3142,_RNvMs8_NtCsiNLkn7P4XgI_7lb_quic9h3_bridgeNtB5_9H3RespOut7on_head
FN:3288,_RNvMs8_NtCsiNLkn7P4XgI_7lb_quic9h3_bridgeNtB5_9H3RespOut8on_reset
FN:2487,_RNvNCNvNtCsiNLkn7P4XgI_7lb_quic9h3_bridge20h3_to_h1_stream_resp06inline
FN:2744,_RNvNCNvNtCsiNLkn7P4XgI_7lb_quic9h3_bridge20h3_to_h2_stream_resp06inline
FN:2093,_RNvNtCsiNLkn7P4XgI_7lb_quic9h3_bridge13build_h1_head
FN:4335,_RNvNtCsiNLkn7P4XgI_7lb_quic9h3_bridge15check_block_len
FN:1111,_RNvNtCsiNLkn7P4XgI_7lb_quic9h3_bridge15find_header_sep
FN:2138,_RNvNtCsiNLkn7P4XgI_7lb_quic9h3_bridge15record_inflight
FN:728,_RNvNtCsiNLkn7P4XgI_7lb_quic9h3_bridge15record_retained
FN:1000,_RNvNtCsiNLkn7P4XgI_7lb_quic9h3_bridge16build_h1_request
FN:2162,_RNvNtCsiNLkn7P4XgI_7lb_quic9h3_bridge16write_body_chunk
FN:2233,_RNvNtCsiNLkn7P4XgI_7lb_quic9h3_bridge16write_h1_request
FN:4386,_RNvNtCsiNLkn7P4XgI_7lb_quic9h3_bridge17classify_recv_err
FN:1115,_RNvNtCsiNLkn7P4XgI_7lb_quic9h3_bridge17parse_status_line
FN:1138,_RNvNtCsiNLkn7P4XgI_7lb_quic9h3_bridge18encode_h3_response
FN:4400,_RNvNtCsiNLkn7P4XgI_7lb_quic9h3_bridge18parse_frame_header
FN:1560,_RNvNtCsiNLkn7P4XgI_7lb_quic9h3_bridge18stream_h1_response
FN:1883,_RNvNtCsiNLkn7P4XgI_7lb_quic9h3_bridge18stream_h2_response
FN:4312,_RNvNtCsiNLkn7P4XgI_7lb_quic9h3_bridge19j2_req_event_action
FN:1263,_RNvNtCsiNLkn7P4XgI_7lb_quic9h3_bridge20encode_h3_data_frame
FN:2476,_RNvNtCsiNLkn7P4XgI_7lb_quic9h3_bridge20h3_to_h1_stream_resp
FN:2733,_RNvNtCsiNLkn7P4XgI_7lb_quic9h3_bridge20h3_to_h2_stream_resp
FN:3312,_RNvNtCsiNLkn7P4XgI_7lb_quic9h3_bridge20h3_to_h3_stream_resp
FN:765,_RNvNtCsiNLkn7P4XgI_7lb_quic9h3_bridge20record_resp_retained
FN:1251,_RNvNtCsiNLkn7P4XgI_7lb_quic9h3_bridge22is_response_hop_by_hop
FN:1165,_RNvNtCsiNLkn7P4XgI_7lb_quic9h3_bridge23encode_h3_headers_frame
FN:2665,_RNvNtCsiNLkn7P4XgI_7lb_quic9h3_bridge23h2_request_body_from_rx
FN:1064,_RNvNtCsiNLkn7P4XgI_7lb_quic9h3_bridge23read_h1_response_capped
FN:1286,_RNvNtCsiNLkn7P4XgI_7lb_quic9h3_bridge24encode_h3_trailers_frame
FN:1208,_RNvNtCsiNLkn7P4XgI_7lb_quic9h3_bridge28encode_h3_headers_frame_full
FN:3448,_RNvNtCsiNLkn7P4XgI_7lb_quic9h3_bridge29stream_request_to_h3_upstream
FN:890,_RNvNtCsiNLkn7P4XgI_7lb_quic9h3_bridge31validate_request_pseudo_headers
FN:329,_RNvXNtCsiNLkn7P4XgI_7lb_quic9h3_bridgeNtB2_9BodyParseNtNtCs2va5m0jqTTM_4core7default7Default7default
FN:2554,_RNvXs4_NtCsiNLkn7P4XgI_7lb_quic9h3_bridgeNtB5_10H3ReqAbortNtNtCs2va5m0jqTTM_4core3fmt7Display3fmt
FN:2587,_RNvXs6_NtCsiNLkn7P4XgI_7lb_quic9h3_bridgeNtB5_15H3ReqStreamBodyNtCsl5a7MsEZ2mF_9http_body4Body10poll_frame
FN:2414,_RNCNCNvNtCsiNLkn7P4XgI_7lb_quic9h3_bridge15h3_to_h1_stream00B7_
FN:2058,_RNCNCNvNtCsiNLkn7P4XgI_7lb_quic9h3_bridge18h3_to_h1_roundtrip00B7_
FN:2401,_RNCNvNtCsiNLkn7P4XgI_7lb_quic9h3_bridge15h3_to_h1_stream0B5_
FN:1047,_RNCNvNtCsiNLkn7P4XgI_7lb_quic9h3_bridge16read_h1_response0B5_
FN:2046,_RNCNvNtCsiNLkn7P4XgI_7lb_quic9h3_bridge18h3_to_h1_roundtrip0B5_
FN:2845,_RNCNvNtCsiNLkn7P4XgI_7lb_quic9h3_bridge19request_h3_upstream0B5_
FN:688,_RNvMs0_NtCsiNLkn7P4XgI_7lb_quic9h3_bridgeNtB5_11StreamRxBuf12is_too_large
FN:2395,_RNvNtCsiNLkn7P4XgI_7lb_quic9h3_bridge15h3_to_h1_stream
FN:1047,_RNvNtCsiNLkn7P4XgI_7lb_quic9h3_bridge16read_h1_response
FN:2041,_RNvNtCsiNLkn7P4XgI_7lb_quic9h3_bridge18h3_to_h1_roundtrip
FN:2838,_RNvNtCsiNLkn7P4XgI_7lb_quic9h3_bridge19request_h3_upstream
FN:807,_RNvXs1_NtCsiNLkn7P4XgI_7lb_quic9h3_bridgeNtB5_9H3RequestNtNtCs2va5m0jqTTM_4core7default7Default7default
FN:2810,_RNvXs7_NtCsiNLkn7P4XgI_7lb_quic9h3_bridgeNtB5_18H3UpstreamResponseNtNtCs2va5m0jqTTM_4core7default7Default7default
FN:387,_RNvXs_NtCsiNLkn7P4XgI_7lb_quic9h3_bridgeNtB4_9FeedErrorNtNtCs2va5m0jqTTM_4core3fmt7Display3fmt
FN:4865,_RNCNCNvNtNtCsiNLkn7P4XgI_7lb_quic9h3_bridge5testss_35feed_body_accepts_valid_h3_trailers00B9_
FN:5146,_RNCNCNvNtNtCsiNLkn7P4XgI_7lb_quic9h3_bridge5testss_49g5_h2_request_body_from_rx_head_construction_arms00B9_
FN:5221,_RNCNCNvNtNtCsiNLkn7P4XgI_7lb_quic9h3_bridge5testss_50g5_h3_to_h2_stream_resp_inline_413_and_502_no_dial00B9_
FN:5261,_RNCNCNvNtNtCsiNLkn7P4XgI_7lb_quic9h3_bridge5testss_50g5_h3_to_h2_stream_resp_inline_413_and_502_no_dial0s_0B9_
FN:4760,_RNCNCNvNtNtCsiNLkn7P4XgI_7lb_quic9h3_bridge5testss_61read_h1_response_capped_rejects_over_cap_and_passes_under_cap00B9_
FN:4786,_RNCNCNvNtNtCsiNLkn7P4XgI_7lb_quic9h3_bridge5testss_61read_h1_response_capped_rejects_over_cap_and_passes_under_cap0s_0B9_
FN:4424,_RNCNvNtNtCsiNLkn7P4XgI_7lb_quic9h3_bridge5tests1h0B7_
FN:4864,_RNCNvNtNtCsiNLkn7P4XgI_7lb_quic9h3_bridge5testss_35feed_body_accepts_valid_h3_trailers0B7_
FN:4655,_RNCNvNtNtCsiNLkn7P4XgI_7lb_quic9h3_bridge5testss_43encode_h3_response_includes_status_and_body0B7_
FN:4659,_RNCNvNtNtCsiNLkn7P4XgI_7lb_quic9h3_bridge5testss_43encode_h3_response_includes_status_and_bodys_0B7_
FN:5277,_RNCNvNtNtCsiNLkn7P4XgI_7lb_quic9h3_bridge5testss_49encode_h3_headers_frame_none_omits_content_length0B7_
FN:5279,_RNCNvNtNtCsiNLkn7P4XgI_7lb_quic9h3_bridge5testss_49encode_h3_headers_frame_none_omits_content_lengths_0B7_
FN:5114,_RNCNvNtNtCsiNLkn7P4XgI_7lb_quic9h3_bridge5testss_49g5_h2_request_body_from_rx_head_construction_arms0B7_
FN:5004,_RNCNvNtNtCsiNLkn7P4XgI_7lb_quic9h3_bridge5testss_49s6_i2_h3_req_stream_body_frame_and_abort_contract0B7_
FN:5179,_RNCNvNtNtCsiNLkn7P4XgI_7lb_quic9h3_bridge5testss_50g5_h3_to_h2_stream_resp_inline_413_and_502_no_dial0B7_
FN:4980,_RNCNvNtNtCsiNLkn7P4XgI_7lb_quic9h3_bridge5testss_50s6_i1_stream_h2_response_reencode_framing_contract0B7_
FN:4938,_RNCNvNtNtCsiNLkn7P4XgI_7lb_quic9h3_bridge5testss_50s6_i1_stream_h2_response_reencode_framing_contracts0_0B7_
FN:4948,_RNCNvNtNtCsiNLkn7P4XgI_7lb_quic9h3_bridge5testss_50s6_i1_stream_h2_response_reencode_framing_contracts1_0B7_
FN:4990,_RNCNvNtNtCsiNLkn7P4XgI_7lb_quic9h3_bridge5testss_50s6_i1_stream_h2_response_reencode_framing_contracts2_0B7_
FN:4992,_RNCNvNtNtCsiNLkn7P4XgI_7lb_quic9h3_bridge5testss_50s6_i1_stream_h2_response_reencode_framing_contracts3_0B7_
FN:4936,_RNCNvNtNtCsiNLkn7P4XgI_7lb_quic9h3_bridge5testss_50s6_i1_stream_h2_response_reencode_framing_contracts_0B7_
FN:5686,_RNCNvNtNtCsiNLkn7P4XgI_7lb_quic9h3_bridge5testss_52s12_decoded_sink_on_head_forwards_full_nonpseudo_set0B7_
FN:5656,_RNCNvNtNtCsiNLkn7P4XgI_7lb_quic9h3_bridge5testss_55s12_decoded_sink_on_trailers_emits_h3respevent_trailers0B7_
FN:4745,_RNCNvNtNtCsiNLkn7P4XgI_7lb_quic9h3_bridge5testss_61read_h1_response_capped_rejects_over_cap_and_passes_under_cap0B7_
FN:4421,_RNvNtNtCsiNLkn7P4XgI_7lb_quic9h3_bridge5tests1h
FN:5497,_RNvNtNtCsiNLkn7P4XgI_7lb_quic9h3_bridge5testss_27s7_j2_request_send_decision
FN:4475,_RNvNtNtCsiNLkn7P4XgI_7lb_quic9h3_bridge5testss_28pseudo_12_duplicate_rejected
FN:4630,_RNvNtNtCsiNLkn7P4XgI_7lb_quic9h3_bridge5testss_28pseudo_connect_request_rules
FN:5428,_RNvNtNtCsiNLkn7P4XgI_7lb_quic9h3_bridge5testss_31s7_j1_recv_half_frame_machinery
FN:5287,_RNvNtNtCsiNLkn7P4XgI_7lb_quic9h3_bridge5testss_34chunk_decoder_decodes_split_chunks
FN:4844,_RNvNtNtCsiNLkn7P4XgI_7lb_quic9h3_bridge5testss_35feed_body_accepts_valid_h3_trailers
FN:5094,_RNvNtNtCsiNLkn7P4XgI_7lb_quic9h3_bridge5testss_36g5_h3reqabort_display_and_error_impl
FN:4494,_RNvNtNtCsiNLkn7P4XgI_7lb_quic9h3_bridge5testss_36pseudo_13_missing_mandatory_rejected
FN:5603,_RNvNtNtCsiNLkn7P4XgI_7lb_quic9h3_bridge5testss_36s7_j5_recv_stream_err_classification
FN:4525,_RNvNtNtCsiNLkn7P4XgI_7lb_quic9h3_bridge5testss_38pseudo_15_after_regular_field_rejected
FN:5349,_RNvNtNtCsiNLkn7P4XgI_7lb_quic9h3_bridge5testss_39chunk_decoder_parses_trailer_section_c4
FN:5333,_RNvNtNtCsiNLkn7P4XgI_7lb_quic9h3_bridge5testss_39chunk_decoder_tolerates_chunk_extension
FN:4505,_RNvNtNtCsiNLkn7P4XgI_7lb_quic9h3_bridge5testss_40pseudo_14_prohibited_or_unknown_rejected
FN:4871,_RNvNtNtCsiNLkn7P4XgI_7lb_quic9h3_bridge5testss_41stream_rx_buf_accumulates_partial_headers
FN:5303,_RNvNtNtCsiNLkn7P4XgI_7lb_quic9h3_bridge5testss_42chunk_decoder_rejects_malformed_framing_c3
FN:4645,_RNvNtNtCsiNLkn7P4XgI_7lb_quic9h3_bridge5testss_43encode_h3_response_includes_status_and_body
FN:4811,_RNvNtNtCsiNLkn7P4XgI_7lb_quic9h3_bridge5testss_46feed_body_rejects_pseudo_header_in_h3_trailers
FN:4429,_RNvNtNtCsiNLkn7P4XgI_7lb_quic9h3_bridge5testss_46pseudo_valid_request_accepted_negative_control
FN:4539,_RNvNtNtCsiNLkn7P4XgI_7lb_quic9h3_bridge5testss_47feed_11_data_before_headers_is_frame_unexpected
FN:5270,_RNvNtNtCsiNLkn7P4XgI_7lb_quic9h3_bridge5testss_49encode_h3_headers_frame_none_omits_content_length
FN:5114,_RNvNtNtCsiNLkn7P4XgI_7lb_quic9h3_bridge5testss_49g5_h2_request_body_from_rx_head_construction_arms
FN:5004,_RNvNtNtCsiNLkn7P4XgI_7lb_quic9h3_bridge5testss_49s6_i2_h3_req_stream_body_frame_and_abort_contract
FN:5179,_RNvNtNtCsiNLkn7P4XgI_7lb_quic9h3_bridge5testss_50g5_h3_to_h2_stream_resp_inline_413_and_502_no_dial
FN:4928,_RNvNtNtCsiNLkn7P4XgI_7lb_quic9h3_bridge5testss_50s6_i1_stream_h2_response_reencode_framing_contract
FN:4453,_RNvNtNtCsiNLkn7P4XgI_7lb_quic9h3_bridge5testss_51pseudo_13_absent_authority_rejected_for_http_scheme
FN:5686,_RNvNtNtCsiNLkn7P4XgI_7lb_quic9h3_bridge5testss_52s12_decoded_sink_on_head_forwards_full_nonpseudo_set
FN:4898,_RNvNtNtCsiNLkn7P4XgI_7lb_quic9h3_bridge5testss_53encode_h3_response_is_byte_identical_to_split_helpers
FN:5656,_RNvNtNtCsiNLkn7P4XgI_7lb_quic9h3_bridge5testss_55s12_decoded_sink_on_trailers_emits_h3respevent_trailers
FN:4554,_RNvNtNtCsiNLkn7P4XgI_7lb_quic9h3_bridge5testss_57feed_21_cancel_push_on_request_stream_is_frame_unexpected
FN:4601,_RNvNtNtCsiNLkn7P4XgI_7lb_quic9h3_bridge5testss_57feed_unknown_grease_frame_is_ignored_then_headers_decodes
FN:4582,_RNvNtNtCsiNLkn7P4XgI_7lb_quic9h3_bridge5testss_58feed_22_invalid_qpack_static_index_is_decompression_failed
FN:4745,_RNvNtNtCsiNLkn7P4XgI_7lb_quic9h3_bridge5testss_61read_h1_response_capped_rejects_over_cap_and_passes_under_cap
FN:4668,_RNvNtNtCsiNLkn7P4XgI_7lb_quic9h3_bridge5testss_63build_h1_request_none_body_is_byte_identical_to_legacy_bodyless
FN:4709,_RNvNtNtCsiNLkn7P4XgI_7lb_quic9h3_bridge5testss_76s2_target_build_h1_request_with_body_sets_content_length_and_appends_payload
FNDA:0,_RNCNCNvNtCsFtQQ2UsJ2c_7lb_quic9h3_bridge15h3_to_h1_stream00B7_
FNDA:0,_RNCNCNvNtCsFtQQ2UsJ2c_7lb_quic9h3_bridge18h3_to_h1_roundtrip00B7_
FNDA:0,_RNCNCNvNtCsFtQQ2UsJ2c_7lb_quic9h3_bridge23read_h1_response_capped00B7_
FNDA:0,_RNCNCNvNtCsFtQQ2UsJ2c_7lb_quic9h3_bridge23read_h1_response_capped0s0_0B7_
FNDA:0,_RNCNCNvNtCsFtQQ2UsJ2c_7lb_quic9h3_bridge23read_h1_response_capped0s_0B7_
FNDA:0,_RNCNvNtCsFtQQ2UsJ2c_7lb_quic9h3_bridge15h3_to_h1_stream0B5_
FNDA:0,_RNCNvNtCsFtQQ2UsJ2c_7lb_quic9h3_bridge16read_h1_response0B5_
FNDA:0,_RNCNvNtCsFtQQ2UsJ2c_7lb_quic9h3_bridge18h3_to_h1_roundtrip0B5_
FNDA:0,_RNCNvNtCsFtQQ2UsJ2c_7lb_quic9h3_bridge19request_h3_upstream0B5_
FNDA:0,_RNCNvNtCsFtQQ2UsJ2c_7lb_quic9h3_bridge23read_h1_response_capped0B5_
FNDA:0,_RNCNCNCNvNtCsFtQQ2UsJ2c_7lb_quic9h3_bridge18stream_h1_response0s_00B9_
FNDA:2,_RNCNCNCNvNtCsFtQQ2UsJ2c_7lb_quic9h3_bridge18stream_h2_response0s1_00B9_
FNDA:0,_RNCNCNvMs8_NtCsFtQQ2UsJ2c_7lb_quic9h3_bridgeNtB9_9H3RespOut11on_trailers00Bb_
FNDA:0,_RNCNCNvMs8_NtCsFtQQ2UsJ2c_7lb_quic9h3_bridgeNtB9_9H3RespOut11on_trailers0s_0Bb_
FNDA:0,_RNCNCNvMs8_NtCsFtQQ2UsJ2c_7lb_quic9h3_bridgeNtB9_9H3RespOut6on_end00Bb_
FNDA:0,_RNCNCNvMs8_NtCsFtQQ2UsJ2c_7lb_quic9h3_bridgeNtB9_9H3RespOut6on_end0s_0Bb_
FNDA:1,_RNCNCNvMs8_NtCsFtQQ2UsJ2c_7lb_quic9h3_bridgeNtB9_9H3RespOut7on_data00Bb_
FNDA:0,_RNCNCNvMs8_NtCsFtQQ2UsJ2c_7lb_quic9h3_bridgeNtB9_9H3RespOut7on_data0s_0Bb_
FNDA:0,_RNCNCNvMs8_NtCsFtQQ2UsJ2c_7lb_quic9h3_bridgeNtB9_9H3RespOut7on_head00Bb_
FNDA:0,_RNCNCNvMs8_NtCsFtQQ2UsJ2c_7lb_quic9h3_bridgeNtB9_9H3RespOut7on_head0s_0Bb_
FNDA:1,_RNCNCNvNtCsFtQQ2UsJ2c_7lb_quic9h3_bridge16write_body_chunk00B7_
FNDA:0,_RNCNCNvNtCsFtQQ2UsJ2c_7lb_quic9h3_bridge16write_body_chunk0s0_0B7_
FNDA:0,_RNCNCNvNtCsFtQQ2UsJ2c_7lb_quic9h3_bridge16write_body_chunk0s1_0B7_
FNDA:0,_RNCNCNvNtCsFtQQ2UsJ2c_7lb_quic9h3_bridge16write_body_chunk0s_0B7_
FNDA:1,_RNCNCNvNtCsFtQQ2UsJ2c_7lb_quic9h3_bridge16write_h1_request00B7_
FNDA:0,_RNCNCNvNtCsFtQQ2UsJ2c_7lb_quic9h3_bridge18stream_h1_response00B7_
FNDA:0,_RNCNCNvNtCsFtQQ2UsJ2c_7lb_quic9h3_bridge18stream_h1_response0s0_0B7_
FNDA:0,_RNCNCNvNtCsFtQQ2UsJ2c_7lb_quic9h3_bridge18stream_h1_response0s1_0B7_
FNDA:2,_RNCNCNvNtCsFtQQ2UsJ2c_7lb_quic9h3_bridge18stream_h1_response0s2_0B7_
FNDA:0,_RNCNCNvNtCsFtQQ2UsJ2c_7lb_quic9h3_bridge18stream_h1_response0s3_0B7_
FNDA:0,_RNCNCNvNtCsFtQQ2UsJ2c_7lb_quic9h3_bridge18stream_h1_response0s4_0B7_
FNDA:0,_RNCNCNvNtCsFtQQ2UsJ2c_7lb_quic9h3_bridge18stream_h1_response0s5_0B7_
FNDA:0,_RNCNCNvNtCsFtQQ2UsJ2c_7lb_quic9h3_bridge18stream_h1_response0s6_0B7_
FNDA:0,_RNCNCNvNtCsFtQQ2UsJ2c_7lb_quic9h3_bridge18stream_h1_response0s7_0B7_
FNDA:0,_RNCNCNvNtCsFtQQ2UsJ2c_7lb_quic9h3_bridge18stream_h1_response0s8_0B7_
FNDA:33,_RNCNCNvNtCsFtQQ2UsJ2c_7lb_quic9h3_bridge18stream_h1_response0s_0B7_
FNDA:7,_RNCNCNvNtCsFtQQ2UsJ2c_7lb_quic9h3_bridge18stream_h2_response00B7_
FNDA:2,_RNCNCNvNtCsFtQQ2UsJ2c_7lb_quic9h3_bridge18stream_h2_response0s0_0B7_
FNDA:2,_RNCNCNvNtCsFtQQ2UsJ2c_7lb_quic9h3_bridge18stream_h2_response0s1_0B7_
FNDA:1,_RNCNCNvNtCsFtQQ2UsJ2c_7lb_quic9h3_bridge18stream_h2_response0s2_0B7_
FNDA:0,_RNCNCNvNtCsFtQQ2UsJ2c_7lb_quic9h3_bridge18stream_h2_response0s3_0B7_
FNDA:0,_RNCNCNvNtCsFtQQ2UsJ2c_7lb_quic9h3_bridge18stream_h2_response0s4_0B7_
FNDA:0,_RNCNCNvNtCsFtQQ2UsJ2c_7lb_quic9h3_bridge18stream_h2_response0s5_0B7_
FNDA:7,_RNCNCNvNtCsFtQQ2UsJ2c_7lb_quic9h3_bridge18stream_h2_response0s_0B7_
FNDA:2,_RNCNCNvNtCsFtQQ2UsJ2c_7lb_quic9h3_bridge29stream_request_to_h3_upstream00B7_
FNDA:1,_RNCNvMs0_NtCsFtQQ2UsJ2c_7lb_quic9h3_bridgeNtB7_11StreamRxBuf4feed0B9_
FNDA:0,_RNCNvMs0_NtCsFtQQ2UsJ2c_7lb_quic9h3_bridgeNtB7_11StreamRxBuf9feed_body0B9_
FNDA:3,_RNCNvMs0_NtCsFtQQ2UsJ2c_7lb_quic9h3_bridgeNtB7_11StreamRxBuf9feed_bodys0_0B9_
FNDA:0,_RNCNvMs0_NtCsFtQQ2UsJ2c_7lb_quic9h3_bridgeNtB7_11StreamRxBuf9feed_bodys_0B9_
FNDA:0,_RNCNvMs2_NtCsFtQQ2UsJ2c_7lb_quic9h3_bridgeNtB7_9H3Request12from_headers0B9_
FNDA:0,_RNCNvMs2_NtCsFtQQ2UsJ2c_7lb_quic9h3_bridgeNtB7_9H3Request12from_headerss_0B9_
FNDA:876,_RNCNvMs3_NtCsFtQQ2UsJ2c_7lb_quic9h3_bridgeNtB7_12ChunkDecoder21parse_trailer_section0B9_
FNDA:0,_RNCNvMs3_NtCsFtQQ2UsJ2c_7lb_quic9h3_bridgeNtB7_12ChunkDecoder21parse_trailer_sections_0B9_
FNDA:101,_RNCNvMs3_NtCsFtQQ2UsJ2c_7lb_quic9h3_bridgeNtB7_12ChunkDecoder4feed0B9_
FNDA:0,_RNCNvMs3_NtCsFtQQ2UsJ2c_7lb_quic9h3_bridgeNtB7_12ChunkDecoder4feeds0_0B9_
FNDA:2,_RNCNvMs3_NtCsFtQQ2UsJ2c_7lb_quic9h3_bridgeNtB7_12ChunkDecoder4feeds1_0B9_
FNDA:70,_RNCNvMs3_NtCsFtQQ2UsJ2c_7lb_quic9h3_bridgeNtB7_12ChunkDecoder4feeds_0B9_
FNDA:1,_RNCNvMs8_NtCsFtQQ2UsJ2c_7lb_quic9h3_bridgeNtB7_9H3RespOut11on_trailers0B9_
FNDA:60,_RNCNvMs8_NtCsFtQQ2UsJ2c_7lb_quic9h3_bridgeNtB7_9H3RespOut6inline0B9_
FNDA:10,_RNCNvMs8_NtCsFtQQ2UsJ2c_7lb_quic9h3_bridgeNtB7_9H3RespOut6on_end0B9_
FNDA:37612,_RNCNvMs8_NtCsFtQQ2UsJ2c_7lb_quic9h3_bridgeNtB7_9H3RespOut7on_data0B9_
FNDA:16,_RNCNvMs8_NtCsFtQQ2UsJ2c_7lb_quic9h3_bridgeNtB7_9H3RespOut7on_head0B9_
FNDA:12,_RNCNvMs8_NtCsFtQQ2UsJ2c_7lb_quic9h3_bridgeNtB7_9H3RespOut8on_reset0B9_
FNDA:2,_RNCNvNCNvNtCsFtQQ2UsJ2c_7lb_quic9h3_bridge20h3_to_h1_stream_resp06inline0B9_
FNDA:1,_RNCNvNCNvNtCsFtQQ2UsJ2c_7lb_quic9h3_bridge20h3_to_h2_stream_resp06inline0B9_
FNDA:1959,_RNCNvNtCsFtQQ2UsJ2c_7lb_quic9h3_bridge15find_header_sep0B5_
FNDA:674,_RNCNvNtCsFtQQ2UsJ2c_7lb_quic9h3_bridge16write_body_chunk0B5_
FNDA:38,_RNCNvNtCsFtQQ2UsJ2c_7lb_quic9h3_bridge16write_h1_request0B5_
FNDA:0,_RNCNvNtCsFtQQ2UsJ2c_7lb_quic9h3_bridge17parse_status_line0B5_
FNDA:34,_RNCNvNtCsFtQQ2UsJ2c_7lb_quic9h3_bridge18stream_h1_response0B5_
FNDA:14,_RNCNvNtCsFtQQ2UsJ2c_7lb_quic9h3_bridge18stream_h2_response0B5_
FNDA:0,_RNCNvNtCsFtQQ2UsJ2c_7lb_quic9h3_bridge20encode_h3_data_frame0B5_
FNDA:36,_RNCNvNtCsFtQQ2UsJ2c_7lb_quic9h3_bridge20h3_to_h1_stream_resp0B5_
FNDA:8,_RNCNvNtCsFtQQ2UsJ2c_7lb_quic9h3_bridge20h3_to_h2_stream_resp0B5_
FNDA:81,_RNCNvNtCsFtQQ2UsJ2c_7lb_quic9h3_bridge20h3_to_h3_stream_resp0B5_
FNDA:0,_RNCNvNtCsFtQQ2UsJ2c_7lb_quic9h3_bridge23encode_h3_headers_frame0B5_
FNDA:0,_RNCNvNtCsFtQQ2UsJ2c_7lb_quic9h3_bridge23encode_h3_headers_frames_0B5_
FNDA:0,_RNCNvNtCsFtQQ2UsJ2c_7lb_quic9h3_bridge23h2_request_body_from_rxs_0B5_
FNDA:0,_RNCNvNtCsFtQQ2UsJ2c_7lb_quic9h3_bridge24encode_h3_trailers_frame0B5_
FNDA:0,_RNCNvNtCsFtQQ2UsJ2c_7lb_quic9h3_bridge24encode_h3_trailers_frames_0B5_
FNDA:0,_RNCNvNtCsFtQQ2UsJ2c_7lb_quic9h3_bridge28encode_h3_headers_frame_full0B5_
FNDA:0,_RNCNvNtCsFtQQ2UsJ2c_7lb_quic9h3_bridge28encode_h3_headers_frame_fulls_0B5_
FNDA:81,_RNCNvNtCsFtQQ2UsJ2c_7lb_quic9h3_bridge29stream_request_to_h3_upstream0B5_
FNDA:1,_RNvMs0_NtCsFtQQ2UsJ2c_7lb_quic9h3_bridgeNtB5_11StreamRxBuf12is_too_large
FNDA:5252,_RNvMs0_NtCsFtQQ2UsJ2c_7lb_quic9h3_bridgeNtB5_11StreamRxBuf14retained_bytes
FNDA:1951,_RNvMs0_NtCsFtQQ2UsJ2c_7lb_quic9h3_bridgeNtB5_11StreamRxBuf22try_parse_frame_header
FNDA:214,_RNvMs0_NtCsFtQQ2UsJ2c_7lb_quic9h3_bridgeNtB5_11StreamRxBuf4feed
FNDA:5266,_RNvMs0_NtCsFtQQ2UsJ2c_7lb_quic9h3_bridgeNtB5_11StreamRxBuf9feed_body
FNDA:127,_RNvMs2_NtCsFtQQ2UsJ2c_7lb_quic9h3_bridgeNtB5_9H3Request12from_headers
FNDA:4,_RNvMs3_NtCsFtQQ2UsJ2c_7lb_quic9h3_bridgeNtB5_12ChunkDecoder13take_trailers
FNDA:65,_RNvMs3_NtCsFtQQ2UsJ2c_7lb_quic9h3_bridgeNtB5_12ChunkDecoder21parse_trailer_section
FNDA:9,_RNvMs3_NtCsFtQQ2UsJ2c_7lb_quic9h3_bridgeNtB5_12ChunkDecoder3new
FNDA:98,_RNvMs3_NtCsFtQQ2UsJ2c_7lb_quic9h3_bridgeNtB5_12ChunkDecoder4feed
FNDA:1,_RNvMs8_NtCsFtQQ2UsJ2c_7lb_quic9h3_bridgeNtB5_9H3RespOut11on_trailers
FNDA:60,_RNvMs8_NtCsFtQQ2UsJ2c_7lb_quic9h3_bridgeNtB5_9H3RespOut6inline
FNDA:10,_RNvMs8_NtCsFtQQ2UsJ2c_7lb_quic9h3_bridgeNtB5_9H3RespOut6on_end
FNDA:37612,_RNvMs8_NtCsFtQQ2UsJ2c_7lb_quic9h3_bridgeNtB5_9H3RespOut7on_data
FNDA:16,_RNvMs8_NtCsFtQQ2UsJ2c_7lb_quic9h3_bridgeNtB5_9H3RespOut7on_head
FNDA:12,_RNvMs8_NtCsFtQQ2UsJ2c_7lb_quic9h3_bridgeNtB5_9H3RespOut8on_reset
FNDA:2,_RNvNCNvNtCsFtQQ2UsJ2c_7lb_quic9h3_bridge20h3_to_h1_stream_resp06inline
FNDA:1,_RNvNCNvNtCsFtQQ2UsJ2c_7lb_quic9h3_bridge20h3_to_h2_stream_resp06inline
FNDA:38,_RNvNtCsFtQQ2UsJ2c_7lb_quic9h3_bridge13build_h1_head
FNDA:21,_RNvNtCsFtQQ2UsJ2c_7lb_quic9h3_bridge15check_block_len
FNDA:69,_RNvNtCsFtQQ2UsJ2c_7lb_quic9h3_bridge15find_header_sep
FNDA:2,_RNvNtCsFtQQ2UsJ2c_7lb_quic9h3_bridge15h3_to_h1_stream
FNDA:703,_RNvNtCsFtQQ2UsJ2c_7lb_quic9h3_bridge15record_inflight
FNDA:5264,_RNvNtCsFtQQ2UsJ2c_7lb_quic9h3_bridge15record_retained
FNDA:1,_RNvNtCsFtQQ2UsJ2c_7lb_quic9h3_bridge16build_h1_request
FNDA:1,_RNvNtCsFtQQ2UsJ2c_7lb_quic9h3_bridge16read_h1_response
FNDA:674,_RNvNtCsFtQQ2UsJ2c_7lb_quic9h3_bridge16write_body_chunk
FNDA:38,_RNvNtCsFtQQ2UsJ2c_7lb_quic9h3_bridge16write_h1_request
FNDA:36343,_RNvNtCsFtQQ2UsJ2c_7lb_quic9h3_bridge17classify_recv_err
FNDA:34,_RNvNtCsFtQQ2UsJ2c_7lb_quic9h3_bridge17parse_status_line
FNDA:68,_RNvNtCsFtQQ2UsJ2c_7lb_quic9h3_bridge18encode_h3_response
FNDA:1,_RNvNtCsFtQQ2UsJ2c_7lb_quic9h3_bridge18h3_to_h1_roundtrip
FNDA:16271,_RNvNtCsFtQQ2UsJ2c_7lb_quic9h3_bridge18parse_frame_header
FNDA:34,_RNvNtCsFtQQ2UsJ2c_7lb_quic9h3_bridge18stream_h1_response
FNDA:14,_RNvNtCsFtQQ2UsJ2c_7lb_quic9h3_bridge18stream_h2_response
FNDA:2524,_RNvNtCsFtQQ2UsJ2c_7lb_quic9h3_bridge19j2_req_event_action
FNDA:0,_RNvNtCsFtQQ2UsJ2c_7lb_quic9h3_bridge19request_h3_upstream
FNDA:60515,_RNvNtCsFtQQ2UsJ2c_7lb_quic9h3_bridge20encode_h3_data_frame
FNDA:36,_RNvNtCsFtQQ2UsJ2c_7lb_quic9h3_bridge20h3_to_h1_stream_resp
FNDA:8,_RNvNtCsFtQQ2UsJ2c_7lb_quic9h3_bridge20h3_to_h2_stream_resp
FNDA:81,_RNvNtCsFtQQ2UsJ2c_7lb_quic9h3_bridge20h3_to_h3_stream_resp
FNDA:671917,_RNvNtCsFtQQ2UsJ2c_7lb_quic9h3_bridge20record_resp_retained
FNDA:51,_RNvNtCsFtQQ2UsJ2c_7lb_quic9h3_bridge22is_response_hop_by_hop
FNDA:68,_RNvNtCsFtQQ2UsJ2c_7lb_quic9h3_bridge23encode_h3_headers_frame
FNDA:8,_RNvNtCsFtQQ2UsJ2c_7lb_quic9h3_bridge23h2_request_body_from_rx
FNDA:1,_RNvNtCsFtQQ2UsJ2c_7lb_quic9h3_bridge23read_h1_response_capped
FNDA:5,_RNvNtCsFtQQ2UsJ2c_7lb_quic9h3_bridge24encode_h3_trailers_frame
FNDA:63,_RNvNtCsFtQQ2UsJ2c_7lb_quic9h3_bridge28encode_h3_headers_frame_full
FNDA:81,_RNvNtCsFtQQ2UsJ2c_7lb_quic9h3_bridge29stream_request_to_h3_upstream
FNDA:128,_RNvNtCsFtQQ2UsJ2c_7lb_quic9h3_bridge31validate_request_pseudo_headers
FNDA:6236,_RNvXNtCsFtQQ2UsJ2c_7lb_quic9h3_bridgeNtB2_9BodyParseNtNtCs2va5m0jqTTM_4core7default7Default7default
FNDA:0,_RNvXs1_NtCsFtQQ2UsJ2c_7lb_quic9h3_bridgeNtB5_9H3RequestNtNtCs2va5m0jqTTM_4core7default7Default7default
FNDA:0,_RNvXs4_NtCsFtQQ2UsJ2c_7lb_quic9h3_bridgeNtB5_10H3ReqAbortNtNtCs2va5m0jqTTM_4core3fmt7Display3fmt
FNDA:2229,_RNvXs6_NtCsFtQQ2UsJ2c_7lb_quic9h3_bridgeNtB5_15H3ReqStreamBodyNtCsl5a7MsEZ2mF_9http_body4Body10poll_frame
FNDA:0,_RNvXs7_NtCsFtQQ2UsJ2c_7lb_quic9h3_bridgeNtB5_18H3UpstreamResponseNtNtCs2va5m0jqTTM_4core7default7Default7default
FNDA:0,_RNvXs_NtCsFtQQ2UsJ2c_7lb_quic9h3_bridgeNtB4_9FeedErrorNtNtCs2va5m0jqTTM_4core3fmt7Display3fmt
FNDA:0,_RNCNCNvNtCsFtQQ2UsJ2c_7lb_quic9h3_bridge18h3_to_h1_roundtrip00Cs9CX2GXVQwPX_21h3_h1_binary_body_e2e
FNDA:0,_RNCNCNvNtCsFtQQ2UsJ2c_7lb_quic9h3_bridge23read_h1_response_capped00Cs9CX2GXVQwPX_21h3_h1_binary_body_e2e
FNDA:0,_RNCNCNvNtCsFtQQ2UsJ2c_7lb_quic9h3_bridge23read_h1_response_capped0s0_0Cs9CX2GXVQwPX_21h3_h1_binary_body_e2e
FNDA:0,_RNCNCNvNtCsFtQQ2UsJ2c_7lb_quic9h3_bridge23read_h1_response_capped0s_0Cs9CX2GXVQwPX_21h3_h1_binary_body_e2e
FNDA:1,_RNCNvNtCsFtQQ2UsJ2c_7lb_quic9h3_bridge16read_h1_response0Cs9CX2GXVQwPX_21h3_h1_binary_body_e2e
FNDA:1,_RNCNvNtCsFtQQ2UsJ2c_7lb_quic9h3_bridge18h3_to_h1_roundtrip0Cs9CX2GXVQwPX_21h3_h1_binary_body_e2e
FNDA:1,_RNCNvNtCsFtQQ2UsJ2c_7lb_quic9h3_bridge23read_h1_response_capped0Cs9CX2GXVQwPX_21h3_h1_binary_body_e2e
FNDA:0,_RNCNCNvNtCsFtQQ2UsJ2c_7lb_quic9h3_bridge15h3_to_h1_stream00Cs19teGkRmEuA_21h3_h1_stream_body_e2e
FNDA:0,_RNCNCNvNtCsFtQQ2UsJ2c_7lb_quic9h3_bridge23read_h1_response_capped00Cs19teGkRmEuA_21h3_h1_stream_body_e2e
FNDA:0,_RNCNCNvNtCsFtQQ2UsJ2c_7lb_quic9h3_bridge23read_h1_response_capped0s0_0Cs19teGkRmEuA_21h3_h1_stream_body_e2e
FNDA:0,_RNCNCNvNtCsFtQQ2UsJ2c_7lb_quic9h3_bridge23read_h1_response_capped0s_0Cs19teGkRmEuA_21h3_h1_stream_body_e2e
FNDA:1,_RNCNvNtCsFtQQ2UsJ2c_7lb_quic9h3_bridge15h3_to_h1_stream0Cs19teGkRmEuA_21h3_h1_stream_body_e2e
FNDA:0,_RNCNvNtCsFtQQ2UsJ2c_7lb_quic9h3_bridge16read_h1_response0Cs19teGkRmEuA_21h3_h1_stream_body_e2e
FNDA:0,_RNCNvNtCsFtQQ2UsJ2c_7lb_quic9h3_bridge23read_h1_response_capped0Cs19teGkRmEuA_21h3_h1_stream_body_e2e
FNDA:0,_RNCNCNvNtCsFtQQ2UsJ2c_7lb_quic9h3_bridge15h3_to_h1_stream00Cs29XIsylJmqt_28h3_h1_stream_body_errors_e2e
FNDA:0,_RNCNCNvNtCsFtQQ2UsJ2c_7lb_quic9h3_bridge23read_h1_response_capped00Cs29XIsylJmqt_28h3_h1_stream_body_errors_e2e
FNDA:0,_RNCNCNvNtCsFtQQ2UsJ2c_7lb_quic9h3_bridge23read_h1_response_capped0s0_0Cs29XIsylJmqt_28h3_h1_stream_body_errors_e2e
FNDA:0,_RNCNCNvNtCsFtQQ2UsJ2c_7lb_quic9h3_bridge23read_h1_response_capped0s_0Cs29XIsylJmqt_28h3_h1_stream_body_errors_e2e
FNDA:1,_RNCNvNtCsFtQQ2UsJ2c_7lb_quic9h3_bridge15h3_to_h1_stream0Cs29XIsylJmqt_28h3_h1_stream_body_errors_e2e
FNDA:0,_RNCNvNtCsFtQQ2UsJ2c_7lb_quic9h3_bridge16read_h1_response0Cs29XIsylJmqt_28h3_h1_stream_body_errors_e2e
FNDA:0,_RNCNvNtCsFtQQ2UsJ2c_7lb_quic9h3_bridge23read_h1_response_capped0Cs29XIsylJmqt_28h3_h1_stream_body_errors_e2e
FNDA:0,_RNCNCNCNvNtCsiNLkn7P4XgI_7lb_quic9h3_bridge18stream_h1_response0s_00B9_
FNDA:0,_RNCNCNCNvNtCsiNLkn7P4XgI_7lb_quic9h3_bridge18stream_h2_response0s1_00B9_
FNDA:0,_RNCNCNvMs8_NtCsiNLkn7P4XgI_7lb_quic9h3_bridgeNtB9_9H3RespOut11on_trailers00Bb_
[...]
FN:766,_RNvNtNtCsiNLkn7P4XgI_7lb_quic18terminate_loopback5testss_21stream_empty_rejected
FN:745,_RNvNtNtCsiNLkn7P4XgI_7lb_quic18terminate_loopback5testss_23datagram_empty_rejected
FNDA:0,_RNCNvNtCsFtQQ2UsJ2c_7lb_quic18terminate_loopback11random_scid0B5_
FNDA:0,_RNCNvNtCsFtQQ2UsJ2c_7lb_quic18terminate_loopback12build_config0B5_
FNDA:0,_RNCNvNtCsFtQQ2UsJ2c_7lb_quic18terminate_loopback12build_configs0_0B5_
FNDA:0,_RNCNvNtCsFtQQ2UsJ2c_7lb_quic18terminate_loopback12build_configs_0B5_
FNDA:0,_RNvMs_NtCsFtQQ2UsJ2c_7lb_quic18terminate_loopbackNtB4_12QuicEndpoint10local_addr
FNDA:0,_RNvMs_NtCsFtQQ2UsJ2c_7lb_quic18terminate_loopbackNtB4_12QuicEndpoint12retry_signer
FNDA:0,_RNvMs_NtCsFtQQ2UsJ2c_7lb_quic18terminate_loopbackNtB4_12QuicEndpoint13replay_filter
FNDA:0,_RNvMs_NtCsFtQQ2UsJ2c_7lb_quic18terminate_loopbackNtB4_12QuicEndpoint17with_retry_signer
FNDA:0,_RNvMs_NtCsFtQQ2UsJ2c_7lb_quic18terminate_loopbackNtB4_12QuicEndpoint18client_on_loopback
FNDA:0,_RNvMs_NtCsFtQQ2UsJ2c_7lb_quic18terminate_loopbackNtB4_12QuicEndpoint18server_on_loopback
FNDA:0,_RNvMs_NtCsFtQQ2UsJ2c_7lb_quic18terminate_loopbackNtB4_12QuicEndpoint18with_replay_filter
FNDA:0,_RNvNtCsFtQQ2UsJ2c_7lb_quic18terminate_loopback11random_scid
FNDA:0,_RNvNtCsFtQQ2UsJ2c_7lb_quic18terminate_loopback12build_config
FNDA:0,_RNvNtCsFtQQ2UsJ2c_7lb_quic18terminate_loopback14forward_stream
FNDA:0,_RNvNtCsFtQQ2UsJ2c_7lb_quic18terminate_loopback14graceful_close
FNDA:0,_RNvNtCsFtQQ2UsJ2c_7lb_quic18terminate_loopback16forward_datagram
FNDA:0,_RNvNtCsFtQQ2UsJ2c_7lb_quic18terminate_loopback16roundtrip_stream
FNDA:0,_RNvNtCsFtQQ2UsJ2c_7lb_quic18terminate_loopback17server_accept_one
FNDA:0,_RNvNtCsFtQQ2UsJ2c_7lb_quic18terminate_loopback18roundtrip_datagram
FNDA:0,_RNvNtCsFtQQ2UsJ2c_7lb_quic18terminate_loopback18server_stream_task
FNDA:0,_RNvNtCsFtQQ2UsJ2c_7lb_quic18terminate_loopback20server_datagram_task
FNDA:0,_RNvNtCsFtQQ2UsJ2c_7lb_quic18terminate_loopback21flush_out_best_effort
FNDA:0,_RNvNtCsFtQQ2UsJ2c_7lb_quic18terminate_loopback6prefix
FNDA:0,_RNvNtCsFtQQ2UsJ2c_7lb_quic18terminate_loopback9flush_out
FNDA:0,_RNvXNtCsFtQQ2UsJ2c_7lb_quic18terminate_loopbackNtB2_12QuicEndpointNtNtCs2va5m0jqTTM_4core3fmt5Debug3fmt
FNDA:0,_RINvNtCsFtQQ2UsJ2c_7lb_quic18terminate_loopback5driveppEB4_
FNDA:0,_RNCINvNtCsFtQQ2UsJ2c_7lb_quic18terminate_loopback5driveppE0B6_
FNDA:0,_RNCNCINvNtCsFtQQ2UsJ2c_7lb_quic18terminate_loopback5driveppE00B8_
FNDA:0,_RNCNCNvNtCsFtQQ2UsJ2c_7lb_quic18terminate_loopback16roundtrip_stream00B7_
FNDA:0,_RNCNCNvNtCsFtQQ2UsJ2c_7lb_quic18terminate_loopback16roundtrip_stream0s_0B7_
FNDA:0,_RNCNCNvNtCsFtQQ2UsJ2c_7lb_quic18terminate_loopback17server_accept_one00B7_
FNDA:0,_RNCNCNvNtCsFtQQ2UsJ2c_7lb_quic18terminate_loopback18roundtrip_datagram00B7_
FNDA:0,_RNCNCNvNtCsFtQQ2UsJ2c_7lb_quic18terminate_loopback18roundtrip_datagram0s_0B7_
FNDA:0,_RNCNCNvNtCsFtQQ2UsJ2c_7lb_quic18terminate_loopback18server_stream_task00B7_
FNDA:0,_RNCNCNvNtCsFtQQ2UsJ2c_7lb_quic18terminate_loopback20server_datagram_task00B7_
FNDA:0,_RNCNvMs_NtCsFtQQ2UsJ2c_7lb_quic18terminate_loopbackNtB6_12QuicEndpoint18client_on_loopback0B8_
FNDA:0,_RNCNvMs_NtCsFtQQ2UsJ2c_7lb_quic18terminate_loopbackNtB6_12QuicEndpoint18server_on_loopback0B8_
FNDA:0,_RNCNvNtCsFtQQ2UsJ2c_7lb_quic18terminate_loopback14graceful_close0B5_
FNDA:0,_RNCNvNtCsFtQQ2UsJ2c_7lb_quic18terminate_loopback16roundtrip_stream0B5_
FNDA:0,_RNCNvNtCsFtQQ2UsJ2c_7lb_quic18terminate_loopback17server_accept_one0B5_
FNDA:0,_RNCNvNtCsFtQQ2UsJ2c_7lb_quic18terminate_loopback18roundtrip_datagram0B5_
FNDA:0,_RNCNvNtCsFtQQ2UsJ2c_7lb_quic18terminate_loopback18server_stream_task0B5_
FNDA:0,_RNCNvNtCsFtQQ2UsJ2c_7lb_quic18terminate_loopback20server_datagram_task0B5_
FNDA:0,_RNCNvNtCsFtQQ2UsJ2c_7lb_quic18terminate_loopback21flush_out_best_effort0B5_
FNDA:0,_RNCNvNtCsFtQQ2UsJ2c_7lb_quic18terminate_loopback9flush_out0B5_
FNDA:2,_RNvNtCsiNLkn7P4XgI_7lb_quic18terminate_loopback14forward_stream
FNDA:2,_RNvNtCsiNLkn7P4XgI_7lb_quic18terminate_loopback16forward_datagram
FNDA:0,_RINvNtCsiNLkn7P4XgI_7lb_quic18terminate_loopback5driveppEB4_
FNDA:0,_RNCINvNtCsiNLkn7P4XgI_7lb_quic18terminate_loopback5driveppE0B6_
FNDA:0,_RNCNCINvNtCsiNLkn7P4XgI_7lb_quic18terminate_loopback5driveppE00B8_
FNDA:0,_RNCNCNvNtCsiNLkn7P4XgI_7lb_quic18terminate_loopback16roundtrip_stream00B7_
FNDA:0,_RNCNCNvNtCsiNLkn7P4XgI_7lb_quic18terminate_loopback16roundtrip_stream0s_0B7_
FNDA:0,_RNCNCNvNtCsiNLkn7P4XgI_7lb_quic18terminate_loopback17server_accept_one00B7_
FNDA:0,_RNCNCNvNtCsiNLkn7P4XgI_7lb_quic18terminate_loopback18roundtrip_datagram00B7_
FNDA:0,_RNCNCNvNtCsiNLkn7P4XgI_7lb_quic18terminate_loopback18roundtrip_datagram0s_0B7_
FNDA:0,_RNCNCNvNtCsiNLkn7P4XgI_7lb_quic18terminate_loopback18server_stream_task00B7_
FNDA:0,_RNCNCNvNtCsiNLkn7P4XgI_7lb_quic18terminate_loopback20server_datagram_task00B7_
FNDA:0,_RNCNvMs_NtCsiNLkn7P4XgI_7lb_quic18terminate_loopbackNtB6_12QuicEndpoint18client_on_loopback0B8_
FNDA:0,_RNCNvMs_NtCsiNLkn7P4XgI_7lb_quic18terminate_loopbackNtB6_12QuicEndpoint18server_on_loopback0B8_
FNDA:0,_RNCNvNtCsiNLkn7P4XgI_7lb_quic18terminate_loopback11random_scid0B5_
FNDA:0,_RNCNvNtCsiNLkn7P4XgI_7lb_quic18terminate_loopback12build_config0B5_
FNDA:0,_RNCNvNtCsiNLkn7P4XgI_7lb_quic18terminate_loopback12build_configs0_0B5_
FNDA:0,_RNCNvNtCsiNLkn7P4XgI_7lb_quic18terminate_loopback12build_configs_0B5_
FNDA:0,_RNCNvNtCsiNLkn7P4XgI_7lb_quic18terminate_loopback14graceful_close0B5_
FNDA:0,_RNCNvNtCsiNLkn7P4XgI_7lb_quic18terminate_loopback16roundtrip_stream0B5_
FNDA:0,_RNCNvNtCsiNLkn7P4XgI_7lb_quic18terminate_loopback17server_accept_one0B5_
FNDA:0,_RNCNvNtCsiNLkn7P4XgI_7lb_quic18terminate_loopback18roundtrip_datagram0B5_
FNDA:0,_RNCNvNtCsiNLkn7P4XgI_7lb_quic18terminate_loopback18server_stream_task0B5_
FNDA:0,_RNCNvNtCsiNLkn7P4XgI_7lb_quic18terminate_loopback20server_datagram_task0B5_
FNDA:0,_RNCNvNtCsiNLkn7P4XgI_7lb_quic18terminate_loopback21flush_out_best_effort0B5_
FNDA:0,_RNCNvNtCsiNLkn7P4XgI_7lb_quic18terminate_loopback9flush_out0B5_
FNDA:0,_RNvMs_NtCsiNLkn7P4XgI_7lb_quic18terminate_loopbackNtB4_12QuicEndpoint10local_addr
FNDA:0,_RNvMs_NtCsiNLkn7P4XgI_7lb_quic18terminate_loopbackNtB4_12QuicEndpoint12retry_signer
FNDA:0,_RNvMs_NtCsiNLkn7P4XgI_7lb_quic18terminate_loopbackNtB4_12QuicEndpoint13replay_filter
FNDA:0,_RNvMs_NtCsiNLkn7P4XgI_7lb_quic18terminate_loopbackNtB4_12QuicEndpoint17with_retry_signer
FNDA:0,_RNvMs_NtCsiNLkn7P4XgI_7lb_quic18terminate_loopbackNtB4_12QuicEndpoint18client_on_loopback
FNDA:0,_RNvMs_NtCsiNLkn7P4XgI_7lb_quic18terminate_loopbackNtB4_12QuicEndpoint18server_on_loopback
FNDA:0,_RNvMs_NtCsiNLkn7P4XgI_7lb_quic18terminate_loopbackNtB4_12QuicEndpoint18with_replay_filter
FNDA:0,_RNvNtCsiNLkn7P4XgI_7lb_quic18terminate_loopback11random_scid
FNDA:0,_RNvNtCsiNLkn7P4XgI_7lb_quic18terminate_loopback12build_config
FNDA:0,_RNvNtCsiNLkn7P4XgI_7lb_quic18terminate_loopback14graceful_close
FNDA:0,_RNvNtCsiNLkn7P4XgI_7lb_quic18terminate_loopback16roundtrip_stream
FNDA:0,_RNvNtCsiNLkn7P4XgI_7lb_quic18terminate_loopback17server_accept_one
FNDA:0,_RNvNtCsiNLkn7P4XgI_7lb_quic18terminate_loopback18roundtrip_datagram
FNDA:0,_RNvNtCsiNLkn7P4XgI_7lb_quic18terminate_loopback18server_stream_task
FNDA:0,_RNvNtCsiNLkn7P4XgI_7lb_quic18terminate_loopback20server_datagram_task
FNDA:0,_RNvNtCsiNLkn7P4XgI_7lb_quic18terminate_loopback21flush_out_best_effort
FNDA:0,_RNvNtCsiNLkn7P4XgI_7lb_quic18terminate_loopback6prefix
FNDA:0,_RNvNtCsiNLkn7P4XgI_7lb_quic18terminate_loopback9flush_out
FNDA:0,_RNvXNtCsiNLkn7P4XgI_7lb_quic18terminate_loopbackNtB2_12QuicEndpointNtNtCs2va5m0jqTTM_4core3fmt5Debug3fmt
FNDA:1,_RNvNtNtCsiNLkn7P4XgI_7lb_quic18terminate_loopback5testss_17stream_forward_ok
FNDA:1,_RNvNtNtCsiNLkn7P4XgI_7lb_quic18terminate_loopback5testss_19datagram_forward_ok
FNDA:1,_RNvNtNtCsiNLkn7P4XgI_7lb_quic18terminate_loopback5testss_21stream_empty_rejected
FNDA:1,_RNvNtNtCsiNLkn7P4XgI_7lb_quic18terminate_loopback5testss_23datagram_empty_rejected
FNF:49
FNH:6
DA:41,0
DA:42,0
DA:43,0
DA:116,2
DA:117,2
DA:118,1
DA:119,1
DA:120,1
DA:121,2
DA:129,2
DA:130,2
DA:131,1
DA:132,1
DA:133,1
DA:134,2
DA:166,0
DA:167,0
DA:168,0
DA:169,0
DA:171,0
DA:172,0
DA:173,0
DA:174,0
DA:175,0
DA:187,0
DA:188,0
DA:189,0
DA:190,0
DA:191,0
DA:192,0
DA:193,0
DA:194,0
DA:195,0
DA:196,0
DA:197,0
DA:198,0
DA:199,0
DA:200,0
DA:201,0
DA:202,0
DA:203,0
DA:204,0
DA:213,0
DA:214,0
DA:215,0
DA:216,0
DA:217,0
DA:218,0
DA:219,0
DA:220,0
DA:221,0
DA:222,0
DA:223,0
DA:224,0
DA:228,0
DA:229,0
DA:230,0
DA:243,0
DA:244,0
DA:245,0
DA:246,0
DA:257,0
DA:258,0
DA:259,0
DA:260,0
DA:265,0
DA:266,0
DA:267,0
DA:272,0
DA:273,0
DA:274,0
DA:291,0
DA:292,0
DA:293,0
DA:294,0
DA:295,0
DA:296,0
DA:297,0
DA:298,0
DA:299,0
DA:300,0
DA:301,0
DA:302,0
DA:303,0
DA:304,0
DA:305,0
DA:307,0
DA:308,0
DA:310,0
DA:311,0
DA:312,0
DA:313,0
DA:314,0
DA:315,0
DA:316,0
DA:317,0
DA:323,0
DA:324,0
DA:325,0
DA:326,0
DA:327,0
DA:333,0
DA:336,0
DA:337,0
DA:342,0
DA:343,0
DA:344,0
DA:345,0
DA:346,0
DA:347,0
DA:348,0
DA:349,0
DA:350,0
DA:351,0
DA:352,0
DA:353,0
DA:354,0
DA:355,0
DA:356,0
DA:357,0
DA:358,0
DA:359,0
DA:362,0
DA:363,0
DA:364,0
DA:365,0
DA:366,0
DA:368,0
DA:369,0
DA:370,0
DA:372,0
DA:373,0
DA:374,0
DA:376,0
DA:377,0
DA:380,0
DA:384,0
DA:385,0
DA:386,0
DA:387,0
DA:388,0
DA:390,0
DA:391,0
DA:392,0
DA:393,0
DA:394,0
DA:395,0
DA:396,0
DA:398,0
DA:399,0
DA:400,0
DA:401,0
DA:407,0
DA:408,0
DA:409,0
DA:410,0
DA:411,0
DA:412,0
DA:413,0
DA:414,0
DA:415,0
DA:416,0
DA:417,0
DA:418,0
DA:421,0
DA:422,0
DA:423,0
DA:424,0
DA:427,0
DA:428,0
DA:429,0
DA:430,0
DA:431,0
DA:432,0
DA:433,0
DA:434,0
DA:435,0
DA:438,0
DA:439,0
DA:440,0
DA:441,0
DA:442,0
DA:443,0
DA:444,0
DA:445,0
DA:446,0
DA:447,0
DA:448,0
DA:449,0
DA:450,0
DA:451,0
DA:452,0
DA:453,0
DA:456,0
DA:457,0
DA:458,0
DA:462,0
DA:467,0
DA:468,0
DA:469,0
DA:470,0
DA:471,0
DA:472,0
DA:473,0
DA:474,0
DA:475,0
DA:476,0
DA:477,0
DA:478,0
DA:479,0
DA:481,0
DA:482,0
DA:483,0
DA:484,0
DA:485,0
DA:486,0
DA:487,0
DA:488,0
DA:489,0
DA:490,0
DA:491,0
DA:495,0
DA:496,0
DA:497,0
DA:499,0
DA:500,0
DA:504,0
DA:505,0
DA:509,0
DA:511,0
DA:512,0
DA:513,0
DA:514,0
DA:515,0
DA:516,0
DA:520,0
DA:521,0
DA:522,0
DA:523,0
DA:524,0
DA:525,0
DA:526,0
DA:527,0
DA:528,0
DA:529,0
DA:530,0
DA:531,0
DA:532,0
DA:533,0
DA:534,0
DA:536,0
DA:537,0
DA:539,0
DA:540,0
DA:541,0
DA:542,0
DA:543,0
DA:547,0
DA:548,0
DA:549,0
DA:550,0
DA:551,0
DA:552,0
DA:553,0
DA:554,0
DA:555,0
DA:556,0
DA:557,0
DA:558,0
DA:560,0
DA:561,0
DA:563,0
DA:564,0
DA:565,0
DA:566,0
DA:567,0
DA:568,0
DA:569,0
DA:571,0
DA:572,0
DA:575,0
DA:576,0
DA:577,0
DA:578,0
DA:579,0
DA:593,0
DA:594,0
DA:595,0
DA:596,0
DA:597,0
DA:598,0
DA:599,0
DA:600,0
DA:602,0
DA:603,0
DA:605,0
DA:606,0
DA:607,0
DA:608,0
DA:609,0
DA:610,0
DA:611,0
DA:612,0
DA:613,0
DA:614,0
DA:615,0
DA:616,0
DA:617,0
DA:618,0
DA:619,0
DA:620,0
DA:621,0
DA:622,0
DA:623,0
DA:624,0
DA:625,0
DA:626,0
DA:627,0
DA:628,0
DA:629,0
DA:630,0
DA:631,0
DA:632,0
DA:633,0
DA:634,0
DA:635,0
DA:636,0
DA:637,0
DA:638,0
DA:639,0
DA:641,0
DA:642,0
DA:643,0
DA:644,0
DA:646,0
DA:647,0
DA:648,0
DA:649,0
DA:650,0
DA:665,0
DA:666,0
DA:667,0
DA:668,0
DA:669,0
DA:670,0
DA:671,0
DA:672,0
DA:674,0
DA:675,0
DA:677,0
DA:678,0
DA:679,0
DA:680,0
DA:681,0
DA:682,0
DA:683,0
DA:684,0
DA:685,0
DA:686,0
DA:687,0
DA:688,0
DA:689,0
DA:690,0
DA:691,0
DA:692,0
DA:693,0
DA:694,0
DA:695,0
DA:696,0
DA:697,0
DA:698,0
DA:699,0
DA:700,0
DA:701,0
DA:702,0
DA:703,0
DA:704,0
DA:705,0
DA:706,0
DA:707,0
DA:708,0
DA:709,0
DA:710,0
DA:711,0
DA:712,0
DA:713,0
DA:714,0
DA:715,0
DA:717,0
DA:718,0
DA:719,0
DA:720,0
DA:722,0
DA:723,0
DA:724,0
DA:725,0
DA:726,0
DA:727,0
DA:734,1
DA:735,1
DA:736,1
DA:737,1
DA:738,1
DA:739,1
DA:740,1
DA:741,1
DA:742,1
DA:745,1
DA:746,1
DA:747,1
DA:748,1
DA:749,1
DA:750,1
DA:751,1
DA:754,1
DA:755,1
DA:756,1
DA:757,1
DA:758,1
DA:759,1
DA:760,1
DA:761,1
DA:762,1
DA:763,1
DA:766,1
DA:767,1
DA:768,1
DA:769,1
DA:770,1
DA:771,1
DA:772,1
DA:773,1
BRF:0
BRH:0
LF:459
LH:46
end_of_record
SF:/home/ubuntu/Code/ExpressGateway/crates/lb-quic/src/udp_dataplane.rs
FN:266,_RNCNvXs_NtCsFtQQ2UsJ2c_7lb_quic13udp_dataplaneNtB6_8TokioUdpNtB6_12UdpDataplane7send_to0B8_
FN:234,_RNCNvXs_NtCsFtQQ2UsJ2c_7lb_quic13udp_dataplaneNtB6_8TokioUdpNtB6_12UdpDataplane9recv_loop0B8_
FN:198,_RNvMNtCsFtQQ2UsJ2c_7lb_quic13udp_dataplaneNtB2_8TokioUdp3new
FN:211,_RNvMNtCsFtQQ2UsJ2c_7lb_quic13udp_dataplaneNtB2_8TokioUdp4bind
FN:219,_RNvMNtCsFtQQ2UsJ2c_7lb_quic13udp_dataplaneNtB2_8TokioUdp6socket
FN:161,_RNvNtCsFtQQ2UsJ2c_7lb_quic13udp_dataplane16select_dataplane
FN:225,_RNvXs_NtCsFtQQ2UsJ2c_7lb_quic13udp_dataplaneNtB4_8TokioUdpNtB4_12UdpDataplane10local_addr
FN:261,_RNvXs_NtCsFtQQ2UsJ2c_7lb_quic13udp_dataplaneNtB4_8TokioUdpNtB4_12UdpDataplane7send_to
FN:229,_RNvXs_NtCsFtQQ2UsJ2c_7lb_quic13udp_dataplaneNtB4_8TokioUdpNtB4_12UdpDataplane9recv_loop
FN:274,_RNvXs_NtCsFtQQ2UsJ2c_7lb_quic13udp_dataplaneNtB4_8TokioUdpNtB4_12UdpDataplane9tier_name
FN:211,_RNCNvMNtCsFtQQ2UsJ2c_7lb_quic13udp_dataplaneNtB4_8TokioUdp4bind0B6_
FN:164,_RNCNvNtCsFtQQ2UsJ2c_7lb_quic13udp_dataplane16select_dataplane0B5_
FN:129,_RNvYpNtNtCsFtQQ2UsJ2c_7lb_quic13udp_dataplane12UdpDataplane11dcid_map_fdB7_
FN:211,_RNCNvMNtCsiNLkn7P4XgI_7lb_quic13udp_dataplaneNtB4_8TokioUdp4bind0B6_
FN:164,_RNCNvNtCsiNLkn7P4XgI_7lb_quic13udp_dataplane16select_dataplane0B5_
FN:266,_RNCNvXs_NtCsiNLkn7P4XgI_7lb_quic13udp_dataplaneNtB6_8TokioUdpNtB6_12UdpDataplane7send_to0B8_
FN:234,_RNCNvXs_NtCsiNLkn7P4XgI_7lb_quic13udp_dataplaneNtB6_8TokioUdpNtB6_12UdpDataplane9recv_loop0B8_
FN:198,_RNvMNtCsiNLkn7P4XgI_7lb_quic13udp_dataplaneNtB2_8TokioUdp3new
FN:211,_RNvMNtCsiNLkn7P4XgI_7lb_quic13udp_dataplaneNtB2_8TokioUdp4bind
FN:161,_RNvNtCsiNLkn7P4XgI_7lb_quic13udp_dataplane16select_dataplane
FN:225,_RNvXs_NtCsiNLkn7P4XgI_7lb_quic13udp_dataplaneNtB4_8TokioUdpNtB4_12UdpDataplane10local_addr
FN:261,_RNvXs_NtCsiNLkn7P4XgI_7lb_quic13udp_dataplaneNtB4_8TokioUdpNtB4_12UdpDataplane7send_to
FN:229,_RNvXs_NtCsiNLkn7P4XgI_7lb_quic13udp_dataplaneNtB4_8TokioUdpNtB4_12UdpDataplane9recv_loop
FN:274,_RNvXs_NtCsiNLkn7P4XgI_7lb_quic13udp_dataplaneNtB4_8TokioUdpNtB4_12UdpDataplane9tier_name
FN:129,_RNvYNtNtCsiNLkn7P4XgI_7lb_quic13udp_dataplane8TokioUdpNtB4_12UdpDataplane11dcid_map_fdB6_
FN:351,_RNCNCNCNvNtNtCsiNLkn7P4XgI_7lb_quic13udp_dataplane5testss_29tokio_udp_roundtrip_via_trait000Bb_
FN:347,_RNCNCNvNtNtCsiNLkn7P4XgI_7lb_quic13udp_dataplane5testss_29tokio_udp_roundtrip_via_trait00B9_
FN:360,_RNCNCNvNtNtCsiNLkn7P4XgI_7lb_quic13udp_dataplane5testss_29tokio_udp_roundtrip_via_trait0s_0B9_
FN:285,_RNCNvNtNtCsiNLkn7P4XgI_7lb_quic13udp_dataplane5testss_27tokio_udp_select_auto_binds0B7_
FN:322,_RNCNvNtNtCsiNLkn7P4XgI_7lb_quic13udp_dataplane5testss_29tokio_udp_roundtrip_via_trait0B7_
FN:306,_RNCNvNtNtCsiNLkn7P4XgI_7lb_quic13udp_dataplane5testss_29xdp_returns_unavailable_in_v10B7_
FN:296,_RNCNvNtNtCsiNLkn7P4XgI_7lb_quic13udp_dataplane5testss_33iouring_returns_unavailable_in_v10B7_
FN:285,_RNvNtNtCsiNLkn7P4XgI_7lb_quic13udp_dataplane5testss_27tokio_udp_select_auto_binds
FN:322,_RNvNtNtCsiNLkn7P4XgI_7lb_quic13udp_dataplane5testss_29tokio_udp_roundtrip_via_trait
FN:306,_RNvNtNtCsiNLkn7P4XgI_7lb_quic13udp_dataplane5testss_29xdp_returns_unavailable_in_v1
FN:296,_RNvNtNtCsiNLkn7P4XgI_7lb_quic13udp_dataplane5testss_33iouring_returns_unavailable_in_v1
FN:219,_RNvMNtCsiNLkn7P4XgI_7lb_quic13udp_dataplaneNtB2_8TokioUdp6socket
FNDA:0,_RNCNvXs_NtCsFtQQ2UsJ2c_7lb_quic13udp_dataplaneNtB6_8TokioUdpNtB6_12UdpDataplane7send_to0B8_
FNDA:0,_RNCNvXs_NtCsFtQQ2UsJ2c_7lb_quic13udp_dataplaneNtB6_8TokioUdpNtB6_12UdpDataplane9recv_loop0B8_
FNDA:0,_RNvMNtCsFtQQ2UsJ2c_7lb_quic13udp_dataplaneNtB2_8TokioUdp3new
FNDA:0,_RNvMNtCsFtQQ2UsJ2c_7lb_quic13udp_dataplaneNtB2_8TokioUdp4bind
FNDA:0,_RNvMNtCsFtQQ2UsJ2c_7lb_quic13udp_dataplaneNtB2_8TokioUdp6socket
FNDA:0,_RNvNtCsFtQQ2UsJ2c_7lb_quic13udp_dataplane16select_dataplane
FNDA:0,_RNvXs_NtCsFtQQ2UsJ2c_7lb_quic13udp_dataplaneNtB4_8TokioUdpNtB4_12UdpDataplane10local_addr
FNDA:0,_RNvXs_NtCsFtQQ2UsJ2c_7lb_quic13udp_dataplaneNtB4_8TokioUdpNtB4_12UdpDataplane7send_to
FNDA:0,_RNvXs_NtCsFtQQ2UsJ2c_7lb_quic13udp_dataplaneNtB4_8TokioUdpNtB4_12UdpDataplane9recv_loop
FNDA:0,_RNvXs_NtCsFtQQ2UsJ2c_7lb_quic13udp_dataplaneNtB4_8TokioUdpNtB4_12UdpDataplane9tier_name
FNDA:0,_RNCNvMNtCsFtQQ2UsJ2c_7lb_quic13udp_dataplaneNtB4_8TokioUdp4bind0B6_
FNDA:0,_RNCNvNtCsFtQQ2UsJ2c_7lb_quic13udp_dataplane16select_dataplane0B5_
FNDA:0,_RNvYpNtNtCsFtQQ2UsJ2c_7lb_quic13udp_dataplane12UdpDataplane11dcid_map_fdB7_
FNDA:2,_RNCNvMNtCsiNLkn7P4XgI_7lb_quic13udp_dataplaneNtB4_8TokioUdp4bind0B6_
FNDA:22,_RNCNvNtCsiNLkn7P4XgI_7lb_quic13udp_dataplane16select_dataplane0B5_
FNDA:2,_RNCNvXs_NtCsiNLkn7P4XgI_7lb_quic13udp_dataplaneNtB6_8TokioUdpNtB6_12UdpDataplane7send_to0B8_
FNDA:1,_RNCNvXs_NtCsiNLkn7P4XgI_7lb_quic13udp_dataplaneNtB6_8TokioUdpNtB6_12UdpDataplane9recv_loop0B8_
FNDA:22,_RNvMNtCsiNLkn7P4XgI_7lb_quic13udp_dataplaneNtB2_8TokioUdp3new
FNDA:2,_RNvMNtCsiNLkn7P4XgI_7lb_quic13udp_dataplaneNtB2_8TokioUdp4bind
FNDA:22,_RNvNtCsiNLkn7P4XgI_7lb_quic13udp_dataplane16select_dataplane
FNDA:3,_RNvXs_NtCsiNLkn7P4XgI_7lb_quic13udp_dataplaneNtB4_8TokioUdpNtB4_12UdpDataplane10local_addr
FNDA:2,_RNvXs_NtCsiNLkn7P4XgI_7lb_quic13udp_dataplaneNtB4_8TokioUdpNtB4_12UdpDataplane7send_to
FNDA:1,_RNvXs_NtCsiNLkn7P4XgI_7lb_quic13udp_dataplaneNtB4_8TokioUdpNtB4_12UdpDataplane9recv_loop
FNDA:1,_RNvXs_NtCsiNLkn7P4XgI_7lb_quic13udp_dataplaneNtB4_8TokioUdpNtB4_12UdpDataplane9tier_name
FNDA:1,_RNvYNtNtCsiNLkn7P4XgI_7lb_quic13udp_dataplane8TokioUdpNtB4_12UdpDataplane11dcid_map_fdB6_
FNDA:1,_RNCNCNCNvNtNtCsiNLkn7P4XgI_7lb_quic13udp_dataplane5testss_29tokio_udp_roundtrip_via_trait000Bb_
FNDA:1,_RNCNCNvNtNtCsiNLkn7P4XgI_7lb_quic13udp_dataplane5testss_29tokio_udp_roundtrip_via_trait00B9_
FNDA:1,_RNCNCNvNtNtCsiNLkn7P4XgI_7lb_quic13udp_dataplane5testss_29tokio_udp_roundtrip_via_trait0s_0B9_
FNDA:1,_RNCNvNtNtCsiNLkn7P4XgI_7lb_quic13udp_dataplane5testss_27tokio_udp_select_auto_binds0B7_
FNDA:1,_RNCNvNtNtCsiNLkn7P4XgI_7lb_quic13udp_dataplane5testss_29tokio_udp_roundtrip_via_trait0B7_
FNDA:1,_RNCNvNtNtCsiNLkn7P4XgI_7lb_quic13udp_dataplane5testss_29xdp_returns_unavailable_in_v10B7_
FNDA:1,_RNCNvNtNtCsiNLkn7P4XgI_7lb_quic13udp_dataplane5testss_33iouring_returns_unavailable_in_v10B7_
FNDA:1,_RNvNtNtCsiNLkn7P4XgI_7lb_quic13udp_dataplane5testss_27tokio_udp_select_auto_binds
FNDA:1,_RNvNtNtCsiNLkn7P4XgI_7lb_quic13udp_dataplane5testss_29tokio_udp_roundtrip_via_trait
FNDA:1,_RNvNtNtCsiNLkn7P4XgI_7lb_quic13udp_dataplane5testss_29xdp_returns_unavailable_in_v1
FNDA:1,_RNvNtNtCsiNLkn7P4XgI_7lb_quic13udp_dataplane5testss_33iouring_returns_unavailable_in_v1
FNDA:0,_RNvMNtCsiNLkn7P4XgI_7lb_quic13udp_dataplaneNtB2_8TokioUdp6socket
FNF:24
FNH:23
DA:129,1
DA:130,1
DA:131,1
DA:161,22
DA:162,22
DA:163,22
DA:164,22
DA:165,22
DA:167,20
DA:168,20
DA:169,20
DA:171,1
DA:172,1
DA:173,1
DA:174,1
DA:175,1
DA:176,1
DA:178,22
DA:198,22
DA:199,22
DA:200,22
DA:201,22
DA:202,22
DA:203,22
DA:204,22
DA:211,2
DA:212,2
DA:213,2
DA:214,2
DA:219,0
DA:220,0
DA:221,0
DA:225,3
DA:226,3
DA:227,3
DA:229,1
DA:230,1
DA:231,1
DA:232,1
DA:233,1
DA:234,1
DA:235,1
DA:236,1
DA:238,2
DA:240,2
DA:241,2
DA:242,1
DA:243,1
DA:244,1
DA:245,1
DA:246,1
DA:248,0
DA:249,0
DA:250,0
DA:251,0
DA:252,0
DA:258,1
DA:259,1
DA:261,2
DA:262,2
DA:263,2
DA:264,2
DA:265,2
DA:266,2
DA:267,2
DA:268,2
DA:269,2
DA:270,2
DA:271,2
DA:272,2
DA:274,1
DA:275,1
DA:276,1
DA:285,1
DA:286,1
DA:287,1
DA:288,1
DA:289,1
DA:290,1
DA:291,1
DA:292,1
DA:293,1
DA:296,1
DA:297,1
DA:298,1
DA:299,1
DA:300,1
DA:301,1
DA:302,1
DA:303,1
DA:306,1
DA:307,1
DA:308,1
DA:309,1
DA:310,1
DA:311,1
DA:312,1
DA:313,1
DA:314,1
DA:315,1
DA:316,1
DA:317,1
DA:318,1
DA:319,1
DA:322,1
DA:323,1
DA:324,1
DA:325,1
DA:326,1
DA:327,1
DA:328,1
DA:329,1
DA:330,1
DA:331,1
DA:332,1
DA:333,1
DA:334,1
DA:335,1
DA:336,1
DA:337,1
DA:338,1
DA:339,1
DA:340,1
DA:341,1
DA:342,1
DA:343,1
DA:344,1
DA:345,1
DA:346,1
DA:347,1
DA:348,1
DA:349,1
DA:350,1
DA:351,1
DA:352,1
DA:353,1
DA:354,1
DA:355,1
DA:356,1
DA:357,1
DA:358,1
DA:359,1
DA:360,1
DA:361,1
DA:362,1
DA:363,1
DA:364,1
DA:365,1
DA:366,1
DA:367,1
DA:368,1
DA:369,1
DA:370,1
DA:371,1
DA:372,1
DA:373,1
DA:374,1
DA:375,1
DA:376,1
DA:377,1
BRF:0
BRH:0
LF:247
LH:237
end_of_record